[2.052s] Invoking command in '/home/tyler/Documents/Github/280-M5_ROS/colcon_ws/build/mycobot_320pi': AMENT_PREFIX_PATH=/home/tyler/Documents/Github/280-M5_ROS/colcon_ws/install/mycobot_communication:/home/tyler/Documents/Github/280-M5_ROS/colcon_ws/install/mycobot_interfaces:/home/tyler/Documents/Github/280-M5_ROS/colcon_ws/install/mycobot_description:${AMENT_PREFIX_PATH} CMAKE_PREFIX_PATH=/home/tyler/Documents/Github/280-M5_ROS/colcon_ws/install/mycobot_interfaces:${CMAKE_PREFIX_PATH} LD_LIBRARY_PATH=/home/tyler/Documents/Github/280-M5_ROS/colcon_ws/install/mycobot_interfaces/lib:${LD_LIBRARY_PATH} PYTHONPATH=/home/tyler/Documents/Github/280-M5_ROS/colcon_ws/build/mycobot_320pi/prefix_override:/home/tyler/Documents/Github/280-M5_ROS/colcon_ws/install/mycobot_320pi/lib/python3.10/site-packages:/home/tyler/Documents/Github/280-M5_ROS/colcon_ws/build/mycobot_communication:/home/tyler/Documents/Github/280-M5_ROS/colcon_ws/install/mycobot_communication/lib/python3.10/site-packages:/home/tyler/Documents/Github/280-M5_ROS/colcon_ws/install/mycobot_interfaces/local/lib/python3.10/dist-packages:/home/tyler/Documents/Github/280-M5_ROS/colcon_ws/build/mycobot_description:/home/tyler/Documents/Github/280-M5_ROS/colcon_ws/install/mycobot_description/lib/python3.10/site-packages:${PYTHONPATH} /usr/bin/python3 setup.py develop --editable --build-directory /home/tyler/Documents/Github/280-M5_ROS/colcon_ws/build/mycobot_320pi/build --no-deps install_data
[2.368s] /usr/lib/python3/dist-packages/setuptools/dist.py:723: UserWarning: Usage of dash-separated 'script-dir' will not be supported in future versions. Please use the underscore name 'script_dir' instead
[2.368s]   warnings.warn(
[2.404s] running develop
[2.405s] /usr/lib/python3/dist-packages/setuptools/command/easy_install.py:158: EasyInstallDeprecationWarning: easy_install command is deprecated. Use build and pip and other standards-based tools.
[2.405s]   warnings.warn(
[2.407s] /usr/lib/python3/dist-packages/setuptools/command/install.py:34: SetuptoolsDeprecationWarning: setup.py install is deprecated. Use build and pip and other standards-based tools.
[2.407s]   warnings.warn(
[2.501s] /usr/lib/python3/dist-packages/pkg_resources/__init__.py:116: PkgResourcesDeprecationWarning: 0.1.43ubuntu1 is an invalid version and will not be supported in a future release
[2.501s]   warnings.warn(
[2.501s] /usr/lib/python3/dist-packages/pkg_resources/__init__.py:116: PkgResourcesDeprecationWarning: 1.1build1 is an invalid version and will not be supported in a future release
[2.501s]   warnings.warn(
[2.692s] running egg_info
[2.692s] creating mycobot_320pi.egg-info
[2.693s] writing mycobot_320pi.egg-info/PKG-INFO
[2.694s] writing dependency_links to mycobot_320pi.egg-info/dependency_links.txt
[2.695s] writing entry points to mycobot_320pi.egg-info/entry_points.txt
[2.695s] writing requirements to mycobot_320pi.egg-info/requires.txt
[2.696s] writing top-level names to mycobot_320pi.egg-info/top_level.txt
[2.697s] writing manifest file 'mycobot_320pi.egg-info/SOURCES.txt'
[2.700s] reading manifest file 'mycobot_320pi.egg-info/SOURCES.txt'
[2.702s] writing manifest file 'mycobot_320pi.egg-info/SOURCES.txt'
[2.704s] running build_ext
[2.705s] Creating /home/tyler/Documents/Github/280-M5_ROS/colcon_ws/install/mycobot_320pi/lib/python3.10/site-packages/mycobot-320pi.egg-link (link to .)
[2.706s] Installing camera_display script to /home/tyler/Documents/Github/280-M5_ROS/colcon_ws/install/mycobot_320pi/lib/mycobot_320pi
[2.706s] Installing detect_marker script to /home/tyler/Documents/Github/280-M5_ROS/colcon_ws/install/mycobot_320pi/lib/mycobot_320pi
[2.706s] Installing follow_display script to /home/tyler/Documents/Github/280-M5_ROS/colcon_ws/install/mycobot_320pi/lib/mycobot_320pi
[2.707s] Installing following_marker script to /home/tyler/Documents/Github/280-M5_ROS/colcon_ws/install/mycobot_320pi/lib/mycobot_320pi
[2.707s] Installing listen_real script to /home/tyler/Documents/Github/280-M5_ROS/colcon_ws/install/mycobot_320pi/lib/mycobot_320pi
[2.707s] Installing listen_real_of_topic script to /home/tyler/Documents/Github/280-M5_ROS/colcon_ws/install/mycobot_320pi/lib/mycobot_320pi
[2.707s] Installing opencv_camera script to /home/tyler/Documents/Github/280-M5_ROS/colcon_ws/install/mycobot_320pi/lib/mycobot_320pi
[2.708s] Installing simple_gui script to /home/tyler/Documents/Github/280-M5_ROS/colcon_ws/install/mycobot_320pi/lib/mycobot_320pi
[2.709s] Installing slider_control script to /home/tyler/Documents/Github/280-M5_ROS/colcon_ws/install/mycobot_320pi/lib/mycobot_320pi
[2.709s] Installing teleop_keyboard script to /home/tyler/Documents/Github/280-M5_ROS/colcon_ws/install/mycobot_320pi/lib/mycobot_320pi
[2.709s] 
[2.709s] Installed /home/tyler/Documents/Github/280-M5_ROS/colcon_ws/build/mycobot_320pi
[2.709s] running install_data
[2.709s] creating /home/tyler/Documents/Github/280-M5_ROS/colcon_ws/install/mycobot_320pi/share/ament_index
[2.709s] creating /home/tyler/Documents/Github/280-M5_ROS/colcon_ws/install/mycobot_320pi/share/ament_index/resource_index
[2.710s] creating /home/tyler/Documents/Github/280-M5_ROS/colcon_ws/install/mycobot_320pi/share/ament_index/resource_index/packages
[2.710s] copying resource/mycobot_320pi -> /home/tyler/Documents/Github/280-M5_ROS/colcon_ws/install/mycobot_320pi/share/ament_index/resource_index/packages
[2.711s] copying package.xml -> /home/tyler/Documents/Github/280-M5_ROS/colcon_ws/install/mycobot_320pi/share/mycobot_320pi
[2.711s] creating /home/tyler/Documents/Github/280-M5_ROS/colcon_ws/install/mycobot_320pi/share/mycobot_320pi/launch
[2.712s] copying launch/simple_gui.launch.py -> /home/tyler/Documents/Github/280-M5_ROS/colcon_ws/install/mycobot_320pi/share/mycobot_320pi/launch
[2.712s] copying launch/detect_marker.launch.py -> /home/tyler/Documents/Github/280-M5_ROS/colcon_ws/install/mycobot_320pi/share/mycobot_320pi/launch
[2.713s] copying launch/teleop_keyboard.launch.py -> /home/tyler/Documents/Github/280-M5_ROS/colcon_ws/install/mycobot_320pi/share/mycobot_320pi/launch
[2.713s] copying launch/test.launch.py -> /home/tyler/Documents/Github/280-M5_ROS/colcon_ws/install/mycobot_320pi/share/mycobot_320pi/launch
[2.713s] copying launch/mycobot_follow.launch.py -> /home/tyler/Documents/Github/280-M5_ROS/colcon_ws/install/mycobot_320pi/share/mycobot_320pi/launch
[2.713s] copying launch/detect_marker_with_topic.launch.py -> /home/tyler/Documents/Github/280-M5_ROS/colcon_ws/install/mycobot_320pi/share/mycobot_320pi/launch
[2.713s] copying launch/slider_control.launch.py -> /home/tyler/Documents/Github/280-M5_ROS/colcon_ws/install/mycobot_320pi/share/mycobot_320pi/launch
[2.714s] creating /home/tyler/Documents/Github/280-M5_ROS/colcon_ws/install/mycobot_320pi/share/mycobot_320pi/config
[2.714s] copying config/mycobot_with_marker.rviz -> /home/tyler/Documents/Github/280-M5_ROS/colcon_ws/install/mycobot_320pi/share/mycobot_320pi/config
[2.714s] copying config/mycobot_320_pi.rviz -> /home/tyler/Documents/Github/280-M5_ROS/colcon_ws/install/mycobot_320pi/share/mycobot_320pi/config
[2.835s] Invoked command in '/home/tyler/Documents/Github/280-M5_ROS/colcon_ws/build/mycobot_320pi' returned '0': AMENT_PREFIX_PATH=/home/tyler/Documents/Github/280-M5_ROS/colcon_ws/install/mycobot_communication:/home/tyler/Documents/Github/280-M5_ROS/colcon_ws/install/mycobot_interfaces:/home/tyler/Documents/Github/280-M5_ROS/colcon_ws/install/mycobot_description:${AMENT_PREFIX_PATH} CMAKE_PREFIX_PATH=/home/tyler/Documents/Github/280-M5_ROS/colcon_ws/install/mycobot_interfaces:${CMAKE_PREFIX_PATH} LD_LIBRARY_PATH=/home/tyler/Documents/Github/280-M5_ROS/colcon_ws/install/mycobot_interfaces/lib:${LD_LIBRARY_PATH} PYTHONPATH=/home/tyler/Documents/Github/280-M5_ROS/colcon_ws/build/mycobot_320pi/prefix_override:/home/tyler/Documents/Github/280-M5_ROS/colcon_ws/install/mycobot_320pi/lib/python3.10/site-packages:/home/tyler/Documents/Github/280-M5_ROS/colcon_ws/build/mycobot_communication:/home/tyler/Documents/Github/280-M5_ROS/colcon_ws/install/mycobot_communication/lib/python3.10/site-packages:/home/tyler/Documents/Github/280-M5_ROS/colcon_ws/install/mycobot_interfaces/local/lib/python3.10/dist-packages:/home/tyler/Documents/Github/280-M5_ROS/colcon_ws/build/mycobot_description:/home/tyler/Documents/Github/280-M5_ROS/colcon_ws/install/mycobot_description/lib/python3.10/site-packages:${PYTHONPATH} /usr/bin/python3 setup.py develop --editable --build-directory /home/tyler/Documents/Github/280-M5_ROS/colcon_ws/build/mycobot_320pi/build --no-deps install_data
