[2.724s] Invoking command in '/home/tyler/Documents/Github/280-M5_ROS/colcon_ws/build/mycobot_280jn': AMENT_PREFIX_PATH=/home/tyler/Documents/Github/280-M5_ROS/colcon_ws/install/mycobot_communication:/home/tyler/Documents/Github/280-M5_ROS/colcon_ws/install/mycobot_interfaces:/home/tyler/Documents/Github/280-M5_ROS/colcon_ws/install/mycobot_description:${AMENT_PREFIX_PATH} CMAKE_PREFIX_PATH=/home/tyler/Documents/Github/280-M5_ROS/colcon_ws/install/mycobot_interfaces:${CMAKE_PREFIX_PATH} LD_LIBRARY_PATH=/home/tyler/Documents/Github/280-M5_ROS/colcon_ws/install/mycobot_interfaces/lib:${LD_LIBRARY_PATH} PYTHONPATH=/home/tyler/Documents/Github/280-M5_ROS/colcon_ws/build/mycobot_280jn/prefix_override:/home/tyler/Documents/Github/280-M5_ROS/colcon_ws/install/mycobot_280jn/lib/python3.10/site-packages:/home/tyler/Documents/Github/280-M5_ROS/colcon_ws/build/mycobot_communication:/home/tyler/Documents/Github/280-M5_ROS/colcon_ws/install/mycobot_communication/lib/python3.10/site-packages:/home/tyler/Documents/Github/280-M5_ROS/colcon_ws/install/mycobot_interfaces/local/lib/python3.10/dist-packages:/home/tyler/Documents/Github/280-M5_ROS/colcon_ws/build/mycobot_description:/home/tyler/Documents/Github/280-M5_ROS/colcon_ws/install/mycobot_description/lib/python3.10/site-packages:${PYTHONPATH} /usr/bin/python3 setup.py develop --editable --build-directory /home/tyler/Documents/Github/280-M5_ROS/colcon_ws/build/mycobot_280jn/build --no-deps install_data
[3.574s] /usr/lib/python3/dist-packages/setuptools/dist.py:723: UserWarning: Usage of dash-separated 'script-dir' will not be supported in future versions. Please use the underscore name 'script_dir' instead
[3.575s]   warnings.warn(
[3.638s] running develop
[3.639s] /usr/lib/python3/dist-packages/setuptools/command/easy_install.py:158: EasyInstallDeprecationWarning: easy_install command is deprecated. Use build and pip and other standards-based tools.
[3.639s]   warnings.warn(
[3.641s] /usr/lib/python3/dist-packages/setuptools/command/install.py:34: SetuptoolsDeprecationWarning: setup.py install is deprecated. Use build and pip and other standards-based tools.
[3.642s]   warnings.warn(
[3.764s] /usr/lib/python3/dist-packages/pkg_resources/__init__.py:116: PkgResourcesDeprecationWarning: 0.1.43ubuntu1 is an invalid version and will not be supported in a future release
[3.765s]   warnings.warn(
[3.765s] /usr/lib/python3/dist-packages/pkg_resources/__init__.py:116: PkgResourcesDeprecationWarning: 1.1build1 is an invalid version and will not be supported in a future release
[3.765s]   warnings.warn(
[4.015s] running egg_info
[4.015s] creating mycobot_280jn.egg-info
[4.016s] writing mycobot_280jn.egg-info/PKG-INFO
[4.016s] writing dependency_links to mycobot_280jn.egg-info/dependency_links.txt
[4.016s] writing entry points to mycobot_280jn.egg-info/entry_points.txt
[4.016s] writing requirements to mycobot_280jn.egg-info/requires.txt
[4.017s] writing top-level names to mycobot_280jn.egg-info/top_level.txt
[4.017s] writing manifest file 'mycobot_280jn.egg-info/SOURCES.txt'
[4.020s] reading manifest file 'mycobot_280jn.egg-info/SOURCES.txt'
[4.021s] writing manifest file 'mycobot_280jn.egg-info/SOURCES.txt'
[4.023s] running build_ext
[4.024s] Creating /home/tyler/Documents/Github/280-M5_ROS/colcon_ws/install/mycobot_280jn/lib/python3.10/site-packages/mycobot-280jn.egg-link (link to .)
[4.025s] Installing camera_display script to /home/tyler/Documents/Github/280-M5_ROS/colcon_ws/install/mycobot_280jn/lib/mycobot_280jn
[4.025s] Installing detect_marker script to /home/tyler/Documents/Github/280-M5_ROS/colcon_ws/install/mycobot_280jn/lib/mycobot_280jn
[4.025s] Installing follow_display script to /home/tyler/Documents/Github/280-M5_ROS/colcon_ws/install/mycobot_280jn/lib/mycobot_280jn
[4.026s] Installing following_marker script to /home/tyler/Documents/Github/280-M5_ROS/colcon_ws/install/mycobot_280jn/lib/mycobot_280jn
[4.026s] Installing listen_real script to /home/tyler/Documents/Github/280-M5_ROS/colcon_ws/install/mycobot_280jn/lib/mycobot_280jn
[4.026s] Installing listen_real_of_topic script to /home/tyler/Documents/Github/280-M5_ROS/colcon_ws/install/mycobot_280jn/lib/mycobot_280jn
[4.026s] Installing opencv_camera script to /home/tyler/Documents/Github/280-M5_ROS/colcon_ws/install/mycobot_280jn/lib/mycobot_280jn
[4.027s] Installing simple_gui script to /home/tyler/Documents/Github/280-M5_ROS/colcon_ws/install/mycobot_280jn/lib/mycobot_280jn
[4.027s] Installing slider_control script to /home/tyler/Documents/Github/280-M5_ROS/colcon_ws/install/mycobot_280jn/lib/mycobot_280jn
[4.027s] Installing teleop_keyboard script to /home/tyler/Documents/Github/280-M5_ROS/colcon_ws/install/mycobot_280jn/lib/mycobot_280jn
[4.027s] 
[4.027s] Installed /home/tyler/Documents/Github/280-M5_ROS/colcon_ws/build/mycobot_280jn
[4.028s] running install_data
[4.028s] creating /home/tyler/Documents/Github/280-M5_ROS/colcon_ws/install/mycobot_280jn/share/ament_index
[4.028s] creating /home/tyler/Documents/Github/280-M5_ROS/colcon_ws/install/mycobot_280jn/share/ament_index/resource_index
[4.028s] creating /home/tyler/Documents/Github/280-M5_ROS/colcon_ws/install/mycobot_280jn/share/ament_index/resource_index/packages
[4.028s] copying resource/mycobot_280jn -> /home/tyler/Documents/Github/280-M5_ROS/colcon_ws/install/mycobot_280jn/share/ament_index/resource_index/packages
[4.029s] copying package.xml -> /home/tyler/Documents/Github/280-M5_ROS/colcon_ws/install/mycobot_280jn/share/mycobot_280jn
[4.029s] creating /home/tyler/Documents/Github/280-M5_ROS/colcon_ws/install/mycobot_280jn/share/mycobot_280jn/launch
[4.029s] copying launch/simple_gui.launch.py -> /home/tyler/Documents/Github/280-M5_ROS/colcon_ws/install/mycobot_280jn/share/mycobot_280jn/launch
[4.029s] copying launch/detect_marker.launch.py -> /home/tyler/Documents/Github/280-M5_ROS/colcon_ws/install/mycobot_280jn/share/mycobot_280jn/launch
[4.029s] copying launch/teleop_keyboard.launch.py -> /home/tyler/Documents/Github/280-M5_ROS/colcon_ws/install/mycobot_280jn/share/mycobot_280jn/launch
[4.030s] copying launch/test.launch.py -> /home/tyler/Documents/Github/280-M5_ROS/colcon_ws/install/mycobot_280jn/share/mycobot_280jn/launch
[4.030s] copying launch/mycobot_follow.launch.py -> /home/tyler/Documents/Github/280-M5_ROS/colcon_ws/install/mycobot_280jn/share/mycobot_280jn/launch
[4.030s] copying launch/detect_marker_with_topic.launch.py -> /home/tyler/Documents/Github/280-M5_ROS/colcon_ws/install/mycobot_280jn/share/mycobot_280jn/launch
[4.030s] copying launch/slider_control.launch.py -> /home/tyler/Documents/Github/280-M5_ROS/colcon_ws/install/mycobot_280jn/share/mycobot_280jn/launch
[4.030s] creating /home/tyler/Documents/Github/280-M5_ROS/colcon_ws/install/mycobot_280jn/share/mycobot_280jn/config
[4.031s] copying config/mycobot_jn.rviz -> /home/tyler/Documents/Github/280-M5_ROS/colcon_ws/install/mycobot_280jn/share/mycobot_280jn/config
[4.031s] copying config/mycobot_with_marker.rviz -> /home/tyler/Documents/Github/280-M5_ROS/colcon_ws/install/mycobot_280jn/share/mycobot_280jn/config
[4.631s] Invoked command in '/home/tyler/Documents/Github/280-M5_ROS/colcon_ws/build/mycobot_280jn' returned '0': AMENT_PREFIX_PATH=/home/tyler/Documents/Github/280-M5_ROS/colcon_ws/install/mycobot_communication:/home/tyler/Documents/Github/280-M5_ROS/colcon_ws/install/mycobot_interfaces:/home/tyler/Documents/Github/280-M5_ROS/colcon_ws/install/mycobot_description:${AMENT_PREFIX_PATH} CMAKE_PREFIX_PATH=/home/tyler/Documents/Github/280-M5_ROS/colcon_ws/install/mycobot_interfaces:${CMAKE_PREFIX_PATH} LD_LIBRARY_PATH=/home/tyler/Documents/Github/280-M5_ROS/colcon_ws/install/mycobot_interfaces/lib:${LD_LIBRARY_PATH} PYTHONPATH=/home/tyler/Documents/Github/280-M5_ROS/colcon_ws/build/mycobot_280jn/prefix_override:/home/tyler/Documents/Github/280-M5_ROS/colcon_ws/install/mycobot_280jn/lib/python3.10/site-packages:/home/tyler/Documents/Github/280-M5_ROS/colcon_ws/build/mycobot_communication:/home/tyler/Documents/Github/280-M5_ROS/colcon_ws/install/mycobot_communication/lib/python3.10/site-packages:/home/tyler/Documents/Github/280-M5_ROS/colcon_ws/install/mycobot_interfaces/local/lib/python3.10/dist-packages:/home/tyler/Documents/Github/280-M5_ROS/colcon_ws/build/mycobot_description:/home/tyler/Documents/Github/280-M5_ROS/colcon_ws/install/mycobot_description/lib/python3.10/site-packages:${PYTHONPATH} /usr/bin/python3 setup.py develop --editable --build-directory /home/tyler/Documents/Github/280-M5_ROS/colcon_ws/build/mycobot_280jn/build --no-deps install_data
