/usr/lib/python3/dist-packages/setuptools/dist.py:723: UserWarning: Usage of dash-separated 'script-dir' will not be supported in future versions. Please use the underscore name 'script_dir' instead
  warnings.warn(
running develop
/usr/lib/python3/dist-packages/setuptools/command/easy_install.py:158: EasyInstallDeprecationWarning: easy_install command is deprecated. Use build and pip and other standards-based tools.
  warnings.warn(
/usr/lib/python3/dist-packages/setuptools/command/install.py:34: SetuptoolsDeprecationWarning: setup.py install is deprecated. Use build and pip and other standards-based tools.
  warnings.warn(
/usr/lib/python3/dist-packages/pkg_resources/__init__.py:116: PkgResourcesDeprecationWarning: 0.1.43ubuntu1 is an invalid version and will not be supported in a future release
  warnings.warn(
/usr/lib/python3/dist-packages/pkg_resources/__init__.py:116: PkgResourcesDeprecationWarning: 1.1build1 is an invalid version and will not be supported in a future release
  warnings.warn(
/usr/lib/python3/dist-packages/setuptools/dist.py:723: UserWarning: Usage of dash-separated 'script-dir' will not be supported in future versions. Please use the underscore name 'script_dir' instead
  warnings.warn(
running egg_info
writing ../../../../build/mycobot_280/mycobot_280.egg-info/PKG-INFO
writing dependency_links to ../../../../build/mycobot_280/mycobot_280.egg-info/dependency_links.txt
writing entry points to ../../../../build/mycobot_280/mycobot_280.egg-info/entry_points.txt
writing requirements to ../../../../build/mycobot_280/mycobot_280.egg-info/requires.txt
writing top-level names to ../../../../build/mycobot_280/mycobot_280.egg-info/top_level.txt
reading manifest file '../../../../build/mycobot_280/mycobot_280.egg-info/SOURCES.txt'
adding license file 'LICENSE'
writing manifest file '../../../../build/mycobot_280/mycobot_280.egg-info/SOURCES.txt'
running build
running build_py
running install
/usr/lib/python3/dist-packages/setuptools/command/install.py:34: SetuptoolsDeprecationWarning: setup.py install is deprecated. Use build and pip and other standards-based tools.
  warnings.warn(
running install_lib
running install_data
running install_egg_info
removing '/home/tyler/colcon_ws/install/mycobot_280/lib/python3.10/site-packages/mycobot_280-0.0.0-py3.10.egg-info' (and everything under it)
Copying ../../../../build/mycobot_280/mycobot_280.egg-info to /home/tyler/colcon_ws/install/mycobot_280/lib/python3.10/site-packages/mycobot_280-0.0.0-py3.10.egg-info
running install_scripts
Installing camera_display script to /home/tyler/colcon_ws/install/mycobot_280/lib/mycobot_280
Installing detect_marker script to /home/tyler/colcon_ws/install/mycobot_280/lib/mycobot_280
Installing follow_display script to /home/tyler/colcon_ws/install/mycobot_280/lib/mycobot_280
Installing following_marker script to /home/tyler/colcon_ws/install/mycobot_280/lib/mycobot_280
Installing listen_real script to /home/tyler/colcon_ws/install/mycobot_280/lib/mycobot_280
Installing listen_real_of_topic script to /home/tyler/colcon_ws/install/mycobot_280/lib/mycobot_280
Installing opencv_camera script to /home/tyler/colcon_ws/install/mycobot_280/lib/mycobot_280
Installing simple_gui script to /home/tyler/colcon_ws/install/mycobot_280/lib/mycobot_280
Installing slider_control script to /home/tyler/colcon_ws/install/mycobot_280/lib/mycobot_280
Installing teleop_keyboard script to /home/tyler/colcon_ws/install/mycobot_280/lib/mycobot_280
writing list of installed files to '/home/tyler/colcon_ws/build/mycobot_280/install.log'
