Symlinking /home/thulson/catkin_ws/devel/lib/mycobot_320_communication/mycobot_topics.py
Symlinking /home/thulson/catkin_ws/devel/lib/mycobot_320_communication/mycobot_services.py
Symlinking /home/thulson/catkin_ws/devel/lib/mycobot_320_communication/cmake.lock
Symlinking /home/thulson/catkin_ws/devel/lib/python3/dist-packages/mycobot_320_communication/__init__.py
Symlinking /home/thulson/catkin_ws/devel/lib/python3/dist-packages/mycobot_320_communication/srv/_SetAngles.py
Symlinking /home/thulson/catkin_ws/devel/lib/python3/dist-packages/mycobot_320_communication/srv/_GetCoords.py
Symlinking /home/thulson/catkin_ws/devel/lib/python3/dist-packages/mycobot_320_communication/srv/_GripperStatus.py
Symlinking /home/thulson/catkin_ws/devel/lib/python3/dist-packages/mycobot_320_communication/srv/_SetCoords.py
Symlinking /home/thulson/catkin_ws/devel/lib/python3/dist-packages/mycobot_320_communication/srv/_PumpStatus.py
Symlinking /home/thulson/catkin_ws/devel/lib/python3/dist-packages/mycobot_320_communication/srv/_GetAngles.py
Symlinking /home/thulson/catkin_ws/devel/lib/python3/dist-packages/mycobot_320_communication/srv/__init__.py
Symlinking /home/thulson/catkin_ws/devel/lib/python3/dist-packages/mycobot_320_communication/msg/_MycobotCoords.py
Symlinking /home/thulson/catkin_ws/devel/lib/python3/dist-packages/mycobot_320_communication/msg/_MycobotSetAngles.py
Symlinking /home/thulson/catkin_ws/devel/lib/python3/dist-packages/mycobot_320_communication/msg/_MycobotGripperStatus.py
Symlinking /home/thulson/catkin_ws/devel/lib/python3/dist-packages/mycobot_320_communication/msg/_MycobotPumpStatus.py
Symlinking /home/thulson/catkin_ws/devel/lib/python3/dist-packages/mycobot_320_communication/msg/_MycobotSetCoords.py
Symlinking /home/thulson/catkin_ws/devel/lib/python3/dist-packages/mycobot_320_communication/msg/__init__.py
Symlinking /home/thulson/catkin_ws/devel/lib/python3/dist-packages/mycobot_320_communication/msg/_MycobotAngles.py
Symlinking /home/thulson/catkin_ws/devel/lib/pkgconfig/mycobot_320_communication.pc
Symlinking /home/thulson/catkin_ws/devel/include/mycobot_320_communication/MycobotCoords.h
Symlinking /home/thulson/catkin_ws/devel/include/mycobot_320_communication/SetAnglesResponse.h
Symlinking /home/thulson/catkin_ws/devel/include/mycobot_320_communication/GetCoordsResponse.h
Symlinking /home/thulson/catkin_ws/devel/include/mycobot_320_communication/MycobotSetCoords.h
Symlinking /home/thulson/catkin_ws/devel/include/mycobot_320_communication/MycobotSetAngles.h
Symlinking /home/thulson/catkin_ws/devel/include/mycobot_320_communication/PumpStatusRequest.h
Symlinking /home/thulson/catkin_ws/devel/include/mycobot_320_communication/SetCoords.h
Symlinking /home/thulson/catkin_ws/devel/include/mycobot_320_communication/GetAnglesRequest.h
Symlinking /home/thulson/catkin_ws/devel/include/mycobot_320_communication/GetCoords.h
Symlinking /home/thulson/catkin_ws/devel/include/mycobot_320_communication/MycobotGripperStatus.h
Symlinking /home/thulson/catkin_ws/devel/include/mycobot_320_communication/GripperStatus.h
Symlinking /home/thulson/catkin_ws/devel/include/mycobot_320_communication/PumpStatus.h
Symlinking /home/thulson/catkin_ws/devel/include/mycobot_320_communication/SetAnglesRequest.h
Symlinking /home/thulson/catkin_ws/devel/include/mycobot_320_communication/GetAngles.h
Symlinking /home/thulson/catkin_ws/devel/include/mycobot_320_communication/SetCoordsRequest.h
Symlinking /home/thulson/catkin_ws/devel/include/mycobot_320_communication/MycobotPumpStatus.h
Symlinking /home/thulson/catkin_ws/devel/include/mycobot_320_communication/GripperStatusRequest.h
Symlinking /home/thulson/catkin_ws/devel/include/mycobot_320_communication/GetCoordsRequest.h
Symlinking /home/thulson/catkin_ws/devel/include/mycobot_320_communication/SetCoordsResponse.h
Symlinking /home/thulson/catkin_ws/devel/include/mycobot_320_communication/GetAnglesResponse.h
Symlinking /home/thulson/catkin_ws/devel/include/mycobot_320_communication/MycobotAngles.h
Symlinking /home/thulson/catkin_ws/devel/include/mycobot_320_communication/PumpStatusResponse.h
Symlinking /home/thulson/catkin_ws/devel/include/mycobot_320_communication/GripperStatusResponse.h
Symlinking /home/thulson/catkin_ws/devel/include/mycobot_320_communication/SetAngles.h
Symlinking /home/thulson/catkin_ws/devel/share/mycobot_320_communication/cmake/mycobot_320_communicationConfig-version.cmake
Symlinking /home/thulson/catkin_ws/devel/share/mycobot_320_communication/cmake/mycobot_320_communicationConfig.cmake
Symlinking /home/thulson/catkin_ws/devel/share/mycobot_320_communication/cmake/mycobot_320_communication-msg-paths.cmake
Symlinking /home/thulson/catkin_ws/devel/share/mycobot_320_communication/cmake/mycobot_320_communication-msg-extras.cmake
Symlinking /home/thulson/catkin_ws/devel/share/common-lisp/ros/mycobot_320_communication/srv/_package_PumpStatus.lisp
Symlinking /home/thulson/catkin_ws/devel/share/common-lisp/ros/mycobot_320_communication/srv/_package_SetAngles.lisp
Symlinking /home/thulson/catkin_ws/devel/share/common-lisp/ros/mycobot_320_communication/srv/SetAngles.lisp
Symlinking /home/thulson/catkin_ws/devel/share/common-lisp/ros/mycobot_320_communication/srv/_package_GetAngles.lisp
Symlinking /home/thulson/catkin_ws/devel/share/common-lisp/ros/mycobot_320_communication/srv/_package.lisp
Symlinking /home/thulson/catkin_ws/devel/share/common-lisp/ros/mycobot_320_communication/srv/GripperStatus.lisp
Symlinking /home/thulson/catkin_ws/devel/share/common-lisp/ros/mycobot_320_communication/srv/_package_SetCoords.lisp
Symlinking /home/thulson/catkin_ws/devel/share/common-lisp/ros/mycobot_320_communication/srv/_package_GetCoords.lisp
Symlinking /home/thulson/catkin_ws/devel/share/common-lisp/ros/mycobot_320_communication/srv/GetAngles.lisp
Symlinking /home/thulson/catkin_ws/devel/share/common-lisp/ros/mycobot_320_communication/srv/mycobot_320_communication-srv.asd
Symlinking /home/thulson/catkin_ws/devel/share/common-lisp/ros/mycobot_320_communication/srv/SetCoords.lisp
Symlinking /home/thulson/catkin_ws/devel/share/common-lisp/ros/mycobot_320_communication/srv/_package_GripperStatus.lisp
Symlinking /home/thulson/catkin_ws/devel/share/common-lisp/ros/mycobot_320_communication/srv/GetCoords.lisp
Symlinking /home/thulson/catkin_ws/devel/share/common-lisp/ros/mycobot_320_communication/srv/PumpStatus.lisp
Symlinking /home/thulson/catkin_ws/devel/share/common-lisp/ros/mycobot_320_communication/msg/_package_MycobotAngles.lisp
Symlinking /home/thulson/catkin_ws/devel/share/common-lisp/ros/mycobot_320_communication/msg/_package_MycobotSetAngles.lisp
Symlinking /home/thulson/catkin_ws/devel/share/common-lisp/ros/mycobot_320_communication/msg/MycobotAngles.lisp
Symlinking /home/thulson/catkin_ws/devel/share/common-lisp/ros/mycobot_320_communication/msg/_package.lisp
Symlinking /home/thulson/catkin_ws/devel/share/common-lisp/ros/mycobot_320_communication/msg/MycobotCoords.lisp
Symlinking /home/thulson/catkin_ws/devel/share/common-lisp/ros/mycobot_320_communication/msg/_package_MycobotSetCoords.lisp
Symlinking /home/thulson/catkin_ws/devel/share/common-lisp/ros/mycobot_320_communication/msg/mycobot_320_communication-msg.asd
Symlinking /home/thulson/catkin_ws/devel/share/common-lisp/ros/mycobot_320_communication/msg/MycobotSetAngles.lisp
Symlinking /home/thulson/catkin_ws/devel/share/common-lisp/ros/mycobot_320_communication/msg/_package_MycobotPumpStatus.lisp
Symlinking /home/thulson/catkin_ws/devel/share/common-lisp/ros/mycobot_320_communication/msg/_package_MycobotCoords.lisp
Symlinking /home/thulson/catkin_ws/devel/share/common-lisp/ros/mycobot_320_communication/msg/_package_MycobotGripperStatus.lisp
Symlinking /home/thulson/catkin_ws/devel/share/common-lisp/ros/mycobot_320_communication/msg/MycobotSetCoords.lisp
Symlinking /home/thulson/catkin_ws/devel/share/common-lisp/ros/mycobot_320_communication/msg/MycobotGripperStatus.lisp
Symlinking /home/thulson/catkin_ws/devel/share/common-lisp/ros/mycobot_320_communication/msg/MycobotPumpStatus.lisp
Symlinking /home/thulson/catkin_ws/devel/share/roseus/ros/mycobot_320_communication/manifest.l
Symlinking /home/thulson/catkin_ws/devel/share/roseus/ros/mycobot_320_communication/srv/GetAngles.l
Symlinking /home/thulson/catkin_ws/devel/share/roseus/ros/mycobot_320_communication/srv/GetCoords.l
Symlinking /home/thulson/catkin_ws/devel/share/roseus/ros/mycobot_320_communication/srv/GripperStatus.l
Symlinking /home/thulson/catkin_ws/devel/share/roseus/ros/mycobot_320_communication/srv/SetAngles.l
Symlinking /home/thulson/catkin_ws/devel/share/roseus/ros/mycobot_320_communication/srv/SetCoords.l
Symlinking /home/thulson/catkin_ws/devel/share/roseus/ros/mycobot_320_communication/srv/PumpStatus.l
Symlinking /home/thulson/catkin_ws/devel/share/roseus/ros/mycobot_320_communication/msg/MycobotCoords.l
Symlinking /home/thulson/catkin_ws/devel/share/roseus/ros/mycobot_320_communication/msg/MycobotSetAngles.l
Symlinking /home/thulson/catkin_ws/devel/share/roseus/ros/mycobot_320_communication/msg/MycobotPumpStatus.l
Symlinking /home/thulson/catkin_ws/devel/share/roseus/ros/mycobot_320_communication/msg/MycobotSetCoords.l
Symlinking /home/thulson/catkin_ws/devel/share/roseus/ros/mycobot_320_communication/msg/MycobotGripperStatus.l
Symlinking /home/thulson/catkin_ws/devel/share/roseus/ros/mycobot_320_communication/msg/MycobotAngles.l
Symlinking /home/thulson/catkin_ws/devel/share/gennodejs/ros/mycobot_320_communication/_index.js
Symlinking /home/thulson/catkin_ws/devel/share/gennodejs/ros/mycobot_320_communication/srv/GetAngles.js
Symlinking /home/thulson/catkin_ws/devel/share/gennodejs/ros/mycobot_320_communication/srv/_index.js
Symlinking /home/thulson/catkin_ws/devel/share/gennodejs/ros/mycobot_320_communication/srv/SetAngles.js
Symlinking /home/thulson/catkin_ws/devel/share/gennodejs/ros/mycobot_320_communication/srv/GetCoords.js
Symlinking /home/thulson/catkin_ws/devel/share/gennodejs/ros/mycobot_320_communication/srv/SetCoords.js
Symlinking /home/thulson/catkin_ws/devel/share/gennodejs/ros/mycobot_320_communication/srv/PumpStatus.js
Symlinking /home/thulson/catkin_ws/devel/share/gennodejs/ros/mycobot_320_communication/srv/GripperStatus.js
Symlinking /home/thulson/catkin_ws/devel/share/gennodejs/ros/mycobot_320_communication/msg/_index.js
Symlinking /home/thulson/catkin_ws/devel/share/gennodejs/ros/mycobot_320_communication/msg/MycobotGripperStatus.js
Symlinking /home/thulson/catkin_ws/devel/share/gennodejs/ros/mycobot_320_communication/msg/MycobotAngles.js
Symlinking /home/thulson/catkin_ws/devel/share/gennodejs/ros/mycobot_320_communication/msg/MycobotSetCoords.js
Symlinking /home/thulson/catkin_ws/devel/share/gennodejs/ros/mycobot_320_communication/msg/MycobotCoords.js
Symlinking /home/thulson/catkin_ws/devel/share/gennodejs/ros/mycobot_320_communication/msg/MycobotSetAngles.js
Symlinking /home/thulson/catkin_ws/devel/share/gennodejs/ros/mycobot_320_communication/msg/MycobotPumpStatus.js
