[0.284s] Invoking command in '/home/tyler/Documents/Github/280-M5_ROS/colcon_ws/build/mypalletizer_interfaces': CMAKE_PREFIX_PATH=${CMAKE_PREFIX_PATH}:/opt/ros/humble /usr/bin/cmake /home/tyler/Documents/Github/280-M5_ROS/colcon_ws/src/mycobot_ros2/mypalletizer_260/mypalletizer_interfaces -DAMENT_CMAKE_SYMLINK_INSTALL=1 -DCMAKE_INSTALL_PREFIX=/home/tyler/Documents/Github/280-M5_ROS/colcon_ws/install/mypalletizer_interfaces
[0.348s] -- The C compiler identification is GNU 11.3.0
[0.406s] -- The CXX compiler identification is GNU 11.3.0
[0.414s] -- Detecting C compiler ABI info
[0.475s] -- Detecting C compiler ABI info - done
[0.484s] -- Check for working C compiler: /usr/bin/cc - skipped
[0.484s] -- Detecting C compile features
[0.484s] -- Detecting C compile features - done
[0.487s] -- Detecting CXX compiler ABI info
[0.574s] -- Detecting CXX compiler ABI info - done
[0.582s] -- Check for working CXX compiler: /usr/bin/c++ - skipped
[0.582s] -- Detecting CXX compile features
[0.583s] -- Detecting CXX compile features - done
[0.585s] -- Found ament_cmake: 1.3.3 (/opt/ros/humble/share/ament_cmake/cmake)
[0.778s] -- Found Python3: /usr/bin/python3.10 (found version "3.10.6") found components: Interpreter 
[0.846s] -- Override CMake install command with custom implementation using symlinks instead of copying resources
[0.871s] -- Found rosidl_default_generators: 1.2.0 (/opt/ros/humble/share/rosidl_default_generators/cmake)
[0.874s] -- Using all available rosidl_typesupport_c: rosidl_typesupport_fastrtps_c;rosidl_typesupport_introspection_c
[0.879s] -- Found rosidl_adapter: 3.1.4 (/opt/ros/humble/share/rosidl_adapter/cmake)
[0.919s] -- Using all available rosidl_typesupport_cpp: rosidl_typesupport_fastrtps_cpp;rosidl_typesupport_introspection_cpp
[0.952s] -- Found rclpy: 3.3.7 (/opt/ros/humble/share/rclpy/cmake)
[0.953s] -- Found std_msgs: 4.2.3 (/opt/ros/humble/share/std_msgs/cmake)
[1.371s] -- Found ament_cmake_ros: 0.10.0 (/opt/ros/humble/share/ament_cmake_ros/cmake)
[1.615s] -- Using all available rosidl_typesupport_c: rosidl_typesupport_fastrtps_c;rosidl_typesupport_introspection_c
[1.966s] -- Using all available rosidl_typesupport_cpp: rosidl_typesupport_fastrtps_cpp;rosidl_typesupport_introspection_cpp
[1.989s] -- Found PythonInterp: /usr/bin/python3 (found suitable version "3.10.6", minimum required is "3.6") 
[1.991s] -- Found python_cmake_module: 0.10.0 (/opt/ros/humble/share/python_cmake_module/cmake)
[2.020s] -- Found PythonLibs: /usr/lib/x86_64-linux-gnu/libpython3.10.so (found suitable version "3.10.6", minimum required is "3.5") 
[2.020s] -- Using PYTHON_EXECUTABLE: /usr/bin/python3
[2.020s] -- Using PYTHON_INCLUDE_DIRS: /usr/include/python3.10
[2.020s] -- Using PYTHON_LIBRARIES: /usr/lib/x86_64-linux-gnu/libpython3.10.so
[2.042s] -- Found PythonExtra: .so  
[2.098s] -- Found ament_lint_auto: 0.12.5 (/opt/ros/humble/share/ament_lint_auto/cmake)
[2.125s] -- Added test 'copyright' to check source files copyright and LICENSE
[2.127s] -- Added test 'lint_cmake' to check CMake code style
[2.128s] -- Added test 'xmllint' to check XML markup files
[2.132s] -- Configuring done
[2.179s] -- Generating done
[2.182s] -- Build files have been written to: /home/tyler/Documents/Github/280-M5_ROS/colcon_ws/build/mypalletizer_interfaces
[2.192s] Invoked command in '/home/tyler/Documents/Github/280-M5_ROS/colcon_ws/build/mypalletizer_interfaces' returned '0': CMAKE_PREFIX_PATH=${CMAKE_PREFIX_PATH}:/opt/ros/humble /usr/bin/cmake /home/tyler/Documents/Github/280-M5_ROS/colcon_ws/src/mycobot_ros2/mypalletizer_260/mypalletizer_interfaces -DAMENT_CMAKE_SYMLINK_INSTALL=1 -DCMAKE_INSTALL_PREFIX=/home/tyler/Documents/Github/280-M5_ROS/colcon_ws/install/mypalletizer_interfaces
[2.194s] Invoking command in '/home/tyler/Documents/Github/280-M5_ROS/colcon_ws/build/mypalletizer_interfaces': CMAKE_PREFIX_PATH=${CMAKE_PREFIX_PATH}:/opt/ros/humble /usr/bin/cmake --build /home/tyler/Documents/Github/280-M5_ROS/colcon_ws/build/mypalletizer_interfaces -- -j8 -l8
[2.231s] [  1%] [34m[1mGenerating C code for ROS interfaces[0m
[2.244s] [  1%] [34m[1mGenerating C++ code for ROS interfaces[0m
[2.251s] [  1%] Built target ament_cmake_python_symlink_mypalletizer_interfaces
[2.720s] running egg_info
[2.721s] creating mypalletizer_interfaces.egg-info
[2.721s] writing mypalletizer_interfaces.egg-info/PKG-INFO
[2.722s] writing dependency_links to mypalletizer_interfaces.egg-info/dependency_links.txt
[2.724s] writing top-level names to mypalletizer_interfaces.egg-info/top_level.txt
[2.725s] writing manifest file 'mypalletizer_interfaces.egg-info/SOURCES.txt'
[2.730s] reading manifest file 'mypalletizer_interfaces.egg-info/SOURCES.txt'
[2.731s] writing manifest file 'mypalletizer_interfaces.egg-info/SOURCES.txt'
[2.785s] [  1%] Built target ament_cmake_python_build_mypalletizer_interfaces_egg
[4.436s] [  2%] [32mBuilding C object CMakeFiles/mypalletizer_interfaces__rosidl_generator_c.dir/rosidl_generator_c/mypalletizer_interfaces/msg/detail/mypal_angles__functions.c.o[0m
[4.447s] [  3%] [32mBuilding C object CMakeFiles/mypalletizer_interfaces__rosidl_generator_c.dir/rosidl_generator_c/mypalletizer_interfaces/msg/detail/mypal_coords__functions.c.o[0m
[4.476s] [  4%] [32mBuilding C object CMakeFiles/mypalletizer_interfaces__rosidl_generator_c.dir/rosidl_generator_c/mypalletizer_interfaces/msg/detail/mypal_set_angles__functions.c.o[0m
[4.528s] [  4%] Built target mypalletizer_interfaces__cpp
[4.559s] [  5%] [32mBuilding C object CMakeFiles/mypalletizer_interfaces__rosidl_generator_c.dir/rosidl_generator_c/mypalletizer_interfaces/msg/detail/mypal_pump_status__functions.c.o[0m
[4.567s] [  6%] [32mBuilding C object CMakeFiles/mypalletizer_interfaces__rosidl_generator_c.dir/rosidl_generator_c/mypalletizer_interfaces/msg/detail/mypal_set_coords__functions.c.o[0m
[4.567s] [  6%] [32mBuilding C object CMakeFiles/mypalletizer_interfaces__rosidl_generator_c.dir/rosidl_generator_c/mypalletizer_interfaces/msg/detail/mypal_gripper_status__functions.c.o[0m
[4.583s] [  7%] [32mBuilding C object CMakeFiles/mypalletizer_interfaces__rosidl_generator_c.dir/rosidl_generator_c/mypalletizer_interfaces/srv/detail/get_angles__functions.c.o[0m
[4.597s] [  8%] [34m[1mGenerating C++ type support dispatch for ROS interfaces[0m
[4.714s] [  9%] [32mBuilding C object CMakeFiles/mypalletizer_interfaces__rosidl_generator_c.dir/rosidl_generator_c/mypalletizer_interfaces/srv/detail/set_angles__functions.c.o[0m
[4.737s] [ 10%] [32mBuilding C object CMakeFiles/mypalletizer_interfaces__rosidl_generator_c.dir/rosidl_generator_c/mypalletizer_interfaces/srv/detail/get_coords__functions.c.o[0m
[4.751s] [ 10%] [32mBuilding C object CMakeFiles/mypalletizer_interfaces__rosidl_generator_c.dir/rosidl_generator_c/mypalletizer_interfaces/srv/detail/set_coords__functions.c.o[0m
[4.826s] [ 11%] [32mBuilding C object CMakeFiles/mypalletizer_interfaces__rosidl_generator_c.dir/rosidl_generator_c/mypalletizer_interfaces/srv/detail/gripper_status__functions.c.o[0m
[4.843s] [ 12%] [32mBuilding C object CMakeFiles/mypalletizer_interfaces__rosidl_generator_c.dir/rosidl_generator_c/mypalletizer_interfaces/srv/detail/pump_status__functions.c.o[0m
[4.843s] [ 12%] [34m[1mGenerating C++ type support for eProsima Fast-RTPS[0m
[4.878s] [ 13%] [34m[1mGenerating C++ introspection for ROS interfaces[0m
[5.071s] [ 14%] [32m[1mLinking C shared library libmypalletizer_interfaces__rosidl_generator_c.so[0m
[5.303s] [ 14%] Built target mypalletizer_interfaces__rosidl_generator_c
[5.399s] [ 15%] [34m[1mGenerating C type support for eProsima Fast-RTPS[0m
[5.399s] [ 16%] [34m[1mGenerating C introspection for ROS interfaces[0m
[5.410s] [ 17%] [34m[1mGenerating C type support dispatch for ROS interfaces[0m
[6.957s] [ 17%] [32mBuilding CXX object CMakeFiles/mypalletizer_interfaces__rosidl_typesupport_introspection_cpp.dir/rosidl_typesupport_introspection_cpp/mypalletizer_interfaces/msg/detail/mypal_angles__type_support.cpp.o[0m
[6.971s] [ 18%] [32mBuilding CXX object CMakeFiles/mypalletizer_interfaces__rosidl_typesupport_introspection_cpp.dir/rosidl_typesupport_introspection_cpp/mypalletizer_interfaces/msg/detail/mypal_coords__type_support.cpp.o[0m
[6.999s] [ 19%] [32mBuilding CXX object CMakeFiles/mypalletizer_interfaces__rosidl_typesupport_introspection_cpp.dir/rosidl_typesupport_introspection_cpp/mypalletizer_interfaces/msg/detail/mypal_set_angles__type_support.cpp.o[0m
[7.787s] [ 20%] [32mBuilding CXX object CMakeFiles/mypalletizer_interfaces__rosidl_typesupport_cpp.dir/rosidl_typesupport_cpp/mypalletizer_interfaces/msg/mypal_angles__type_support.cpp.o[0m
[8.110s] [ 21%] [32mBuilding CXX object CMakeFiles/mypalletizer_interfaces__rosidl_typesupport_c.dir/rosidl_typesupport_c/mypalletizer_interfaces/msg/mypal_angles__type_support.cpp.o[0m
[8.351s] [ 21%] [32mBuilding CXX object CMakeFiles/mypalletizer_interfaces__rosidl_typesupport_c.dir/rosidl_typesupport_c/mypalletizer_interfaces/msg/mypal_coords__type_support.cpp.o[0m
[8.583s] [ 22%] [32mBuilding CXX object CMakeFiles/mypalletizer_interfaces__rosidl_typesupport_c.dir/rosidl_typesupport_c/mypalletizer_interfaces/msg/mypal_set_angles__type_support.cpp.o[0m
[8.834s] [ 23%] [32mBuilding CXX object CMakeFiles/mypalletizer_interfaces__rosidl_typesupport_c.dir/rosidl_typesupport_c/mypalletizer_interfaces/msg/mypal_set_coords__type_support.cpp.o[0m
[8.911s] [ 24%] [32mBuilding CXX object CMakeFiles/mypalletizer_interfaces__rosidl_typesupport_introspection_cpp.dir/rosidl_typesupport_introspection_cpp/mypalletizer_interfaces/msg/detail/mypal_gripper_status__type_support.cpp.o[0m
[8.914s] [ 25%] [32mBuilding CXX object CMakeFiles/mypalletizer_interfaces__rosidl_typesupport_introspection_cpp.dir/rosidl_typesupport_introspection_cpp/mypalletizer_interfaces/msg/detail/mypal_set_coords__type_support.cpp.o[0m
[9.017s] [ 26%] [32mBuilding CXX object CMakeFiles/mypalletizer_interfaces__rosidl_typesupport_c.dir/rosidl_typesupport_c/mypalletizer_interfaces/msg/mypal_gripper_status__type_support.cpp.o[0m
[9.368s] [ 27%] [32mBuilding CXX object CMakeFiles/mypalletizer_interfaces__rosidl_typesupport_c.dir/rosidl_typesupport_c/mypalletizer_interfaces/msg/mypal_pump_status__type_support.cpp.o[0m
[9.475s] [ 28%] [32mBuilding CXX object CMakeFiles/mypalletizer_interfaces__rosidl_typesupport_introspection_cpp.dir/rosidl_typesupport_introspection_cpp/mypalletizer_interfaces/msg/detail/mypal_pump_status__type_support.cpp.o[0m
[9.605s] [ 29%] [32mBuilding CXX object CMakeFiles/mypalletizer_interfaces__rosidl_typesupport_c.dir/rosidl_typesupport_c/mypalletizer_interfaces/srv/get_angles__type_support.cpp.o[0m
[9.952s] [ 29%] [32mBuilding CXX object CMakeFiles/mypalletizer_interfaces__rosidl_typesupport_c.dir/rosidl_typesupport_c/mypalletizer_interfaces/srv/set_angles__type_support.cpp.o[0m
[10.060s] [ 30%] [32mBuilding CXX object CMakeFiles/mypalletizer_interfaces__rosidl_typesupport_cpp.dir/rosidl_typesupport_cpp/mypalletizer_interfaces/msg/mypal_coords__type_support.cpp.o[0m
[10.144s] [ 31%] [32mBuilding CXX object CMakeFiles/mypalletizer_interfaces__rosidl_typesupport_c.dir/rosidl_typesupport_c/mypalletizer_interfaces/srv/get_coords__type_support.cpp.o[0m
[10.362s] [ 32%] [32mBuilding CXX object CMakeFiles/mypalletizer_interfaces__rosidl_typesupport_c.dir/rosidl_typesupport_c/mypalletizer_interfaces/srv/set_coords__type_support.cpp.o[0m
[10.579s] [ 33%] [32mBuilding CXX object CMakeFiles/mypalletizer_interfaces__rosidl_typesupport_c.dir/rosidl_typesupport_c/mypalletizer_interfaces/srv/gripper_status__type_support.cpp.o[0m
[10.811s] [ 34%] [32mBuilding CXX object CMakeFiles/mypalletizer_interfaces__rosidl_typesupport_c.dir/rosidl_typesupport_c/mypalletizer_interfaces/srv/pump_status__type_support.cpp.o[0m
[10.826s] [ 35%] [32mBuilding CXX object CMakeFiles/mypalletizer_interfaces__rosidl_typesupport_fastrtps_cpp.dir/rosidl_typesupport_fastrtps_cpp/mypalletizer_interfaces/msg/detail/dds_fastrtps/mypal_angles__type_support.cpp.o[0m
[10.922s] [ 36%] [32mBuilding CXX object CMakeFiles/mypalletizer_interfaces__rosidl_typesupport_fastrtps_cpp.dir/rosidl_typesupport_fastrtps_cpp/mypalletizer_interfaces/msg/detail/dds_fastrtps/mypal_coords__type_support.cpp.o[0m
[11.062s] [ 36%] [32mBuilding CXX object CMakeFiles/mypalletizer_interfaces__rosidl_typesupport_introspection_cpp.dir/rosidl_typesupport_introspection_cpp/mypalletizer_interfaces/srv/detail/get_angles__type_support.cpp.o[0m
[11.074s] [ 37%] [32m[1mLinking CXX shared library libmypalletizer_interfaces__rosidl_typesupport_c.so[0m
[11.231s] [ 38%] [32mBuilding C object CMakeFiles/mypalletizer_interfaces__rosidl_typesupport_introspection_c.dir/rosidl_typesupport_introspection_c/mypalletizer_interfaces/msg/detail/mypal_angles__type_support.c.o[0m
[11.347s] [ 39%] [32mBuilding C object CMakeFiles/mypalletizer_interfaces__rosidl_typesupport_introspection_c.dir/rosidl_typesupport_introspection_c/mypalletizer_interfaces/msg/detail/mypal_coords__type_support.c.o[0m
[11.404s] [ 39%] Built target mypalletizer_interfaces__rosidl_typesupport_c
[11.467s] [ 40%] [32mBuilding C object CMakeFiles/mypalletizer_interfaces__rosidl_typesupport_introspection_c.dir/rosidl_typesupport_introspection_c/mypalletizer_interfaces/msg/detail/mypal_set_angles__type_support.c.o[0m
[11.543s] [ 40%] [32mBuilding C object CMakeFiles/mypalletizer_interfaces__rosidl_typesupport_introspection_c.dir/rosidl_typesupport_introspection_c/mypalletizer_interfaces/msg/detail/mypal_set_coords__type_support.c.o[0m
[11.573s] [ 41%] [32mBuilding CXX object CMakeFiles/mypalletizer_interfaces__rosidl_typesupport_fastrtps_c.dir/rosidl_typesupport_fastrtps_c/mypalletizer_interfaces/msg/detail/mypal_angles__type_support_c.cpp.o[0m
[11.663s] [ 42%] [32mBuilding CXX object CMakeFiles/mypalletizer_interfaces__rosidl_typesupport_introspection_cpp.dir/rosidl_typesupport_introspection_cpp/mypalletizer_interfaces/srv/detail/set_angles__type_support.cpp.o[0m
[11.779s] [ 43%] [32mBuilding C object CMakeFiles/mypalletizer_interfaces__rosidl_typesupport_introspection_c.dir/rosidl_typesupport_introspection_c/mypalletizer_interfaces/msg/detail/mypal_gripper_status__type_support.c.o[0m
[11.973s] [ 44%] [32mBuilding CXX object CMakeFiles/mypalletizer_interfaces__rosidl_typesupport_fastrtps_c.dir/rosidl_typesupport_fastrtps_c/mypalletizer_interfaces/msg/detail/mypal_coords__type_support_c.cpp.o[0m
[12.032s] [ 45%] [32mBuilding C object CMakeFiles/mypalletizer_interfaces__rosidl_typesupport_introspection_c.dir/rosidl_typesupport_introspection_c/mypalletizer_interfaces/msg/detail/mypal_pump_status__type_support.c.o[0m
[12.260s] [ 46%] [32mBuilding CXX object CMakeFiles/mypalletizer_interfaces__rosidl_typesupport_cpp.dir/rosidl_typesupport_cpp/mypalletizer_interfaces/msg/mypal_set_angles__type_support.cpp.o[0m
[12.282s] [ 47%] [32mBuilding C object CMakeFiles/mypalletizer_interfaces__rosidl_typesupport_introspection_c.dir/rosidl_typesupport_introspection_c/mypalletizer_interfaces/srv/detail/get_angles__type_support.c.o[0m
[12.643s] [ 48%] [32mBuilding C object CMakeFiles/mypalletizer_interfaces__rosidl_typesupport_introspection_c.dir/rosidl_typesupport_introspection_c/mypalletizer_interfaces/srv/detail/set_angles__type_support.c.o[0m
[12.984s] [ 49%] [32mBuilding C object CMakeFiles/mypalletizer_interfaces__rosidl_typesupport_introspection_c.dir/rosidl_typesupport_introspection_c/mypalletizer_interfaces/srv/detail/get_coords__type_support.c.o[0m
[13.086s] [ 50%] [32mBuilding CXX object CMakeFiles/mypalletizer_interfaces__rosidl_typesupport_fastrtps_cpp.dir/rosidl_typesupport_fastrtps_cpp/mypalletizer_interfaces/msg/detail/dds_fastrtps/mypal_set_angles__type_support.cpp.o[0m
[13.288s] [ 51%] [32mBuilding CXX object CMakeFiles/mypalletizer_interfaces__rosidl_typesupport_fastrtps_cpp.dir/rosidl_typesupport_fastrtps_cpp/mypalletizer_interfaces/msg/detail/dds_fastrtps/mypal_set_coords__type_support.cpp.o[0m
[13.321s] [ 52%] [32mBuilding C object CMakeFiles/mypalletizer_interfaces__rosidl_typesupport_introspection_c.dir/rosidl_typesupport_introspection_c/mypalletizer_interfaces/srv/detail/set_coords__type_support.c.o[0m
[13.690s] [ 52%] [32mBuilding C object CMakeFiles/mypalletizer_interfaces__rosidl_typesupport_introspection_c.dir/rosidl_typesupport_introspection_c/mypalletizer_interfaces/srv/detail/gripper_status__type_support.c.o[0m
[13.899s] [ 53%] [32mBuilding CXX object CMakeFiles/mypalletizer_interfaces__rosidl_typesupport_introspection_cpp.dir/rosidl_typesupport_introspection_cpp/mypalletizer_interfaces/srv/detail/get_coords__type_support.cpp.o[0m
[13.924s] [ 54%] [32mBuilding C object CMakeFiles/mypalletizer_interfaces__rosidl_typesupport_introspection_c.dir/rosidl_typesupport_introspection_c/mypalletizer_interfaces/srv/detail/pump_status__type_support.c.o[0m
[14.224s] [ 55%] [32mBuilding CXX object CMakeFiles/mypalletizer_interfaces__rosidl_typesupport_introspection_cpp.dir/rosidl_typesupport_introspection_cpp/mypalletizer_interfaces/srv/detail/set_coords__type_support.cpp.o[0m
[14.271s] [ 56%] [32m[1mLinking C shared library libmypalletizer_interfaces__rosidl_typesupport_introspection_c.so[0m
[14.525s] [ 56%] [32mBuilding CXX object CMakeFiles/mypalletizer_interfaces__rosidl_typesupport_fastrtps_c.dir/rosidl_typesupport_fastrtps_c/mypalletizer_interfaces/msg/detail/mypal_set_angles__type_support_c.cpp.o[0m
[14.611s] [ 56%] Built target mypalletizer_interfaces__rosidl_typesupport_introspection_c
[14.685s] [ 57%] [32mBuilding CXX object CMakeFiles/mypalletizer_interfaces__rosidl_typesupport_introspection_cpp.dir/rosidl_typesupport_introspection_cpp/mypalletizer_interfaces/srv/detail/gripper_status__type_support.cpp.o[0m
[14.917s] [ 58%] [32mBuilding CXX object CMakeFiles/mypalletizer_interfaces__rosidl_typesupport_cpp.dir/rosidl_typesupport_cpp/mypalletizer_interfaces/msg/mypal_set_coords__type_support.cpp.o[0m
[15.109s] [ 59%] [32mBuilding CXX object CMakeFiles/mypalletizer_interfaces__rosidl_typesupport_introspection_cpp.dir/rosidl_typesupport_introspection_cpp/mypalletizer_interfaces/srv/detail/pump_status__type_support.cpp.o[0m
[15.296s] [ 60%] [32mBuilding CXX object CMakeFiles/mypalletizer_interfaces__rosidl_typesupport_fastrtps_c.dir/rosidl_typesupport_fastrtps_c/mypalletizer_interfaces/msg/detail/mypal_set_coords__type_support_c.cpp.o[0m
[16.973s] [ 60%] [32mBuilding CXX object CMakeFiles/mypalletizer_interfaces__rosidl_typesupport_cpp.dir/rosidl_typesupport_cpp/mypalletizer_interfaces/msg/mypal_gripper_status__type_support.cpp.o[0m
[17.044s] [ 61%] [32mBuilding CXX object CMakeFiles/mypalletizer_interfaces__rosidl_typesupport_cpp.dir/rosidl_typesupport_cpp/mypalletizer_interfaces/msg/mypal_pump_status__type_support.cpp.o[0m
[17.117s] [ 62%] [32mBuilding CXX object CMakeFiles/mypalletizer_interfaces__rosidl_typesupport_cpp.dir/rosidl_typesupport_cpp/mypalletizer_interfaces/srv/get_angles__type_support.cpp.o[0m
[17.790s] [ 63%] [32mBuilding CXX object CMakeFiles/mypalletizer_interfaces__rosidl_typesupport_fastrtps_c.dir/rosidl_typesupport_fastrtps_c/mypalletizer_interfaces/msg/detail/mypal_gripper_status__type_support_c.cpp.o[0m
[17.805s] [ 64%] [32mBuilding CXX object CMakeFiles/mypalletizer_interfaces__rosidl_typesupport_fastrtps_cpp.dir/rosidl_typesupport_fastrtps_cpp/mypalletizer_interfaces/msg/detail/dds_fastrtps/mypal_gripper_status__type_support.cpp.o[0m
[18.342s] [ 65%] [32mBuilding CXX object CMakeFiles/mypalletizer_interfaces__rosidl_typesupport_cpp.dir/rosidl_typesupport_cpp/mypalletizer_interfaces/srv/set_angles__type_support.cpp.o[0m
[18.357s] [ 66%] [32mBuilding CXX object CMakeFiles/mypalletizer_interfaces__rosidl_typesupport_cpp.dir/rosidl_typesupport_cpp/mypalletizer_interfaces/srv/get_coords__type_support.cpp.o[0m
[18.807s] [ 67%] [32m[1mLinking CXX shared library libmypalletizer_interfaces__rosidl_typesupport_introspection_cpp.so[0m
[18.932s] [ 67%] [32mBuilding CXX object CMakeFiles/mypalletizer_interfaces__rosidl_typesupport_fastrtps_cpp.dir/rosidl_typesupport_fastrtps_cpp/mypalletizer_interfaces/msg/detail/dds_fastrtps/mypal_pump_status__type_support.cpp.o[0m
[19.203s] [ 68%] [32mBuilding CXX object CMakeFiles/mypalletizer_interfaces__rosidl_typesupport_fastrtps_c.dir/rosidl_typesupport_fastrtps_c/mypalletizer_interfaces/msg/detail/mypal_pump_status__type_support_c.cpp.o[0m
[19.284s] [ 68%] Built target mypalletizer_interfaces__rosidl_typesupport_introspection_cpp
[19.380s] [ 69%] [32mBuilding CXX object CMakeFiles/mypalletizer_interfaces__rosidl_typesupport_fastrtps_c.dir/rosidl_typesupport_fastrtps_c/mypalletizer_interfaces/srv/detail/get_angles__type_support_c.cpp.o[0m
[19.960s] [ 70%] [32mBuilding CXX object CMakeFiles/mypalletizer_interfaces__rosidl_typesupport_cpp.dir/rosidl_typesupport_cpp/mypalletizer_interfaces/srv/set_coords__type_support.cpp.o[0m
[20.005s] [ 71%] [32mBuilding CXX object CMakeFiles/mypalletizer_interfaces__rosidl_typesupport_fastrtps_cpp.dir/rosidl_typesupport_fastrtps_cpp/mypalletizer_interfaces/srv/detail/dds_fastrtps/get_angles__type_support.cpp.o[0m
[20.027s] [ 71%] [32mBuilding CXX object CMakeFiles/mypalletizer_interfaces__rosidl_typesupport_cpp.dir/rosidl_typesupport_cpp/mypalletizer_interfaces/srv/gripper_status__type_support.cpp.o[0m
[20.919s] [ 72%] [32mBuilding CXX object CMakeFiles/mypalletizer_interfaces__rosidl_typesupport_fastrtps_cpp.dir/rosidl_typesupport_fastrtps_cpp/mypalletizer_interfaces/srv/detail/dds_fastrtps/set_angles__type_support.cpp.o[0m
[21.398s] [ 73%] [32mBuilding CXX object CMakeFiles/mypalletizer_interfaces__rosidl_typesupport_cpp.dir/rosidl_typesupport_cpp/mypalletizer_interfaces/srv/pump_status__type_support.cpp.o[0m
[22.184s] [ 74%] [32mBuilding CXX object CMakeFiles/mypalletizer_interfaces__rosidl_typesupport_fastrtps_c.dir/rosidl_typesupport_fastrtps_c/mypalletizer_interfaces/srv/detail/set_angles__type_support_c.cpp.o[0m
[23.231s] [ 75%] [32m[1mLinking CXX shared library libmypalletizer_interfaces__rosidl_typesupport_cpp.so[0m
[23.363s] [ 75%] Built target mypalletizer_interfaces__rosidl_typesupport_cpp
[23.620s] [ 76%] [32mBuilding CXX object CMakeFiles/mypalletizer_interfaces__rosidl_typesupport_fastrtps_c.dir/rosidl_typesupport_fastrtps_c/mypalletizer_interfaces/srv/detail/set_coords__type_support_c.cpp.o[0m
[23.772s] [ 76%] [32mBuilding CXX object CMakeFiles/mypalletizer_interfaces__rosidl_typesupport_fastrtps_cpp.dir/rosidl_typesupport_fastrtps_cpp/mypalletizer_interfaces/srv/detail/dds_fastrtps/pump_status__type_support.cpp.o[0m
[24.267s] [ 77%] [32mBuilding CXX object CMakeFiles/mypalletizer_interfaces__rosidl_typesupport_fastrtps_c.dir/rosidl_typesupport_fastrtps_c/mypalletizer_interfaces/srv/detail/pump_status__type_support_c.cpp.o[0m
[24.845s] [ 78%] [32mBuilding CXX object CMakeFiles/mypalletizer_interfaces__rosidl_typesupport_fastrtps_cpp.dir/rosidl_typesupport_fastrtps_cpp/mypalletizer_interfaces/srv/detail/dds_fastrtps/gripper_status__type_support.cpp.o[0m
[24.854s] [ 79%] [32mBuilding CXX object CMakeFiles/mypalletizer_interfaces__rosidl_typesupport_fastrtps_c.dir/rosidl_typesupport_fastrtps_c/mypalletizer_interfaces/srv/detail/gripper_status__type_support_c.cpp.o[0m
[25.526s] [ 80%] [32mBuilding CXX object CMakeFiles/mypalletizer_interfaces__rosidl_typesupport_fastrtps_cpp.dir/rosidl_typesupport_fastrtps_cpp/mypalletizer_interfaces/srv/detail/dds_fastrtps/set_coords__type_support.cpp.o[0m
[25.733s] [ 80%] [32mBuilding CXX object CMakeFiles/mypalletizer_interfaces__rosidl_typesupport_fastrtps_c.dir/rosidl_typesupport_fastrtps_c/mypalletizer_interfaces/srv/detail/get_coords__type_support_c.cpp.o[0m
[26.328s] [ 81%] [32mBuilding CXX object CMakeFiles/mypalletizer_interfaces__rosidl_typesupport_fastrtps_cpp.dir/rosidl_typesupport_fastrtps_cpp/mypalletizer_interfaces/srv/detail/dds_fastrtps/get_coords__type_support.cpp.o[0m
[26.439s] [ 82%] [32m[1mLinking CXX shared library libmypalletizer_interfaces__rosidl_typesupport_fastrtps_c.so[0m
[26.570s] [ 82%] Built target mypalletizer_interfaces__rosidl_typesupport_fastrtps_c
[27.049s] [ 83%] [32m[1mLinking CXX shared library libmypalletizer_interfaces__rosidl_typesupport_fastrtps_cpp.so[0m
[27.171s] [ 83%] Built target mypalletizer_interfaces__rosidl_typesupport_fastrtps_cpp
[27.196s] [ 83%] Built target mypalletizer_interfaces
[27.222s] [ 84%] [34m[1mGenerating Python code for ROS interfaces[0m
[30.140s] [ 84%] Built target mypalletizer_interfaces__py
[30.182s] [ 85%] [32mBuilding C object CMakeFiles/mypalletizer_interfaces__rosidl_generator_py.dir/rosidl_generator_py/mypalletizer_interfaces/msg/_mypal_coords_s.c.o[0m
[30.184s] [ 86%] [32mBuilding C object CMakeFiles/mypalletizer_interfaces__rosidl_generator_py.dir/rosidl_generator_py/mypalletizer_interfaces/msg/_mypal_angles_s.c.o[0m
[30.413s] [ 87%] [32mBuilding C object CMakeFiles/mypalletizer_interfaces__rosidl_generator_py.dir/rosidl_generator_py/mypalletizer_interfaces/srv/_set_angles_s.c.o[0m
[30.426s] [ 88%] [32mBuilding C object CMakeFiles/mypalletizer_interfaces__rosidl_generator_py.dir/rosidl_generator_py/mypalletizer_interfaces/srv/_get_coords_s.c.o[0m
[30.679s] [ 88%] [32mBuilding C object CMakeFiles/mypalletizer_interfaces__rosidl_generator_py.dir/rosidl_generator_py/mypalletizer_interfaces/srv/_set_coords_s.c.o[0m
[30.720s] [ 89%] [32mBuilding C object CMakeFiles/mypalletizer_interfaces__rosidl_generator_py.dir/rosidl_generator_py/mypalletizer_interfaces/srv/_gripper_status_s.c.o[0m
[30.900s] [ 90%] [32mBuilding C object CMakeFiles/mypalletizer_interfaces__rosidl_generator_py.dir/rosidl_generator_py/mypalletizer_interfaces/srv/_pump_status_s.c.o[0m
[30.923s] [ 91%] [32mBuilding C object CMakeFiles/mypalletizer_interfaces__rosidl_generator_py.dir/rosidl_generator_py/mypalletizer_interfaces/srv/_get_angles_s.c.o[0m
[31.076s] [ 92%] [32mBuilding C object CMakeFiles/mypalletizer_interfaces__rosidl_generator_py.dir/rosidl_generator_py/mypalletizer_interfaces/msg/_mypal_pump_status_s.c.o[0m
[31.100s] [ 93%] [32mBuilding C object CMakeFiles/mypalletizer_interfaces__rosidl_generator_py.dir/rosidl_generator_py/mypalletizer_interfaces/msg/_mypal_gripper_status_s.c.o[0m
[31.318s] [ 94%] [32mBuilding C object CMakeFiles/mypalletizer_interfaces__rosidl_generator_py.dir/rosidl_generator_py/mypalletizer_interfaces/msg/_mypal_set_coords_s.c.o[0m
[31.340s] [ 94%] [32mBuilding C object CMakeFiles/mypalletizer_interfaces__rosidl_generator_py.dir/rosidl_generator_py/mypalletizer_interfaces/msg/_mypal_set_angles_s.c.o[0m
[31.508s] [ 95%] [32m[1mLinking C shared library rosidl_generator_py/mypalletizer_interfaces/libmypalletizer_interfaces__rosidl_generator_py.so[0m
[31.570s] [ 95%] Built target mypalletizer_interfaces__rosidl_generator_py
[31.596s] [ 96%] [32mBuilding C object CMakeFiles/mypalletizer_interfaces__rosidl_typesupport_fastrtps_c__pyext.dir/rosidl_generator_py/mypalletizer_interfaces/_mypalletizer_interfaces_s.ep.rosidl_typesupport_fastrtps_c.c.o[0m
[31.597s] [ 96%] [32mBuilding C object CMakeFiles/mypalletizer_interfaces__rosidl_typesupport_c__pyext.dir/rosidl_generator_py/mypalletizer_interfaces/_mypalletizer_interfaces_s.ep.rosidl_typesupport_c.c.o[0m
[31.604s] [ 97%] [32mBuilding C object CMakeFiles/mypalletizer_interfaces__rosidl_typesupport_introspection_c__pyext.dir/rosidl_generator_py/mypalletizer_interfaces/_mypalletizer_interfaces_s.ep.rosidl_typesupport_introspection_c.c.o[0m
[31.934s] [ 98%] [32m[1mLinking C shared library rosidl_generator_py/mypalletizer_interfaces/mypalletizer_interfaces_s__rosidl_typesupport_c.cpython-310-x86_64-linux-gnu.so[0m
[31.998s] [ 99%] [32m[1mLinking C shared library rosidl_generator_py/mypalletizer_interfaces/mypalletizer_interfaces_s__rosidl_typesupport_fastrtps_c.cpython-310-x86_64-linux-gnu.so[0m
[32.002s] [100%] [32m[1mLinking C shared library rosidl_generator_py/mypalletizer_interfaces/mypalletizer_interfaces_s__rosidl_typesupport_introspection_c.cpython-310-x86_64-linux-gnu.so[0m
[32.019s] [100%] Built target mypalletizer_interfaces__rosidl_typesupport_c__pyext
[32.080s] [100%] Built target mypalletizer_interfaces__rosidl_typesupport_introspection_c__pyext
[32.081s] [100%] Built target mypalletizer_interfaces__rosidl_typesupport_fastrtps_c__pyext
[32.100s] Invoked command in '/home/tyler/Documents/Github/280-M5_ROS/colcon_ws/build/mypalletizer_interfaces' returned '0': CMAKE_PREFIX_PATH=${CMAKE_PREFIX_PATH}:/opt/ros/humble /usr/bin/cmake --build /home/tyler/Documents/Github/280-M5_ROS/colcon_ws/build/mypalletizer_interfaces -- -j8 -l8
[32.386s] Invoking command in '/home/tyler/Documents/Github/280-M5_ROS/colcon_ws/build/mypalletizer_interfaces': CMAKE_PREFIX_PATH=${CMAKE_PREFIX_PATH}:/opt/ros/humble /usr/bin/cmake --install /home/tyler/Documents/Github/280-M5_ROS/colcon_ws/build/mypalletizer_interfaces
[32.397s] -- Install configuration: ""
[32.398s] -- Execute custom install script
[32.398s] -- Symlinking: /home/tyler/Documents/Github/280-M5_ROS/colcon_ws/install/mypalletizer_interfaces/share/ament_index/resource_index/rosidl_interfaces/mypalletizer_interfaces
[32.409s] -- Symlinking: /home/tyler/Documents/Github/280-M5_ROS/colcon_ws/install/mypalletizer_interfaces/include/mypalletizer_interfaces/mypalletizer_interfaces/msg/detail/mypal_angles__functions.h
[32.420s] -- Symlinking: /home/tyler/Documents/Github/280-M5_ROS/colcon_ws/install/mypalletizer_interfaces/include/mypalletizer_interfaces/mypalletizer_interfaces/msg/detail/mypal_angles__struct.h
[32.430s] -- Symlinking: /home/tyler/Documents/Github/280-M5_ROS/colcon_ws/install/mypalletizer_interfaces/include/mypalletizer_interfaces/mypalletizer_interfaces/msg/detail/mypal_angles__type_support.h
[32.440s] -- Symlinking: /home/tyler/Documents/Github/280-M5_ROS/colcon_ws/install/mypalletizer_interfaces/include/mypalletizer_interfaces/mypalletizer_interfaces/msg/detail/mypal_coords__functions.h
[32.449s] -- Symlinking: /home/tyler/Documents/Github/280-M5_ROS/colcon_ws/install/mypalletizer_interfaces/include/mypalletizer_interfaces/mypalletizer_interfaces/msg/detail/mypal_coords__struct.h
[32.458s] -- Symlinking: /home/tyler/Documents/Github/280-M5_ROS/colcon_ws/install/mypalletizer_interfaces/include/mypalletizer_interfaces/mypalletizer_interfaces/msg/detail/mypal_coords__type_support.h
[32.468s] -- Symlinking: /home/tyler/Documents/Github/280-M5_ROS/colcon_ws/install/mypalletizer_interfaces/include/mypalletizer_interfaces/mypalletizer_interfaces/msg/detail/mypal_gripper_status__functions.h
[32.477s] -- Symlinking: /home/tyler/Documents/Github/280-M5_ROS/colcon_ws/install/mypalletizer_interfaces/include/mypalletizer_interfaces/mypalletizer_interfaces/msg/detail/mypal_gripper_status__struct.h
[32.487s] -- Symlinking: /home/tyler/Documents/Github/280-M5_ROS/colcon_ws/install/mypalletizer_interfaces/include/mypalletizer_interfaces/mypalletizer_interfaces/msg/detail/mypal_gripper_status__type_support.h
[32.496s] -- Symlinking: /home/tyler/Documents/Github/280-M5_ROS/colcon_ws/install/mypalletizer_interfaces/include/mypalletizer_interfaces/mypalletizer_interfaces/msg/detail/mypal_pump_status__functions.h
[32.505s] -- Symlinking: /home/tyler/Documents/Github/280-M5_ROS/colcon_ws/install/mypalletizer_interfaces/include/mypalletizer_interfaces/mypalletizer_interfaces/msg/detail/mypal_pump_status__struct.h
[32.515s] -- Symlinking: /home/tyler/Documents/Github/280-M5_ROS/colcon_ws/install/mypalletizer_interfaces/include/mypalletizer_interfaces/mypalletizer_interfaces/msg/detail/mypal_pump_status__type_support.h
[32.524s] -- Symlinking: /home/tyler/Documents/Github/280-M5_ROS/colcon_ws/install/mypalletizer_interfaces/include/mypalletizer_interfaces/mypalletizer_interfaces/msg/detail/mypal_set_angles__functions.h
[32.533s] -- Symlinking: /home/tyler/Documents/Github/280-M5_ROS/colcon_ws/install/mypalletizer_interfaces/include/mypalletizer_interfaces/mypalletizer_interfaces/msg/detail/mypal_set_angles__struct.h
[32.542s] -- Symlinking: /home/tyler/Documents/Github/280-M5_ROS/colcon_ws/install/mypalletizer_interfaces/include/mypalletizer_interfaces/mypalletizer_interfaces/msg/detail/mypal_set_angles__type_support.h
[32.552s] -- Symlinking: /home/tyler/Documents/Github/280-M5_ROS/colcon_ws/install/mypalletizer_interfaces/include/mypalletizer_interfaces/mypalletizer_interfaces/msg/detail/mypal_set_coords__functions.h
[32.561s] -- Symlinking: /home/tyler/Documents/Github/280-M5_ROS/colcon_ws/install/mypalletizer_interfaces/include/mypalletizer_interfaces/mypalletizer_interfaces/msg/detail/mypal_set_coords__struct.h
[32.570s] -- Symlinking: /home/tyler/Documents/Github/280-M5_ROS/colcon_ws/install/mypalletizer_interfaces/include/mypalletizer_interfaces/mypalletizer_interfaces/msg/detail/mypal_set_coords__type_support.h
[32.580s] -- Symlinking: /home/tyler/Documents/Github/280-M5_ROS/colcon_ws/install/mypalletizer_interfaces/include/mypalletizer_interfaces/mypalletizer_interfaces/msg/mypal_angles.h
[32.590s] -- Symlinking: /home/tyler/Documents/Github/280-M5_ROS/colcon_ws/install/mypalletizer_interfaces/include/mypalletizer_interfaces/mypalletizer_interfaces/msg/mypal_coords.h
[32.599s] -- Symlinking: /home/tyler/Documents/Github/280-M5_ROS/colcon_ws/install/mypalletizer_interfaces/include/mypalletizer_interfaces/mypalletizer_interfaces/msg/mypal_gripper_status.h
[32.609s] -- Symlinking: /home/tyler/Documents/Github/280-M5_ROS/colcon_ws/install/mypalletizer_interfaces/include/mypalletizer_interfaces/mypalletizer_interfaces/msg/mypal_pump_status.h
[32.618s] -- Symlinking: /home/tyler/Documents/Github/280-M5_ROS/colcon_ws/install/mypalletizer_interfaces/include/mypalletizer_interfaces/mypalletizer_interfaces/msg/mypal_set_angles.h
[32.627s] -- Symlinking: /home/tyler/Documents/Github/280-M5_ROS/colcon_ws/install/mypalletizer_interfaces/include/mypalletizer_interfaces/mypalletizer_interfaces/msg/mypal_set_coords.h
[32.637s] -- Symlinking: /home/tyler/Documents/Github/280-M5_ROS/colcon_ws/install/mypalletizer_interfaces/include/mypalletizer_interfaces/mypalletizer_interfaces/msg/rosidl_generator_c__visibility_control.h
[32.646s] -- Symlinking: /home/tyler/Documents/Github/280-M5_ROS/colcon_ws/install/mypalletizer_interfaces/include/mypalletizer_interfaces/mypalletizer_interfaces/srv/detail/get_angles__functions.h
[32.654s] -- Symlinking: /home/tyler/Documents/Github/280-M5_ROS/colcon_ws/install/mypalletizer_interfaces/include/mypalletizer_interfaces/mypalletizer_interfaces/srv/detail/get_angles__struct.h
[32.664s] -- Symlinking: /home/tyler/Documents/Github/280-M5_ROS/colcon_ws/install/mypalletizer_interfaces/include/mypalletizer_interfaces/mypalletizer_interfaces/srv/detail/get_angles__type_support.h
[32.673s] -- Symlinking: /home/tyler/Documents/Github/280-M5_ROS/colcon_ws/install/mypalletizer_interfaces/include/mypalletizer_interfaces/mypalletizer_interfaces/srv/detail/get_coords__functions.h
[32.681s] -- Symlinking: /home/tyler/Documents/Github/280-M5_ROS/colcon_ws/install/mypalletizer_interfaces/include/mypalletizer_interfaces/mypalletizer_interfaces/srv/detail/get_coords__struct.h
[32.690s] -- Symlinking: /home/tyler/Documents/Github/280-M5_ROS/colcon_ws/install/mypalletizer_interfaces/include/mypalletizer_interfaces/mypalletizer_interfaces/srv/detail/get_coords__type_support.h
[32.699s] -- Symlinking: /home/tyler/Documents/Github/280-M5_ROS/colcon_ws/install/mypalletizer_interfaces/include/mypalletizer_interfaces/mypalletizer_interfaces/srv/detail/gripper_status__functions.h
[32.708s] -- Symlinking: /home/tyler/Documents/Github/280-M5_ROS/colcon_ws/install/mypalletizer_interfaces/include/mypalletizer_interfaces/mypalletizer_interfaces/srv/detail/gripper_status__struct.h
[32.717s] -- Symlinking: /home/tyler/Documents/Github/280-M5_ROS/colcon_ws/install/mypalletizer_interfaces/include/mypalletizer_interfaces/mypalletizer_interfaces/srv/detail/gripper_status__type_support.h
[32.727s] -- Symlinking: /home/tyler/Documents/Github/280-M5_ROS/colcon_ws/install/mypalletizer_interfaces/include/mypalletizer_interfaces/mypalletizer_interfaces/srv/detail/pump_status__functions.h
[32.736s] -- Symlinking: /home/tyler/Documents/Github/280-M5_ROS/colcon_ws/install/mypalletizer_interfaces/include/mypalletizer_interfaces/mypalletizer_interfaces/srv/detail/pump_status__struct.h
[32.744s] -- Symlinking: /home/tyler/Documents/Github/280-M5_ROS/colcon_ws/install/mypalletizer_interfaces/include/mypalletizer_interfaces/mypalletizer_interfaces/srv/detail/pump_status__type_support.h
[32.753s] -- Symlinking: /home/tyler/Documents/Github/280-M5_ROS/colcon_ws/install/mypalletizer_interfaces/include/mypalletizer_interfaces/mypalletizer_interfaces/srv/detail/set_angles__functions.h
[32.762s] -- Symlinking: /home/tyler/Documents/Github/280-M5_ROS/colcon_ws/install/mypalletizer_interfaces/include/mypalletizer_interfaces/mypalletizer_interfaces/srv/detail/set_angles__struct.h
[32.771s] -- Symlinking: /home/tyler/Documents/Github/280-M5_ROS/colcon_ws/install/mypalletizer_interfaces/include/mypalletizer_interfaces/mypalletizer_interfaces/srv/detail/set_angles__type_support.h
[32.780s] -- Symlinking: /home/tyler/Documents/Github/280-M5_ROS/colcon_ws/install/mypalletizer_interfaces/include/mypalletizer_interfaces/mypalletizer_interfaces/srv/detail/set_coords__functions.h
[32.789s] -- Symlinking: /home/tyler/Documents/Github/280-M5_ROS/colcon_ws/install/mypalletizer_interfaces/include/mypalletizer_interfaces/mypalletizer_interfaces/srv/detail/set_coords__struct.h
[32.798s] -- Symlinking: /home/tyler/Documents/Github/280-M5_ROS/colcon_ws/install/mypalletizer_interfaces/include/mypalletizer_interfaces/mypalletizer_interfaces/srv/detail/set_coords__type_support.h
[32.806s] -- Symlinking: /home/tyler/Documents/Github/280-M5_ROS/colcon_ws/install/mypalletizer_interfaces/include/mypalletizer_interfaces/mypalletizer_interfaces/srv/get_angles.h
[32.815s] -- Symlinking: /home/tyler/Documents/Github/280-M5_ROS/colcon_ws/install/mypalletizer_interfaces/include/mypalletizer_interfaces/mypalletizer_interfaces/srv/get_coords.h
[32.825s] -- Symlinking: /home/tyler/Documents/Github/280-M5_ROS/colcon_ws/install/mypalletizer_interfaces/include/mypalletizer_interfaces/mypalletizer_interfaces/srv/gripper_status.h
[32.834s] -- Symlinking: /home/tyler/Documents/Github/280-M5_ROS/colcon_ws/install/mypalletizer_interfaces/include/mypalletizer_interfaces/mypalletizer_interfaces/srv/pump_status.h
[32.843s] -- Symlinking: /home/tyler/Documents/Github/280-M5_ROS/colcon_ws/install/mypalletizer_interfaces/include/mypalletizer_interfaces/mypalletizer_interfaces/srv/set_angles.h
[32.853s] -- Symlinking: /home/tyler/Documents/Github/280-M5_ROS/colcon_ws/install/mypalletizer_interfaces/include/mypalletizer_interfaces/mypalletizer_interfaces/srv/set_coords.h
[32.862s] -- Symlinking: /home/tyler/Documents/Github/280-M5_ROS/colcon_ws/install/mypalletizer_interfaces/share/mypalletizer_interfaces/environment/library_path.sh
[32.871s] -- Symlinking: /home/tyler/Documents/Github/280-M5_ROS/colcon_ws/install/mypalletizer_interfaces/share/mypalletizer_interfaces/environment/library_path.dsv
[32.880s] -- Symlinking: /home/tyler/Documents/Github/280-M5_ROS/colcon_ws/install/mypalletizer_interfaces/include/mypalletizer_interfaces/mypalletizer_interfaces/msg/detail/mypal_angles__rosidl_typesupport_fastrtps_c.h
[32.889s] -- Symlinking: /home/tyler/Documents/Github/280-M5_ROS/colcon_ws/install/mypalletizer_interfaces/include/mypalletizer_interfaces/mypalletizer_interfaces/msg/detail/mypal_coords__rosidl_typesupport_fastrtps_c.h
[32.898s] -- Symlinking: /home/tyler/Documents/Github/280-M5_ROS/colcon_ws/install/mypalletizer_interfaces/include/mypalletizer_interfaces/mypalletizer_interfaces/msg/detail/mypal_gripper_status__rosidl_typesupport_fastrtps_c.h
[32.906s] -- Symlinking: /home/tyler/Documents/Github/280-M5_ROS/colcon_ws/install/mypalletizer_interfaces/include/mypalletizer_interfaces/mypalletizer_interfaces/msg/detail/mypal_pump_status__rosidl_typesupport_fastrtps_c.h
[32.914s] -- Symlinking: /home/tyler/Documents/Github/280-M5_ROS/colcon_ws/install/mypalletizer_interfaces/include/mypalletizer_interfaces/mypalletizer_interfaces/msg/detail/mypal_set_angles__rosidl_typesupport_fastrtps_c.h
[32.923s] -- Symlinking: /home/tyler/Documents/Github/280-M5_ROS/colcon_ws/install/mypalletizer_interfaces/include/mypalletizer_interfaces/mypalletizer_interfaces/msg/detail/mypal_set_coords__rosidl_typesupport_fastrtps_c.h
[32.931s] -- Symlinking: /home/tyler/Documents/Github/280-M5_ROS/colcon_ws/install/mypalletizer_interfaces/include/mypalletizer_interfaces/mypalletizer_interfaces/msg/rosidl_typesupport_fastrtps_c__visibility_control.h
[32.940s] -- Symlinking: /home/tyler/Documents/Github/280-M5_ROS/colcon_ws/install/mypalletizer_interfaces/include/mypalletizer_interfaces/mypalletizer_interfaces/srv/detail/get_angles__rosidl_typesupport_fastrtps_c.h
[32.948s] -- Symlinking: /home/tyler/Documents/Github/280-M5_ROS/colcon_ws/install/mypalletizer_interfaces/include/mypalletizer_interfaces/mypalletizer_interfaces/srv/detail/get_coords__rosidl_typesupport_fastrtps_c.h
[32.957s] -- Symlinking: /home/tyler/Documents/Github/280-M5_ROS/colcon_ws/install/mypalletizer_interfaces/include/mypalletizer_interfaces/mypalletizer_interfaces/srv/detail/gripper_status__rosidl_typesupport_fastrtps_c.h
[32.966s] -- Symlinking: /home/tyler/Documents/Github/280-M5_ROS/colcon_ws/install/mypalletizer_interfaces/include/mypalletizer_interfaces/mypalletizer_interfaces/srv/detail/pump_status__rosidl_typesupport_fastrtps_c.h
[32.975s] -- Symlinking: /home/tyler/Documents/Github/280-M5_ROS/colcon_ws/install/mypalletizer_interfaces/include/mypalletizer_interfaces/mypalletizer_interfaces/srv/detail/set_angles__rosidl_typesupport_fastrtps_c.h
[32.984s] -- Symlinking: /home/tyler/Documents/Github/280-M5_ROS/colcon_ws/install/mypalletizer_interfaces/include/mypalletizer_interfaces/mypalletizer_interfaces/srv/detail/set_coords__rosidl_typesupport_fastrtps_c.h
[32.992s] -- Symlinking: /home/tyler/Documents/Github/280-M5_ROS/colcon_ws/install/mypalletizer_interfaces/include/mypalletizer_interfaces/mypalletizer_interfaces/msg/detail/mypal_angles__rosidl_typesupport_introspection_c.h
[33.000s] -- Symlinking: /home/tyler/Documents/Github/280-M5_ROS/colcon_ws/install/mypalletizer_interfaces/include/mypalletizer_interfaces/mypalletizer_interfaces/msg/detail/mypal_coords__rosidl_typesupport_introspection_c.h
[33.010s] -- Symlinking: /home/tyler/Documents/Github/280-M5_ROS/colcon_ws/install/mypalletizer_interfaces/include/mypalletizer_interfaces/mypalletizer_interfaces/msg/detail/mypal_gripper_status__rosidl_typesupport_introspection_c.h
[33.018s] -- Symlinking: /home/tyler/Documents/Github/280-M5_ROS/colcon_ws/install/mypalletizer_interfaces/include/mypalletizer_interfaces/mypalletizer_interfaces/msg/detail/mypal_pump_status__rosidl_typesupport_introspection_c.h
[33.027s] -- Symlinking: /home/tyler/Documents/Github/280-M5_ROS/colcon_ws/install/mypalletizer_interfaces/include/mypalletizer_interfaces/mypalletizer_interfaces/msg/detail/mypal_set_angles__rosidl_typesupport_introspection_c.h
[33.036s] -- Symlinking: /home/tyler/Documents/Github/280-M5_ROS/colcon_ws/install/mypalletizer_interfaces/include/mypalletizer_interfaces/mypalletizer_interfaces/msg/detail/mypal_set_coords__rosidl_typesupport_introspection_c.h
[33.045s] -- Symlinking: /home/tyler/Documents/Github/280-M5_ROS/colcon_ws/install/mypalletizer_interfaces/include/mypalletizer_interfaces/mypalletizer_interfaces/msg/rosidl_typesupport_introspection_c__visibility_control.h
[33.054s] -- Symlinking: /home/tyler/Documents/Github/280-M5_ROS/colcon_ws/install/mypalletizer_interfaces/include/mypalletizer_interfaces/mypalletizer_interfaces/srv/detail/get_angles__rosidl_typesupport_introspection_c.h
[33.062s] -- Symlinking: /home/tyler/Documents/Github/280-M5_ROS/colcon_ws/install/mypalletizer_interfaces/include/mypalletizer_interfaces/mypalletizer_interfaces/srv/detail/get_coords__rosidl_typesupport_introspection_c.h
[33.071s] -- Symlinking: /home/tyler/Documents/Github/280-M5_ROS/colcon_ws/install/mypalletizer_interfaces/include/mypalletizer_interfaces/mypalletizer_interfaces/srv/detail/gripper_status__rosidl_typesupport_introspection_c.h
[33.079s] -- Symlinking: /home/tyler/Documents/Github/280-M5_ROS/colcon_ws/install/mypalletizer_interfaces/include/mypalletizer_interfaces/mypalletizer_interfaces/srv/detail/pump_status__rosidl_typesupport_introspection_c.h
[33.088s] -- Symlinking: /home/tyler/Documents/Github/280-M5_ROS/colcon_ws/install/mypalletizer_interfaces/include/mypalletizer_interfaces/mypalletizer_interfaces/srv/detail/set_angles__rosidl_typesupport_introspection_c.h
[33.097s] -- Symlinking: /home/tyler/Documents/Github/280-M5_ROS/colcon_ws/install/mypalletizer_interfaces/include/mypalletizer_interfaces/mypalletizer_interfaces/srv/detail/set_coords__rosidl_typesupport_introspection_c.h
[33.106s] -- Symlinking: /home/tyler/Documents/Github/280-M5_ROS/colcon_ws/install/mypalletizer_interfaces/include/mypalletizer_interfaces/mypalletizer_interfaces/msg/detail/mypal_angles__builder.hpp
[33.115s] -- Symlinking: /home/tyler/Documents/Github/280-M5_ROS/colcon_ws/install/mypalletizer_interfaces/include/mypalletizer_interfaces/mypalletizer_interfaces/msg/detail/mypal_angles__struct.hpp
[33.123s] -- Symlinking: /home/tyler/Documents/Github/280-M5_ROS/colcon_ws/install/mypalletizer_interfaces/include/mypalletizer_interfaces/mypalletizer_interfaces/msg/detail/mypal_angles__traits.hpp
[33.132s] -- Symlinking: /home/tyler/Documents/Github/280-M5_ROS/colcon_ws/install/mypalletizer_interfaces/include/mypalletizer_interfaces/mypalletizer_interfaces/msg/detail/mypal_coords__builder.hpp
[33.140s] -- Symlinking: /home/tyler/Documents/Github/280-M5_ROS/colcon_ws/install/mypalletizer_interfaces/include/mypalletizer_interfaces/mypalletizer_interfaces/msg/detail/mypal_coords__struct.hpp
[33.149s] -- Symlinking: /home/tyler/Documents/Github/280-M5_ROS/colcon_ws/install/mypalletizer_interfaces/include/mypalletizer_interfaces/mypalletizer_interfaces/msg/detail/mypal_coords__traits.hpp
[33.157s] -- Symlinking: /home/tyler/Documents/Github/280-M5_ROS/colcon_ws/install/mypalletizer_interfaces/include/mypalletizer_interfaces/mypalletizer_interfaces/msg/detail/mypal_gripper_status__builder.hpp
[33.166s] -- Symlinking: /home/tyler/Documents/Github/280-M5_ROS/colcon_ws/install/mypalletizer_interfaces/include/mypalletizer_interfaces/mypalletizer_interfaces/msg/detail/mypal_gripper_status__struct.hpp
[33.175s] -- Symlinking: /home/tyler/Documents/Github/280-M5_ROS/colcon_ws/install/mypalletizer_interfaces/include/mypalletizer_interfaces/mypalletizer_interfaces/msg/detail/mypal_gripper_status__traits.hpp
[33.183s] -- Symlinking: /home/tyler/Documents/Github/280-M5_ROS/colcon_ws/install/mypalletizer_interfaces/include/mypalletizer_interfaces/mypalletizer_interfaces/msg/detail/mypal_pump_status__builder.hpp
[33.192s] -- Symlinking: /home/tyler/Documents/Github/280-M5_ROS/colcon_ws/install/mypalletizer_interfaces/include/mypalletizer_interfaces/mypalletizer_interfaces/msg/detail/mypal_pump_status__struct.hpp
[33.200s] -- Symlinking: /home/tyler/Documents/Github/280-M5_ROS/colcon_ws/install/mypalletizer_interfaces/include/mypalletizer_interfaces/mypalletizer_interfaces/msg/detail/mypal_pump_status__traits.hpp
[33.209s] -- Symlinking: /home/tyler/Documents/Github/280-M5_ROS/colcon_ws/install/mypalletizer_interfaces/include/mypalletizer_interfaces/mypalletizer_interfaces/msg/detail/mypal_set_angles__builder.hpp
[33.217s] -- Symlinking: /home/tyler/Documents/Github/280-M5_ROS/colcon_ws/install/mypalletizer_interfaces/include/mypalletizer_interfaces/mypalletizer_interfaces/msg/detail/mypal_set_angles__struct.hpp
[33.227s] -- Symlinking: /home/tyler/Documents/Github/280-M5_ROS/colcon_ws/install/mypalletizer_interfaces/include/mypalletizer_interfaces/mypalletizer_interfaces/msg/detail/mypal_set_angles__traits.hpp
[33.235s] -- Symlinking: /home/tyler/Documents/Github/280-M5_ROS/colcon_ws/install/mypalletizer_interfaces/include/mypalletizer_interfaces/mypalletizer_interfaces/msg/detail/mypal_set_coords__builder.hpp
[33.244s] -- Symlinking: /home/tyler/Documents/Github/280-M5_ROS/colcon_ws/install/mypalletizer_interfaces/include/mypalletizer_interfaces/mypalletizer_interfaces/msg/detail/mypal_set_coords__struct.hpp
[33.253s] -- Symlinking: /home/tyler/Documents/Github/280-M5_ROS/colcon_ws/install/mypalletizer_interfaces/include/mypalletizer_interfaces/mypalletizer_interfaces/msg/detail/mypal_set_coords__traits.hpp
[33.261s] -- Symlinking: /home/tyler/Documents/Github/280-M5_ROS/colcon_ws/install/mypalletizer_interfaces/include/mypalletizer_interfaces/mypalletizer_interfaces/msg/mypal_angles.hpp
[33.269s] -- Symlinking: /home/tyler/Documents/Github/280-M5_ROS/colcon_ws/install/mypalletizer_interfaces/include/mypalletizer_interfaces/mypalletizer_interfaces/msg/mypal_coords.hpp
[33.279s] -- Symlinking: /home/tyler/Documents/Github/280-M5_ROS/colcon_ws/install/mypalletizer_interfaces/include/mypalletizer_interfaces/mypalletizer_interfaces/msg/mypal_gripper_status.hpp
[33.289s] -- Symlinking: /home/tyler/Documents/Github/280-M5_ROS/colcon_ws/install/mypalletizer_interfaces/include/mypalletizer_interfaces/mypalletizer_interfaces/msg/mypal_pump_status.hpp
[33.300s] -- Symlinking: /home/tyler/Documents/Github/280-M5_ROS/colcon_ws/install/mypalletizer_interfaces/include/mypalletizer_interfaces/mypalletizer_interfaces/msg/mypal_set_angles.hpp
[33.315s] -- Symlinking: /home/tyler/Documents/Github/280-M5_ROS/colcon_ws/install/mypalletizer_interfaces/include/mypalletizer_interfaces/mypalletizer_interfaces/msg/mypal_set_coords.hpp
[33.330s] -- Symlinking: /home/tyler/Documents/Github/280-M5_ROS/colcon_ws/install/mypalletizer_interfaces/include/mypalletizer_interfaces/mypalletizer_interfaces/srv/detail/get_angles__builder.hpp
[33.344s] -- Symlinking: /home/tyler/Documents/Github/280-M5_ROS/colcon_ws/install/mypalletizer_interfaces/include/mypalletizer_interfaces/mypalletizer_interfaces/srv/detail/get_angles__struct.hpp
[33.356s] -- Symlinking: /home/tyler/Documents/Github/280-M5_ROS/colcon_ws/install/mypalletizer_interfaces/include/mypalletizer_interfaces/mypalletizer_interfaces/srv/detail/get_angles__traits.hpp
[33.369s] -- Symlinking: /home/tyler/Documents/Github/280-M5_ROS/colcon_ws/install/mypalletizer_interfaces/include/mypalletizer_interfaces/mypalletizer_interfaces/srv/detail/get_coords__builder.hpp
[33.385s] -- Symlinking: /home/tyler/Documents/Github/280-M5_ROS/colcon_ws/install/mypalletizer_interfaces/include/mypalletizer_interfaces/mypalletizer_interfaces/srv/detail/get_coords__struct.hpp
[33.396s] -- Symlinking: /home/tyler/Documents/Github/280-M5_ROS/colcon_ws/install/mypalletizer_interfaces/include/mypalletizer_interfaces/mypalletizer_interfaces/srv/detail/get_coords__traits.hpp
[33.410s] -- Symlinking: /home/tyler/Documents/Github/280-M5_ROS/colcon_ws/install/mypalletizer_interfaces/include/mypalletizer_interfaces/mypalletizer_interfaces/srv/detail/gripper_status__builder.hpp
[33.423s] -- Symlinking: /home/tyler/Documents/Github/280-M5_ROS/colcon_ws/install/mypalletizer_interfaces/include/mypalletizer_interfaces/mypalletizer_interfaces/srv/detail/gripper_status__struct.hpp
[33.435s] -- Symlinking: /home/tyler/Documents/Github/280-M5_ROS/colcon_ws/install/mypalletizer_interfaces/include/mypalletizer_interfaces/mypalletizer_interfaces/srv/detail/gripper_status__traits.hpp
[33.451s] -- Symlinking: /home/tyler/Documents/Github/280-M5_ROS/colcon_ws/install/mypalletizer_interfaces/include/mypalletizer_interfaces/mypalletizer_interfaces/srv/detail/pump_status__builder.hpp
[33.463s] -- Symlinking: /home/tyler/Documents/Github/280-M5_ROS/colcon_ws/install/mypalletizer_interfaces/include/mypalletizer_interfaces/mypalletizer_interfaces/srv/detail/pump_status__struct.hpp
[33.476s] -- Symlinking: /home/tyler/Documents/Github/280-M5_ROS/colcon_ws/install/mypalletizer_interfaces/include/mypalletizer_interfaces/mypalletizer_interfaces/srv/detail/pump_status__traits.hpp
[33.488s] -- Symlinking: /home/tyler/Documents/Github/280-M5_ROS/colcon_ws/install/mypalletizer_interfaces/include/mypalletizer_interfaces/mypalletizer_interfaces/srv/detail/set_angles__builder.hpp
[33.499s] -- Symlinking: /home/tyler/Documents/Github/280-M5_ROS/colcon_ws/install/mypalletizer_interfaces/include/mypalletizer_interfaces/mypalletizer_interfaces/srv/detail/set_angles__struct.hpp
[33.512s] -- Symlinking: /home/tyler/Documents/Github/280-M5_ROS/colcon_ws/install/mypalletizer_interfaces/include/mypalletizer_interfaces/mypalletizer_interfaces/srv/detail/set_angles__traits.hpp
[33.525s] -- Symlinking: /home/tyler/Documents/Github/280-M5_ROS/colcon_ws/install/mypalletizer_interfaces/include/mypalletizer_interfaces/mypalletizer_interfaces/srv/detail/set_coords__builder.hpp
[33.538s] -- Symlinking: /home/tyler/Documents/Github/280-M5_ROS/colcon_ws/install/mypalletizer_interfaces/include/mypalletizer_interfaces/mypalletizer_interfaces/srv/detail/set_coords__struct.hpp
[33.549s] -- Symlinking: /home/tyler/Documents/Github/280-M5_ROS/colcon_ws/install/mypalletizer_interfaces/include/mypalletizer_interfaces/mypalletizer_interfaces/srv/detail/set_coords__traits.hpp
[33.563s] -- Symlinking: /home/tyler/Documents/Github/280-M5_ROS/colcon_ws/install/mypalletizer_interfaces/include/mypalletizer_interfaces/mypalletizer_interfaces/srv/get_angles.hpp
[33.577s] -- Symlinking: /home/tyler/Documents/Github/280-M5_ROS/colcon_ws/install/mypalletizer_interfaces/include/mypalletizer_interfaces/mypalletizer_interfaces/srv/get_coords.hpp
[33.589s] -- Symlinking: /home/tyler/Documents/Github/280-M5_ROS/colcon_ws/install/mypalletizer_interfaces/include/mypalletizer_interfaces/mypalletizer_interfaces/srv/gripper_status.hpp
[33.601s] -- Symlinking: /home/tyler/Documents/Github/280-M5_ROS/colcon_ws/install/mypalletizer_interfaces/include/mypalletizer_interfaces/mypalletizer_interfaces/srv/pump_status.hpp
[33.611s] -- Symlinking: /home/tyler/Documents/Github/280-M5_ROS/colcon_ws/install/mypalletizer_interfaces/include/mypalletizer_interfaces/mypalletizer_interfaces/srv/set_angles.hpp
[33.624s] -- Symlinking: /home/tyler/Documents/Github/280-M5_ROS/colcon_ws/install/mypalletizer_interfaces/include/mypalletizer_interfaces/mypalletizer_interfaces/srv/set_coords.hpp
[33.637s] -- Symlinking: /home/tyler/Documents/Github/280-M5_ROS/colcon_ws/install/mypalletizer_interfaces/include/mypalletizer_interfaces/mypalletizer_interfaces/msg/detail/mypal_angles__rosidl_typesupport_fastrtps_cpp.hpp
[33.646s] -- Symlinking: /home/tyler/Documents/Github/280-M5_ROS/colcon_ws/install/mypalletizer_interfaces/include/mypalletizer_interfaces/mypalletizer_interfaces/msg/detail/mypal_coords__rosidl_typesupport_fastrtps_cpp.hpp
[33.657s] -- Symlinking: /home/tyler/Documents/Github/280-M5_ROS/colcon_ws/install/mypalletizer_interfaces/include/mypalletizer_interfaces/mypalletizer_interfaces/msg/detail/mypal_gripper_status__rosidl_typesupport_fastrtps_cpp.hpp
[33.669s] -- Symlinking: /home/tyler/Documents/Github/280-M5_ROS/colcon_ws/install/mypalletizer_interfaces/include/mypalletizer_interfaces/mypalletizer_interfaces/msg/detail/mypal_pump_status__rosidl_typesupport_fastrtps_cpp.hpp
[33.681s] -- Symlinking: /home/tyler/Documents/Github/280-M5_ROS/colcon_ws/install/mypalletizer_interfaces/include/mypalletizer_interfaces/mypalletizer_interfaces/msg/detail/mypal_set_angles__rosidl_typesupport_fastrtps_cpp.hpp
[33.692s] -- Symlinking: /home/tyler/Documents/Github/280-M5_ROS/colcon_ws/install/mypalletizer_interfaces/include/mypalletizer_interfaces/mypalletizer_interfaces/msg/detail/mypal_set_coords__rosidl_typesupport_fastrtps_cpp.hpp
[33.703s] -- Symlinking: /home/tyler/Documents/Github/280-M5_ROS/colcon_ws/install/mypalletizer_interfaces/include/mypalletizer_interfaces/mypalletizer_interfaces/msg/rosidl_typesupport_fastrtps_cpp__visibility_control.h
[33.714s] -- Symlinking: /home/tyler/Documents/Github/280-M5_ROS/colcon_ws/install/mypalletizer_interfaces/include/mypalletizer_interfaces/mypalletizer_interfaces/srv/detail/get_angles__rosidl_typesupport_fastrtps_cpp.hpp
[33.725s] -- Symlinking: /home/tyler/Documents/Github/280-M5_ROS/colcon_ws/install/mypalletizer_interfaces/include/mypalletizer_interfaces/mypalletizer_interfaces/srv/detail/get_coords__rosidl_typesupport_fastrtps_cpp.hpp
[33.738s] -- Symlinking: /home/tyler/Documents/Github/280-M5_ROS/colcon_ws/install/mypalletizer_interfaces/include/mypalletizer_interfaces/mypalletizer_interfaces/srv/detail/gripper_status__rosidl_typesupport_fastrtps_cpp.hpp
[33.748s] -- Symlinking: /home/tyler/Documents/Github/280-M5_ROS/colcon_ws/install/mypalletizer_interfaces/include/mypalletizer_interfaces/mypalletizer_interfaces/srv/detail/pump_status__rosidl_typesupport_fastrtps_cpp.hpp
[33.763s] -- Symlinking: /home/tyler/Documents/Github/280-M5_ROS/colcon_ws/install/mypalletizer_interfaces/include/mypalletizer_interfaces/mypalletizer_interfaces/srv/detail/set_angles__rosidl_typesupport_fastrtps_cpp.hpp
[33.775s] -- Symlinking: /home/tyler/Documents/Github/280-M5_ROS/colcon_ws/install/mypalletizer_interfaces/include/mypalletizer_interfaces/mypalletizer_interfaces/srv/detail/set_coords__rosidl_typesupport_fastrtps_cpp.hpp
[33.787s] -- Symlinking: /home/tyler/Documents/Github/280-M5_ROS/colcon_ws/install/mypalletizer_interfaces/include/mypalletizer_interfaces/mypalletizer_interfaces/msg/detail/mypal_angles__rosidl_typesupport_introspection_cpp.hpp
[33.796s] -- Symlinking: /home/tyler/Documents/Github/280-M5_ROS/colcon_ws/install/mypalletizer_interfaces/include/mypalletizer_interfaces/mypalletizer_interfaces/msg/detail/mypal_coords__rosidl_typesupport_introspection_cpp.hpp
[33.805s] -- Symlinking: /home/tyler/Documents/Github/280-M5_ROS/colcon_ws/install/mypalletizer_interfaces/include/mypalletizer_interfaces/mypalletizer_interfaces/msg/detail/mypal_gripper_status__rosidl_typesupport_introspection_cpp.hpp
[33.815s] -- Symlinking: /home/tyler/Documents/Github/280-M5_ROS/colcon_ws/install/mypalletizer_interfaces/include/mypalletizer_interfaces/mypalletizer_interfaces/msg/detail/mypal_pump_status__rosidl_typesupport_introspection_cpp.hpp
[33.823s] -- Symlinking: /home/tyler/Documents/Github/280-M5_ROS/colcon_ws/install/mypalletizer_interfaces/include/mypalletizer_interfaces/mypalletizer_interfaces/msg/detail/mypal_set_angles__rosidl_typesupport_introspection_cpp.hpp
[33.832s] -- Symlinking: /home/tyler/Documents/Github/280-M5_ROS/colcon_ws/install/mypalletizer_interfaces/include/mypalletizer_interfaces/mypalletizer_interfaces/msg/detail/mypal_set_coords__rosidl_typesupport_introspection_cpp.hpp
[33.840s] -- Symlinking: /home/tyler/Documents/Github/280-M5_ROS/colcon_ws/install/mypalletizer_interfaces/include/mypalletizer_interfaces/mypalletizer_interfaces/srv/detail/get_angles__rosidl_typesupport_introspection_cpp.hpp
[33.850s] -- Symlinking: /home/tyler/Documents/Github/280-M5_ROS/colcon_ws/install/mypalletizer_interfaces/include/mypalletizer_interfaces/mypalletizer_interfaces/srv/detail/get_coords__rosidl_typesupport_introspection_cpp.hpp
[33.858s] -- Symlinking: /home/tyler/Documents/Github/280-M5_ROS/colcon_ws/install/mypalletizer_interfaces/include/mypalletizer_interfaces/mypalletizer_interfaces/srv/detail/gripper_status__rosidl_typesupport_introspection_cpp.hpp
[33.867s] -- Symlinking: /home/tyler/Documents/Github/280-M5_ROS/colcon_ws/install/mypalletizer_interfaces/include/mypalletizer_interfaces/mypalletizer_interfaces/srv/detail/pump_status__rosidl_typesupport_introspection_cpp.hpp
[33.876s] -- Symlinking: /home/tyler/Documents/Github/280-M5_ROS/colcon_ws/install/mypalletizer_interfaces/include/mypalletizer_interfaces/mypalletizer_interfaces/srv/detail/set_angles__rosidl_typesupport_introspection_cpp.hpp
[33.885s] -- Symlinking: /home/tyler/Documents/Github/280-M5_ROS/colcon_ws/install/mypalletizer_interfaces/include/mypalletizer_interfaces/mypalletizer_interfaces/srv/detail/set_coords__rosidl_typesupport_introspection_cpp.hpp
[33.894s] -- Symlinking: /home/tyler/Documents/Github/280-M5_ROS/colcon_ws/install/mypalletizer_interfaces/share/mypalletizer_interfaces/environment/pythonpath.sh
[33.902s] -- Symlinking: /home/tyler/Documents/Github/280-M5_ROS/colcon_ws/install/mypalletizer_interfaces/share/mypalletizer_interfaces/environment/pythonpath.dsv
[33.912s] -- Symlinking: /home/tyler/Documents/Github/280-M5_ROS/colcon_ws/install/mypalletizer_interfaces/local/lib/python3.10/dist-packages/mypalletizer_interfaces-0.0.0-py3.10.egg-info/PKG-INFO
[33.920s] -- Symlinking: /home/tyler/Documents/Github/280-M5_ROS/colcon_ws/install/mypalletizer_interfaces/local/lib/python3.10/dist-packages/mypalletizer_interfaces-0.0.0-py3.10.egg-info/SOURCES.txt
[33.929s] -- Symlinking: /home/tyler/Documents/Github/280-M5_ROS/colcon_ws/install/mypalletizer_interfaces/local/lib/python3.10/dist-packages/mypalletizer_interfaces-0.0.0-py3.10.egg-info/dependency_links.txt
[33.938s] -- Symlinking: /home/tyler/Documents/Github/280-M5_ROS/colcon_ws/install/mypalletizer_interfaces/local/lib/python3.10/dist-packages/mypalletizer_interfaces-0.0.0-py3.10.egg-info/top_level.txt
[33.948s] -- Symlinking: /home/tyler/Documents/Github/280-M5_ROS/colcon_ws/install/mypalletizer_interfaces/local/lib/python3.10/dist-packages/mypalletizer_interfaces/__init__.py
[33.956s] -- Symlinking: /home/tyler/Documents/Github/280-M5_ROS/colcon_ws/install/mypalletizer_interfaces/local/lib/python3.10/dist-packages/mypalletizer_interfaces/_mypalletizer_interfaces_s.ep.rosidl_typesupport_c.c
[33.964s] -- Symlinking: /home/tyler/Documents/Github/280-M5_ROS/colcon_ws/install/mypalletizer_interfaces/local/lib/python3.10/dist-packages/mypalletizer_interfaces/_mypalletizer_interfaces_s.ep.rosidl_typesupport_fastrtps_c.c
[33.973s] -- Symlinking: /home/tyler/Documents/Github/280-M5_ROS/colcon_ws/install/mypalletizer_interfaces/local/lib/python3.10/dist-packages/mypalletizer_interfaces/_mypalletizer_interfaces_s.ep.rosidl_typesupport_introspection_c.c
[33.981s] -- Symlinking: /home/tyler/Documents/Github/280-M5_ROS/colcon_ws/install/mypalletizer_interfaces/local/lib/python3.10/dist-packages/mypalletizer_interfaces/libmypalletizer_interfaces__rosidl_generator_py.so
[33.990s] -- Symlinking: /home/tyler/Documents/Github/280-M5_ROS/colcon_ws/install/mypalletizer_interfaces/local/lib/python3.10/dist-packages/mypalletizer_interfaces/msg/__init__.py
[33.999s] -- Symlinking: /home/tyler/Documents/Github/280-M5_ROS/colcon_ws/install/mypalletizer_interfaces/local/lib/python3.10/dist-packages/mypalletizer_interfaces/msg/_mypal_angles.py
[34.008s] -- Symlinking: /home/tyler/Documents/Github/280-M5_ROS/colcon_ws/install/mypalletizer_interfaces/local/lib/python3.10/dist-packages/mypalletizer_interfaces/msg/_mypal_angles_s.c
[34.017s] -- Symlinking: /home/tyler/Documents/Github/280-M5_ROS/colcon_ws/install/mypalletizer_interfaces/local/lib/python3.10/dist-packages/mypalletizer_interfaces/msg/_mypal_coords.py
[34.027s] -- Symlinking: /home/tyler/Documents/Github/280-M5_ROS/colcon_ws/install/mypalletizer_interfaces/local/lib/python3.10/dist-packages/mypalletizer_interfaces/msg/_mypal_coords_s.c
[34.040s] -- Symlinking: /home/tyler/Documents/Github/280-M5_ROS/colcon_ws/install/mypalletizer_interfaces/local/lib/python3.10/dist-packages/mypalletizer_interfaces/msg/_mypal_gripper_status.py
[34.054s] -- Symlinking: /home/tyler/Documents/Github/280-M5_ROS/colcon_ws/install/mypalletizer_interfaces/local/lib/python3.10/dist-packages/mypalletizer_interfaces/msg/_mypal_gripper_status_s.c
[34.064s] -- Symlinking: /home/tyler/Documents/Github/280-M5_ROS/colcon_ws/install/mypalletizer_interfaces/local/lib/python3.10/dist-packages/mypalletizer_interfaces/msg/_mypal_pump_status.py
[34.077s] -- Symlinking: /home/tyler/Documents/Github/280-M5_ROS/colcon_ws/install/mypalletizer_interfaces/local/lib/python3.10/dist-packages/mypalletizer_interfaces/msg/_mypal_pump_status_s.c
[34.089s] -- Symlinking: /home/tyler/Documents/Github/280-M5_ROS/colcon_ws/install/mypalletizer_interfaces/local/lib/python3.10/dist-packages/mypalletizer_interfaces/msg/_mypal_set_angles.py
[34.102s] -- Symlinking: /home/tyler/Documents/Github/280-M5_ROS/colcon_ws/install/mypalletizer_interfaces/local/lib/python3.10/dist-packages/mypalletizer_interfaces/msg/_mypal_set_angles_s.c
[34.112s] -- Symlinking: /home/tyler/Documents/Github/280-M5_ROS/colcon_ws/install/mypalletizer_interfaces/local/lib/python3.10/dist-packages/mypalletizer_interfaces/msg/_mypal_set_coords.py
[34.128s] -- Symlinking: /home/tyler/Documents/Github/280-M5_ROS/colcon_ws/install/mypalletizer_interfaces/local/lib/python3.10/dist-packages/mypalletizer_interfaces/msg/_mypal_set_coords_s.c
[34.144s] -- Symlinking: /home/tyler/Documents/Github/280-M5_ROS/colcon_ws/install/mypalletizer_interfaces/local/lib/python3.10/dist-packages/mypalletizer_interfaces/mypalletizer_interfaces_s__rosidl_typesupport_c.cpython-310-x86_64-linux-gnu.so
[34.156s] -- Symlinking: /home/tyler/Documents/Github/280-M5_ROS/colcon_ws/install/mypalletizer_interfaces/local/lib/python3.10/dist-packages/mypalletizer_interfaces/mypalletizer_interfaces_s__rosidl_typesupport_fastrtps_c.cpython-310-x86_64-linux-gnu.so
[34.168s] -- Symlinking: /home/tyler/Documents/Github/280-M5_ROS/colcon_ws/install/mypalletizer_interfaces/local/lib/python3.10/dist-packages/mypalletizer_interfaces/mypalletizer_interfaces_s__rosidl_typesupport_introspection_c.cpython-310-x86_64-linux-gnu.so
[34.180s] -- Symlinking: /home/tyler/Documents/Github/280-M5_ROS/colcon_ws/install/mypalletizer_interfaces/local/lib/python3.10/dist-packages/mypalletizer_interfaces/srv/__init__.py
[34.196s] -- Symlinking: /home/tyler/Documents/Github/280-M5_ROS/colcon_ws/install/mypalletizer_interfaces/local/lib/python3.10/dist-packages/mypalletizer_interfaces/srv/_get_angles.py
[34.210s] -- Symlinking: /home/tyler/Documents/Github/280-M5_ROS/colcon_ws/install/mypalletizer_interfaces/local/lib/python3.10/dist-packages/mypalletizer_interfaces/srv/_get_angles_s.c
[34.226s] -- Symlinking: /home/tyler/Documents/Github/280-M5_ROS/colcon_ws/install/mypalletizer_interfaces/local/lib/python3.10/dist-packages/mypalletizer_interfaces/srv/_get_coords.py
[34.240s] -- Symlinking: /home/tyler/Documents/Github/280-M5_ROS/colcon_ws/install/mypalletizer_interfaces/local/lib/python3.10/dist-packages/mypalletizer_interfaces/srv/_get_coords_s.c
[34.253s] -- Symlinking: /home/tyler/Documents/Github/280-M5_ROS/colcon_ws/install/mypalletizer_interfaces/local/lib/python3.10/dist-packages/mypalletizer_interfaces/srv/_gripper_status.py
[34.264s] -- Symlinking: /home/tyler/Documents/Github/280-M5_ROS/colcon_ws/install/mypalletizer_interfaces/local/lib/python3.10/dist-packages/mypalletizer_interfaces/srv/_gripper_status_s.c
[34.276s] -- Symlinking: /home/tyler/Documents/Github/280-M5_ROS/colcon_ws/install/mypalletizer_interfaces/local/lib/python3.10/dist-packages/mypalletizer_interfaces/srv/_pump_status.py
[34.290s] -- Symlinking: /home/tyler/Documents/Github/280-M5_ROS/colcon_ws/install/mypalletizer_interfaces/local/lib/python3.10/dist-packages/mypalletizer_interfaces/srv/_pump_status_s.c
[34.304s] -- Symlinking: /home/tyler/Documents/Github/280-M5_ROS/colcon_ws/install/mypalletizer_interfaces/local/lib/python3.10/dist-packages/mypalletizer_interfaces/srv/_set_angles.py
[34.316s] -- Symlinking: /home/tyler/Documents/Github/280-M5_ROS/colcon_ws/install/mypalletizer_interfaces/local/lib/python3.10/dist-packages/mypalletizer_interfaces/srv/_set_angles_s.c
[34.330s] -- Symlinking: /home/tyler/Documents/Github/280-M5_ROS/colcon_ws/install/mypalletizer_interfaces/local/lib/python3.10/dist-packages/mypalletizer_interfaces/srv/_set_coords.py
[34.342s] -- Symlinking: /home/tyler/Documents/Github/280-M5_ROS/colcon_ws/install/mypalletizer_interfaces/local/lib/python3.10/dist-packages/mypalletizer_interfaces/srv/_set_coords_s.c
[34.354s] -- Up-to-date symlink: /home/tyler/Documents/Github/280-M5_ROS/colcon_ws/install/mypalletizer_interfaces/local/lib/python3.10/dist-packages/mypalletizer_interfaces/mypalletizer_interfaces_s__rosidl_typesupport_fastrtps_c.cpython-310-x86_64-linux-gnu.so
[34.354s] -- Up-to-date symlink: /home/tyler/Documents/Github/280-M5_ROS/colcon_ws/install/mypalletizer_interfaces/local/lib/python3.10/dist-packages/mypalletizer_interfaces/mypalletizer_interfaces_s__rosidl_typesupport_introspection_c.cpython-310-x86_64-linux-gnu.so
[34.355s] -- Up-to-date symlink: /home/tyler/Documents/Github/280-M5_ROS/colcon_ws/install/mypalletizer_interfaces/local/lib/python3.10/dist-packages/mypalletizer_interfaces/mypalletizer_interfaces_s__rosidl_typesupport_c.cpython-310-x86_64-linux-gnu.so
[34.355s] -- Symlinking: /home/tyler/Documents/Github/280-M5_ROS/colcon_ws/install/mypalletizer_interfaces/share/mypalletizer_interfaces/msg/MypalAngles.idl
[34.365s] -- Symlinking: /home/tyler/Documents/Github/280-M5_ROS/colcon_ws/install/mypalletizer_interfaces/share/mypalletizer_interfaces/msg/MypalCoords.idl
[34.374s] -- Symlinking: /home/tyler/Documents/Github/280-M5_ROS/colcon_ws/install/mypalletizer_interfaces/share/mypalletizer_interfaces/msg/MypalSetAngles.idl
[34.383s] -- Symlinking: /home/tyler/Documents/Github/280-M5_ROS/colcon_ws/install/mypalletizer_interfaces/share/mypalletizer_interfaces/msg/MypalSetCoords.idl
[34.393s] -- Symlinking: /home/tyler/Documents/Github/280-M5_ROS/colcon_ws/install/mypalletizer_interfaces/share/mypalletizer_interfaces/msg/MypalGripperStatus.idl
[34.404s] -- Symlinking: /home/tyler/Documents/Github/280-M5_ROS/colcon_ws/install/mypalletizer_interfaces/share/mypalletizer_interfaces/msg/MypalPumpStatus.idl
[34.413s] -- Symlinking: /home/tyler/Documents/Github/280-M5_ROS/colcon_ws/install/mypalletizer_interfaces/share/mypalletizer_interfaces/srv/GetAngles.idl
[34.423s] -- Symlinking: /home/tyler/Documents/Github/280-M5_ROS/colcon_ws/install/mypalletizer_interfaces/share/mypalletizer_interfaces/srv/SetAngles.idl
[34.432s] -- Symlinking: /home/tyler/Documents/Github/280-M5_ROS/colcon_ws/install/mypalletizer_interfaces/share/mypalletizer_interfaces/srv/GetCoords.idl
[34.442s] -- Symlinking: /home/tyler/Documents/Github/280-M5_ROS/colcon_ws/install/mypalletizer_interfaces/share/mypalletizer_interfaces/srv/SetCoords.idl
[34.451s] -- Symlinking: /home/tyler/Documents/Github/280-M5_ROS/colcon_ws/install/mypalletizer_interfaces/share/mypalletizer_interfaces/srv/GripperStatus.idl
[34.460s] -- Symlinking: /home/tyler/Documents/Github/280-M5_ROS/colcon_ws/install/mypalletizer_interfaces/share/mypalletizer_interfaces/srv/PumpStatus.idl
[34.469s] -- Symlinking: /home/tyler/Documents/Github/280-M5_ROS/colcon_ws/install/mypalletizer_interfaces/share/mypalletizer_interfaces/msg/MypalAngles.msg
[34.478s] -- Symlinking: /home/tyler/Documents/Github/280-M5_ROS/colcon_ws/install/mypalletizer_interfaces/share/mypalletizer_interfaces/msg/MypalCoords.msg
[34.487s] -- Symlinking: /home/tyler/Documents/Github/280-M5_ROS/colcon_ws/install/mypalletizer_interfaces/share/mypalletizer_interfaces/msg/MypalSetAngles.msg
[34.496s] -- Symlinking: /home/tyler/Documents/Github/280-M5_ROS/colcon_ws/install/mypalletizer_interfaces/share/mypalletizer_interfaces/msg/MypalSetCoords.msg
[34.506s] -- Symlinking: /home/tyler/Documents/Github/280-M5_ROS/colcon_ws/install/mypalletizer_interfaces/share/mypalletizer_interfaces/msg/MypalGripperStatus.msg
[34.516s] -- Symlinking: /home/tyler/Documents/Github/280-M5_ROS/colcon_ws/install/mypalletizer_interfaces/share/mypalletizer_interfaces/msg/MypalPumpStatus.msg
[34.525s] -- Symlinking: /home/tyler/Documents/Github/280-M5_ROS/colcon_ws/install/mypalletizer_interfaces/share/mypalletizer_interfaces/srv/GetAngles.srv
[34.534s] -- Symlinking: /home/tyler/Documents/Github/280-M5_ROS/colcon_ws/install/mypalletizer_interfaces/share/mypalletizer_interfaces/srv/GetAngles_Request.msg
[34.543s] -- Symlinking: /home/tyler/Documents/Github/280-M5_ROS/colcon_ws/install/mypalletizer_interfaces/share/mypalletizer_interfaces/srv/GetAngles_Response.msg
[34.552s] -- Symlinking: /home/tyler/Documents/Github/280-M5_ROS/colcon_ws/install/mypalletizer_interfaces/share/mypalletizer_interfaces/srv/SetAngles.srv
[34.561s] -- Symlinking: /home/tyler/Documents/Github/280-M5_ROS/colcon_ws/install/mypalletizer_interfaces/share/mypalletizer_interfaces/srv/SetAngles_Request.msg
[34.570s] -- Symlinking: /home/tyler/Documents/Github/280-M5_ROS/colcon_ws/install/mypalletizer_interfaces/share/mypalletizer_interfaces/srv/SetAngles_Response.msg
[34.579s] -- Symlinking: /home/tyler/Documents/Github/280-M5_ROS/colcon_ws/install/mypalletizer_interfaces/share/mypalletizer_interfaces/srv/GetCoords.srv
[34.588s] -- Symlinking: /home/tyler/Documents/Github/280-M5_ROS/colcon_ws/install/mypalletizer_interfaces/share/mypalletizer_interfaces/srv/GetCoords_Request.msg
[34.597s] -- Symlinking: /home/tyler/Documents/Github/280-M5_ROS/colcon_ws/install/mypalletizer_interfaces/share/mypalletizer_interfaces/srv/GetCoords_Response.msg
[34.606s] -- Symlinking: /home/tyler/Documents/Github/280-M5_ROS/colcon_ws/install/mypalletizer_interfaces/share/mypalletizer_interfaces/srv/SetCoords.srv
[34.615s] -- Symlinking: /home/tyler/Documents/Github/280-M5_ROS/colcon_ws/install/mypalletizer_interfaces/share/mypalletizer_interfaces/srv/SetCoords_Request.msg
[34.624s] -- Symlinking: /home/tyler/Documents/Github/280-M5_ROS/colcon_ws/install/mypalletizer_interfaces/share/mypalletizer_interfaces/srv/SetCoords_Response.msg
[34.632s] -- Symlinking: /home/tyler/Documents/Github/280-M5_ROS/colcon_ws/install/mypalletizer_interfaces/share/mypalletizer_interfaces/srv/GripperStatus.srv
[34.641s] -- Symlinking: /home/tyler/Documents/Github/280-M5_ROS/colcon_ws/install/mypalletizer_interfaces/share/mypalletizer_interfaces/srv/GripperStatus_Request.msg
[34.653s] -- Symlinking: /home/tyler/Documents/Github/280-M5_ROS/colcon_ws/install/mypalletizer_interfaces/share/mypalletizer_interfaces/srv/GripperStatus_Response.msg
[34.659s] -- Symlinking: /home/tyler/Documents/Github/280-M5_ROS/colcon_ws/install/mypalletizer_interfaces/share/mypalletizer_interfaces/srv/PumpStatus.srv
[34.668s] -- Symlinking: /home/tyler/Documents/Github/280-M5_ROS/colcon_ws/install/mypalletizer_interfaces/share/mypalletizer_interfaces/srv/PumpStatus_Request.msg
[34.676s] -- Symlinking: /home/tyler/Documents/Github/280-M5_ROS/colcon_ws/install/mypalletizer_interfaces/share/mypalletizer_interfaces/srv/PumpStatus_Response.msg
[34.685s] -- Symlinking: /home/tyler/Documents/Github/280-M5_ROS/colcon_ws/install/mypalletizer_interfaces/share/ament_index/resource_index/package_run_dependencies/mypalletizer_interfaces
[34.693s] -- Symlinking: /home/tyler/Documents/Github/280-M5_ROS/colcon_ws/install/mypalletizer_interfaces/share/ament_index/resource_index/parent_prefix_path/mypalletizer_interfaces
[34.701s] -- Symlinking: /home/tyler/Documents/Github/280-M5_ROS/colcon_ws/install/mypalletizer_interfaces/share/mypalletizer_interfaces/environment/ament_prefix_path.sh
[34.710s] -- Symlinking: /home/tyler/Documents/Github/280-M5_ROS/colcon_ws/install/mypalletizer_interfaces/share/mypalletizer_interfaces/environment/ament_prefix_path.dsv
[34.718s] -- Symlinking: /home/tyler/Documents/Github/280-M5_ROS/colcon_ws/install/mypalletizer_interfaces/share/mypalletizer_interfaces/environment/path.sh
[34.727s] -- Symlinking: /home/tyler/Documents/Github/280-M5_ROS/colcon_ws/install/mypalletizer_interfaces/share/mypalletizer_interfaces/environment/path.dsv
[34.738s] -- Symlinking: /home/tyler/Documents/Github/280-M5_ROS/colcon_ws/install/mypalletizer_interfaces/share/mypalletizer_interfaces/local_setup.bash
[34.748s] -- Symlinking: /home/tyler/Documents/Github/280-M5_ROS/colcon_ws/install/mypalletizer_interfaces/share/mypalletizer_interfaces/local_setup.sh
[34.759s] -- Symlinking: /home/tyler/Documents/Github/280-M5_ROS/colcon_ws/install/mypalletizer_interfaces/share/mypalletizer_interfaces/local_setup.zsh
[34.771s] -- Symlinking: /home/tyler/Documents/Github/280-M5_ROS/colcon_ws/install/mypalletizer_interfaces/share/mypalletizer_interfaces/local_setup.dsv
[34.783s] -- Symlinking: /home/tyler/Documents/Github/280-M5_ROS/colcon_ws/install/mypalletizer_interfaces/share/mypalletizer_interfaces/package.dsv
[34.792s] -- Symlinking: /home/tyler/Documents/Github/280-M5_ROS/colcon_ws/install/mypalletizer_interfaces/share/ament_index/resource_index/packages/mypalletizer_interfaces
[34.805s] -- Symlinking: /home/tyler/Documents/Github/280-M5_ROS/colcon_ws/install/mypalletizer_interfaces/share/mypalletizer_interfaces/cmake/rosidl_cmake-extras.cmake
[34.817s] -- Symlinking: /home/tyler/Documents/Github/280-M5_ROS/colcon_ws/install/mypalletizer_interfaces/share/mypalletizer_interfaces/cmake/ament_cmake_export_dependencies-extras.cmake
[34.827s] -- Symlinking: /home/tyler/Documents/Github/280-M5_ROS/colcon_ws/install/mypalletizer_interfaces/share/mypalletizer_interfaces/cmake/ament_cmake_export_include_directories-extras.cmake
[34.839s] -- Symlinking: /home/tyler/Documents/Github/280-M5_ROS/colcon_ws/install/mypalletizer_interfaces/share/mypalletizer_interfaces/cmake/ament_cmake_export_libraries-extras.cmake
[34.851s] -- Symlinking: /home/tyler/Documents/Github/280-M5_ROS/colcon_ws/install/mypalletizer_interfaces/share/mypalletizer_interfaces/cmake/ament_cmake_export_targets-extras.cmake
[34.861s] -- Symlinking: /home/tyler/Documents/Github/280-M5_ROS/colcon_ws/install/mypalletizer_interfaces/share/mypalletizer_interfaces/cmake/rosidl_cmake_export_typesupport_targets-extras.cmake
[34.873s] -- Symlinking: /home/tyler/Documents/Github/280-M5_ROS/colcon_ws/install/mypalletizer_interfaces/share/mypalletizer_interfaces/cmake/rosidl_cmake_export_typesupport_libraries-extras.cmake
[34.886s] -- Symlinking: /home/tyler/Documents/Github/280-M5_ROS/colcon_ws/install/mypalletizer_interfaces/share/mypalletizer_interfaces/cmake/mypalletizer_interfacesConfig.cmake
[34.895s] -- Symlinking: /home/tyler/Documents/Github/280-M5_ROS/colcon_ws/install/mypalletizer_interfaces/share/mypalletizer_interfaces/cmake/mypalletizer_interfacesConfig-version.cmake
[34.907s] -- Symlinking: /home/tyler/Documents/Github/280-M5_ROS/colcon_ws/install/mypalletizer_interfaces/share/mypalletizer_interfaces/package.xml
[34.919s] -- Installing: /home/tyler/Documents/Github/280-M5_ROS/colcon_ws/install/mypalletizer_interfaces/lib/libmypalletizer_interfaces__rosidl_generator_c.so
[34.919s] -- Set runtime path of "/home/tyler/Documents/Github/280-M5_ROS/colcon_ws/install/mypalletizer_interfaces/lib/libmypalletizer_interfaces__rosidl_generator_c.so" to ""
[34.919s] -- Installing: /home/tyler/Documents/Github/280-M5_ROS/colcon_ws/install/mypalletizer_interfaces/lib/libmypalletizer_interfaces__rosidl_typesupport_fastrtps_c.so
[34.920s] -- Set runtime path of "/home/tyler/Documents/Github/280-M5_ROS/colcon_ws/install/mypalletizer_interfaces/lib/libmypalletizer_interfaces__rosidl_typesupport_fastrtps_c.so" to ""
[34.920s] -- Installing: /home/tyler/Documents/Github/280-M5_ROS/colcon_ws/install/mypalletizer_interfaces/lib/libmypalletizer_interfaces__rosidl_typesupport_introspection_c.so
[34.920s] -- Set runtime path of "/home/tyler/Documents/Github/280-M5_ROS/colcon_ws/install/mypalletizer_interfaces/lib/libmypalletizer_interfaces__rosidl_typesupport_introspection_c.so" to ""
[34.920s] -- Installing: /home/tyler/Documents/Github/280-M5_ROS/colcon_ws/install/mypalletizer_interfaces/lib/libmypalletizer_interfaces__rosidl_typesupport_c.so
[34.921s] -- Set runtime path of "/home/tyler/Documents/Github/280-M5_ROS/colcon_ws/install/mypalletizer_interfaces/lib/libmypalletizer_interfaces__rosidl_typesupport_c.so" to ""
[34.921s] -- Installing: /home/tyler/Documents/Github/280-M5_ROS/colcon_ws/install/mypalletizer_interfaces/lib/libmypalletizer_interfaces__rosidl_typesupport_fastrtps_cpp.so
[34.921s] -- Set runtime path of "/home/tyler/Documents/Github/280-M5_ROS/colcon_ws/install/mypalletizer_interfaces/lib/libmypalletizer_interfaces__rosidl_typesupport_fastrtps_cpp.so" to ""
[34.921s] -- Installing: /home/tyler/Documents/Github/280-M5_ROS/colcon_ws/install/mypalletizer_interfaces/lib/libmypalletizer_interfaces__rosidl_typesupport_introspection_cpp.so
[34.922s] -- Set runtime path of "/home/tyler/Documents/Github/280-M5_ROS/colcon_ws/install/mypalletizer_interfaces/lib/libmypalletizer_interfaces__rosidl_typesupport_introspection_cpp.so" to ""
[34.922s] -- Installing: /home/tyler/Documents/Github/280-M5_ROS/colcon_ws/install/mypalletizer_interfaces/lib/libmypalletizer_interfaces__rosidl_typesupport_cpp.so
[34.922s] -- Set runtime path of "/home/tyler/Documents/Github/280-M5_ROS/colcon_ws/install/mypalletizer_interfaces/lib/libmypalletizer_interfaces__rosidl_typesupport_cpp.so" to ""
[35.007s] Listing '/home/tyler/Documents/Github/280-M5_ROS/colcon_ws/install/mypalletizer_interfaces/local/lib/python3.10/dist-packages/mypalletizer_interfaces'...
[35.007s] Compiling '/home/tyler/Documents/Github/280-M5_ROS/colcon_ws/install/mypalletizer_interfaces/local/lib/python3.10/dist-packages/mypalletizer_interfaces/__init__.py'...
[35.007s] Listing '/home/tyler/Documents/Github/280-M5_ROS/colcon_ws/install/mypalletizer_interfaces/local/lib/python3.10/dist-packages/mypalletizer_interfaces/msg'...
[35.007s] Compiling '/home/tyler/Documents/Github/280-M5_ROS/colcon_ws/install/mypalletizer_interfaces/local/lib/python3.10/dist-packages/mypalletizer_interfaces/msg/__init__.py'...
[35.007s] Compiling '/home/tyler/Documents/Github/280-M5_ROS/colcon_ws/install/mypalletizer_interfaces/local/lib/python3.10/dist-packages/mypalletizer_interfaces/msg/_mypal_angles.py'...
[35.007s] Compiling '/home/tyler/Documents/Github/280-M5_ROS/colcon_ws/install/mypalletizer_interfaces/local/lib/python3.10/dist-packages/mypalletizer_interfaces/msg/_mypal_coords.py'...
[35.008s] Compiling '/home/tyler/Documents/Github/280-M5_ROS/colcon_ws/install/mypalletizer_interfaces/local/lib/python3.10/dist-packages/mypalletizer_interfaces/msg/_mypal_gripper_status.py'...
[35.008s] Compiling '/home/tyler/Documents/Github/280-M5_ROS/colcon_ws/install/mypalletizer_interfaces/local/lib/python3.10/dist-packages/mypalletizer_interfaces/msg/_mypal_pump_status.py'...
[35.008s] Compiling '/home/tyler/Documents/Github/280-M5_ROS/colcon_ws/install/mypalletizer_interfaces/local/lib/python3.10/dist-packages/mypalletizer_interfaces/msg/_mypal_set_angles.py'...
[35.008s] Compiling '/home/tyler/Documents/Github/280-M5_ROS/colcon_ws/install/mypalletizer_interfaces/local/lib/python3.10/dist-packages/mypalletizer_interfaces/msg/_mypal_set_coords.py'...
[35.008s] Listing '/home/tyler/Documents/Github/280-M5_ROS/colcon_ws/install/mypalletizer_interfaces/local/lib/python3.10/dist-packages/mypalletizer_interfaces/srv'...
[35.008s] Compiling '/home/tyler/Documents/Github/280-M5_ROS/colcon_ws/install/mypalletizer_interfaces/local/lib/python3.10/dist-packages/mypalletizer_interfaces/srv/__init__.py'...
[35.008s] Compiling '/home/tyler/Documents/Github/280-M5_ROS/colcon_ws/install/mypalletizer_interfaces/local/lib/python3.10/dist-packages/mypalletizer_interfaces/srv/_get_angles.py'...
[35.008s] Compiling '/home/tyler/Documents/Github/280-M5_ROS/colcon_ws/install/mypalletizer_interfaces/local/lib/python3.10/dist-packages/mypalletizer_interfaces/srv/_get_coords.py'...
[35.008s] Compiling '/home/tyler/Documents/Github/280-M5_ROS/colcon_ws/install/mypalletizer_interfaces/local/lib/python3.10/dist-packages/mypalletizer_interfaces/srv/_gripper_status.py'...
[35.008s] Compiling '/home/tyler/Documents/Github/280-M5_ROS/colcon_ws/install/mypalletizer_interfaces/local/lib/python3.10/dist-packages/mypalletizer_interfaces/srv/_pump_status.py'...
[35.008s] Compiling '/home/tyler/Documents/Github/280-M5_ROS/colcon_ws/install/mypalletizer_interfaces/local/lib/python3.10/dist-packages/mypalletizer_interfaces/srv/_set_angles.py'...
[35.008s] Compiling '/home/tyler/Documents/Github/280-M5_ROS/colcon_ws/install/mypalletizer_interfaces/local/lib/python3.10/dist-packages/mypalletizer_interfaces/srv/_set_coords.py'...
[35.018s] -- Installing: /home/tyler/Documents/Github/280-M5_ROS/colcon_ws/install/mypalletizer_interfaces/lib/libmypalletizer_interfaces__rosidl_generator_py.so
[35.018s] -- Set runtime path of "/home/tyler/Documents/Github/280-M5_ROS/colcon_ws/install/mypalletizer_interfaces/lib/libmypalletizer_interfaces__rosidl_generator_py.so" to ""
[35.019s] -- Installing: /home/tyler/Documents/Github/280-M5_ROS/colcon_ws/install/mypalletizer_interfaces/share/mypalletizer_interfaces/cmake/export_mypalletizer_interfaces__rosidl_generator_cExport.cmake
[35.019s] -- Installing: /home/tyler/Documents/Github/280-M5_ROS/colcon_ws/install/mypalletizer_interfaces/share/mypalletizer_interfaces/cmake/export_mypalletizer_interfaces__rosidl_generator_cExport-noconfig.cmake
[35.019s] -- Installing: /home/tyler/Documents/Github/280-M5_ROS/colcon_ws/install/mypalletizer_interfaces/share/mypalletizer_interfaces/cmake/export_mypalletizer_interfaces__rosidl_typesupport_fastrtps_cExport.cmake
[35.019s] -- Installing: /home/tyler/Documents/Github/280-M5_ROS/colcon_ws/install/mypalletizer_interfaces/share/mypalletizer_interfaces/cmake/export_mypalletizer_interfaces__rosidl_typesupport_fastrtps_cExport-noconfig.cmake
[35.020s] -- Installing: /home/tyler/Documents/Github/280-M5_ROS/colcon_ws/install/mypalletizer_interfaces/share/mypalletizer_interfaces/cmake/mypalletizer_interfaces__rosidl_typesupport_introspection_cExport.cmake
[35.021s] -- Installing: /home/tyler/Documents/Github/280-M5_ROS/colcon_ws/install/mypalletizer_interfaces/share/mypalletizer_interfaces/cmake/mypalletizer_interfaces__rosidl_typesupport_introspection_cExport-noconfig.cmake
[35.021s] -- Installing: /home/tyler/Documents/Github/280-M5_ROS/colcon_ws/install/mypalletizer_interfaces/share/mypalletizer_interfaces/cmake/mypalletizer_interfaces__rosidl_typesupport_cExport.cmake
[35.021s] -- Installing: /home/tyler/Documents/Github/280-M5_ROS/colcon_ws/install/mypalletizer_interfaces/share/mypalletizer_interfaces/cmake/mypalletizer_interfaces__rosidl_typesupport_cExport-noconfig.cmake
[35.022s] -- Installing: /home/tyler/Documents/Github/280-M5_ROS/colcon_ws/install/mypalletizer_interfaces/share/mypalletizer_interfaces/cmake/export_mypalletizer_interfaces__rosidl_generator_cppExport.cmake
[35.022s] -- Installing: /home/tyler/Documents/Github/280-M5_ROS/colcon_ws/install/mypalletizer_interfaces/share/mypalletizer_interfaces/cmake/export_mypalletizer_interfaces__rosidl_typesupport_fastrtps_cppExport.cmake
[35.022s] -- Installing: /home/tyler/Documents/Github/280-M5_ROS/colcon_ws/install/mypalletizer_interfaces/share/mypalletizer_interfaces/cmake/export_mypalletizer_interfaces__rosidl_typesupport_fastrtps_cppExport-noconfig.cmake
[35.022s] -- Installing: /home/tyler/Documents/Github/280-M5_ROS/colcon_ws/install/mypalletizer_interfaces/share/mypalletizer_interfaces/cmake/mypalletizer_interfaces__rosidl_typesupport_introspection_cppExport.cmake
[35.023s] -- Installing: /home/tyler/Documents/Github/280-M5_ROS/colcon_ws/install/mypalletizer_interfaces/share/mypalletizer_interfaces/cmake/mypalletizer_interfaces__rosidl_typesupport_introspection_cppExport-noconfig.cmake
[35.023s] -- Installing: /home/tyler/Documents/Github/280-M5_ROS/colcon_ws/install/mypalletizer_interfaces/share/mypalletizer_interfaces/cmake/mypalletizer_interfaces__rosidl_typesupport_cppExport.cmake
[35.023s] -- Installing: /home/tyler/Documents/Github/280-M5_ROS/colcon_ws/install/mypalletizer_interfaces/share/mypalletizer_interfaces/cmake/mypalletizer_interfaces__rosidl_typesupport_cppExport-noconfig.cmake
[35.024s] -- Installing: /home/tyler/Documents/Github/280-M5_ROS/colcon_ws/install/mypalletizer_interfaces/share/mypalletizer_interfaces/cmake/export_mypalletizer_interfaces__rosidl_generator_pyExport.cmake
[35.024s] -- Installing: /home/tyler/Documents/Github/280-M5_ROS/colcon_ws/install/mypalletizer_interfaces/share/mypalletizer_interfaces/cmake/export_mypalletizer_interfaces__rosidl_generator_pyExport-noconfig.cmake
[35.032s] Invoked command in '/home/tyler/Documents/Github/280-M5_ROS/colcon_ws/build/mypalletizer_interfaces' returned '0': CMAKE_PREFIX_PATH=${CMAKE_PREFIX_PATH}:/opt/ros/humble /usr/bin/cmake --install /home/tyler/Documents/Github/280-M5_ROS/colcon_ws/build/mypalletizer_interfaces
