[0.016s] Invoking command in '/home/tyler/Documents/Github/280-M5_ROS/ros2_ws/build/turtlesim': CMAKE_PREFIX_PATH=${CMAKE_PREFIX_PATH}:/home/tyler/Documents/Github/280-M5_ROS/colcon_ws/install/ultraarm:/home/tyler/Documents/Github/280-M5_ROS/colcon_ws/install/mypalletizer_260_pi:/home/tyler/Documents/Github/280-M5_ROS/colcon_ws/install/mypalletizer_260:/home/tyler/Documents/Github/280-M5_ROS/colcon_ws/install/mypalletizer_communication:/home/tyler/Documents/Github/280-M5_ROS/colcon_ws/install/mycobot_320pi:/home/tyler/Documents/Github/280-M5_ROS/colcon_ws/install/mycobot_320:/home/tyler/Documents/Github/280-M5_ROS/colcon_ws/install/mycobot_280pi:/home/tyler/Documents/Github/280-M5_ROS/colcon_ws/install/mycobot_280jn:/home/tyler/Documents/Github/280-M5_ROS/colcon_ws/install/mycobot_280:/home/tyler/Documents/Github/280-M5_ROS/colcon_ws/install/mycobot_communication:/home/tyler/Documents/Github/280-M5_ROS/colcon_ws/install/mecharm_pi:/home/tyler/Documents/Github/280-M5_ROS/colcon_ws/install/mecharm:/home/tyler/Documents/Github/280-M5_ROS/colcon_ws/install/mecharm_communication:/home/tyler/Documents/Github/280-M5_ROS/colcon_ws/install/mybuddy:/home/tyler/Documents/Github/280-M5_ROS/colcon_ws/install/mycobot_description:/opt/ros/humble /usr/bin/cmake /home/tyler/Documents/Github/280-M5_ROS/ros2_ws/src/ros_tutorials/turtlesim -DCMAKE_INSTALL_PREFIX=/home/tyler/Documents/Github/280-M5_ROS/ros2_ws/install/turtlesim
[0.026s] -- Found ament_cmake: 1.3.3 (/opt/ros/humble/share/ament_cmake/cmake)
[0.213s] -- Override CMake install command with custom implementation using symlinks instead of copying resources
[0.220s] -- Found ament_index_cpp: 1.4.0 (/opt/ros/humble/share/ament_index_cpp/cmake)
[0.220s] -- Found geometry_msgs: 4.2.3 (/opt/ros/humble/share/geometry_msgs/cmake)
[0.247s] -- Found rosidl_generator_c: 3.1.4 (/opt/ros/humble/share/rosidl_generator_c/cmake)
[0.250s] -- Found rosidl_adapter: 3.1.4 (/opt/ros/humble/share/rosidl_adapter/cmake)
[0.255s] -- Found rosidl_generator_cpp: 3.1.4 (/opt/ros/humble/share/rosidl_generator_cpp/cmake)
[0.269s] -- Using all available rosidl_typesupport_c: rosidl_typesupport_fastrtps_c;rosidl_typesupport_introspection_c
[0.286s] -- Using all available rosidl_typesupport_cpp: rosidl_typesupport_fastrtps_cpp;rosidl_typesupport_introspection_cpp
[0.409s] -- Found rclcpp: 16.0.3 (/opt/ros/humble/share/rclcpp/cmake)
[0.452s] -- Found rmw_implementation_cmake: 6.1.1 (/opt/ros/humble/share/rmw_implementation_cmake/cmake)
[0.453s] -- Found rmw_fastrtps_cpp: 6.2.2 (/opt/ros/humble/share/rmw_fastrtps_cpp/cmake)
[0.554s] -- Using RMW implementation 'rmw_fastrtps_cpp' as default
[0.674s] -- Found rclcpp_action: 16.0.3 (/opt/ros/humble/share/rclcpp_action/cmake)
[0.757s] -- Found rosidl_default_generators: 1.2.0 (/opt/ros/humble/share/rosidl_default_generators/cmake)
[0.764s] -- Found std_srvs: 4.2.3 (/opt/ros/humble/share/std_srvs/cmake)
[1.104s] -- Found ament_cmake_ros: 0.10.0 (/opt/ros/humble/share/ament_cmake_ros/cmake)
[1.460s] -- Using all available rosidl_typesupport_c: rosidl_typesupport_fastrtps_c;rosidl_typesupport_introspection_c
[1.602s] -- Using all available rosidl_typesupport_cpp: rosidl_typesupport_fastrtps_cpp;rosidl_typesupport_introspection_cpp
[1.631s] -- Found python_cmake_module: 0.10.0 (/opt/ros/humble/share/python_cmake_module/cmake)
[1.658s] -- Using PYTHON_EXECUTABLE: /usr/bin/python3
[1.658s] -- Using PYTHON_INCLUDE_DIRS: /usr/include/python3.10
[1.658s] -- Using PYTHON_LIBRARIES: /usr/lib/x86_64-linux-gnu/libpython3.10.so
[1.709s] -- Configuring done
[1.761s] -- Generating done
[1.764s] -- Build files have been written to: /home/tyler/Documents/Github/280-M5_ROS/ros2_ws/build/turtlesim
