[0.652s] Invoking command in '/home/tyler/colcon_ws/build/mycobot_280': AMENT_PREFIX_PATH=/home/tyler/colcon_ws/install/mycobot_communication:/home/tyler/colcon_ws/install/mycobot_description:/home/tyler/colcon_ws/install/mycobot_280:/home/tyler/colcon_ws/install/mycobot_interfaces:/opt/ros/humble PYTHONPATH=/home/tyler/colcon_ws/build/mycobot_280/prefix_override:/home/tyler/colcon_ws/install/mycobot_280/lib/python3.10/site-packages:/home/tyler/colcon_ws/install/mycobot_communication/lib/python3.10/site-packages:/home/tyler/colcon_ws/install/mycobot_description/lib/python3.10/site-packages:/home/tyler/colcon_ws/build/mycobot_280:/home/tyler/colcon_ws/install/mycobot_280/lib/python3.10/site-packages:/home/tyler/colcon_ws/build/mycobot_communication:/home/tyler/colcon_ws/install/mycobot_interfaces/local/lib/python3.10/dist-packages:/home/tyler/colcon_ws/build/mycobot_description:/opt/ros/humble/lib/python3.10/site-packages:/opt/ros/humble/local/lib/python3.10/dist-packages /usr/bin/python3 setup.py develop --uninstall --editable --build-directory /home/tyler/colcon_ws/build/mycobot_280/build
[0.928s] running develop
[1.124s] Invoked command in '/home/tyler/colcon_ws/build/mycobot_280' returned '0': AMENT_PREFIX_PATH=/home/tyler/colcon_ws/install/mycobot_communication:/home/tyler/colcon_ws/install/mycobot_description:/home/tyler/colcon_ws/install/mycobot_280:/home/tyler/colcon_ws/install/mycobot_interfaces:/opt/ros/humble PYTHONPATH=/home/tyler/colcon_ws/build/mycobot_280/prefix_override:/home/tyler/colcon_ws/install/mycobot_280/lib/python3.10/site-packages:/home/tyler/colcon_ws/install/mycobot_communication/lib/python3.10/site-packages:/home/tyler/colcon_ws/install/mycobot_description/lib/python3.10/site-packages:/home/tyler/colcon_ws/build/mycobot_280:/home/tyler/colcon_ws/install/mycobot_280/lib/python3.10/site-packages:/home/tyler/colcon_ws/build/mycobot_communication:/home/tyler/colcon_ws/install/mycobot_interfaces/local/lib/python3.10/dist-packages:/home/tyler/colcon_ws/build/mycobot_description:/opt/ros/humble/lib/python3.10/site-packages:/opt/ros/humble/local/lib/python3.10/dist-packages /usr/bin/python3 setup.py develop --uninstall --editable --build-directory /home/tyler/colcon_ws/build/mycobot_280/build
[1.125s] Invoking command in '/home/tyler/colcon_ws/src/mycobot_ros2/mycobot_280/mycobot_280': AMENT_PREFIX_PATH=/home/tyler/colcon_ws/install/mycobot_communication:/home/tyler/colcon_ws/install/mycobot_description:/home/tyler/colcon_ws/install/mycobot_280:/home/tyler/colcon_ws/install/mycobot_interfaces:/opt/ros/humble PYTHONPATH=/home/tyler/colcon_ws/build/mycobot_280/prefix_override:/home/tyler/colcon_ws/install/mycobot_280/lib/python3.10/site-packages:/home/tyler/colcon_ws/install/mycobot_communication/lib/python3.10/site-packages:/home/tyler/colcon_ws/install/mycobot_description/lib/python3.10/site-packages:/home/tyler/colcon_ws/build/mycobot_280:/home/tyler/colcon_ws/install/mycobot_280/lib/python3.10/site-packages:/home/tyler/colcon_ws/build/mycobot_communication:/home/tyler/colcon_ws/install/mycobot_interfaces/local/lib/python3.10/dist-packages:/home/tyler/colcon_ws/build/mycobot_description:/opt/ros/humble/lib/python3.10/site-packages:/opt/ros/humble/local/lib/python3.10/dist-packages /usr/bin/python3 setup.py egg_info --egg-base ../../../../build/mycobot_280 build --build-base /home/tyler/colcon_ws/build/mycobot_280/build install --record /home/tyler/colcon_ws/build/mycobot_280/install.log --single-version-externally-managed
[1.392s] running egg_info
[1.392s] writing ../../../../build/mycobot_280/mycobot_280.egg-info/PKG-INFO
[1.393s] writing dependency_links to ../../../../build/mycobot_280/mycobot_280.egg-info/dependency_links.txt
[1.393s] writing entry points to ../../../../build/mycobot_280/mycobot_280.egg-info/entry_points.txt
[1.393s] writing requirements to ../../../../build/mycobot_280/mycobot_280.egg-info/requires.txt
[1.393s] writing top-level names to ../../../../build/mycobot_280/mycobot_280.egg-info/top_level.txt
[1.395s] reading manifest file '../../../../build/mycobot_280/mycobot_280.egg-info/SOURCES.txt'
[1.395s] adding license file 'LICENSE'
[1.395s] writing manifest file '../../../../build/mycobot_280/mycobot_280.egg-info/SOURCES.txt'
[1.396s] running build
[1.396s] running build_py
[1.396s] running install
[1.396s] running install_lib
[1.397s] running install_data
[1.398s] running install_egg_info
[1.399s] removing '/home/tyler/colcon_ws/install/mycobot_280/lib/python3.10/site-packages/mycobot_280-0.0.0-py3.10.egg-info' (and everything under it)
[1.399s] Copying ../../../../build/mycobot_280/mycobot_280.egg-info to /home/tyler/colcon_ws/install/mycobot_280/lib/python3.10/site-packages/mycobot_280-0.0.0-py3.10.egg-info
[1.400s] running install_scripts
[1.417s] Installing camera_display script to /home/tyler/colcon_ws/install/mycobot_280/lib/mycobot_280
[1.417s] Installing detect_marker script to /home/tyler/colcon_ws/install/mycobot_280/lib/mycobot_280
[1.417s] Installing follow_display script to /home/tyler/colcon_ws/install/mycobot_280/lib/mycobot_280
[1.418s] Installing following_marker script to /home/tyler/colcon_ws/install/mycobot_280/lib/mycobot_280
[1.418s] Installing listen_real script to /home/tyler/colcon_ws/install/mycobot_280/lib/mycobot_280
[1.418s] Installing listen_real_of_topic script to /home/tyler/colcon_ws/install/mycobot_280/lib/mycobot_280
[1.418s] Installing opencv_camera script to /home/tyler/colcon_ws/install/mycobot_280/lib/mycobot_280
[1.418s] Installing simple_gui script to /home/tyler/colcon_ws/install/mycobot_280/lib/mycobot_280
[1.418s] Installing slider_control script to /home/tyler/colcon_ws/install/mycobot_280/lib/mycobot_280
[1.418s] Installing teleop_keyboard script to /home/tyler/colcon_ws/install/mycobot_280/lib/mycobot_280
[1.418s] writing list of installed files to '/home/tyler/colcon_ws/build/mycobot_280/install.log'
[1.448s] Invoked command in '/home/tyler/colcon_ws/src/mycobot_ros2/mycobot_280/mycobot_280' returned '0': AMENT_PREFIX_PATH=/home/tyler/colcon_ws/install/mycobot_communication:/home/tyler/colcon_ws/install/mycobot_description:/home/tyler/colcon_ws/install/mycobot_280:/home/tyler/colcon_ws/install/mycobot_interfaces:/opt/ros/humble PYTHONPATH=/home/tyler/colcon_ws/build/mycobot_280/prefix_override:/home/tyler/colcon_ws/install/mycobot_280/lib/python3.10/site-packages:/home/tyler/colcon_ws/install/mycobot_communication/lib/python3.10/site-packages:/home/tyler/colcon_ws/install/mycobot_description/lib/python3.10/site-packages:/home/tyler/colcon_ws/build/mycobot_280:/home/tyler/colcon_ws/install/mycobot_280/lib/python3.10/site-packages:/home/tyler/colcon_ws/build/mycobot_communication:/home/tyler/colcon_ws/install/mycobot_interfaces/local/lib/python3.10/dist-packages:/home/tyler/colcon_ws/build/mycobot_description:/opt/ros/humble/lib/python3.10/site-packages:/opt/ros/humble/local/lib/python3.10/dist-packages /usr/bin/python3 setup.py egg_info --egg-base ../../../../build/mycobot_280 build --build-base /home/tyler/colcon_ws/build/mycobot_280/build install --record /home/tyler/colcon_ws/build/mycobot_280/install.log --single-version-externally-managed
