running develop
running egg_info
writing ../../../build/mycobot_communication/mycobot_communication.egg-info/PKG-INFO
writing dependency_links to ../../../build/mycobot_communication/mycobot_communication.egg-info/dependency_links.txt
writing entry points to ../../../build/mycobot_communication/mycobot_communication.egg-info/entry_points.txt
writing requirements to ../../../build/mycobot_communication/mycobot_communication.egg-info/requires.txt
writing top-level names to ../../../build/mycobot_communication/mycobot_communication.egg-info/top_level.txt
reading manifest file '../../../build/mycobot_communication/mycobot_communication.egg-info/SOURCES.txt'
adding license file 'LICENSE'
writing manifest file '../../../build/mycobot_communication/mycobot_communication.egg-info/SOURCES.txt'
running build
running build_py
running install
running install_lib
running install_data
running install_egg_info
removing '/home/tyler/colcon_ws/install/mycobot_communication/lib/python3.10/site-packages/mycobot_communication-0.0.0-py3.10.egg-info' (and everything under it)
Copying ../../../build/mycobot_communication/mycobot_communication.egg-info to /home/tyler/colcon_ws/install/mycobot_communication/lib/python3.10/site-packages/mycobot_communication-0.0.0-py3.10.egg-info
running install_scripts
Installing mycobot_services script to /home/tyler/colcon_ws/install/mycobot_communication/lib/mycobot_communication
Installing mycobot_topics script to /home/tyler/colcon_ws/install/mycobot_communication/lib/mycobot_communication
Installing mycobot_topics_jsnn script to /home/tyler/colcon_ws/install/mycobot_communication/lib/mycobot_communication
Installing mycobot_topics_pi script to /home/tyler/colcon_ws/install/mycobot_communication/lib/mycobot_communication
Installing mycobot_topics_seeed script to /home/tyler/colcon_ws/install/mycobot_communication/lib/mycobot_communication
writing list of installed files to '/home/tyler/colcon_ws/build/mycobot_communication/install.log'
