[2.709s] Invoking command in '/home/tyler/Documents/Github/280-M5_ROS/colcon_ws/build/mycobot_280': AMENT_PREFIX_PATH=/home/tyler/Documents/Github/280-M5_ROS/colcon_ws/install/mycobot_communication:/home/tyler/Documents/Github/280-M5_ROS/colcon_ws/install/mycobot_interfaces:/home/tyler/Documents/Github/280-M5_ROS/colcon_ws/install/mycobot_description:${AMENT_PREFIX_PATH} CMAKE_PREFIX_PATH=/home/tyler/Documents/Github/280-M5_ROS/colcon_ws/install/mycobot_interfaces:${CMAKE_PREFIX_PATH} LD_LIBRARY_PATH=/home/tyler/Documents/Github/280-M5_ROS/colcon_ws/install/mycobot_interfaces/lib:${LD_LIBRARY_PATH} PYTHONPATH=/home/tyler/Documents/Github/280-M5_ROS/colcon_ws/build/mycobot_280/prefix_override:/home/tyler/Documents/Github/280-M5_ROS/colcon_ws/install/mycobot_280/lib/python3.10/site-packages:/home/tyler/Documents/Github/280-M5_ROS/colcon_ws/build/mycobot_communication:/home/tyler/Documents/Github/280-M5_ROS/colcon_ws/install/mycobot_communication/lib/python3.10/site-packages:/home/tyler/Documents/Github/280-M5_ROS/colcon_ws/install/mycobot_interfaces/local/lib/python3.10/dist-packages:/home/tyler/Documents/Github/280-M5_ROS/colcon_ws/build/mycobot_description:/home/tyler/Documents/Github/280-M5_ROS/colcon_ws/install/mycobot_description/lib/python3.10/site-packages:${PYTHONPATH} /usr/bin/python3 setup.py develop --editable --build-directory /home/tyler/Documents/Github/280-M5_ROS/colcon_ws/build/mycobot_280/build --no-deps install_data
[3.436s] /usr/lib/python3/dist-packages/setuptools/dist.py:723: UserWarning: Usage of dash-separated 'script-dir' will not be supported in future versions. Please use the underscore name 'script_dir' instead
[3.436s]   warnings.warn(
[3.535s] running develop
[3.536s] /usr/lib/python3/dist-packages/setuptools/command/easy_install.py:158: EasyInstallDeprecationWarning: easy_install command is deprecated. Use build and pip and other standards-based tools.
[3.536s]   warnings.warn(
[3.540s] /usr/lib/python3/dist-packages/setuptools/command/install.py:34: SetuptoolsDeprecationWarning: setup.py install is deprecated. Use build and pip and other standards-based tools.
[3.540s]   warnings.warn(
[3.750s] /usr/lib/python3/dist-packages/pkg_resources/__init__.py:116: PkgResourcesDeprecationWarning: 0.1.43ubuntu1 is an invalid version and will not be supported in a future release
[3.750s]   warnings.warn(
[3.750s] /usr/lib/python3/dist-packages/pkg_resources/__init__.py:116: PkgResourcesDeprecationWarning: 1.1build1 is an invalid version and will not be supported in a future release
[3.751s]   warnings.warn(
[4.100s] running egg_info
[4.100s] creating mycobot_280.egg-info
[4.100s] writing mycobot_280.egg-info/PKG-INFO
[4.101s] writing dependency_links to mycobot_280.egg-info/dependency_links.txt
[4.101s] writing entry points to mycobot_280.egg-info/entry_points.txt
[4.101s] writing requirements to mycobot_280.egg-info/requires.txt
[4.101s] writing top-level names to mycobot_280.egg-info/top_level.txt
[4.101s] writing manifest file 'mycobot_280.egg-info/SOURCES.txt'
[4.104s] reading manifest file 'mycobot_280.egg-info/SOURCES.txt'
[4.105s] writing manifest file 'mycobot_280.egg-info/SOURCES.txt'
[4.107s] running build_ext
[4.108s] Creating /home/tyler/Documents/Github/280-M5_ROS/colcon_ws/install/mycobot_280/lib/python3.10/site-packages/mycobot-280.egg-link (link to .)
[4.109s] Installing camera_display script to /home/tyler/Documents/Github/280-M5_ROS/colcon_ws/install/mycobot_280/lib/mycobot_280
[4.109s] Installing detect_marker script to /home/tyler/Documents/Github/280-M5_ROS/colcon_ws/install/mycobot_280/lib/mycobot_280
[4.110s] Installing follow_display script to /home/tyler/Documents/Github/280-M5_ROS/colcon_ws/install/mycobot_280/lib/mycobot_280
[4.110s] Installing following_marker script to /home/tyler/Documents/Github/280-M5_ROS/colcon_ws/install/mycobot_280/lib/mycobot_280
[4.110s] Installing listen_real script to /home/tyler/Documents/Github/280-M5_ROS/colcon_ws/install/mycobot_280/lib/mycobot_280
[4.110s] Installing listen_real_of_topic script to /home/tyler/Documents/Github/280-M5_ROS/colcon_ws/install/mycobot_280/lib/mycobot_280
[4.111s] Installing opencv_camera script to /home/tyler/Documents/Github/280-M5_ROS/colcon_ws/install/mycobot_280/lib/mycobot_280
[4.111s] Installing simple_gui script to /home/tyler/Documents/Github/280-M5_ROS/colcon_ws/install/mycobot_280/lib/mycobot_280
[4.111s] Installing slider_control script to /home/tyler/Documents/Github/280-M5_ROS/colcon_ws/install/mycobot_280/lib/mycobot_280
[4.111s] Installing teleop_keyboard script to /home/tyler/Documents/Github/280-M5_ROS/colcon_ws/install/mycobot_280/lib/mycobot_280
[4.111s] 
[4.111s] Installed /home/tyler/Documents/Github/280-M5_ROS/colcon_ws/build/mycobot_280
[4.113s] running install_data
[4.114s] creating /home/tyler/Documents/Github/280-M5_ROS/colcon_ws/install/mycobot_280/share/ament_index
[4.114s] creating /home/tyler/Documents/Github/280-M5_ROS/colcon_ws/install/mycobot_280/share/ament_index/resource_index
[4.114s] creating /home/tyler/Documents/Github/280-M5_ROS/colcon_ws/install/mycobot_280/share/ament_index/resource_index/packages
[4.114s] copying resource/mycobot_280 -> /home/tyler/Documents/Github/280-M5_ROS/colcon_ws/install/mycobot_280/share/ament_index/resource_index/packages
[4.114s] copying package.xml -> /home/tyler/Documents/Github/280-M5_ROS/colcon_ws/install/mycobot_280/share/mycobot_280
[4.114s] creating /home/tyler/Documents/Github/280-M5_ROS/colcon_ws/install/mycobot_280/share/mycobot_280/launch
[4.115s] copying launch/simple_gui.launch.py -> /home/tyler/Documents/Github/280-M5_ROS/colcon_ws/install/mycobot_280/share/mycobot_280/launch
[4.115s] copying launch/detect_marker.launch.py -> /home/tyler/Documents/Github/280-M5_ROS/colcon_ws/install/mycobot_280/share/mycobot_280/launch
[4.115s] copying launch/teleop_keyboard.launch.py -> /home/tyler/Documents/Github/280-M5_ROS/colcon_ws/install/mycobot_280/share/mycobot_280/launch
[4.115s] copying launch/test.launch.py -> /home/tyler/Documents/Github/280-M5_ROS/colcon_ws/install/mycobot_280/share/mycobot_280/launch
[4.115s] copying launch/mycobot_follow.launch.py -> /home/tyler/Documents/Github/280-M5_ROS/colcon_ws/install/mycobot_280/share/mycobot_280/launch
[4.115s] copying launch/detect_marker_with_topic.launch.py -> /home/tyler/Documents/Github/280-M5_ROS/colcon_ws/install/mycobot_280/share/mycobot_280/launch
[4.116s] copying launch/slider_control.launch.py -> /home/tyler/Documents/Github/280-M5_ROS/colcon_ws/install/mycobot_280/share/mycobot_280/launch
[4.116s] creating /home/tyler/Documents/Github/280-M5_ROS/colcon_ws/install/mycobot_280/share/mycobot_280/config
[4.116s] copying config/mycobot.rviz -> /home/tyler/Documents/Github/280-M5_ROS/colcon_ws/install/mycobot_280/share/mycobot_280/config
[4.116s] copying config/mycobot_with_marker.rviz -> /home/tyler/Documents/Github/280-M5_ROS/colcon_ws/install/mycobot_280/share/mycobot_280/config
[4.653s] Invoked command in '/home/tyler/Documents/Github/280-M5_ROS/colcon_ws/build/mycobot_280' returned '0': AMENT_PREFIX_PATH=/home/tyler/Documents/Github/280-M5_ROS/colcon_ws/install/mycobot_communication:/home/tyler/Documents/Github/280-M5_ROS/colcon_ws/install/mycobot_interfaces:/home/tyler/Documents/Github/280-M5_ROS/colcon_ws/install/mycobot_description:${AMENT_PREFIX_PATH} CMAKE_PREFIX_PATH=/home/tyler/Documents/Github/280-M5_ROS/colcon_ws/install/mycobot_interfaces:${CMAKE_PREFIX_PATH} LD_LIBRARY_PATH=/home/tyler/Documents/Github/280-M5_ROS/colcon_ws/install/mycobot_interfaces/lib:${LD_LIBRARY_PATH} PYTHONPATH=/home/tyler/Documents/Github/280-M5_ROS/colcon_ws/build/mycobot_280/prefix_override:/home/tyler/Documents/Github/280-M5_ROS/colcon_ws/install/mycobot_280/lib/python3.10/site-packages:/home/tyler/Documents/Github/280-M5_ROS/colcon_ws/build/mycobot_communication:/home/tyler/Documents/Github/280-M5_ROS/colcon_ws/install/mycobot_communication/lib/python3.10/site-packages:/home/tyler/Documents/Github/280-M5_ROS/colcon_ws/install/mycobot_interfaces/local/lib/python3.10/dist-packages:/home/tyler/Documents/Github/280-M5_ROS/colcon_ws/build/mycobot_description:/home/tyler/Documents/Github/280-M5_ROS/colcon_ws/install/mycobot_description/lib/python3.10/site-packages:${PYTHONPATH} /usr/bin/python3 setup.py develop --editable --build-directory /home/tyler/Documents/Github/280-M5_ROS/colcon_ws/build/mycobot_280/build --no-deps install_data
