[0.612s] Invoking command in '/home/tyler/colcon_ws/build/mycobot_280': AMENT_PREFIX_PATH=/home/tyler/colcon_ws/install/mycobot_communication:/home/tyler/colcon_ws/install/mycobot_description:/home/tyler/colcon_ws/install/ultraarm:/home/tyler/colcon_ws/install/mypalletizer_260_pi:/home/tyler/colcon_ws/install/mypalletizer_260:/home/tyler/colcon_ws/install/mypalletizer_communication:/home/tyler/colcon_ws/install/mypalletizer_interfaces:/home/tyler/colcon_ws/install/mycobot_320pi:/home/tyler/colcon_ws/install/mycobot_320:/home/tyler/colcon_ws/install/mycobot_280pi:/home/tyler/colcon_ws/install/mycobot_280jn:/home/tyler/colcon_ws/install/mycobot_280:/home/tyler/colcon_ws/install/mecharm_pi:/home/tyler/colcon_ws/install/mecharm:/home/tyler/colcon_ws/install/mecharm_communication:/home/tyler/colcon_ws/install/mycobot_interfaces:/home/tyler/colcon_ws/install/mybuddy:/home/tyler/colcon_ws/install/mecharm_interfaces:/opt/ros/humble CMAKE_PREFIX_PATH=/home/tyler/colcon_ws/install/mycobot_interfaces:/home/tyler/colcon_ws/install/mypalletizer_interfaces:/home/tyler/colcon_ws/install/mecharm_interfaces LD_LIBRARY_PATH=/home/tyler/colcon_ws/install/mycobot_interfaces/lib:/home/tyler/colcon_ws/install/mypalletizer_interfaces/lib:/home/tyler/colcon_ws/install/mecharm_interfaces/lib:/opt/ros/humble/opt/rviz_ogre_vendor/lib:/opt/ros/humble/lib/x86_64-linux-gnu:/opt/ros/humble/lib PYTHONPATH=/home/tyler/colcon_ws/build/mycobot_280/prefix_override:/home/tyler/colcon_ws/install/mycobot_280/lib/python3.10/site-packages:/home/tyler/colcon_ws/build/mycobot_communication:/home/tyler/colcon_ws/install/mycobot_communication/lib/python3.10/site-packages:/home/tyler/colcon_ws/build/mycobot_description:/home/tyler/colcon_ws/install/mycobot_description/lib/python3.10/site-packages:/home/tyler/colcon_ws/build/ultraarm:/home/tyler/colcon_ws/install/ultraarm/lib/python3.10/site-packages:/home/tyler/colcon_ws/build/mypalletizer_260_pi:/home/tyler/colcon_ws/install/mypalletizer_260_pi/lib/python3.10/site-packages:/home/tyler/colcon_ws/build/mypalletizer_260:/home/tyler/colcon_ws/install/mypalletizer_260/lib/python3.10/site-packages:/home/tyler/colcon_ws/build/mypalletizer_communication:/home/tyler/colcon_ws/install/mypalletizer_communication/lib/python3.10/site-packages:/home/tyler/colcon_ws/install/mypalletizer_interfaces/local/lib/python3.10/dist-packages:/home/tyler/colcon_ws/build/mycobot_320pi:/home/tyler/colcon_ws/install/mycobot_320pi/lib/python3.10/site-packages:/home/tyler/colcon_ws/build/mycobot_320:/home/tyler/colcon_ws/install/mycobot_320/lib/python3.10/site-packages:/home/tyler/colcon_ws/build/mycobot_280pi:/home/tyler/colcon_ws/install/mycobot_280pi/lib/python3.10/site-packages:/home/tyler/colcon_ws/build/mycobot_280jn:/home/tyler/colcon_ws/install/mycobot_280jn/lib/python3.10/site-packages:/home/tyler/colcon_ws/build/mycobot_280:/home/tyler/colcon_ws/install/mycobot_280/lib/python3.10/site-packages:/home/tyler/colcon_ws/build/mecharm_pi:/home/tyler/colcon_ws/install/mecharm_pi/lib/python3.10/site-packages:/home/tyler/colcon_ws/build/mecharm:/home/tyler/colcon_ws/install/mecharm/lib/python3.10/site-packages:/home/tyler/colcon_ws/build/mecharm_communication:/home/tyler/colcon_ws/install/mecharm_communication/lib/python3.10/site-packages:/home/tyler/colcon_ws/install/mycobot_interfaces/local/lib/python3.10/dist-packages:/home/tyler/colcon_ws/build/mybuddy:/home/tyler/colcon_ws/install/mybuddy/lib/python3.10/site-packages:/home/tyler/colcon_ws/install/mecharm_interfaces/local/lib/python3.10/dist-packages:/opt/ros/humble/lib/python3.10/site-packages:/opt/ros/humble/local/lib/python3.10/dist-packages /usr/bin/python3 setup.py develop --editable --build-directory /home/tyler/colcon_ws/build/mycobot_280/build --no-deps install_data
[0.839s] /usr/lib/python3/dist-packages/setuptools/dist.py:723: UserWarning: Usage of dash-separated 'script-dir' will not be supported in future versions. Please use the underscore name 'script_dir' instead
[0.839s]   warnings.warn(
[0.864s] running develop
[0.864s] /usr/lib/python3/dist-packages/setuptools/command/easy_install.py:158: EasyInstallDeprecationWarning: easy_install command is deprecated. Use build and pip and other standards-based tools.
[0.865s]   warnings.warn(
[0.866s] /usr/lib/python3/dist-packages/setuptools/command/install.py:34: SetuptoolsDeprecationWarning: setup.py install is deprecated. Use build and pip and other standards-based tools.
[0.866s]   warnings.warn(
[0.922s] /usr/lib/python3/dist-packages/pkg_resources/__init__.py:116: PkgResourcesDeprecationWarning: 0.1.43ubuntu1 is an invalid version and will not be supported in a future release
[0.922s]   warnings.warn(
[0.923s] /usr/lib/python3/dist-packages/pkg_resources/__init__.py:116: PkgResourcesDeprecationWarning: 1.1build1 is an invalid version and will not be supported in a future release
[0.923s]   warnings.warn(
[1.026s] running egg_info
[1.027s] creating mycobot_280.egg-info
[1.027s] writing mycobot_280.egg-info/PKG-INFO
[1.027s] writing dependency_links to mycobot_280.egg-info/dependency_links.txt
[1.027s] writing entry points to mycobot_280.egg-info/entry_points.txt
[1.027s] writing requirements to mycobot_280.egg-info/requires.txt
[1.027s] writing top-level names to mycobot_280.egg-info/top_level.txt
[1.028s] writing manifest file 'mycobot_280.egg-info/SOURCES.txt'
[1.030s] reading manifest file 'mycobot_280.egg-info/SOURCES.txt'
[1.031s] writing manifest file 'mycobot_280.egg-info/SOURCES.txt'
[1.033s] running build_ext
[1.033s] Creating /home/tyler/colcon_ws/install/mycobot_280/lib/python3.10/site-packages/mycobot-280.egg-link (link to .)
[1.034s] Installing camera_display script to /home/tyler/colcon_ws/install/mycobot_280/lib/mycobot_280
[1.034s] Installing detect_marker script to /home/tyler/colcon_ws/install/mycobot_280/lib/mycobot_280
[1.034s] Installing follow_display script to /home/tyler/colcon_ws/install/mycobot_280/lib/mycobot_280
[1.034s] Installing following_marker script to /home/tyler/colcon_ws/install/mycobot_280/lib/mycobot_280
[1.034s] Installing listen_real script to /home/tyler/colcon_ws/install/mycobot_280/lib/mycobot_280
[1.034s] Installing listen_real_of_topic script to /home/tyler/colcon_ws/install/mycobot_280/lib/mycobot_280
[1.034s] Installing opencv_camera script to /home/tyler/colcon_ws/install/mycobot_280/lib/mycobot_280
[1.034s] Installing simple_gui script to /home/tyler/colcon_ws/install/mycobot_280/lib/mycobot_280
[1.035s] Installing slider_control script to /home/tyler/colcon_ws/install/mycobot_280/lib/mycobot_280
[1.035s] Installing teleop_keyboard script to /home/tyler/colcon_ws/install/mycobot_280/lib/mycobot_280
[1.035s] 
[1.035s] Installed /home/tyler/colcon_ws/build/mycobot_280
[1.035s] running install_data
[1.035s] creating /home/tyler/colcon_ws/install/mycobot_280/share/ament_index
[1.035s] creating /home/tyler/colcon_ws/install/mycobot_280/share/ament_index/resource_index
[1.035s] creating /home/tyler/colcon_ws/install/mycobot_280/share/ament_index/resource_index/packages
[1.035s] copying resource/mycobot_280 -> /home/tyler/colcon_ws/install/mycobot_280/share/ament_index/resource_index/packages
[1.035s] copying package.xml -> /home/tyler/colcon_ws/install/mycobot_280/share/mycobot_280
[1.035s] creating /home/tyler/colcon_ws/install/mycobot_280/share/mycobot_280/launch
[1.035s] copying launch/simple_gui.launch.py -> /home/tyler/colcon_ws/install/mycobot_280/share/mycobot_280/launch
[1.035s] copying launch/detect_marker.launch.py -> /home/tyler/colcon_ws/install/mycobot_280/share/mycobot_280/launch
[1.035s] copying launch/teleop_keyboard.launch.py -> /home/tyler/colcon_ws/install/mycobot_280/share/mycobot_280/launch
[1.035s] copying launch/test.launch.py -> /home/tyler/colcon_ws/install/mycobot_280/share/mycobot_280/launch
[1.036s] copying launch/mycobot_follow.launch.py -> /home/tyler/colcon_ws/install/mycobot_280/share/mycobot_280/launch
[1.036s] copying launch/detect_marker_with_topic.launch.py -> /home/tyler/colcon_ws/install/mycobot_280/share/mycobot_280/launch
[1.036s] copying launch/slider_control.launch.py -> /home/tyler/colcon_ws/install/mycobot_280/share/mycobot_280/launch
[1.036s] creating /home/tyler/colcon_ws/install/mycobot_280/share/mycobot_280/config
[1.036s] copying config/mycobot.rviz -> /home/tyler/colcon_ws/install/mycobot_280/share/mycobot_280/config
[1.036s] copying config/mycobot_with_marker.rviz -> /home/tyler/colcon_ws/install/mycobot_280/share/mycobot_280/config
[1.064s] Invoked command in '/home/tyler/colcon_ws/build/mycobot_280' returned '0': AMENT_PREFIX_PATH=/home/tyler/colcon_ws/install/mycobot_communication:/home/tyler/colcon_ws/install/mycobot_description:/home/tyler/colcon_ws/install/ultraarm:/home/tyler/colcon_ws/install/mypalletizer_260_pi:/home/tyler/colcon_ws/install/mypalletizer_260:/home/tyler/colcon_ws/install/mypalletizer_communication:/home/tyler/colcon_ws/install/mypalletizer_interfaces:/home/tyler/colcon_ws/install/mycobot_320pi:/home/tyler/colcon_ws/install/mycobot_320:/home/tyler/colcon_ws/install/mycobot_280pi:/home/tyler/colcon_ws/install/mycobot_280jn:/home/tyler/colcon_ws/install/mycobot_280:/home/tyler/colcon_ws/install/mecharm_pi:/home/tyler/colcon_ws/install/mecharm:/home/tyler/colcon_ws/install/mecharm_communication:/home/tyler/colcon_ws/install/mycobot_interfaces:/home/tyler/colcon_ws/install/mybuddy:/home/tyler/colcon_ws/install/mecharm_interfaces:/opt/ros/humble CMAKE_PREFIX_PATH=/home/tyler/colcon_ws/install/mycobot_interfaces:/home/tyler/colcon_ws/install/mypalletizer_interfaces:/home/tyler/colcon_ws/install/mecharm_interfaces LD_LIBRARY_PATH=/home/tyler/colcon_ws/install/mycobot_interfaces/lib:/home/tyler/colcon_ws/install/mypalletizer_interfaces/lib:/home/tyler/colcon_ws/install/mecharm_interfaces/lib:/opt/ros/humble/opt/rviz_ogre_vendor/lib:/opt/ros/humble/lib/x86_64-linux-gnu:/opt/ros/humble/lib PYTHONPATH=/home/tyler/colcon_ws/build/mycobot_280/prefix_override:/home/tyler/colcon_ws/install/mycobot_280/lib/python3.10/site-packages:/home/tyler/colcon_ws/build/mycobot_communication:/home/tyler/colcon_ws/install/mycobot_communication/lib/python3.10/site-packages:/home/tyler/colcon_ws/build/mycobot_description:/home/tyler/colcon_ws/install/mycobot_description/lib/python3.10/site-packages:/home/tyler/colcon_ws/build/ultraarm:/home/tyler/colcon_ws/install/ultraarm/lib/python3.10/site-packages:/home/tyler/colcon_ws/build/mypalletizer_260_pi:/home/tyler/colcon_ws/install/mypalletizer_260_pi/lib/python3.10/site-packages:/home/tyler/colcon_ws/build/mypalletizer_260:/home/tyler/colcon_ws/install/mypalletizer_260/lib/python3.10/site-packages:/home/tyler/colcon_ws/build/mypalletizer_communication:/home/tyler/colcon_ws/install/mypalletizer_communication/lib/python3.10/site-packages:/home/tyler/colcon_ws/install/mypalletizer_interfaces/local/lib/python3.10/dist-packages:/home/tyler/colcon_ws/build/mycobot_320pi:/home/tyler/colcon_ws/install/mycobot_320pi/lib/python3.10/site-packages:/home/tyler/colcon_ws/build/mycobot_320:/home/tyler/colcon_ws/install/mycobot_320/lib/python3.10/site-packages:/home/tyler/colcon_ws/build/mycobot_280pi:/home/tyler/colcon_ws/install/mycobot_280pi/lib/python3.10/site-packages:/home/tyler/colcon_ws/build/mycobot_280jn:/home/tyler/colcon_ws/install/mycobot_280jn/lib/python3.10/site-packages:/home/tyler/colcon_ws/build/mycobot_280:/home/tyler/colcon_ws/install/mycobot_280/lib/python3.10/site-packages:/home/tyler/colcon_ws/build/mecharm_pi:/home/tyler/colcon_ws/install/mecharm_pi/lib/python3.10/site-packages:/home/tyler/colcon_ws/build/mecharm:/home/tyler/colcon_ws/install/mecharm/lib/python3.10/site-packages:/home/tyler/colcon_ws/build/mecharm_communication:/home/tyler/colcon_ws/install/mecharm_communication/lib/python3.10/site-packages:/home/tyler/colcon_ws/install/mycobot_interfaces/local/lib/python3.10/dist-packages:/home/tyler/colcon_ws/build/mybuddy:/home/tyler/colcon_ws/install/mybuddy/lib/python3.10/site-packages:/home/tyler/colcon_ws/install/mecharm_interfaces/local/lib/python3.10/dist-packages:/opt/ros/humble/lib/python3.10/site-packages:/opt/ros/humble/local/lib/python3.10/dist-packages /usr/bin/python3 setup.py develop --editable --build-directory /home/tyler/colcon_ws/build/mycobot_280/build --no-deps install_data
