[0.601s] Invoking command in '/home/tyler/colcon_ws/build/mycobot_communication': PYTHONPATH=/home/tyler/colcon_ws/build/mycobot_communication/prefix_override:/home/tyler/colcon_ws/install/mycobot_communication/lib/python3.10/site-packages:${PYTHONPATH} /usr/bin/python3 setup.py develop --editable --build-directory /home/tyler/colcon_ws/build/mycobot_communication/build --no-deps install_data
[0.830s] /usr/lib/python3/dist-packages/setuptools/dist.py:723: UserWarning: Usage of dash-separated 'script-dir' will not be supported in future versions. Please use the underscore name 'script_dir' instead
[0.830s]   warnings.warn(
[0.855s] running develop
[0.855s] /usr/lib/python3/dist-packages/setuptools/command/easy_install.py:158: EasyInstallDeprecationWarning: easy_install command is deprecated. Use build and pip and other standards-based tools.
[0.855s]   warnings.warn(
[0.856s] /usr/lib/python3/dist-packages/setuptools/command/install.py:34: SetuptoolsDeprecationWarning: setup.py install is deprecated. Use build and pip and other standards-based tools.
[0.856s]   warnings.warn(
[0.915s] /usr/lib/python3/dist-packages/pkg_resources/__init__.py:116: PkgResourcesDeprecationWarning: 0.1.43ubuntu1 is an invalid version and will not be supported in a future release
[0.915s]   warnings.warn(
[0.915s] /usr/lib/python3/dist-packages/pkg_resources/__init__.py:116: PkgResourcesDeprecationWarning: 1.1build1 is an invalid version and will not be supported in a future release
[0.915s]   warnings.warn(
[1.020s] running egg_info
[1.020s] writing mycobot_communication.egg-info/PKG-INFO
[1.020s] writing dependency_links to mycobot_communication.egg-info/dependency_links.txt
[1.020s] writing entry points to mycobot_communication.egg-info/entry_points.txt
[1.020s] writing requirements to mycobot_communication.egg-info/requires.txt
[1.020s] writing top-level names to mycobot_communication.egg-info/top_level.txt
[1.023s] reading manifest file 'mycobot_communication.egg-info/SOURCES.txt'
[1.024s] writing manifest file 'mycobot_communication.egg-info/SOURCES.txt'
[1.025s] running build_ext
[1.026s] Creating /home/tyler/colcon_ws/install/mycobot_communication/lib/python3.10/site-packages/mycobot-communication.egg-link (link to .)
[1.026s] Installing mycobot_services script to /home/tyler/colcon_ws/install/mycobot_communication/lib/mycobot_communication
[1.027s] Installing mycobot_topics script to /home/tyler/colcon_ws/install/mycobot_communication/lib/mycobot_communication
[1.027s] Installing mycobot_topics_jsnn script to /home/tyler/colcon_ws/install/mycobot_communication/lib/mycobot_communication
[1.027s] Installing mycobot_topics_pi script to /home/tyler/colcon_ws/install/mycobot_communication/lib/mycobot_communication
[1.027s] Installing mycobot_topics_seeed script to /home/tyler/colcon_ws/install/mycobot_communication/lib/mycobot_communication
[1.027s] 
[1.027s] Installed /home/tyler/colcon_ws/build/mycobot_communication
[1.027s] running install_data
[1.055s] Invoked command in '/home/tyler/colcon_ws/build/mycobot_communication' returned '0': PYTHONPATH=/home/tyler/colcon_ws/build/mycobot_communication/prefix_override:/home/tyler/colcon_ws/install/mycobot_communication/lib/python3.10/site-packages:${PYTHONPATH} /usr/bin/python3 setup.py develop --editable --build-directory /home/tyler/colcon_ws/build/mycobot_communication/build --no-deps install_data
