Symlinking /home/thulson/catkin_ws/devel/lib/python3/dist-packages/cobotx_a450_communication/__init__.py
Symlinking /home/thulson/catkin_ws/devel/lib/python3/dist-packages/cobotx_a450_communication/srv/_SetAngles.py
Symlinking /home/thulson/catkin_ws/devel/lib/python3/dist-packages/cobotx_a450_communication/srv/_GetCoords.py
Symlinking /home/thulson/catkin_ws/devel/lib/python3/dist-packages/cobotx_a450_communication/srv/_GripperStatus.py
Symlinking /home/thulson/catkin_ws/devel/lib/python3/dist-packages/cobotx_a450_communication/srv/_SetCoords.py
Symlinking /home/thulson/catkin_ws/devel/lib/python3/dist-packages/cobotx_a450_communication/srv/_PumpStatus.py
Symlinking /home/thulson/catkin_ws/devel/lib/python3/dist-packages/cobotx_a450_communication/srv/_GetAngles.py
Symlinking /home/thulson/catkin_ws/devel/lib/python3/dist-packages/cobotx_a450_communication/srv/__init__.py
Symlinking /home/thulson/catkin_ws/devel/lib/python3/dist-packages/cobotx_a450_communication/msg/_CobotXGripperStatus.py
Symlinking /home/thulson/catkin_ws/devel/lib/python3/dist-packages/cobotx_a450_communication/msg/_CobotXAngles.py
Symlinking /home/thulson/catkin_ws/devel/lib/python3/dist-packages/cobotx_a450_communication/msg/_CobotXSetCoords.py
Symlinking /home/thulson/catkin_ws/devel/lib/python3/dist-packages/cobotx_a450_communication/msg/_CobotXCoords.py
Symlinking /home/thulson/catkin_ws/devel/lib/python3/dist-packages/cobotx_a450_communication/msg/_CobotXPumpStatus.py
Symlinking /home/thulson/catkin_ws/devel/lib/python3/dist-packages/cobotx_a450_communication/msg/_CobotXSetAngles.py
Symlinking /home/thulson/catkin_ws/devel/lib/python3/dist-packages/cobotx_a450_communication/msg/__init__.py
Symlinking /home/thulson/catkin_ws/devel/lib/pkgconfig/cobotx_a450_communication.pc
Symlinking /home/thulson/catkin_ws/devel/lib/cobotx_a450_communication/cmake.lock
Symlinking /home/thulson/catkin_ws/devel/lib/cobotx_a450_communication/cobotx_services.py
Symlinking /home/thulson/catkin_ws/devel/lib/cobotx_a450_communication/cobotx_topics.py
Symlinking /home/thulson/catkin_ws/devel/include/cobotx_a450_communication/SetAnglesResponse.h
Symlinking /home/thulson/catkin_ws/devel/include/cobotx_a450_communication/GetCoordsResponse.h
Symlinking /home/thulson/catkin_ws/devel/include/cobotx_a450_communication/CobotXCoords.h
Symlinking /home/thulson/catkin_ws/devel/include/cobotx_a450_communication/CobotXGripperStatus.h
Symlinking /home/thulson/catkin_ws/devel/include/cobotx_a450_communication/PumpStatusRequest.h
Symlinking /home/thulson/catkin_ws/devel/include/cobotx_a450_communication/SetCoords.h
Symlinking /home/thulson/catkin_ws/devel/include/cobotx_a450_communication/GetAnglesRequest.h
Symlinking /home/thulson/catkin_ws/devel/include/cobotx_a450_communication/CobotXSetAngles.h
Symlinking /home/thulson/catkin_ws/devel/include/cobotx_a450_communication/GetCoords.h
Symlinking /home/thulson/catkin_ws/devel/include/cobotx_a450_communication/GripperStatus.h
Symlinking /home/thulson/catkin_ws/devel/include/cobotx_a450_communication/PumpStatus.h
Symlinking /home/thulson/catkin_ws/devel/include/cobotx_a450_communication/SetAnglesRequest.h
Symlinking /home/thulson/catkin_ws/devel/include/cobotx_a450_communication/CobotXPumpStatus.h
Symlinking /home/thulson/catkin_ws/devel/include/cobotx_a450_communication/GetAngles.h
Symlinking /home/thulson/catkin_ws/devel/include/cobotx_a450_communication/SetCoordsRequest.h
Symlinking /home/thulson/catkin_ws/devel/include/cobotx_a450_communication/CobotXAngles.h
Symlinking /home/thulson/catkin_ws/devel/include/cobotx_a450_communication/GripperStatusRequest.h
Symlinking /home/thulson/catkin_ws/devel/include/cobotx_a450_communication/CobotXSetCoords.h
Symlinking /home/thulson/catkin_ws/devel/include/cobotx_a450_communication/GetCoordsRequest.h
Symlinking /home/thulson/catkin_ws/devel/include/cobotx_a450_communication/SetCoordsResponse.h
Symlinking /home/thulson/catkin_ws/devel/include/cobotx_a450_communication/GetAnglesResponse.h
Symlinking /home/thulson/catkin_ws/devel/include/cobotx_a450_communication/PumpStatusResponse.h
Symlinking /home/thulson/catkin_ws/devel/include/cobotx_a450_communication/GripperStatusResponse.h
Symlinking /home/thulson/catkin_ws/devel/include/cobotx_a450_communication/SetAngles.h
Symlinking /home/thulson/catkin_ws/devel/share/cobotx_a450_communication/cmake/cobotx_a450_communication-msg-extras.cmake
Symlinking /home/thulson/catkin_ws/devel/share/cobotx_a450_communication/cmake/cobotx_a450_communicationConfig-version.cmake
Symlinking /home/thulson/catkin_ws/devel/share/cobotx_a450_communication/cmake/cobotx_a450_communicationConfig.cmake
Symlinking /home/thulson/catkin_ws/devel/share/cobotx_a450_communication/cmake/cobotx_a450_communication-msg-paths.cmake
Symlinking /home/thulson/catkin_ws/devel/share/common-lisp/ros/cobotx_a450_communication/srv/_package_PumpStatus.lisp
Symlinking /home/thulson/catkin_ws/devel/share/common-lisp/ros/cobotx_a450_communication/srv/_package_SetAngles.lisp
Symlinking /home/thulson/catkin_ws/devel/share/common-lisp/ros/cobotx_a450_communication/srv/SetAngles.lisp
Symlinking /home/thulson/catkin_ws/devel/share/common-lisp/ros/cobotx_a450_communication/srv/_package_GetAngles.lisp
Symlinking /home/thulson/catkin_ws/devel/share/common-lisp/ros/cobotx_a450_communication/srv/_package.lisp
Symlinking /home/thulson/catkin_ws/devel/share/common-lisp/ros/cobotx_a450_communication/srv/GripperStatus.lisp
Symlinking /home/thulson/catkin_ws/devel/share/common-lisp/ros/cobotx_a450_communication/srv/cobotx_a450_communication-srv.asd
Symlinking /home/thulson/catkin_ws/devel/share/common-lisp/ros/cobotx_a450_communication/srv/_package_SetCoords.lisp
Symlinking /home/thulson/catkin_ws/devel/share/common-lisp/ros/cobotx_a450_communication/srv/_package_GetCoords.lisp
Symlinking /home/thulson/catkin_ws/devel/share/common-lisp/ros/cobotx_a450_communication/srv/GetAngles.lisp
Symlinking /home/thulson/catkin_ws/devel/share/common-lisp/ros/cobotx_a450_communication/srv/SetCoords.lisp
Symlinking /home/thulson/catkin_ws/devel/share/common-lisp/ros/cobotx_a450_communication/srv/_package_GripperStatus.lisp
Symlinking /home/thulson/catkin_ws/devel/share/common-lisp/ros/cobotx_a450_communication/srv/GetCoords.lisp
Symlinking /home/thulson/catkin_ws/devel/share/common-lisp/ros/cobotx_a450_communication/srv/PumpStatus.lisp
Symlinking /home/thulson/catkin_ws/devel/share/common-lisp/ros/cobotx_a450_communication/msg/CobotXAngles.lisp
Symlinking /home/thulson/catkin_ws/devel/share/common-lisp/ros/cobotx_a450_communication/msg/CobotXCoords.lisp
Symlinking /home/thulson/catkin_ws/devel/share/common-lisp/ros/cobotx_a450_communication/msg/_package.lisp
Symlinking /home/thulson/catkin_ws/devel/share/common-lisp/ros/cobotx_a450_communication/msg/_package_CobotXSetCoords.lisp
Symlinking /home/thulson/catkin_ws/devel/share/common-lisp/ros/cobotx_a450_communication/msg/_package_CobotXSetAngles.lisp
Symlinking /home/thulson/catkin_ws/devel/share/common-lisp/ros/cobotx_a450_communication/msg/_package_CobotXCoords.lisp
Symlinking /home/thulson/catkin_ws/devel/share/common-lisp/ros/cobotx_a450_communication/msg/_package_CobotXGripperStatus.lisp
Symlinking /home/thulson/catkin_ws/devel/share/common-lisp/ros/cobotx_a450_communication/msg/CobotXPumpStatus.lisp
Symlinking /home/thulson/catkin_ws/devel/share/common-lisp/ros/cobotx_a450_communication/msg/_package_CobotXAngles.lisp
Symlinking /home/thulson/catkin_ws/devel/share/common-lisp/ros/cobotx_a450_communication/msg/_package_CobotXPumpStatus.lisp
Symlinking /home/thulson/catkin_ws/devel/share/common-lisp/ros/cobotx_a450_communication/msg/CobotXGripperStatus.lisp
Symlinking /home/thulson/catkin_ws/devel/share/common-lisp/ros/cobotx_a450_communication/msg/cobotx_a450_communication-msg.asd
Symlinking /home/thulson/catkin_ws/devel/share/common-lisp/ros/cobotx_a450_communication/msg/CobotXSetAngles.lisp
Symlinking /home/thulson/catkin_ws/devel/share/common-lisp/ros/cobotx_a450_communication/msg/CobotXSetCoords.lisp
Symlinking /home/thulson/catkin_ws/devel/share/roseus/ros/cobotx_a450_communication/manifest.l
Symlinking /home/thulson/catkin_ws/devel/share/roseus/ros/cobotx_a450_communication/srv/GetAngles.l
Symlinking /home/thulson/catkin_ws/devel/share/roseus/ros/cobotx_a450_communication/srv/GetCoords.l
Symlinking /home/thulson/catkin_ws/devel/share/roseus/ros/cobotx_a450_communication/srv/GripperStatus.l
Symlinking /home/thulson/catkin_ws/devel/share/roseus/ros/cobotx_a450_communication/srv/SetAngles.l
Symlinking /home/thulson/catkin_ws/devel/share/roseus/ros/cobotx_a450_communication/srv/SetCoords.l
Symlinking /home/thulson/catkin_ws/devel/share/roseus/ros/cobotx_a450_communication/srv/PumpStatus.l
Symlinking /home/thulson/catkin_ws/devel/share/roseus/ros/cobotx_a450_communication/msg/CobotXSetCoords.l
Symlinking /home/thulson/catkin_ws/devel/share/roseus/ros/cobotx_a450_communication/msg/CobotXCoords.l
Symlinking /home/thulson/catkin_ws/devel/share/roseus/ros/cobotx_a450_communication/msg/CobotXSetAngles.l
Symlinking /home/thulson/catkin_ws/devel/share/roseus/ros/cobotx_a450_communication/msg/CobotXPumpStatus.l
Symlinking /home/thulson/catkin_ws/devel/share/roseus/ros/cobotx_a450_communication/msg/CobotXGripperStatus.l
Symlinking /home/thulson/catkin_ws/devel/share/roseus/ros/cobotx_a450_communication/msg/CobotXAngles.l
Symlinking /home/thulson/catkin_ws/devel/share/gennodejs/ros/cobotx_a450_communication/_index.js
Symlinking /home/thulson/catkin_ws/devel/share/gennodejs/ros/cobotx_a450_communication/srv/GetAngles.js
Symlinking /home/thulson/catkin_ws/devel/share/gennodejs/ros/cobotx_a450_communication/srv/_index.js
Symlinking /home/thulson/catkin_ws/devel/share/gennodejs/ros/cobotx_a450_communication/srv/SetAngles.js
Symlinking /home/thulson/catkin_ws/devel/share/gennodejs/ros/cobotx_a450_communication/srv/GetCoords.js
Symlinking /home/thulson/catkin_ws/devel/share/gennodejs/ros/cobotx_a450_communication/srv/SetCoords.js
Symlinking /home/thulson/catkin_ws/devel/share/gennodejs/ros/cobotx_a450_communication/srv/PumpStatus.js
Symlinking /home/thulson/catkin_ws/devel/share/gennodejs/ros/cobotx_a450_communication/srv/GripperStatus.js
Symlinking /home/thulson/catkin_ws/devel/share/gennodejs/ros/cobotx_a450_communication/msg/CobotXCoords.js
Symlinking /home/thulson/catkin_ws/devel/share/gennodejs/ros/cobotx_a450_communication/msg/_index.js
Symlinking /home/thulson/catkin_ws/devel/share/gennodejs/ros/cobotx_a450_communication/msg/CobotXSetCoords.js
Symlinking /home/thulson/catkin_ws/devel/share/gennodejs/ros/cobotx_a450_communication/msg/CobotXSetAngles.js
Symlinking /home/thulson/catkin_ws/devel/share/gennodejs/ros/cobotx_a450_communication/msg/CobotXGripperStatus.js
Symlinking /home/thulson/catkin_ws/devel/share/gennodejs/ros/cobotx_a450_communication/msg/CobotXAngles.js
Symlinking /home/thulson/catkin_ws/devel/share/gennodejs/ros/cobotx_a450_communication/msg/CobotXPumpStatus.js
