/home/tyler/colcon_ws/install/mycobot_description/lib/python3.10/site-packages/mycobot_description/__init__.py
/home/tyler/colcon_ws/install/mycobot_description/lib/python3.10/site-packages/mycobot_description/__pycache__/__init__.cpython-310.pyc
/home/tyler/colcon_ws/install/mycobot_description/share/ament_index/resource_index/packages/mycobot_description
/home/tyler/colcon_ws/install/mycobot_description/share/mycobot_description/package.xml
/home/tyler/colcon_ws/install/mycobot_description/share/mycobot_description/urdf/260_pi/link3.dae
/home/tyler/colcon_ws/install/mycobot_description/share/mycobot_description/urdf/260_pi/suit_env.dae
/home/tyler/colcon_ws/install/mycobot_description/share/mycobot_description/urdf/260_pi/link5.dae
/home/tyler/colcon_ws/install/mycobot_description/share/mycobot_description/urdf/260_pi/link1.dae
/home/tyler/colcon_ws/install/mycobot_description/share/mycobot_description/urdf/260_pi/base.dae
/home/tyler/colcon_ws/install/mycobot_description/share/mycobot_description/urdf/260_pi/mypal_260_pi.urdf
/home/tyler/colcon_ws/install/mycobot_description/share/mycobot_description/urdf/260_pi/link4.dae
/home/tyler/colcon_ws/install/mycobot_description/share/mycobot_description/urdf/260_pi/link2.dae
/home/tyler/colcon_ws/install/mycobot_description/share/mycobot_description/urdf/260_pi/mypal_260_pi_aikit.urdf
/home/tyler/colcon_ws/install/mycobot_description/share/mycobot_description/urdf/280jn/joint7.png
/home/tyler/colcon_ws/install/mycobot_description/share/mycobot_description/urdf/280jn/joint1_jet.dae
/home/tyler/colcon_ws/install/mycobot_description/share/mycobot_description/urdf/280jn/joint6.png
/home/tyler/colcon_ws/install/mycobot_description/share/mycobot_description/urdf/280jn/joint6.dae
/home/tyler/colcon_ws/install/mycobot_description/share/mycobot_description/urdf/280jn/joint4.dae
/home/tyler/colcon_ws/install/mycobot_description/share/mycobot_description/urdf/280jn/joint5.png
/home/tyler/colcon_ws/install/mycobot_description/share/mycobot_description/urdf/280jn/joint3.dae
/home/tyler/colcon_ws/install/mycobot_description/share/mycobot_description/urdf/280jn/joint4.png
/home/tyler/colcon_ws/install/mycobot_description/share/mycobot_description/urdf/280jn/mycobot_urdf.urdf
/home/tyler/colcon_ws/install/mycobot_description/share/mycobot_description/urdf/280jn/joint5.dae
/home/tyler/colcon_ws/install/mycobot_description/share/mycobot_description/urdf/280jn/joint7.dae
/home/tyler/colcon_ws/install/mycobot_description/share/mycobot_description/urdf/280jn/joint2.png
/home/tyler/colcon_ws/install/mycobot_description/share/mycobot_description/urdf/280jn/joint2.dae
/home/tyler/colcon_ws/install/mycobot_description/share/mycobot_description/urdf/280jn/joint3.png
/home/tyler/colcon_ws/install/mycobot_description/share/mycobot_description/urdf/320_urdf/link3.dae
/home/tyler/colcon_ws/install/mycobot_description/share/mycobot_description/urdf/320_urdf/link5.dae
/home/tyler/colcon_ws/install/mycobot_description/share/mycobot_description/urdf/320_urdf/link1.dae
/home/tyler/colcon_ws/install/mycobot_description/share/mycobot_description/urdf/320_urdf/mycobot_pro_320.urdf
/home/tyler/colcon_ws/install/mycobot_description/share/mycobot_description/urdf/320_urdf/base.dae
/home/tyler/colcon_ws/install/mycobot_description/share/mycobot_description/urdf/320_urdf/link6.dae
/home/tyler/colcon_ws/install/mycobot_description/share/mycobot_description/urdf/320_urdf/link4.dae
/home/tyler/colcon_ws/install/mycobot_description/share/mycobot_description/urdf/320_urdf/link2.dae
/home/tyler/colcon_ws/install/mycobot_description/share/mycobot_description/urdf/600_urdf/link3.dae
/home/tyler/colcon_ws/install/mycobot_description/share/mycobot_description/urdf/600_urdf/link5.dae
/home/tyler/colcon_ws/install/mycobot_description/share/mycobot_description/urdf/600_urdf/link1.dae
/home/tyler/colcon_ws/install/mycobot_description/share/mycobot_description/urdf/600_urdf/base.dae
/home/tyler/colcon_ws/install/mycobot_description/share/mycobot_description/urdf/600_urdf/link6.dae
/home/tyler/colcon_ws/install/mycobot_description/share/mycobot_description/urdf/600_urdf/link4.dae
/home/tyler/colcon_ws/install/mycobot_description/share/mycobot_description/urdf/600_urdf/link2.dae
/home/tyler/colcon_ws/install/mycobot_description/share/mycobot_description/urdf/600_urdf/mycobot_600_urdf.urdf
/home/tyler/colcon_ws/install/mycobot_description/share/mycobot_description/urdf/mycobot/suit_env.dae
/home/tyler/colcon_ws/install/mycobot_description/share/mycobot_description/urdf/mycobot/joint7.png
/home/tyler/colcon_ws/install/mycobot_description/share/mycobot_description/urdf/mycobot/joint6.png
/home/tyler/colcon_ws/install/mycobot_description/share/mycobot_description/urdf/mycobot/joint6.dae
/home/tyler/colcon_ws/install/mycobot_description/share/mycobot_description/urdf/mycobot/joint4.dae
/home/tyler/colcon_ws/install/mycobot_description/share/mycobot_description/urdf/mycobot/noenv.urdf
/home/tyler/colcon_ws/install/mycobot_description/share/mycobot_description/urdf/mycobot/joint5.png
/home/tyler/colcon_ws/install/mycobot_description/share/mycobot_description/urdf/mycobot/withenv.urdf
/home/tyler/colcon_ws/install/mycobot_description/share/mycobot_description/urdf/mycobot/joint3.dae
/home/tyler/colcon_ws/install/mycobot_description/share/mycobot_description/urdf/mycobot/mycobot_with_vision.urdf
/home/tyler/colcon_ws/install/mycobot_description/share/mycobot_description/urdf/mycobot/joint4.png
/home/tyler/colcon_ws/install/mycobot_description/share/mycobot_description/urdf/mycobot/mycobot_urdf.urdf
/home/tyler/colcon_ws/install/mycobot_description/share/mycobot_description/urdf/mycobot/joint5.dae
/home/tyler/colcon_ws/install/mycobot_description/share/mycobot_description/urdf/mycobot/joint7.dae
/home/tyler/colcon_ws/install/mycobot_description/share/mycobot_description/urdf/mycobot/joint2.png
/home/tyler/colcon_ws/install/mycobot_description/share/mycobot_description/urdf/mycobot/mycobot_with_vision_copy.urdf
/home/tyler/colcon_ws/install/mycobot_description/share/mycobot_description/urdf/mycobot/joint1.dae
/home/tyler/colcon_ws/install/mycobot_description/share/mycobot_description/urdf/mycobot/joint1.png
/home/tyler/colcon_ws/install/mycobot_description/share/mycobot_description/urdf/mycobot/joint2.dae
/home/tyler/colcon_ws/install/mycobot_description/share/mycobot_description/urdf/mycobot/joint3.png
/home/tyler/colcon_ws/install/mycobot_description/share/mycobot_description/urdf/mycobot/mycobot_step.STEP
/home/tyler/colcon_ws/install/mycobot_description/share/mycobot_description/urdf/mycobot_pi/joint7.png
/home/tyler/colcon_ws/install/mycobot_description/share/mycobot_description/urdf/mycobot_pi/joint6.png
/home/tyler/colcon_ws/install/mycobot_description/share/mycobot_description/urdf/mycobot_pi/joint6.dae
/home/tyler/colcon_ws/install/mycobot_description/share/mycobot_description/urdf/mycobot_pi/joint4.dae
/home/tyler/colcon_ws/install/mycobot_description/share/mycobot_description/urdf/mycobot_pi/joint5.png
/home/tyler/colcon_ws/install/mycobot_description/share/mycobot_description/urdf/mycobot_pi/joint3.dae
/home/tyler/colcon_ws/install/mycobot_description/share/mycobot_description/urdf/mycobot_pi/joint4.png
/home/tyler/colcon_ws/install/mycobot_description/share/mycobot_description/urdf/mycobot_pi/mycobot_urdf.urdf
/home/tyler/colcon_ws/install/mycobot_description/share/mycobot_description/urdf/mycobot_pi/joint5.dae
/home/tyler/colcon_ws/install/mycobot_description/share/mycobot_description/urdf/mycobot_pi/joint7.dae
/home/tyler/colcon_ws/install/mycobot_description/share/mycobot_description/urdf/mycobot_pi/joint2.png
/home/tyler/colcon_ws/install/mycobot_description/share/mycobot_description/urdf/mycobot_pi/joint1.png
/home/tyler/colcon_ws/install/mycobot_description/share/mycobot_description/urdf/mycobot_pi/joint2.dae
/home/tyler/colcon_ws/install/mycobot_description/share/mycobot_description/urdf/mycobot_pi/joint3.png
/home/tyler/colcon_ws/install/mycobot_description/share/mycobot_description/urdf/mycobot_pi/joint1_pi.dae
/home/tyler/colcon_ws/install/mycobot_description/share/mycobot_description/urdf/mecharm/link3.dae
/home/tyler/colcon_ws/install/mycobot_description/share/mycobot_description/urdf/mecharm/link5.dae
/home/tyler/colcon_ws/install/mycobot_description/share/mycobot_description/urdf/mecharm/link1.dae
/home/tyler/colcon_ws/install/mycobot_description/share/mycobot_description/urdf/mecharm/base.dae
/home/tyler/colcon_ws/install/mycobot_description/share/mycobot_description/urdf/mecharm/mecharm.urdf
/home/tyler/colcon_ws/install/mycobot_description/share/mycobot_description/urdf/mecharm/link6.dae
/home/tyler/colcon_ws/install/mycobot_description/share/mycobot_description/urdf/mecharm/link4.dae
/home/tyler/colcon_ws/install/mycobot_description/share/mycobot_description/urdf/mecharm/link2.dae
/home/tyler/colcon_ws/install/mycobot_description/share/mycobot_description/urdf/mecharm_pi/link3.dae
/home/tyler/colcon_ws/install/mycobot_description/share/mycobot_description/urdf/mecharm_pi/link5.dae
/home/tyler/colcon_ws/install/mycobot_description/share/mycobot_description/urdf/mecharm_pi/link1.dae
/home/tyler/colcon_ws/install/mycobot_description/share/mycobot_description/urdf/mecharm_pi/base.dae
/home/tyler/colcon_ws/install/mycobot_description/share/mycobot_description/urdf/mecharm_pi/mecharm_pi.urdf
/home/tyler/colcon_ws/install/mycobot_description/share/mycobot_description/urdf/mecharm_pi/link6.dae
/home/tyler/colcon_ws/install/mycobot_description/share/mycobot_description/urdf/mecharm_pi/link4.dae
/home/tyler/colcon_ws/install/mycobot_description/share/mycobot_description/urdf/mecharm_pi/link2.dae
/home/tyler/colcon_ws/install/mycobot_description/share/mycobot_description/urdf/320_pi/link3.dae
/home/tyler/colcon_ws/install/mycobot_description/share/mycobot_description/urdf/320_pi/link5.dae
/home/tyler/colcon_ws/install/mycobot_description/share/mycobot_description/urdf/320_pi/link1.dae
/home/tyler/colcon_ws/install/mycobot_description/share/mycobot_description/urdf/320_pi/new_mycobot_pro_320_pi_moveit.urdf
/home/tyler/colcon_ws/install/mycobot_description/share/mycobot_description/urdf/320_pi/base.dae
/home/tyler/colcon_ws/install/mycobot_description/share/mycobot_description/urdf/320_pi/mycobot_pro_320_pi.urdf
/home/tyler/colcon_ws/install/mycobot_description/share/mycobot_description/urdf/320_pi/link6.dae
/home/tyler/colcon_ws/install/mycobot_description/share/mycobot_description/urdf/320_pi/link4.dae
/home/tyler/colcon_ws/install/mycobot_description/share/mycobot_description/urdf/320_pi/link2.dae
/home/tyler/colcon_ws/install/mycobot_description/share/mycobot_description/urdf/mybuddy/joint7.png
/home/tyler/colcon_ws/install/mycobot_description/share/mycobot_description/urdf/mybuddy/joint4_R.dae
/home/tyler/colcon_ws/install/mycobot_description/share/mycobot_description/urdf/mybuddy/mybuddy.urdf
/home/tyler/colcon_ws/install/mycobot_description/share/mycobot_description/urdf/mybuddy/joint6.png
/home/tyler/colcon_ws/install/mycobot_description/share/mycobot_description/urdf/mybuddy/mybuddy-down.dae
/home/tyler/colcon_ws/install/mycobot_description/share/mycobot_description/urdf/mybuddy/joint5_R.dae
/home/tyler/colcon_ws/install/mycobot_description/share/mycobot_description/urdf/mybuddy/joint3_R.dae
/home/tyler/colcon_ws/install/mycobot_description/share/mycobot_description/urdf/mybuddy/joint5.png
/home/tyler/colcon_ws/install/mycobot_description/share/mycobot_description/urdf/mybuddy/mybuddy-up.dae
/home/tyler/colcon_ws/install/mycobot_description/share/mycobot_description/urdf/mybuddy/joint3.dae
/home/tyler/colcon_ws/install/mycobot_description/share/mycobot_description/urdf/mybuddy/joint6_R.dae
/home/tyler/colcon_ws/install/mycobot_description/share/mycobot_description/urdf/mybuddy/joint4.png
/home/tyler/colcon_ws/install/mycobot_description/share/mycobot_description/urdf/mybuddy/joint2.png
/home/tyler/colcon_ws/install/mycobot_description/share/mycobot_description/urdf/mybuddy/joint6_L.dae
/home/tyler/colcon_ws/install/mycobot_description/share/mycobot_description/urdf/mybuddy/joint4_L.dae
/home/tyler/colcon_ws/install/mycobot_description/share/mycobot_description/urdf/mybuddy/joint3_L.dae
/home/tyler/colcon_ws/install/mycobot_description/share/mycobot_description/urdf/mybuddy/joint1_L.dae
/home/tyler/colcon_ws/install/mycobot_description/share/mycobot_description/urdf/mybuddy/joint3.png
/home/tyler/colcon_ws/install/mycobot_description/share/mycobot_description/urdf/mybuddy/joint5_L.dae
/home/tyler/colcon_ws/install/mycobot_description/share/mycobot_description/urdf/mybuddy/joint1_R.dae
/home/tyler/colcon_ws/install/mycobot_description/share/mycobot_description/urdf/mybuddy/joint2_L.dae
/home/tyler/colcon_ws/install/mycobot_description/share/mycobot_description/urdf/mybuddy/joint2_R.dae
/home/tyler/colcon_ws/install/mycobot_description/share/mycobot_description/urdf/ultraArm_urdf/suit_env.dae
/home/tyler/colcon_ws/install/mycobot_description/share/mycobot_description/urdf/ultraArm_urdf/ultraArm-3.dae
/home/tyler/colcon_ws/install/mycobot_description/share/mycobot_description/urdf/ultraArm_urdf/ultraArm-base.dae
/home/tyler/colcon_ws/install/mycobot_description/share/mycobot_description/urdf/ultraArm_urdf/ultraArm.urdf
/home/tyler/colcon_ws/install/mycobot_description/share/mycobot_description/urdf/ultraArm_urdf/ultraArm-1.dae
/home/tyler/colcon_ws/install/mycobot_description/share/mycobot_description/urdf/ultraArm_urdf/ultraArm-2.dae
/home/tyler/colcon_ws/install/mycobot_description/share/mycobot_description/urdf/ultraArm_urdf/ultraArm_aiki.urdf
/home/tyler/colcon_ws/install/mycobot_description/lib/python3.10/site-packages/mycobot_description-0.0.0-py3.10.egg-info/SOURCES.txt
/home/tyler/colcon_ws/install/mycobot_description/lib/python3.10/site-packages/mycobot_description-0.0.0-py3.10.egg-info/PKG-INFO
/home/tyler/colcon_ws/install/mycobot_description/lib/python3.10/site-packages/mycobot_description-0.0.0-py3.10.egg-info/requires.txt
/home/tyler/colcon_ws/install/mycobot_description/lib/python3.10/site-packages/mycobot_description-0.0.0-py3.10.egg-info/dependency_links.txt
/home/tyler/colcon_ws/install/mycobot_description/lib/python3.10/site-packages/mycobot_description-0.0.0-py3.10.egg-info/top_level.txt
/home/tyler/colcon_ws/install/mycobot_description/lib/python3.10/site-packages/mycobot_description-0.0.0-py3.10.egg-info/zip-safe
/home/tyler/colcon_ws/install/mycobot_description/lib/python3.10/site-packages/mycobot_description-0.0.0-py3.10.egg-info/entry_points.txt
