running develop
running egg_info
creating mecharm.egg-info
writing mecharm.egg-info/PKG-INFO
writing dependency_links to mecharm.egg-info/dependency_links.txt
writing entry points to mecharm.egg-info/entry_points.txt
writing requirements to mecharm.egg-info/requires.txt
writing top-level names to mecharm.egg-info/top_level.txt
writing manifest file 'mecharm.egg-info/SOURCES.txt'
reading manifest file 'mecharm.egg-info/SOURCES.txt'
writing manifest file 'mecharm.egg-info/SOURCES.txt'
running build_ext
Creating /home/tyler/Documents/Github/280-M5_ROS/colcon_ws/install/mecharm/lib/python3.10/site-packages/mecharm.egg-link (link to .)
Installing detect_marker script to /home/tyler/Documents/Github/280-M5_ROS/colcon_ws/install/mecharm/lib/mecharm
Installing follow_display script to /home/tyler/Documents/Github/280-M5_ROS/colcon_ws/install/mecharm/lib/mecharm
Installing following_marker script to /home/tyler/Documents/Github/280-M5_ROS/colcon_ws/install/mecharm/lib/mecharm
Installing listen_real script to /home/tyler/Documents/Github/280-M5_ROS/colcon_ws/install/mecharm/lib/mecharm
Installing listen_real_of_topic script to /home/tyler/Documents/Github/280-M5_ROS/colcon_ws/install/mecharm/lib/mecharm
Installing simple_gui script to /home/tyler/Documents/Github/280-M5_ROS/colcon_ws/install/mecharm/lib/mecharm
Installing slider_control script to /home/tyler/Documents/Github/280-M5_ROS/colcon_ws/install/mecharm/lib/mecharm
Installing teleop_keyboard script to /home/tyler/Documents/Github/280-M5_ROS/colcon_ws/install/mecharm/lib/mecharm

Installed /home/tyler/Documents/Github/280-M5_ROS/colcon_ws/build/mecharm
running install_data
creating /home/tyler/Documents/Github/280-M5_ROS/colcon_ws/install/mecharm/share/ament_index
creating /home/tyler/Documents/Github/280-M5_ROS/colcon_ws/install/mecharm/share/ament_index/resource_index
creating /home/tyler/Documents/Github/280-M5_ROS/colcon_ws/install/mecharm/share/ament_index/resource_index/packages
copying resource/mecharm -> /home/tyler/Documents/Github/280-M5_ROS/colcon_ws/install/mecharm/share/ament_index/resource_index/packages
copying package.xml -> /home/tyler/Documents/Github/280-M5_ROS/colcon_ws/install/mecharm/share/mecharm
creating /home/tyler/Documents/Github/280-M5_ROS/colcon_ws/install/mecharm/share/mecharm/launch
copying launch/follow.launch.py -> /home/tyler/Documents/Github/280-M5_ROS/colcon_ws/install/mecharm/share/mecharm/launch
copying launch/simple_gui.launch.py -> /home/tyler/Documents/Github/280-M5_ROS/colcon_ws/install/mecharm/share/mecharm/launch
copying launch/detect_marker.launch.py -> /home/tyler/Documents/Github/280-M5_ROS/colcon_ws/install/mecharm/share/mecharm/launch
copying launch/teleop_keyboard.launch.py -> /home/tyler/Documents/Github/280-M5_ROS/colcon_ws/install/mecharm/share/mecharm/launch
copying launch/test.launch.py -> /home/tyler/Documents/Github/280-M5_ROS/colcon_ws/install/mecharm/share/mecharm/launch
copying launch/detect_marker_with_topic.launch.py -> /home/tyler/Documents/Github/280-M5_ROS/colcon_ws/install/mecharm/share/mecharm/launch
copying launch/slider_control.launch.py -> /home/tyler/Documents/Github/280-M5_ROS/colcon_ws/install/mecharm/share/mecharm/launch
creating /home/tyler/Documents/Github/280-M5_ROS/colcon_ws/install/mecharm/share/mecharm/config
copying config/mecharm.rviz -> /home/tyler/Documents/Github/280-M5_ROS/colcon_ws/install/mecharm/share/mecharm/config
copying config/mycobot_with_marker.rviz -> /home/tyler/Documents/Github/280-M5_ROS/colcon_ws/install/mecharm/share/mecharm/config
