[2.141s] Invoking command in '/home/tyler/Documents/Github/280-M5_ROS/colcon_ws/build/mycobot_320': AMENT_PREFIX_PATH=/home/tyler/Documents/Github/280-M5_ROS/colcon_ws/install/mycobot_communication:/home/tyler/Documents/Github/280-M5_ROS/colcon_ws/install/mycobot_interfaces:/home/tyler/Documents/Github/280-M5_ROS/colcon_ws/install/mycobot_description:${AMENT_PREFIX_PATH} CMAKE_PREFIX_PATH=/home/tyler/Documents/Github/280-M5_ROS/colcon_ws/install/mycobot_interfaces:${CMAKE_PREFIX_PATH} LD_LIBRARY_PATH=/home/tyler/Documents/Github/280-M5_ROS/colcon_ws/install/mycobot_interfaces/lib:${LD_LIBRARY_PATH} PYTHONPATH=/home/tyler/Documents/Github/280-M5_ROS/colcon_ws/build/mycobot_320/prefix_override:/home/tyler/Documents/Github/280-M5_ROS/colcon_ws/install/mycobot_320/lib/python3.10/site-packages:/home/tyler/Documents/Github/280-M5_ROS/colcon_ws/build/mycobot_communication:/home/tyler/Documents/Github/280-M5_ROS/colcon_ws/install/mycobot_communication/lib/python3.10/site-packages:/home/tyler/Documents/Github/280-M5_ROS/colcon_ws/install/mycobot_interfaces/local/lib/python3.10/dist-packages:/home/tyler/Documents/Github/280-M5_ROS/colcon_ws/build/mycobot_description:/home/tyler/Documents/Github/280-M5_ROS/colcon_ws/install/mycobot_description/lib/python3.10/site-packages:${PYTHONPATH} /usr/bin/python3 setup.py develop --editable --build-directory /home/tyler/Documents/Github/280-M5_ROS/colcon_ws/build/mycobot_320/build --no-deps install_data
[2.455s] /usr/lib/python3/dist-packages/setuptools/dist.py:723: UserWarning: Usage of dash-separated 'script-dir' will not be supported in future versions. Please use the underscore name 'script_dir' instead
[2.455s]   warnings.warn(
[2.491s] running develop
[2.491s] /usr/lib/python3/dist-packages/setuptools/command/easy_install.py:158: EasyInstallDeprecationWarning: easy_install command is deprecated. Use build and pip and other standards-based tools.
[2.491s]   warnings.warn(
[2.492s] /usr/lib/python3/dist-packages/setuptools/command/install.py:34: SetuptoolsDeprecationWarning: setup.py install is deprecated. Use build and pip and other standards-based tools.
[2.493s]   warnings.warn(
[2.583s] /usr/lib/python3/dist-packages/pkg_resources/__init__.py:116: PkgResourcesDeprecationWarning: 0.1.43ubuntu1 is an invalid version and will not be supported in a future release
[2.583s]   warnings.warn(
[2.583s] /usr/lib/python3/dist-packages/pkg_resources/__init__.py:116: PkgResourcesDeprecationWarning: 1.1build1 is an invalid version and will not be supported in a future release
[2.584s]   warnings.warn(
[2.776s] running egg_info
[2.776s] creating mycobot_320.egg-info
[2.776s] writing mycobot_320.egg-info/PKG-INFO
[2.777s] writing dependency_links to mycobot_320.egg-info/dependency_links.txt
[2.777s] writing entry points to mycobot_320.egg-info/entry_points.txt
[2.779s] writing requirements to mycobot_320.egg-info/requires.txt
[2.779s] writing top-level names to mycobot_320.egg-info/top_level.txt
[2.780s] writing manifest file 'mycobot_320.egg-info/SOURCES.txt'
[2.783s] reading manifest file 'mycobot_320.egg-info/SOURCES.txt'
[2.784s] writing manifest file 'mycobot_320.egg-info/SOURCES.txt'
[2.786s] running build_ext
[2.786s] Creating /home/tyler/Documents/Github/280-M5_ROS/colcon_ws/install/mycobot_320/lib/python3.10/site-packages/mycobot-320.egg-link (link to .)
[2.788s] Installing camera_display script to /home/tyler/Documents/Github/280-M5_ROS/colcon_ws/install/mycobot_320/lib/mycobot_320
[2.789s] Installing detect_marker script to /home/tyler/Documents/Github/280-M5_ROS/colcon_ws/install/mycobot_320/lib/mycobot_320
[2.789s] Installing follow_display script to /home/tyler/Documents/Github/280-M5_ROS/colcon_ws/install/mycobot_320/lib/mycobot_320
[2.790s] Installing following_marker script to /home/tyler/Documents/Github/280-M5_ROS/colcon_ws/install/mycobot_320/lib/mycobot_320
[2.790s] Installing listen_real script to /home/tyler/Documents/Github/280-M5_ROS/colcon_ws/install/mycobot_320/lib/mycobot_320
[2.790s] Installing listen_real_of_topic script to /home/tyler/Documents/Github/280-M5_ROS/colcon_ws/install/mycobot_320/lib/mycobot_320
[2.792s] Installing opencv_camera script to /home/tyler/Documents/Github/280-M5_ROS/colcon_ws/install/mycobot_320/lib/mycobot_320
[2.792s] Installing simple_gui script to /home/tyler/Documents/Github/280-M5_ROS/colcon_ws/install/mycobot_320/lib/mycobot_320
[2.792s] Installing slider_control script to /home/tyler/Documents/Github/280-M5_ROS/colcon_ws/install/mycobot_320/lib/mycobot_320
[2.792s] Installing teleop_keyboard script to /home/tyler/Documents/Github/280-M5_ROS/colcon_ws/install/mycobot_320/lib/mycobot_320
[2.793s] 
[2.793s] Installed /home/tyler/Documents/Github/280-M5_ROS/colcon_ws/build/mycobot_320
[2.793s] running install_data
[2.793s] creating /home/tyler/Documents/Github/280-M5_ROS/colcon_ws/install/mycobot_320/share/ament_index
[2.794s] creating /home/tyler/Documents/Github/280-M5_ROS/colcon_ws/install/mycobot_320/share/ament_index/resource_index
[2.794s] creating /home/tyler/Documents/Github/280-M5_ROS/colcon_ws/install/mycobot_320/share/ament_index/resource_index/packages
[2.794s] copying resource/mycobot_320 -> /home/tyler/Documents/Github/280-M5_ROS/colcon_ws/install/mycobot_320/share/ament_index/resource_index/packages
[2.794s] copying package.xml -> /home/tyler/Documents/Github/280-M5_ROS/colcon_ws/install/mycobot_320/share/mycobot_320
[2.794s] creating /home/tyler/Documents/Github/280-M5_ROS/colcon_ws/install/mycobot_320/share/mycobot_320/launch
[2.795s] copying launch/simple_gui.launch.py -> /home/tyler/Documents/Github/280-M5_ROS/colcon_ws/install/mycobot_320/share/mycobot_320/launch
[2.795s] copying launch/detect_marker.launch.py -> /home/tyler/Documents/Github/280-M5_ROS/colcon_ws/install/mycobot_320/share/mycobot_320/launch
[2.795s] copying launch/teleop_keyboard.launch.py -> /home/tyler/Documents/Github/280-M5_ROS/colcon_ws/install/mycobot_320/share/mycobot_320/launch
[2.795s] copying launch/test.launch.py -> /home/tyler/Documents/Github/280-M5_ROS/colcon_ws/install/mycobot_320/share/mycobot_320/launch
[2.795s] copying launch/mycobot_follow.launch.py -> /home/tyler/Documents/Github/280-M5_ROS/colcon_ws/install/mycobot_320/share/mycobot_320/launch
[2.795s] copying launch/detect_marker_with_topic.launch.py -> /home/tyler/Documents/Github/280-M5_ROS/colcon_ws/install/mycobot_320/share/mycobot_320/launch
[2.796s] copying launch/slider_control.launch.py -> /home/tyler/Documents/Github/280-M5_ROS/colcon_ws/install/mycobot_320/share/mycobot_320/launch
[2.796s] creating /home/tyler/Documents/Github/280-M5_ROS/colcon_ws/install/mycobot_320/share/mycobot_320/config
[2.796s] copying config/mycobot_pro_320.rviz -> /home/tyler/Documents/Github/280-M5_ROS/colcon_ws/install/mycobot_320/share/mycobot_320/config
[2.796s] copying config/mycobot_with_marker.rviz -> /home/tyler/Documents/Github/280-M5_ROS/colcon_ws/install/mycobot_320/share/mycobot_320/config
[2.905s] Invoked command in '/home/tyler/Documents/Github/280-M5_ROS/colcon_ws/build/mycobot_320' returned '0': AMENT_PREFIX_PATH=/home/tyler/Documents/Github/280-M5_ROS/colcon_ws/install/mycobot_communication:/home/tyler/Documents/Github/280-M5_ROS/colcon_ws/install/mycobot_interfaces:/home/tyler/Documents/Github/280-M5_ROS/colcon_ws/install/mycobot_description:${AMENT_PREFIX_PATH} CMAKE_PREFIX_PATH=/home/tyler/Documents/Github/280-M5_ROS/colcon_ws/install/mycobot_interfaces:${CMAKE_PREFIX_PATH} LD_LIBRARY_PATH=/home/tyler/Documents/Github/280-M5_ROS/colcon_ws/install/mycobot_interfaces/lib:${LD_LIBRARY_PATH} PYTHONPATH=/home/tyler/Documents/Github/280-M5_ROS/colcon_ws/build/mycobot_320/prefix_override:/home/tyler/Documents/Github/280-M5_ROS/colcon_ws/install/mycobot_320/lib/python3.10/site-packages:/home/tyler/Documents/Github/280-M5_ROS/colcon_ws/build/mycobot_communication:/home/tyler/Documents/Github/280-M5_ROS/colcon_ws/install/mycobot_communication/lib/python3.10/site-packages:/home/tyler/Documents/Github/280-M5_ROS/colcon_ws/install/mycobot_interfaces/local/lib/python3.10/dist-packages:/home/tyler/Documents/Github/280-M5_ROS/colcon_ws/build/mycobot_description:/home/tyler/Documents/Github/280-M5_ROS/colcon_ws/install/mycobot_description/lib/python3.10/site-packages:${PYTHONPATH} /usr/bin/python3 setup.py develop --editable --build-directory /home/tyler/Documents/Github/280-M5_ROS/colcon_ws/build/mycobot_320/build --no-deps install_data
