[35m[1mScanning dependencies of target _mybuddy_communication_generate_messages_check_deps_PumpStatus[0m
[  0%] Built target _mybuddy_communication_generate_messages_check_deps_PumpStatus
[35m[1mScanning dependencies of target _mybuddy_communication_generate_messages_check_deps_MybuddyCoords[0m
[35m[1mScanning dependencies of target _mybuddy_communication_generate_messages_check_deps_GetCoords[0m
[  0%] Built target _mybuddy_communication_generate_messages_check_deps_MybuddyCoords
[  0%] Built target _mybuddy_communication_generate_messages_check_deps_GetCoords
[35m[1mScanning dependencies of target _mybuddy_communication_generate_messages_check_deps_MybuddyGripperStatus[0m
[  0%] Built target _mybuddy_communication_generate_messages_check_deps_MybuddyGripperStatus
[35m[1mScanning dependencies of target _mybuddy_communication_generate_messages_check_deps_MybuddyAngles[0m
[  0%] Built target _mybuddy_communication_generate_messages_check_deps_MybuddyAngles
[35m[1mScanning dependencies of target _mybuddy_communication_generate_messages_check_deps_SetCoords[0m
[  0%] Built target _mybuddy_communication_generate_messages_check_deps_SetCoords
[35m[1mScanning dependencies of target std_msgs_generate_messages_eus[0m
[  0%] Built target std_msgs_generate_messages_eus
[35m[1mScanning dependencies of target _mybuddy_communication_generate_messages_check_deps_MybuddySetCoords[0m
[  0%] Built target _mybuddy_communication_generate_messages_check_deps_MybuddySetCoords
[35m[1mScanning dependencies of target _mybuddy_communication_generate_messages_check_deps_MybuddySetAngles[0m
[  0%] Built target _mybuddy_communication_generate_messages_check_deps_MybuddySetAngles
[35m[1mScanning dependencies of target _mybuddy_communication_generate_messages_check_deps_MybuddyPumpStatus[0m
[  0%] Built target _mybuddy_communication_generate_messages_check_deps_MybuddyPumpStatus
[35m[1mScanning dependencies of target _mybuddy_communication_generate_messages_check_deps_SetAngles[0m
[35m[1mScanning dependencies of target _mybuddy_communication_generate_messages_check_deps_GetAngles[0m
[  0%] Built target _mybuddy_communication_generate_messages_check_deps_SetAngles
[  0%] Built target _mybuddy_communication_generate_messages_check_deps_GetAngles
[35m[1mScanning dependencies of target _mybuddy_communication_generate_messages_check_deps_GripperStatus[0m
[  0%] Built target _mybuddy_communication_generate_messages_check_deps_GripperStatus
[35m[1mScanning dependencies of target std_msgs_generate_messages_py[0m
[  0%] Built target std_msgs_generate_messages_py
[35m[1mScanning dependencies of target std_msgs_generate_messages_nodejs[0m
[  0%] Built target std_msgs_generate_messages_nodejs
[35m[1mScanning dependencies of target std_msgs_generate_messages_cpp[0m
[  0%] Built target std_msgs_generate_messages_cpp
[35m[1mScanning dependencies of target std_msgs_generate_messages_lisp[0m
[  0%] Built target std_msgs_generate_messages_lisp
[35m[1mScanning dependencies of target mybuddy_communication_generate_messages_py[0m
[  1%] [34m[1mGenerating Python from MSG mybuddy_communication/MybuddyAngles[0m
[35m[1mScanning dependencies of target mybuddy_communication_generate_messages_eus[0m
[  3%] [34m[1mGenerating EusLisp code from mybuddy_communication/MybuddyAngles.msg[0m
[  4%] [34m[1mGenerating Python from MSG mybuddy_communication/MybuddyCoords[0m
[35m[1mScanning dependencies of target mybuddy_communication_generate_messages_nodejs[0m
[  6%] [34m[1mGenerating Javascript code from mybuddy_communication/MybuddyAngles.msg[0m
[  7%] [34m[1mGenerating EusLisp code from mybuddy_communication/MybuddyCoords.msg[0m
[  9%] [34m[1mGenerating Javascript code from mybuddy_communication/MybuddyCoords.msg[0m
[35m[1mScanning dependencies of target mybuddy_communication_generate_messages_lisp[0m
[35m[1mScanning dependencies of target mybuddy_communication_generate_messages_cpp[0m
[ 11%] [34m[1mGenerating Lisp code from mybuddy_communication/MybuddyAngles.msg[0m
[ 12%] [34m[1mGenerating C++ code from mybuddy_communication/MybuddyAngles.msg[0m
[ 14%] [34m[1mGenerating EusLisp code from mybuddy_communication/MybuddySetAngles.msg[0m
[ 15%] [34m[1mGenerating Lisp code from mybuddy_communication/MybuddyCoords.msg[0m
[ 17%] [34m[1mGenerating C++ code from mybuddy_communication/MybuddyCoords.msg[0m
[ 19%] [34m[1mGenerating Javascript code from mybuddy_communication/MybuddySetAngles.msg[0m
[ 20%] [34m[1mGenerating Python from MSG mybuddy_communication/MybuddySetAngles[0m
[ 22%] [34m[1mGenerating Python from MSG mybuddy_communication/MybuddySetCoords[0m
[ 25%] [34m[1mGenerating Lisp code from mybuddy_communication/MybuddySetCoords.msg[0m
[ 23%] [34m[1mGenerating Lisp code from mybuddy_communication/MybuddySetAngles.msg[0m
[ 26%] [34m[1mGenerating EusLisp code from mybuddy_communication/MybuddySetCoords.msg[0m
[ 28%] [34m[1mGenerating Javascript code from mybuddy_communication/MybuddySetCoords.msg[0m
[ 30%] [34m[1mGenerating Javascript code from mybuddy_communication/MybuddyGripperStatus.msg[0m
[ 31%] [34m[1mGenerating Python from MSG mybuddy_communication/MybuddyGripperStatus[0m
[ 33%] [34m[1mGenerating Lisp code from mybuddy_communication/MybuddyGripperStatus.msg[0m
[ 34%] [34m[1mGenerating C++ code from mybuddy_communication/MybuddySetAngles.msg[0m
[ 36%] [34m[1mGenerating Javascript code from mybuddy_communication/MybuddyPumpStatus.msg[0m
[ 38%] [34m[1mGenerating EusLisp code from mybuddy_communication/MybuddyGripperStatus.msg[0m
[ 39%] [34m[1mGenerating Lisp code from mybuddy_communication/MybuddyPumpStatus.msg[0m
[ 41%] [34m[1mGenerating Javascript code from mybuddy_communication/GetAngles.srv[0m
[ 42%] [34m[1mGenerating Lisp code from mybuddy_communication/GetAngles.srv[0m
[ 44%] [34m[1mGenerating Javascript code from mybuddy_communication/SetAngles.srv[0m
[ 46%] [34m[1mGenerating Javascript code from mybuddy_communication/GetCoords.srv[0m
[ 47%] [34m[1mGenerating C++ code from mybuddy_communication/MybuddySetCoords.msg[0m
[ 49%] [34m[1mGenerating EusLisp code from mybuddy_communication/MybuddyPumpStatus.msg[0m
[ 50%] [34m[1mGenerating Lisp code from mybuddy_communication/SetAngles.srv[0m
[ 52%] [34m[1mGenerating Python from MSG mybuddy_communication/MybuddyPumpStatus[0m
[ 53%] [34m[1mGenerating Javascript code from mybuddy_communication/SetCoords.srv[0m
[ 55%] [34m[1mGenerating EusLisp code from mybuddy_communication/GetAngles.srv[0m
[ 57%] [34m[1mGenerating Javascript code from mybuddy_communication/GripperStatus.srv[0m
[ 58%] [34m[1mGenerating C++ code from mybuddy_communication/MybuddyGripperStatus.msg[0m
[ 60%] [34m[1mGenerating Lisp code from mybuddy_communication/GetCoords.srv[0m
[ 61%] [34m[1mGenerating Javascript code from mybuddy_communication/PumpStatus.srv[0m
[ 63%] [34m[1mGenerating Lisp code from mybuddy_communication/SetCoords.srv[0m
[ 63%] Built target mybuddy_communication_generate_messages_nodejs
[ 65%] [34m[1mGenerating Python code from SRV mybuddy_communication/GetAngles[0m
[ 66%] [34m[1mGenerating EusLisp code from mybuddy_communication/SetAngles.srv[0m
[ 68%] [34m[1mGenerating C++ code from mybuddy_communication/MybuddyPumpStatus.msg[0m
[ 69%] [34m[1mGenerating Lisp code from mybuddy_communication/GripperStatus.srv[0m
[ 71%] [34m[1mGenerating EusLisp code from mybuddy_communication/GetCoords.srv[0m
[ 73%] [34m[1mGenerating Python code from SRV mybuddy_communication/SetAngles[0m
[ 74%] [34m[1mGenerating Python code from SRV mybuddy_communication/GetCoords[0m
[ 76%] [34m[1mGenerating Lisp code from mybuddy_communication/PumpStatus.srv[0m
[ 77%] [34m[1mGenerating EusLisp code from mybuddy_communication/SetCoords.srv[0m
[ 77%] Built target mybuddy_communication_generate_messages_lisp
[ 79%] [34m[1mGenerating C++ code from mybuddy_communication/GetAngles.srv[0m
[ 80%] [34m[1mGenerating EusLisp code from mybuddy_communication/GripperStatus.srv[0m
[ 82%] [34m[1mGenerating Python code from SRV mybuddy_communication/SetCoords[0m
[ 84%] [34m[1mGenerating EusLisp code from mybuddy_communication/PumpStatus.srv[0m
[ 85%] [34m[1mGenerating EusLisp manifest code for mybuddy_communication[0m
[ 87%] [34m[1mGenerating C++ code from mybuddy_communication/SetAngles.srv[0m
[ 88%] [34m[1mGenerating Python code from SRV mybuddy_communication/GripperStatus[0m
[ 90%] [34m[1mGenerating Python code from SRV mybuddy_communication/PumpStatus[0m
[ 92%] [34m[1mGenerating C++ code from mybuddy_communication/GetCoords.srv[0m
[ 93%] [34m[1mGenerating Python msg __init__.py for mybuddy_communication[0m
[ 95%] [34m[1mGenerating C++ code from mybuddy_communication/SetCoords.srv[0m
[ 96%] [34m[1mGenerating Python srv __init__.py for mybuddy_communication[0m
[ 98%] [34m[1mGenerating C++ code from mybuddy_communication/GripperStatus.srv[0m
[ 98%] Built target mybuddy_communication_generate_messages_py
[ 98%] Built target mybuddy_communication_generate_messages_eus
[100%] [34m[1mGenerating C++ code from mybuddy_communication/PumpStatus.srv[0m
[100%] Built target mybuddy_communication_generate_messages_cpp
[35m[1mScanning dependencies of target mybuddy_communication_generate_messages[0m
[100%] Built target mybuddy_communication_generate_messages
