Symlinking /home/thulson/catkin_ws/devel/lib/mybuddy_communication/mybuddy_services.py
Symlinking /home/thulson/catkin_ws/devel/lib/mybuddy_communication/cmake.lock
Symlinking /home/thulson/catkin_ws/devel/lib/mybuddy_communication/mybuddy_topics.py
Symlinking /home/thulson/catkin_ws/devel/lib/python3/dist-packages/mybuddy_communication/__init__.py
Symlinking /home/thulson/catkin_ws/devel/lib/python3/dist-packages/mybuddy_communication/srv/_SetAngles.py
Symlinking /home/thulson/catkin_ws/devel/lib/python3/dist-packages/mybuddy_communication/srv/_GetCoords.py
Symlinking /home/thulson/catkin_ws/devel/lib/python3/dist-packages/mybuddy_communication/srv/_GripperStatus.py
Symlinking /home/thulson/catkin_ws/devel/lib/python3/dist-packages/mybuddy_communication/srv/_SetCoords.py
Symlinking /home/thulson/catkin_ws/devel/lib/python3/dist-packages/mybuddy_communication/srv/_PumpStatus.py
Symlinking /home/thulson/catkin_ws/devel/lib/python3/dist-packages/mybuddy_communication/srv/_GetAngles.py
Symlinking /home/thulson/catkin_ws/devel/lib/python3/dist-packages/mybuddy_communication/srv/__init__.py
Symlinking /home/thulson/catkin_ws/devel/lib/python3/dist-packages/mybuddy_communication/msg/_MybuddyGripperStatus.py
Symlinking /home/thulson/catkin_ws/devel/lib/python3/dist-packages/mybuddy_communication/msg/_MybuddyCoords.py
Symlinking /home/thulson/catkin_ws/devel/lib/python3/dist-packages/mybuddy_communication/msg/_MybuddyPumpStatus.py
Symlinking /home/thulson/catkin_ws/devel/lib/python3/dist-packages/mybuddy_communication/msg/_MybuddySetCoords.py
Symlinking /home/thulson/catkin_ws/devel/lib/python3/dist-packages/mybuddy_communication/msg/_MybuddySetAngles.py
Symlinking /home/thulson/catkin_ws/devel/lib/python3/dist-packages/mybuddy_communication/msg/_MybuddyAngles.py
Symlinking /home/thulson/catkin_ws/devel/lib/python3/dist-packages/mybuddy_communication/msg/__init__.py
Symlinking /home/thulson/catkin_ws/devel/lib/pkgconfig/mybuddy_communication.pc
Symlinking /home/thulson/catkin_ws/devel/include/mybuddy_communication/MybuddyGripperStatus.h
Symlinking /home/thulson/catkin_ws/devel/include/mybuddy_communication/SetAnglesResponse.h
Symlinking /home/thulson/catkin_ws/devel/include/mybuddy_communication/GetCoordsResponse.h
Symlinking /home/thulson/catkin_ws/devel/include/mybuddy_communication/PumpStatusRequest.h
Symlinking /home/thulson/catkin_ws/devel/include/mybuddy_communication/SetCoords.h
Symlinking /home/thulson/catkin_ws/devel/include/mybuddy_communication/GetAnglesRequest.h
Symlinking /home/thulson/catkin_ws/devel/include/mybuddy_communication/GetCoords.h
Symlinking /home/thulson/catkin_ws/devel/include/mybuddy_communication/MybuddyCoords.h
Symlinking /home/thulson/catkin_ws/devel/include/mybuddy_communication/MybuddySetAngles.h
Symlinking /home/thulson/catkin_ws/devel/include/mybuddy_communication/MybuddySetCoords.h
Symlinking /home/thulson/catkin_ws/devel/include/mybuddy_communication/GripperStatus.h
Symlinking /home/thulson/catkin_ws/devel/include/mybuddy_communication/MybuddyPumpStatus.h
Symlinking /home/thulson/catkin_ws/devel/include/mybuddy_communication/PumpStatus.h
Symlinking /home/thulson/catkin_ws/devel/include/mybuddy_communication/SetAnglesRequest.h
Symlinking /home/thulson/catkin_ws/devel/include/mybuddy_communication/GetAngles.h
Symlinking /home/thulson/catkin_ws/devel/include/mybuddy_communication/SetCoordsRequest.h
Symlinking /home/thulson/catkin_ws/devel/include/mybuddy_communication/GripperStatusRequest.h
Symlinking /home/thulson/catkin_ws/devel/include/mybuddy_communication/MybuddyAngles.h
Symlinking /home/thulson/catkin_ws/devel/include/mybuddy_communication/GetCoordsRequest.h
Symlinking /home/thulson/catkin_ws/devel/include/mybuddy_communication/SetCoordsResponse.h
Symlinking /home/thulson/catkin_ws/devel/include/mybuddy_communication/GetAnglesResponse.h
Symlinking /home/thulson/catkin_ws/devel/include/mybuddy_communication/PumpStatusResponse.h
Symlinking /home/thulson/catkin_ws/devel/include/mybuddy_communication/GripperStatusResponse.h
Symlinking /home/thulson/catkin_ws/devel/include/mybuddy_communication/SetAngles.h
Symlinking /home/thulson/catkin_ws/devel/share/mybuddy_communication/cmake/mybuddy_communicationConfig-version.cmake
Symlinking /home/thulson/catkin_ws/devel/share/mybuddy_communication/cmake/mybuddy_communication-msg-extras.cmake
Symlinking /home/thulson/catkin_ws/devel/share/mybuddy_communication/cmake/mybuddy_communication-msg-paths.cmake
Symlinking /home/thulson/catkin_ws/devel/share/mybuddy_communication/cmake/mybuddy_communicationConfig.cmake
Symlinking /home/thulson/catkin_ws/devel/share/common-lisp/ros/mybuddy_communication/srv/_package_PumpStatus.lisp
Symlinking /home/thulson/catkin_ws/devel/share/common-lisp/ros/mybuddy_communication/srv/_package_SetAngles.lisp
Symlinking /home/thulson/catkin_ws/devel/share/common-lisp/ros/mybuddy_communication/srv/SetAngles.lisp
Symlinking /home/thulson/catkin_ws/devel/share/common-lisp/ros/mybuddy_communication/srv/_package_GetAngles.lisp
Symlinking /home/thulson/catkin_ws/devel/share/common-lisp/ros/mybuddy_communication/srv/_package.lisp
Symlinking /home/thulson/catkin_ws/devel/share/common-lisp/ros/mybuddy_communication/srv/GripperStatus.lisp
Symlinking /home/thulson/catkin_ws/devel/share/common-lisp/ros/mybuddy_communication/srv/_package_SetCoords.lisp
Symlinking /home/thulson/catkin_ws/devel/share/common-lisp/ros/mybuddy_communication/srv/_package_GetCoords.lisp
Symlinking /home/thulson/catkin_ws/devel/share/common-lisp/ros/mybuddy_communication/srv/GetAngles.lisp
Symlinking /home/thulson/catkin_ws/devel/share/common-lisp/ros/mybuddy_communication/srv/SetCoords.lisp
Symlinking /home/thulson/catkin_ws/devel/share/common-lisp/ros/mybuddy_communication/srv/_package_GripperStatus.lisp
Symlinking /home/thulson/catkin_ws/devel/share/common-lisp/ros/mybuddy_communication/srv/mybuddy_communication-srv.asd
Symlinking /home/thulson/catkin_ws/devel/share/common-lisp/ros/mybuddy_communication/srv/GetCoords.lisp
Symlinking /home/thulson/catkin_ws/devel/share/common-lisp/ros/mybuddy_communication/srv/PumpStatus.lisp
Symlinking /home/thulson/catkin_ws/devel/share/common-lisp/ros/mybuddy_communication/msg/MybuddyGripperStatus.lisp
Symlinking /home/thulson/catkin_ws/devel/share/common-lisp/ros/mybuddy_communication/msg/_package_MybuddyCoords.lisp
Symlinking /home/thulson/catkin_ws/devel/share/common-lisp/ros/mybuddy_communication/msg/_package.lisp
Symlinking /home/thulson/catkin_ws/devel/share/common-lisp/ros/mybuddy_communication/msg/MybuddyAngles.lisp
Symlinking /home/thulson/catkin_ws/devel/share/common-lisp/ros/mybuddy_communication/msg/MybuddySetCoords.lisp
Symlinking /home/thulson/catkin_ws/devel/share/common-lisp/ros/mybuddy_communication/msg/MybuddySetAngles.lisp
Symlinking /home/thulson/catkin_ws/devel/share/common-lisp/ros/mybuddy_communication/msg/_package_MybuddySetCoords.lisp
Symlinking /home/thulson/catkin_ws/devel/share/common-lisp/ros/mybuddy_communication/msg/_package_MybuddySetAngles.lisp
Symlinking /home/thulson/catkin_ws/devel/share/common-lisp/ros/mybuddy_communication/msg/MybuddyPumpStatus.lisp
Symlinking /home/thulson/catkin_ws/devel/share/common-lisp/ros/mybuddy_communication/msg/_package_MybuddyAngles.lisp
Symlinking /home/thulson/catkin_ws/devel/share/common-lisp/ros/mybuddy_communication/msg/_package_MybuddyPumpStatus.lisp
Symlinking /home/thulson/catkin_ws/devel/share/common-lisp/ros/mybuddy_communication/msg/mybuddy_communication-msg.asd
Symlinking /home/thulson/catkin_ws/devel/share/common-lisp/ros/mybuddy_communication/msg/_package_MybuddyGripperStatus.lisp
Symlinking /home/thulson/catkin_ws/devel/share/common-lisp/ros/mybuddy_communication/msg/MybuddyCoords.lisp
Symlinking /home/thulson/catkin_ws/devel/share/roseus/ros/mybuddy_communication/manifest.l
Symlinking /home/thulson/catkin_ws/devel/share/roseus/ros/mybuddy_communication/srv/GetAngles.l
Symlinking /home/thulson/catkin_ws/devel/share/roseus/ros/mybuddy_communication/srv/GetCoords.l
Symlinking /home/thulson/catkin_ws/devel/share/roseus/ros/mybuddy_communication/srv/GripperStatus.l
Symlinking /home/thulson/catkin_ws/devel/share/roseus/ros/mybuddy_communication/srv/SetAngles.l
Symlinking /home/thulson/catkin_ws/devel/share/roseus/ros/mybuddy_communication/srv/SetCoords.l
Symlinking /home/thulson/catkin_ws/devel/share/roseus/ros/mybuddy_communication/srv/PumpStatus.l
Symlinking /home/thulson/catkin_ws/devel/share/roseus/ros/mybuddy_communication/msg/MybuddySetCoords.l
Symlinking /home/thulson/catkin_ws/devel/share/roseus/ros/mybuddy_communication/msg/MybuddyCoords.l
Symlinking /home/thulson/catkin_ws/devel/share/roseus/ros/mybuddy_communication/msg/MybuddyPumpStatus.l
Symlinking /home/thulson/catkin_ws/devel/share/roseus/ros/mybuddy_communication/msg/MybuddySetAngles.l
Symlinking /home/thulson/catkin_ws/devel/share/roseus/ros/mybuddy_communication/msg/MybuddyAngles.l
Symlinking /home/thulson/catkin_ws/devel/share/roseus/ros/mybuddy_communication/msg/MybuddyGripperStatus.l
Symlinking /home/thulson/catkin_ws/devel/share/gennodejs/ros/mybuddy_communication/_index.js
Symlinking /home/thulson/catkin_ws/devel/share/gennodejs/ros/mybuddy_communication/srv/GetAngles.js
Symlinking /home/thulson/catkin_ws/devel/share/gennodejs/ros/mybuddy_communication/srv/_index.js
Symlinking /home/thulson/catkin_ws/devel/share/gennodejs/ros/mybuddy_communication/srv/SetAngles.js
Symlinking /home/thulson/catkin_ws/devel/share/gennodejs/ros/mybuddy_communication/srv/GetCoords.js
Symlinking /home/thulson/catkin_ws/devel/share/gennodejs/ros/mybuddy_communication/srv/SetCoords.js
Symlinking /home/thulson/catkin_ws/devel/share/gennodejs/ros/mybuddy_communication/srv/PumpStatus.js
Symlinking /home/thulson/catkin_ws/devel/share/gennodejs/ros/mybuddy_communication/srv/GripperStatus.js
Symlinking /home/thulson/catkin_ws/devel/share/gennodejs/ros/mybuddy_communication/msg/MybuddyGripperStatus.js
Symlinking /home/thulson/catkin_ws/devel/share/gennodejs/ros/mybuddy_communication/msg/_index.js
Symlinking /home/thulson/catkin_ws/devel/share/gennodejs/ros/mybuddy_communication/msg/MybuddyPumpStatus.js
Symlinking /home/thulson/catkin_ws/devel/share/gennodejs/ros/mybuddy_communication/msg/MybuddySetCoords.js
Symlinking /home/thulson/catkin_ws/devel/share/gennodejs/ros/mybuddy_communication/msg/MybuddyCoords.js
Symlinking /home/thulson/catkin_ws/devel/share/gennodejs/ros/mybuddy_communication/msg/MybuddySetAngles.js
Symlinking /home/thulson/catkin_ws/devel/share/gennodejs/ros/mybuddy_communication/msg/MybuddyAngles.js
