[0.596s] Invoking command in '/home/tyler/colcon_ws/build/mycobot_communication': PYTHONPATH=/home/tyler/colcon_ws/build/mycobot_communication/prefix_override:/home/tyler/colcon_ws/install/mycobot_communication/lib/python3.10/site-packages:${PYTHONPATH} /usr/bin/python3 setup.py develop --uninstall --editable --build-directory /home/tyler/colcon_ws/build/mycobot_communication/build
[0.831s] /usr/lib/python3/dist-packages/setuptools/dist.py:723: UserWarning: Usage of dash-separated 'script-dir' will not be supported in future versions. Please use the underscore name 'script_dir' instead
[0.831s]   warnings.warn(
[0.854s] running develop
[0.855s] /usr/lib/python3/dist-packages/setuptools/command/easy_install.py:158: EasyInstallDeprecationWarning: easy_install command is deprecated. Use build and pip and other standards-based tools.
[0.855s]   warnings.warn(
[0.856s] /usr/lib/python3/dist-packages/setuptools/command/install.py:34: SetuptoolsDeprecationWarning: setup.py install is deprecated. Use build and pip and other standards-based tools.
[0.856s]   warnings.warn(
[0.914s] /usr/lib/python3/dist-packages/pkg_resources/__init__.py:116: PkgResourcesDeprecationWarning: 0.1.43ubuntu1 is an invalid version and will not be supported in a future release
[0.914s]   warnings.warn(
[0.914s] /usr/lib/python3/dist-packages/pkg_resources/__init__.py:116: PkgResourcesDeprecationWarning: 1.1build1 is an invalid version and will not be supported in a future release
[0.914s]   warnings.warn(
[1.017s] Removing /home/tyler/colcon_ws/install/mycobot_communication/lib/python3.10/site-packages/mycobot-communication.egg-link (link to .)
[1.044s] Invoked command in '/home/tyler/colcon_ws/build/mycobot_communication' returned '0': PYTHONPATH=/home/tyler/colcon_ws/build/mycobot_communication/prefix_override:/home/tyler/colcon_ws/install/mycobot_communication/lib/python3.10/site-packages:${PYTHONPATH} /usr/bin/python3 setup.py develop --uninstall --editable --build-directory /home/tyler/colcon_ws/build/mycobot_communication/build
[1.045s] Invoking command in '/home/tyler/colcon_ws/src/mycobot_ros2/mycobot_communication': PYTHONPATH=/home/tyler/colcon_ws/build/mycobot_communication/prefix_override:/home/tyler/colcon_ws/install/mycobot_communication/lib/python3.10/site-packages:${PYTHONPATH} /usr/bin/python3 setup.py egg_info --egg-base ../../../build/mycobot_communication build --build-base /home/tyler/colcon_ws/build/mycobot_communication/build install --record /home/tyler/colcon_ws/build/mycobot_communication/install.log --install-scripts $base/lib/mycobot_communication --single-version-externally-managed
[1.270s] /usr/lib/python3/dist-packages/setuptools/dist.py:723: UserWarning: Usage of dash-separated 'script-dir' will not be supported in future versions. Please use the underscore name 'script_dir' instead
[1.270s]   warnings.warn(
[1.278s] running egg_info
[1.279s] writing ../../../build/mycobot_communication/mycobot_communication.egg-info/PKG-INFO
[1.280s] writing dependency_links to ../../../build/mycobot_communication/mycobot_communication.egg-info/dependency_links.txt
[1.280s] writing entry points to ../../../build/mycobot_communication/mycobot_communication.egg-info/entry_points.txt
[1.280s] writing requirements to ../../../build/mycobot_communication/mycobot_communication.egg-info/requires.txt
[1.280s] writing top-level names to ../../../build/mycobot_communication/mycobot_communication.egg-info/top_level.txt
[1.282s] reading manifest file '../../../build/mycobot_communication/mycobot_communication.egg-info/SOURCES.txt'
[1.282s] adding license file 'LICENSE'
[1.283s] writing manifest file '../../../build/mycobot_communication/mycobot_communication.egg-info/SOURCES.txt'
[1.283s] running build
[1.283s] running build_py
[1.283s] creating /home/tyler/colcon_ws/build/mycobot_communication/build
[1.283s] creating /home/tyler/colcon_ws/build/mycobot_communication/build/lib
[1.284s] creating /home/tyler/colcon_ws/build/mycobot_communication/build/lib/mycobot_communication
[1.284s] copying mycobot_communication/mycobot_topics_jsnn.py -> /home/tyler/colcon_ws/build/mycobot_communication/build/lib/mycobot_communication
[1.284s] copying mycobot_communication/mycobot_topics_pi.py -> /home/tyler/colcon_ws/build/mycobot_communication/build/lib/mycobot_communication
[1.284s] copying mycobot_communication/mycobot_topics.py -> /home/tyler/colcon_ws/build/mycobot_communication/build/lib/mycobot_communication
[1.284s] copying mycobot_communication/__init__.py -> /home/tyler/colcon_ws/build/mycobot_communication/build/lib/mycobot_communication
[1.284s] copying mycobot_communication/mycobot_services.py -> /home/tyler/colcon_ws/build/mycobot_communication/build/lib/mycobot_communication
[1.284s] copying mycobot_communication/mycobot_topics_seeed.py -> /home/tyler/colcon_ws/build/mycobot_communication/build/lib/mycobot_communication
[1.284s] running install
[1.284s] /usr/lib/python3/dist-packages/setuptools/command/install.py:34: SetuptoolsDeprecationWarning: setup.py install is deprecated. Use build and pip and other standards-based tools.
[1.284s]   warnings.warn(
[1.285s] running install_lib
[1.285s] creating /home/tyler/colcon_ws/install/mycobot_communication/lib/python3.10/site-packages/mycobot_communication
[1.285s] copying /home/tyler/colcon_ws/build/mycobot_communication/build/lib/mycobot_communication/mycobot_topics_jsnn.py -> /home/tyler/colcon_ws/install/mycobot_communication/lib/python3.10/site-packages/mycobot_communication
[1.285s] copying /home/tyler/colcon_ws/build/mycobot_communication/build/lib/mycobot_communication/mycobot_topics_pi.py -> /home/tyler/colcon_ws/install/mycobot_communication/lib/python3.10/site-packages/mycobot_communication
[1.286s] copying /home/tyler/colcon_ws/build/mycobot_communication/build/lib/mycobot_communication/mycobot_topics.py -> /home/tyler/colcon_ws/install/mycobot_communication/lib/python3.10/site-packages/mycobot_communication
[1.286s] copying /home/tyler/colcon_ws/build/mycobot_communication/build/lib/mycobot_communication/__init__.py -> /home/tyler/colcon_ws/install/mycobot_communication/lib/python3.10/site-packages/mycobot_communication
[1.286s] copying /home/tyler/colcon_ws/build/mycobot_communication/build/lib/mycobot_communication/mycobot_services.py -> /home/tyler/colcon_ws/install/mycobot_communication/lib/python3.10/site-packages/mycobot_communication
[1.286s] copying /home/tyler/colcon_ws/build/mycobot_communication/build/lib/mycobot_communication/mycobot_topics_seeed.py -> /home/tyler/colcon_ws/install/mycobot_communication/lib/python3.10/site-packages/mycobot_communication
[1.286s] byte-compiling /home/tyler/colcon_ws/install/mycobot_communication/lib/python3.10/site-packages/mycobot_communication/mycobot_topics_jsnn.py to mycobot_topics_jsnn.cpython-310.pyc
[1.287s] byte-compiling /home/tyler/colcon_ws/install/mycobot_communication/lib/python3.10/site-packages/mycobot_communication/mycobot_topics_pi.py to mycobot_topics_pi.cpython-310.pyc
[1.289s] byte-compiling /home/tyler/colcon_ws/install/mycobot_communication/lib/python3.10/site-packages/mycobot_communication/mycobot_topics.py to mycobot_topics.cpython-310.pyc
[1.290s] byte-compiling /home/tyler/colcon_ws/install/mycobot_communication/lib/python3.10/site-packages/mycobot_communication/__init__.py to __init__.cpython-310.pyc
[1.290s] byte-compiling /home/tyler/colcon_ws/install/mycobot_communication/lib/python3.10/site-packages/mycobot_communication/mycobot_services.py to mycobot_services.cpython-310.pyc
[1.291s] byte-compiling /home/tyler/colcon_ws/install/mycobot_communication/lib/python3.10/site-packages/mycobot_communication/mycobot_topics_seeed.py to mycobot_topics_seeed.cpython-310.pyc
[1.293s] running install_data
[1.294s] running install_egg_info
[1.295s] Copying ../../../build/mycobot_communication/mycobot_communication.egg-info to /home/tyler/colcon_ws/install/mycobot_communication/lib/python3.10/site-packages/mycobot_communication-0.0.0-py3.10.egg-info
[1.296s] running install_scripts
[1.317s] Installing mycobot_services script to /home/tyler/colcon_ws/install/mycobot_communication/lib/mycobot_communication
[1.317s] Installing mycobot_topics script to /home/tyler/colcon_ws/install/mycobot_communication/lib/mycobot_communication
[1.317s] Installing mycobot_topics_jsnn script to /home/tyler/colcon_ws/install/mycobot_communication/lib/mycobot_communication
[1.317s] Installing mycobot_topics_pi script to /home/tyler/colcon_ws/install/mycobot_communication/lib/mycobot_communication
[1.317s] Installing mycobot_topics_seeed script to /home/tyler/colcon_ws/install/mycobot_communication/lib/mycobot_communication
[1.317s] writing list of installed files to '/home/tyler/colcon_ws/build/mycobot_communication/install.log'
[1.342s] Invoked command in '/home/tyler/colcon_ws/src/mycobot_ros2/mycobot_communication' returned '0': PYTHONPATH=/home/tyler/colcon_ws/build/mycobot_communication/prefix_override:/home/tyler/colcon_ws/install/mycobot_communication/lib/python3.10/site-packages:${PYTHONPATH} /usr/bin/python3 setup.py egg_info --egg-base ../../../build/mycobot_communication build --build-base /home/tyler/colcon_ws/build/mycobot_communication/build install --record /home/tyler/colcon_ws/build/mycobot_communication/install.log --install-scripts $base/lib/mycobot_communication --single-version-externally-managed
