running develop
running egg_info
creating mycobot_communication.egg-info
writing mycobot_communication.egg-info/PKG-INFO
writing dependency_links to mycobot_communication.egg-info/dependency_links.txt
writing entry points to mycobot_communication.egg-info/entry_points.txt
writing requirements to mycobot_communication.egg-info/requires.txt
writing top-level names to mycobot_communication.egg-info/top_level.txt
writing manifest file 'mycobot_communication.egg-info/SOURCES.txt'
reading manifest file 'mycobot_communication.egg-info/SOURCES.txt'
writing manifest file 'mycobot_communication.egg-info/SOURCES.txt'
running build_ext
Creating /home/tyler/colcon_ws/install/mycobot_communication/lib/python3.10/site-packages/mycobot-communication.egg-link (link to .)
Installing mycobot_services script to /home/tyler/colcon_ws/install/mycobot_communication/lib/mycobot_communication
Installing mycobot_topics script to /home/tyler/colcon_ws/install/mycobot_communication/lib/mycobot_communication
Installing mycobot_topics_jsnn script to /home/tyler/colcon_ws/install/mycobot_communication/lib/mycobot_communication
Installing mycobot_topics_pi script to /home/tyler/colcon_ws/install/mycobot_communication/lib/mycobot_communication
Installing mycobot_topics_seeed script to /home/tyler/colcon_ws/install/mycobot_communication/lib/mycobot_communication

Installed /home/tyler/colcon_ws/build/mycobot_communication
running install_data
creating /home/tyler/colcon_ws/install/mycobot_communication/share/ament_index
creating /home/tyler/colcon_ws/install/mycobot_communication/share/ament_index/resource_index
creating /home/tyler/colcon_ws/install/mycobot_communication/share/ament_index/resource_index/packages
copying resource/mycobot_communication -> /home/tyler/colcon_ws/install/mycobot_communication/share/ament_index/resource_index/packages
copying package.xml -> /home/tyler/colcon_ws/install/mycobot_communication/share/mycobot_communication
creating /home/tyler/colcon_ws/install/mycobot_communication/share/mycobot_communication/launch
copying launch/communication_topic_pi.launch.py -> /home/tyler/colcon_ws/install/mycobot_communication/share/mycobot_communication/launch
copying launch/communication_seeed.launch.py -> /home/tyler/colcon_ws/install/mycobot_communication/share/mycobot_communication/launch
copying launch/communication_service.launch.py -> /home/tyler/colcon_ws/install/mycobot_communication/share/mycobot_communication/launch
copying launch/communication_topic.launch.py -> /home/tyler/colcon_ws/install/mycobot_communication/share/mycobot_communication/launch
copying launch/communication_jsnn.launch.py -> /home/tyler/colcon_ws/install/mycobot_communication/share/mycobot_communication/launch
