running develop
running egg_info
creating mycobot_280pi.egg-info
writing mycobot_280pi.egg-info/PKG-INFO
writing dependency_links to mycobot_280pi.egg-info/dependency_links.txt
writing entry points to mycobot_280pi.egg-info/entry_points.txt
writing requirements to mycobot_280pi.egg-info/requires.txt
writing top-level names to mycobot_280pi.egg-info/top_level.txt
writing manifest file 'mycobot_280pi.egg-info/SOURCES.txt'
reading manifest file 'mycobot_280pi.egg-info/SOURCES.txt'
writing manifest file 'mycobot_280pi.egg-info/SOURCES.txt'
running build_ext
Creating /home/tyler/Documents/Github/280-M5_ROS/colcon_ws/install/mycobot_280pi/lib/python3.10/site-packages/mycobot-280pi.egg-link (link to .)
Installing camera_display script to /home/tyler/Documents/Github/280-M5_ROS/colcon_ws/install/mycobot_280pi/lib/mycobot_280pi
Installing detect_marker script to /home/tyler/Documents/Github/280-M5_ROS/colcon_ws/install/mycobot_280pi/lib/mycobot_280pi
Installing follow_display script to /home/tyler/Documents/Github/280-M5_ROS/colcon_ws/install/mycobot_280pi/lib/mycobot_280pi
Installing following_marker script to /home/tyler/Documents/Github/280-M5_ROS/colcon_ws/install/mycobot_280pi/lib/mycobot_280pi
Installing listen_real script to /home/tyler/Documents/Github/280-M5_ROS/colcon_ws/install/mycobot_280pi/lib/mycobot_280pi
Installing listen_real_of_topic script to /home/tyler/Documents/Github/280-M5_ROS/colcon_ws/install/mycobot_280pi/lib/mycobot_280pi
Installing opencv_camera script to /home/tyler/Documents/Github/280-M5_ROS/colcon_ws/install/mycobot_280pi/lib/mycobot_280pi
Installing simple_gui script to /home/tyler/Documents/Github/280-M5_ROS/colcon_ws/install/mycobot_280pi/lib/mycobot_280pi
Installing slider_control script to /home/tyler/Documents/Github/280-M5_ROS/colcon_ws/install/mycobot_280pi/lib/mycobot_280pi
Installing teleop_keyboard script to /home/tyler/Documents/Github/280-M5_ROS/colcon_ws/install/mycobot_280pi/lib/mycobot_280pi

Installed /home/tyler/Documents/Github/280-M5_ROS/colcon_ws/build/mycobot_280pi
running install_data
creating /home/tyler/Documents/Github/280-M5_ROS/colcon_ws/install/mycobot_280pi/share/ament_index
creating /home/tyler/Documents/Github/280-M5_ROS/colcon_ws/install/mycobot_280pi/share/ament_index/resource_index
creating /home/tyler/Documents/Github/280-M5_ROS/colcon_ws/install/mycobot_280pi/share/ament_index/resource_index/packages
copying resource/mycobot_280pi -> /home/tyler/Documents/Github/280-M5_ROS/colcon_ws/install/mycobot_280pi/share/ament_index/resource_index/packages
copying package.xml -> /home/tyler/Documents/Github/280-M5_ROS/colcon_ws/install/mycobot_280pi/share/mycobot_280pi
creating /home/tyler/Documents/Github/280-M5_ROS/colcon_ws/install/mycobot_280pi/share/mycobot_280pi/launch
copying launch/simple_gui.launch.py -> /home/tyler/Documents/Github/280-M5_ROS/colcon_ws/install/mycobot_280pi/share/mycobot_280pi/launch
copying launch/detect_marker.launch.py -> /home/tyler/Documents/Github/280-M5_ROS/colcon_ws/install/mycobot_280pi/share/mycobot_280pi/launch
copying launch/teleop_keyboard.launch.py -> /home/tyler/Documents/Github/280-M5_ROS/colcon_ws/install/mycobot_280pi/share/mycobot_280pi/launch
copying launch/test.launch.py -> /home/tyler/Documents/Github/280-M5_ROS/colcon_ws/install/mycobot_280pi/share/mycobot_280pi/launch
copying launch/mycobot_follow.launch.py -> /home/tyler/Documents/Github/280-M5_ROS/colcon_ws/install/mycobot_280pi/share/mycobot_280pi/launch
copying launch/detect_marker_with_topic.launch.py -> /home/tyler/Documents/Github/280-M5_ROS/colcon_ws/install/mycobot_280pi/share/mycobot_280pi/launch
copying launch/slider_control.launch.py -> /home/tyler/Documents/Github/280-M5_ROS/colcon_ws/install/mycobot_280pi/share/mycobot_280pi/launch
creating /home/tyler/Documents/Github/280-M5_ROS/colcon_ws/install/mycobot_280pi/share/mycobot_280pi/config
copying config/mycobot_pi.rviz -> /home/tyler/Documents/Github/280-M5_ROS/colcon_ws/install/mycobot_280pi/share/mycobot_280pi/config
copying config/mycobot_with_marker.rviz -> /home/tyler/Documents/Github/280-M5_ROS/colcon_ws/install/mycobot_280pi/share/mycobot_280pi/config
