[1.132s] Invoking command in '/home/tyler/Documents/Github/280-M5_ROS/colcon_ws/build/mypalletizer_communication': AMENT_PREFIX_PATH=/home/tyler/Documents/Github/280-M5_ROS/colcon_ws/install/mypalletizer_interfaces:${AMENT_PREFIX_PATH} CMAKE_PREFIX_PATH=/home/tyler/Documents/Github/280-M5_ROS/colcon_ws/install/mypalletizer_interfaces:${CMAKE_PREFIX_PATH} LD_LIBRARY_PATH=/home/tyler/Documents/Github/280-M5_ROS/colcon_ws/install/mypalletizer_interfaces/lib:${LD_LIBRARY_PATH} PYTHONPATH=/home/tyler/Documents/Github/280-M5_ROS/colcon_ws/build/mypalletizer_communication/prefix_override:/home/tyler/Documents/Github/280-M5_ROS/colcon_ws/install/mypalletizer_communication/lib/python3.10/site-packages:/home/tyler/Documents/Github/280-M5_ROS/colcon_ws/install/mypalletizer_interfaces/local/lib/python3.10/dist-packages:${PYTHONPATH} /usr/bin/python3 setup.py develop --editable --build-directory /home/tyler/Documents/Github/280-M5_ROS/colcon_ws/build/mypalletizer_communication/build --no-deps install_data
[1.417s] /usr/lib/python3/dist-packages/setuptools/dist.py:723: UserWarning: Usage of dash-separated 'script-dir' will not be supported in future versions. Please use the underscore name 'script_dir' instead
[1.417s]   warnings.warn(
[1.451s] running develop
[1.451s] /usr/lib/python3/dist-packages/setuptools/command/easy_install.py:158: EasyInstallDeprecationWarning: easy_install command is deprecated. Use build and pip and other standards-based tools.
[1.451s]   warnings.warn(
[1.453s] /usr/lib/python3/dist-packages/setuptools/command/install.py:34: SetuptoolsDeprecationWarning: setup.py install is deprecated. Use build and pip and other standards-based tools.
[1.453s]   warnings.warn(
[1.532s] /usr/lib/python3/dist-packages/pkg_resources/__init__.py:116: PkgResourcesDeprecationWarning: 0.1.43ubuntu1 is an invalid version and will not be supported in a future release
[1.532s]   warnings.warn(
[1.533s] /usr/lib/python3/dist-packages/pkg_resources/__init__.py:116: PkgResourcesDeprecationWarning: 1.1build1 is an invalid version and will not be supported in a future release
[1.533s]   warnings.warn(
[1.684s] running egg_info
[1.684s] creating mypalletizer_communication.egg-info
[1.684s] writing mypalletizer_communication.egg-info/PKG-INFO
[1.684s] writing dependency_links to mypalletizer_communication.egg-info/dependency_links.txt
[1.685s] writing entry points to mypalletizer_communication.egg-info/entry_points.txt
[1.685s] writing requirements to mypalletizer_communication.egg-info/requires.txt
[1.685s] writing top-level names to mypalletizer_communication.egg-info/top_level.txt
[1.685s] writing manifest file 'mypalletizer_communication.egg-info/SOURCES.txt'
[1.687s] reading manifest file 'mypalletizer_communication.egg-info/SOURCES.txt'
[1.687s] writing manifest file 'mypalletizer_communication.egg-info/SOURCES.txt'
[1.689s] running build_ext
[1.689s] Creating /home/tyler/Documents/Github/280-M5_ROS/colcon_ws/install/mypalletizer_communication/lib/python3.10/site-packages/mypalletizer-communication.egg-link (link to .)
[1.690s] Installing mypalletizer_services script to /home/tyler/Documents/Github/280-M5_ROS/colcon_ws/install/mypalletizer_communication/lib/mypalletizer_communication
[1.690s] Installing mypalletizer_topics script to /home/tyler/Documents/Github/280-M5_ROS/colcon_ws/install/mypalletizer_communication/lib/mypalletizer_communication
[1.690s] Installing mypalletizer_topics_seeed script to /home/tyler/Documents/Github/280-M5_ROS/colcon_ws/install/mypalletizer_communication/lib/mypalletizer_communication
[1.691s] 
[1.691s] Installed /home/tyler/Documents/Github/280-M5_ROS/colcon_ws/build/mypalletizer_communication
[1.691s] running install_data
[1.691s] creating /home/tyler/Documents/Github/280-M5_ROS/colcon_ws/install/mypalletizer_communication/share/ament_index
[1.691s] creating /home/tyler/Documents/Github/280-M5_ROS/colcon_ws/install/mypalletizer_communication/share/ament_index/resource_index
[1.691s] creating /home/tyler/Documents/Github/280-M5_ROS/colcon_ws/install/mypalletizer_communication/share/ament_index/resource_index/packages
[1.691s] copying resource/mypalletizer_communication -> /home/tyler/Documents/Github/280-M5_ROS/colcon_ws/install/mypalletizer_communication/share/ament_index/resource_index/packages
[1.691s] copying package.xml -> /home/tyler/Documents/Github/280-M5_ROS/colcon_ws/install/mypalletizer_communication/share/mypalletizer_communication
[1.691s] creating /home/tyler/Documents/Github/280-M5_ROS/colcon_ws/install/mypalletizer_communication/share/mypalletizer_communication/launch
[1.692s] copying launch/communication_topic_pi.launch.py -> /home/tyler/Documents/Github/280-M5_ROS/colcon_ws/install/mypalletizer_communication/share/mypalletizer_communication/launch
[1.692s] copying launch/communication_seeed.launch.py -> /home/tyler/Documents/Github/280-M5_ROS/colcon_ws/install/mypalletizer_communication/share/mypalletizer_communication/launch
[1.692s] copying launch/communication_service.launch.py -> /home/tyler/Documents/Github/280-M5_ROS/colcon_ws/install/mypalletizer_communication/share/mypalletizer_communication/launch
[1.692s] copying launch/communication_topic.launch.py -> /home/tyler/Documents/Github/280-M5_ROS/colcon_ws/install/mypalletizer_communication/share/mypalletizer_communication/launch
[1.729s] Invoked command in '/home/tyler/Documents/Github/280-M5_ROS/colcon_ws/build/mypalletizer_communication' returned '0': AMENT_PREFIX_PATH=/home/tyler/Documents/Github/280-M5_ROS/colcon_ws/install/mypalletizer_interfaces:${AMENT_PREFIX_PATH} CMAKE_PREFIX_PATH=/home/tyler/Documents/Github/280-M5_ROS/colcon_ws/install/mypalletizer_interfaces:${CMAKE_PREFIX_PATH} LD_LIBRARY_PATH=/home/tyler/Documents/Github/280-M5_ROS/colcon_ws/install/mypalletizer_interfaces/lib:${LD_LIBRARY_PATH} PYTHONPATH=/home/tyler/Documents/Github/280-M5_ROS/colcon_ws/build/mypalletizer_communication/prefix_override:/home/tyler/Documents/Github/280-M5_ROS/colcon_ws/install/mypalletizer_communication/lib/python3.10/site-packages:/home/tyler/Documents/Github/280-M5_ROS/colcon_ws/install/mypalletizer_interfaces/local/lib/python3.10/dist-packages:${PYTHONPATH} /usr/bin/python3 setup.py develop --editable --build-directory /home/tyler/Documents/Github/280-M5_ROS/colcon_ws/build/mypalletizer_communication/build --no-deps install_data
