[0.609s] Invoking command in '/home/tyler/Documents/Github/280-M5_ROS/launch_ws/src/py_launch_example': PYTHONPATH=/home/tyler/Documents/Github/280-M5_ROS/launch_ws/build/py_launch_example/prefix_override:/home/tyler/Documents/Github/280-M5_ROS/launch_ws/install/py_launch_example/lib/python3.10/site-packages:${PYTHONPATH} /usr/bin/python3 setup.py egg_info --egg-base ../../build/py_launch_example build --build-base /home/tyler/Documents/Github/280-M5_ROS/launch_ws/build/py_launch_example/build install --record /home/tyler/Documents/Github/280-M5_ROS/launch_ws/build/py_launch_example/install.log --single-version-externally-managed
[0.837s] running egg_info
[0.837s] creating ../../build/py_launch_example/py_launch_example.egg-info
[0.837s] writing ../../build/py_launch_example/py_launch_example.egg-info/PKG-INFO
[0.838s] writing dependency_links to ../../build/py_launch_example/py_launch_example.egg-info/dependency_links.txt
[0.838s] writing entry points to ../../build/py_launch_example/py_launch_example.egg-info/entry_points.txt
[0.838s] writing requirements to ../../build/py_launch_example/py_launch_example.egg-info/requires.txt
[0.838s] writing top-level names to ../../build/py_launch_example/py_launch_example.egg-info/top_level.txt
[0.838s] writing manifest file '../../build/py_launch_example/py_launch_example.egg-info/SOURCES.txt'
[0.839s] reading manifest file '../../build/py_launch_example/py_launch_example.egg-info/SOURCES.txt'
[0.841s] writing manifest file '../../build/py_launch_example/py_launch_example.egg-info/SOURCES.txt'
[0.841s] running build
[0.841s] running build_py
[0.841s] creating /home/tyler/Documents/Github/280-M5_ROS/launch_ws/build/py_launch_example/build
[0.841s] creating /home/tyler/Documents/Github/280-M5_ROS/launch_ws/build/py_launch_example/build/lib
[0.842s] creating /home/tyler/Documents/Github/280-M5_ROS/launch_ws/build/py_launch_example/build/lib/py_launch_example
[0.842s] copying py_launch_example/__init__.py -> /home/tyler/Documents/Github/280-M5_ROS/launch_ws/build/py_launch_example/build/lib/py_launch_example
[0.842s] running install
[0.842s] /usr/lib/python3/dist-packages/setuptools/command/install.py:34: SetuptoolsDeprecationWarning: setup.py install is deprecated. Use build and pip and other standards-based tools.
[0.842s]   warnings.warn(
[0.842s] running install_lib
[0.844s] creating /home/tyler/Documents/Github/280-M5_ROS/launch_ws/install/py_launch_example/lib/python3.10/site-packages/py_launch_example
[0.844s] copying /home/tyler/Documents/Github/280-M5_ROS/launch_ws/build/py_launch_example/build/lib/py_launch_example/__init__.py -> /home/tyler/Documents/Github/280-M5_ROS/launch_ws/install/py_launch_example/lib/python3.10/site-packages/py_launch_example
[0.845s] byte-compiling /home/tyler/Documents/Github/280-M5_ROS/launch_ws/install/py_launch_example/lib/python3.10/site-packages/py_launch_example/__init__.py to __init__.cpython-310.pyc
[0.845s] running install_data
[0.845s] creating /home/tyler/Documents/Github/280-M5_ROS/launch_ws/install/py_launch_example/share/ament_index
[0.845s] creating /home/tyler/Documents/Github/280-M5_ROS/launch_ws/install/py_launch_example/share/ament_index/resource_index
[0.845s] creating /home/tyler/Documents/Github/280-M5_ROS/launch_ws/install/py_launch_example/share/ament_index/resource_index/packages
[0.845s] copying resource/py_launch_example -> /home/tyler/Documents/Github/280-M5_ROS/launch_ws/install/py_launch_example/share/ament_index/resource_index/packages
[0.846s] copying package.xml -> /home/tyler/Documents/Github/280-M5_ROS/launch_ws/install/py_launch_example/share/py_launch_example
[0.846s] running install_egg_info
[0.847s] Copying ../../build/py_launch_example/py_launch_example.egg-info to /home/tyler/Documents/Github/280-M5_ROS/launch_ws/install/py_launch_example/lib/python3.10/site-packages/py_launch_example-0.0.0-py3.10.egg-info
[0.847s] running install_scripts
[0.866s] writing list of installed files to '/home/tyler/Documents/Github/280-M5_ROS/launch_ws/build/py_launch_example/install.log'
[0.890s] Invoked command in '/home/tyler/Documents/Github/280-M5_ROS/launch_ws/src/py_launch_example' returned '0': PYTHONPATH=/home/tyler/Documents/Github/280-M5_ROS/launch_ws/build/py_launch_example/prefix_override:/home/tyler/Documents/Github/280-M5_ROS/launch_ws/install/py_launch_example/lib/python3.10/site-packages:${PYTHONPATH} /usr/bin/python3 setup.py egg_info --egg-base ../../build/py_launch_example build --build-base /home/tyler/Documents/Github/280-M5_ROS/launch_ws/build/py_launch_example/build install --record /home/tyler/Documents/Github/280-M5_ROS/launch_ws/build/py_launch_example/install.log --single-version-externally-managed
