Symlinking /home/thulson/catkin_ws/devel/lib/python3/dist-packages/mypalletizer_communication/__init__.py
Symlinking /home/thulson/catkin_ws/devel/lib/python3/dist-packages/mypalletizer_communication/srv/_SetAngles.py
Symlinking /home/thulson/catkin_ws/devel/lib/python3/dist-packages/mypalletizer_communication/srv/_GetCoords.py
Symlinking /home/thulson/catkin_ws/devel/lib/python3/dist-packages/mypalletizer_communication/srv/_GripperStatus.py
Symlinking /home/thulson/catkin_ws/devel/lib/python3/dist-packages/mypalletizer_communication/srv/_SetCoords.py
Symlinking /home/thulson/catkin_ws/devel/lib/python3/dist-packages/mypalletizer_communication/srv/_PumpStatus.py
Symlinking /home/thulson/catkin_ws/devel/lib/python3/dist-packages/mypalletizer_communication/srv/_GetAngles.py
Symlinking /home/thulson/catkin_ws/devel/lib/python3/dist-packages/mypalletizer_communication/srv/__init__.py
Symlinking /home/thulson/catkin_ws/devel/lib/python3/dist-packages/mypalletizer_communication/msg/_MypalSetAngles.py
Symlinking /home/thulson/catkin_ws/devel/lib/python3/dist-packages/mypalletizer_communication/msg/_MypalAngles.py
Symlinking /home/thulson/catkin_ws/devel/lib/python3/dist-packages/mypalletizer_communication/msg/_MypalCoords.py
Symlinking /home/thulson/catkin_ws/devel/lib/python3/dist-packages/mypalletizer_communication/msg/_MypalGripperStatus.py
Symlinking /home/thulson/catkin_ws/devel/lib/python3/dist-packages/mypalletizer_communication/msg/_MypalSetCoords.py
Symlinking /home/thulson/catkin_ws/devel/lib/python3/dist-packages/mypalletizer_communication/msg/__init__.py
Symlinking /home/thulson/catkin_ws/devel/lib/python3/dist-packages/mypalletizer_communication/msg/_MypalPumpStatus.py
Symlinking /home/thulson/catkin_ws/devel/lib/pkgconfig/mypalletizer_communication.pc
Symlinking /home/thulson/catkin_ws/devel/lib/mypalletizer_communication/mypal_services.py
Symlinking /home/thulson/catkin_ws/devel/lib/mypalletizer_communication/cmake.lock
Symlinking /home/thulson/catkin_ws/devel/lib/mypalletizer_communication/mypal_topics.py
Symlinking /home/thulson/catkin_ws/devel/include/mypalletizer_communication/SetAnglesResponse.h
Symlinking /home/thulson/catkin_ws/devel/include/mypalletizer_communication/GetCoordsResponse.h
Symlinking /home/thulson/catkin_ws/devel/include/mypalletizer_communication/MypalSetAngles.h
Symlinking /home/thulson/catkin_ws/devel/include/mypalletizer_communication/PumpStatusRequest.h
Symlinking /home/thulson/catkin_ws/devel/include/mypalletizer_communication/SetCoords.h
Symlinking /home/thulson/catkin_ws/devel/include/mypalletizer_communication/GetAnglesRequest.h
Symlinking /home/thulson/catkin_ws/devel/include/mypalletizer_communication/GetCoords.h
Symlinking /home/thulson/catkin_ws/devel/include/mypalletizer_communication/GripperStatus.h
Symlinking /home/thulson/catkin_ws/devel/include/mypalletizer_communication/MypalCoords.h
Symlinking /home/thulson/catkin_ws/devel/include/mypalletizer_communication/PumpStatus.h
Symlinking /home/thulson/catkin_ws/devel/include/mypalletizer_communication/SetAnglesRequest.h
Symlinking /home/thulson/catkin_ws/devel/include/mypalletizer_communication/GetAngles.h
Symlinking /home/thulson/catkin_ws/devel/include/mypalletizer_communication/SetCoordsRequest.h
Symlinking /home/thulson/catkin_ws/devel/include/mypalletizer_communication/GripperStatusRequest.h
Symlinking /home/thulson/catkin_ws/devel/include/mypalletizer_communication/MypalSetCoords.h
Symlinking /home/thulson/catkin_ws/devel/include/mypalletizer_communication/GetCoordsRequest.h
Symlinking /home/thulson/catkin_ws/devel/include/mypalletizer_communication/SetCoordsResponse.h
Symlinking /home/thulson/catkin_ws/devel/include/mypalletizer_communication/GetAnglesResponse.h
Symlinking /home/thulson/catkin_ws/devel/include/mypalletizer_communication/MypalAngles.h
Symlinking /home/thulson/catkin_ws/devel/include/mypalletizer_communication/MypalPumpStatus.h
Symlinking /home/thulson/catkin_ws/devel/include/mypalletizer_communication/MypalGripperStatus.h
Symlinking /home/thulson/catkin_ws/devel/include/mypalletizer_communication/PumpStatusResponse.h
Symlinking /home/thulson/catkin_ws/devel/include/mypalletizer_communication/GripperStatusResponse.h
Symlinking /home/thulson/catkin_ws/devel/include/mypalletizer_communication/SetAngles.h
Symlinking /home/thulson/catkin_ws/devel/share/common-lisp/ros/mypalletizer_communication/srv/_package_PumpStatus.lisp
Symlinking /home/thulson/catkin_ws/devel/share/common-lisp/ros/mypalletizer_communication/srv/_package_SetAngles.lisp
Symlinking /home/thulson/catkin_ws/devel/share/common-lisp/ros/mypalletizer_communication/srv/SetAngles.lisp
Symlinking /home/thulson/catkin_ws/devel/share/common-lisp/ros/mypalletizer_communication/srv/_package_GetAngles.lisp
Symlinking /home/thulson/catkin_ws/devel/share/common-lisp/ros/mypalletizer_communication/srv/_package.lisp
Symlinking /home/thulson/catkin_ws/devel/share/common-lisp/ros/mypalletizer_communication/srv/GripperStatus.lisp
Symlinking /home/thulson/catkin_ws/devel/share/common-lisp/ros/mypalletizer_communication/srv/_package_SetCoords.lisp
Symlinking /home/thulson/catkin_ws/devel/share/common-lisp/ros/mypalletizer_communication/srv/_package_GetCoords.lisp
Symlinking /home/thulson/catkin_ws/devel/share/common-lisp/ros/mypalletizer_communication/srv/GetAngles.lisp
Symlinking /home/thulson/catkin_ws/devel/share/common-lisp/ros/mypalletizer_communication/srv/SetCoords.lisp
Symlinking /home/thulson/catkin_ws/devel/share/common-lisp/ros/mypalletizer_communication/srv/mypalletizer_communication-srv.asd
Symlinking /home/thulson/catkin_ws/devel/share/common-lisp/ros/mypalletizer_communication/srv/_package_GripperStatus.lisp
Symlinking /home/thulson/catkin_ws/devel/share/common-lisp/ros/mypalletizer_communication/srv/GetCoords.lisp
Symlinking /home/thulson/catkin_ws/devel/share/common-lisp/ros/mypalletizer_communication/srv/PumpStatus.lisp
Symlinking /home/thulson/catkin_ws/devel/share/common-lisp/ros/mypalletizer_communication/msg/_package_MypalSetAngles.lisp
Symlinking /home/thulson/catkin_ws/devel/share/common-lisp/ros/mypalletizer_communication/msg/MypalSetCoords.lisp
Symlinking /home/thulson/catkin_ws/devel/share/common-lisp/ros/mypalletizer_communication/msg/_package_MypalCoords.lisp
Symlinking /home/thulson/catkin_ws/devel/share/common-lisp/ros/mypalletizer_communication/msg/_package_MypalPumpStatus.lisp
Symlinking /home/thulson/catkin_ws/devel/share/common-lisp/ros/mypalletizer_communication/msg/MypalCoords.lisp
Symlinking /home/thulson/catkin_ws/devel/share/common-lisp/ros/mypalletizer_communication/msg/_package.lisp
Symlinking /home/thulson/catkin_ws/devel/share/common-lisp/ros/mypalletizer_communication/msg/_package_MypalAngles.lisp
Symlinking /home/thulson/catkin_ws/devel/share/common-lisp/ros/mypalletizer_communication/msg/_package_MypalSetCoords.lisp
Symlinking /home/thulson/catkin_ws/devel/share/common-lisp/ros/mypalletizer_communication/msg/MypalSetAngles.lisp
Symlinking /home/thulson/catkin_ws/devel/share/common-lisp/ros/mypalletizer_communication/msg/MypalPumpStatus.lisp
Symlinking /home/thulson/catkin_ws/devel/share/common-lisp/ros/mypalletizer_communication/msg/MypalGripperStatus.lisp
Symlinking /home/thulson/catkin_ws/devel/share/common-lisp/ros/mypalletizer_communication/msg/MypalAngles.lisp
Symlinking /home/thulson/catkin_ws/devel/share/common-lisp/ros/mypalletizer_communication/msg/_package_MypalGripperStatus.lisp
Symlinking /home/thulson/catkin_ws/devel/share/common-lisp/ros/mypalletizer_communication/msg/mypalletizer_communication-msg.asd
Symlinking /home/thulson/catkin_ws/devel/share/roseus/ros/mypalletizer_communication/manifest.l
Symlinking /home/thulson/catkin_ws/devel/share/roseus/ros/mypalletizer_communication/srv/GetAngles.l
Symlinking /home/thulson/catkin_ws/devel/share/roseus/ros/mypalletizer_communication/srv/GetCoords.l
Symlinking /home/thulson/catkin_ws/devel/share/roseus/ros/mypalletizer_communication/srv/GripperStatus.l
Symlinking /home/thulson/catkin_ws/devel/share/roseus/ros/mypalletizer_communication/srv/SetAngles.l
Symlinking /home/thulson/catkin_ws/devel/share/roseus/ros/mypalletizer_communication/srv/SetCoords.l
Symlinking /home/thulson/catkin_ws/devel/share/roseus/ros/mypalletizer_communication/srv/PumpStatus.l
Symlinking /home/thulson/catkin_ws/devel/share/roseus/ros/mypalletizer_communication/msg/MypalGripperStatus.l
Symlinking /home/thulson/catkin_ws/devel/share/roseus/ros/mypalletizer_communication/msg/MypalPumpStatus.l
Symlinking /home/thulson/catkin_ws/devel/share/roseus/ros/mypalletizer_communication/msg/MypalCoords.l
Symlinking /home/thulson/catkin_ws/devel/share/roseus/ros/mypalletizer_communication/msg/MypalAngles.l
Symlinking /home/thulson/catkin_ws/devel/share/roseus/ros/mypalletizer_communication/msg/MypalSetCoords.l
Symlinking /home/thulson/catkin_ws/devel/share/roseus/ros/mypalletizer_communication/msg/MypalSetAngles.l
Symlinking /home/thulson/catkin_ws/devel/share/gennodejs/ros/mypalletizer_communication/_index.js
Symlinking /home/thulson/catkin_ws/devel/share/gennodejs/ros/mypalletizer_communication/srv/GetAngles.js
Symlinking /home/thulson/catkin_ws/devel/share/gennodejs/ros/mypalletizer_communication/srv/_index.js
Symlinking /home/thulson/catkin_ws/devel/share/gennodejs/ros/mypalletizer_communication/srv/SetAngles.js
Symlinking /home/thulson/catkin_ws/devel/share/gennodejs/ros/mypalletizer_communication/srv/GetCoords.js
Symlinking /home/thulson/catkin_ws/devel/share/gennodejs/ros/mypalletizer_communication/srv/SetCoords.js
Symlinking /home/thulson/catkin_ws/devel/share/gennodejs/ros/mypalletizer_communication/srv/PumpStatus.js
Symlinking /home/thulson/catkin_ws/devel/share/gennodejs/ros/mypalletizer_communication/srv/GripperStatus.js
Symlinking /home/thulson/catkin_ws/devel/share/gennodejs/ros/mypalletizer_communication/msg/MypalGripperStatus.js
Symlinking /home/thulson/catkin_ws/devel/share/gennodejs/ros/mypalletizer_communication/msg/_index.js
Symlinking /home/thulson/catkin_ws/devel/share/gennodejs/ros/mypalletizer_communication/msg/MypalSetCoords.js
Symlinking /home/thulson/catkin_ws/devel/share/gennodejs/ros/mypalletizer_communication/msg/MypalSetAngles.js
Symlinking /home/thulson/catkin_ws/devel/share/gennodejs/ros/mypalletizer_communication/msg/MypalAngles.js
Symlinking /home/thulson/catkin_ws/devel/share/gennodejs/ros/mypalletizer_communication/msg/MypalPumpStatus.js
Symlinking /home/thulson/catkin_ws/devel/share/gennodejs/ros/mypalletizer_communication/msg/MypalCoords.js
Symlinking /home/thulson/catkin_ws/devel/share/mypalletizer_communication/cmake/mypalletizer_communicationConfig.cmake
Symlinking /home/thulson/catkin_ws/devel/share/mypalletizer_communication/cmake/mypalletizer_communication-msg-extras.cmake
Symlinking /home/thulson/catkin_ws/devel/share/mypalletizer_communication/cmake/mypalletizer_communicationConfig-version.cmake
Symlinking /home/thulson/catkin_ws/devel/share/mypalletizer_communication/cmake/mypalletizer_communication-msg-paths.cmake
