[0.025s] Invoking command in '/home/tyler/Documents/Github/280-M5_ROS/ros2_ws/build/rospy_tutorials': /usr/bin/cmake /home/tyler/Documents/Github/280-M5_ROS/ros2_ws/src/ros_tutorials/rospy_tutorials -DCATKIN_INSTALL_INTO_PREFIX_ROOT=0 -DCATKIN_SYMLINK_INSTALL=ON -DCMAKE_INSTALL_PREFIX=/home/tyler/Documents/Github/280-M5_ROS/ros2_ws/install/rospy_tutorials
[0.033s] [0mCMake Deprecation Warning at CMakeLists.txt:1 (cmake_minimum_required):
[0.033s]   Compatibility with CMake < 2.8.12 will be removed from a future version of
[0.033s]   CMake.
[0.033s] 
[0.033s]   Update the VERSION argument <min> value or use a ...<max> suffix to tell
[0.033s]   CMake that the project does not need compatibility with older versions.
[0.033s] 
[0.034s] [0m
[0.085s] -- The C compiler identification is GNU 11.3.0
[0.142s] -- The CXX compiler identification is GNU 11.3.0
[0.150s] -- Detecting C compiler ABI info
[0.210s] -- Detecting C compiler ABI info - done
[0.219s] -- Check for working C compiler: /usr/bin/cc - skipped
[0.220s] -- Detecting C compile features
[0.220s] -- Detecting C compile features - done
[0.224s] -- Detecting CXX compiler ABI info
[0.297s] -- Detecting CXX compiler ABI info - done
[0.310s] -- Check for working CXX compiler: /usr/bin/c++ - skipped
[0.310s] -- Detecting CXX compile features
[0.310s] -- Detecting CXX compile features - done
[0.320s] [31mCMake Error at CMakeLists.txt:4 (find_package):
[0.320s]   By not providing "Findcatkin.cmake" in CMAKE_MODULE_PATH this project has
[0.320s]   asked CMake to find a package configuration file provided by "catkin", but
[0.321s]   CMake did not find one.
[0.321s] 
[0.321s]   Could not find a package configuration file provided by "catkin" with any
[0.321s]   of the following names:
[0.321s] 
[0.321s]     catkinConfig.cmake
[0.321s]     catkin-config.cmake
[0.321s] 
[0.321s]   Add the installation prefix of "catkin" to CMAKE_PREFIX_PATH or set
[0.321s]   "catkin_DIR" to a directory containing one of the above files.  If "catkin"
[0.321s]   provides a separate development package or SDK, be sure it has been
[0.321s]   installed.
[0.321s] 
[0.321s] [0m
[0.321s] -- Configuring incomplete, errors occurred!
[0.321s] See also "/home/tyler/Documents/Github/280-M5_ROS/ros2_ws/build/rospy_tutorials/CMakeFiles/CMakeOutput.log".
[0.324s] Invoked command in '/home/tyler/Documents/Github/280-M5_ROS/ros2_ws/build/rospy_tutorials' returned '1': /usr/bin/cmake /home/tyler/Documents/Github/280-M5_ROS/ros2_ws/src/ros_tutorials/rospy_tutorials -DCATKIN_INSTALL_INTO_PREFIX_ROOT=0 -DCATKIN_SYMLINK_INSTALL=ON -DCMAKE_INSTALL_PREFIX=/home/tyler/Documents/Github/280-M5_ROS/ros2_ws/install/rospy_tutorials
