Symlinking /home/thulson/catkin_ws/devel/lib/python3/dist-packages/ultraarm_communication/__init__.py
Symlinking /home/thulson/catkin_ws/devel/lib/python3/dist-packages/ultraarm_communication/srv/_SetAngles.py
Symlinking /home/thulson/catkin_ws/devel/lib/python3/dist-packages/ultraarm_communication/srv/_GetCoords.py
Symlinking /home/thulson/catkin_ws/devel/lib/python3/dist-packages/ultraarm_communication/srv/_GripperStatus.py
Symlinking /home/thulson/catkin_ws/devel/lib/python3/dist-packages/ultraarm_communication/srv/_SetCoords.py
Symlinking /home/thulson/catkin_ws/devel/lib/python3/dist-packages/ultraarm_communication/srv/_PumpStatus.py
Symlinking /home/thulson/catkin_ws/devel/lib/python3/dist-packages/ultraarm_communication/srv/_GetAngles.py
Symlinking /home/thulson/catkin_ws/devel/lib/python3/dist-packages/ultraarm_communication/srv/__init__.py
Symlinking /home/thulson/catkin_ws/devel/lib/python3/dist-packages/ultraarm_communication/msg/_ultraArmCoords.py
Symlinking /home/thulson/catkin_ws/devel/lib/python3/dist-packages/ultraarm_communication/msg/_ultraArmPumpStatus.py
Symlinking /home/thulson/catkin_ws/devel/lib/python3/dist-packages/ultraarm_communication/msg/_ultraArmSetAngles.py
Symlinking /home/thulson/catkin_ws/devel/lib/python3/dist-packages/ultraarm_communication/msg/_ultraArmGripperStatus.py
Symlinking /home/thulson/catkin_ws/devel/lib/python3/dist-packages/ultraarm_communication/msg/_ultraArmAngles.py
Symlinking /home/thulson/catkin_ws/devel/lib/python3/dist-packages/ultraarm_communication/msg/_ultraArmSetCoords.py
Symlinking /home/thulson/catkin_ws/devel/lib/python3/dist-packages/ultraarm_communication/msg/__init__.py
Symlinking /home/thulson/catkin_ws/devel/lib/pkgconfig/ultraarm_communication.pc
Symlinking /home/thulson/catkin_ws/devel/lib/ultraarm_communication/cmake.lock
Symlinking /home/thulson/catkin_ws/devel/lib/ultraarm_communication/ultraArm_topics.py
Symlinking /home/thulson/catkin_ws/devel/lib/ultraarm_communication/ultraArm_services.py
Symlinking /home/thulson/catkin_ws/devel/include/ultraarm_communication/ultraArmSetCoords.h
Symlinking /home/thulson/catkin_ws/devel/include/ultraarm_communication/ultraArmCoords.h
Symlinking /home/thulson/catkin_ws/devel/include/ultraarm_communication/ultraArmSetAngles.h
Symlinking /home/thulson/catkin_ws/devel/include/ultraarm_communication/ultraArmPumpStatus.h
Symlinking /home/thulson/catkin_ws/devel/include/ultraarm_communication/SetAnglesResponse.h
Symlinking /home/thulson/catkin_ws/devel/include/ultraarm_communication/GetCoordsResponse.h
Symlinking /home/thulson/catkin_ws/devel/include/ultraarm_communication/PumpStatusRequest.h
Symlinking /home/thulson/catkin_ws/devel/include/ultraarm_communication/SetCoords.h
Symlinking /home/thulson/catkin_ws/devel/include/ultraarm_communication/GetAnglesRequest.h
Symlinking /home/thulson/catkin_ws/devel/include/ultraarm_communication/GetCoords.h
Symlinking /home/thulson/catkin_ws/devel/include/ultraarm_communication/ultraArmGripperStatus.h
Symlinking /home/thulson/catkin_ws/devel/include/ultraarm_communication/GripperStatus.h
Symlinking /home/thulson/catkin_ws/devel/include/ultraarm_communication/PumpStatus.h
Symlinking /home/thulson/catkin_ws/devel/include/ultraarm_communication/SetAnglesRequest.h
Symlinking /home/thulson/catkin_ws/devel/include/ultraarm_communication/GetAngles.h
Symlinking /home/thulson/catkin_ws/devel/include/ultraarm_communication/SetCoordsRequest.h
Symlinking /home/thulson/catkin_ws/devel/include/ultraarm_communication/GripperStatusRequest.h
Symlinking /home/thulson/catkin_ws/devel/include/ultraarm_communication/ultraArmAngles.h
Symlinking /home/thulson/catkin_ws/devel/include/ultraarm_communication/GetCoordsRequest.h
Symlinking /home/thulson/catkin_ws/devel/include/ultraarm_communication/SetCoordsResponse.h
Symlinking /home/thulson/catkin_ws/devel/include/ultraarm_communication/GetAnglesResponse.h
Symlinking /home/thulson/catkin_ws/devel/include/ultraarm_communication/PumpStatusResponse.h
Symlinking /home/thulson/catkin_ws/devel/include/ultraarm_communication/GripperStatusResponse.h
Symlinking /home/thulson/catkin_ws/devel/include/ultraarm_communication/SetAngles.h
Symlinking /home/thulson/catkin_ws/devel/share/common-lisp/ros/ultraarm_communication/srv/_package_PumpStatus.lisp
Symlinking /home/thulson/catkin_ws/devel/share/common-lisp/ros/ultraarm_communication/srv/_package_SetAngles.lisp
Symlinking /home/thulson/catkin_ws/devel/share/common-lisp/ros/ultraarm_communication/srv/SetAngles.lisp
Symlinking /home/thulson/catkin_ws/devel/share/common-lisp/ros/ultraarm_communication/srv/_package_GetAngles.lisp
Symlinking /home/thulson/catkin_ws/devel/share/common-lisp/ros/ultraarm_communication/srv/_package.lisp
Symlinking /home/thulson/catkin_ws/devel/share/common-lisp/ros/ultraarm_communication/srv/GripperStatus.lisp
Symlinking /home/thulson/catkin_ws/devel/share/common-lisp/ros/ultraarm_communication/srv/_package_SetCoords.lisp
Symlinking /home/thulson/catkin_ws/devel/share/common-lisp/ros/ultraarm_communication/srv/_package_GetCoords.lisp
Symlinking /home/thulson/catkin_ws/devel/share/common-lisp/ros/ultraarm_communication/srv/GetAngles.lisp
Symlinking /home/thulson/catkin_ws/devel/share/common-lisp/ros/ultraarm_communication/srv/SetCoords.lisp
Symlinking /home/thulson/catkin_ws/devel/share/common-lisp/ros/ultraarm_communication/srv/_package_GripperStatus.lisp
Symlinking /home/thulson/catkin_ws/devel/share/common-lisp/ros/ultraarm_communication/srv/ultraarm_communication-srv.asd
Symlinking /home/thulson/catkin_ws/devel/share/common-lisp/ros/ultraarm_communication/srv/GetCoords.lisp
Symlinking /home/thulson/catkin_ws/devel/share/common-lisp/ros/ultraarm_communication/srv/PumpStatus.lisp
Symlinking /home/thulson/catkin_ws/devel/share/common-lisp/ros/ultraarm_communication/msg/_package_ultraArmSetAngles.lisp
Symlinking /home/thulson/catkin_ws/devel/share/common-lisp/ros/ultraarm_communication/msg/_package.lisp
Symlinking /home/thulson/catkin_ws/devel/share/common-lisp/ros/ultraarm_communication/msg/ultraArmGripperStatus.lisp
Symlinking /home/thulson/catkin_ws/devel/share/common-lisp/ros/ultraarm_communication/msg/_package_ultraArmSetCoords.lisp
Symlinking /home/thulson/catkin_ws/devel/share/common-lisp/ros/ultraarm_communication/msg/ultraArmSetAngles.lisp
Symlinking /home/thulson/catkin_ws/devel/share/common-lisp/ros/ultraarm_communication/msg/ultraArmCoords.lisp
Symlinking /home/thulson/catkin_ws/devel/share/common-lisp/ros/ultraarm_communication/msg/_package_ultraArmAngles.lisp
Symlinking /home/thulson/catkin_ws/devel/share/common-lisp/ros/ultraarm_communication/msg/_package_ultraArmCoords.lisp
Symlinking /home/thulson/catkin_ws/devel/share/common-lisp/ros/ultraarm_communication/msg/_package_ultraArmGripperStatus.lisp
Symlinking /home/thulson/catkin_ws/devel/share/common-lisp/ros/ultraarm_communication/msg/_package_ultraArmPumpStatus.lisp
Symlinking /home/thulson/catkin_ws/devel/share/common-lisp/ros/ultraarm_communication/msg/ultraArmAngles.lisp
Symlinking /home/thulson/catkin_ws/devel/share/common-lisp/ros/ultraarm_communication/msg/ultraArmSetCoords.lisp
Symlinking /home/thulson/catkin_ws/devel/share/common-lisp/ros/ultraarm_communication/msg/ultraarm_communication-msg.asd
Symlinking /home/thulson/catkin_ws/devel/share/common-lisp/ros/ultraarm_communication/msg/ultraArmPumpStatus.lisp
Symlinking /home/thulson/catkin_ws/devel/share/roseus/ros/ultraarm_communication/manifest.l
Symlinking /home/thulson/catkin_ws/devel/share/roseus/ros/ultraarm_communication/srv/GetAngles.l
Symlinking /home/thulson/catkin_ws/devel/share/roseus/ros/ultraarm_communication/srv/GetCoords.l
Symlinking /home/thulson/catkin_ws/devel/share/roseus/ros/ultraarm_communication/srv/GripperStatus.l
Symlinking /home/thulson/catkin_ws/devel/share/roseus/ros/ultraarm_communication/srv/SetAngles.l
Symlinking /home/thulson/catkin_ws/devel/share/roseus/ros/ultraarm_communication/srv/SetCoords.l
Symlinking /home/thulson/catkin_ws/devel/share/roseus/ros/ultraarm_communication/srv/PumpStatus.l
Symlinking /home/thulson/catkin_ws/devel/share/roseus/ros/ultraarm_communication/msg/ultraArmSetCoords.l
Symlinking /home/thulson/catkin_ws/devel/share/roseus/ros/ultraarm_communication/msg/ultraArmCoords.l
Symlinking /home/thulson/catkin_ws/devel/share/roseus/ros/ultraarm_communication/msg/ultraArmPumpStatus.l
Symlinking /home/thulson/catkin_ws/devel/share/roseus/ros/ultraarm_communication/msg/ultraArmAngles.l
Symlinking /home/thulson/catkin_ws/devel/share/roseus/ros/ultraarm_communication/msg/ultraArmSetAngles.l
Symlinking /home/thulson/catkin_ws/devel/share/roseus/ros/ultraarm_communication/msg/ultraArmGripperStatus.l
Symlinking /home/thulson/catkin_ws/devel/share/gennodejs/ros/ultraarm_communication/_index.js
Symlinking /home/thulson/catkin_ws/devel/share/gennodejs/ros/ultraarm_communication/srv/GetAngles.js
Symlinking /home/thulson/catkin_ws/devel/share/gennodejs/ros/ultraarm_communication/srv/_index.js
Symlinking /home/thulson/catkin_ws/devel/share/gennodejs/ros/ultraarm_communication/srv/SetAngles.js
Symlinking /home/thulson/catkin_ws/devel/share/gennodejs/ros/ultraarm_communication/srv/GetCoords.js
Symlinking /home/thulson/catkin_ws/devel/share/gennodejs/ros/ultraarm_communication/srv/SetCoords.js
Symlinking /home/thulson/catkin_ws/devel/share/gennodejs/ros/ultraarm_communication/srv/PumpStatus.js
Symlinking /home/thulson/catkin_ws/devel/share/gennodejs/ros/ultraarm_communication/srv/GripperStatus.js
Symlinking /home/thulson/catkin_ws/devel/share/gennodejs/ros/ultraarm_communication/msg/ultraArmPumpStatus.js
Symlinking /home/thulson/catkin_ws/devel/share/gennodejs/ros/ultraarm_communication/msg/_index.js
Symlinking /home/thulson/catkin_ws/devel/share/gennodejs/ros/ultraarm_communication/msg/ultraArmGripperStatus.js
Symlinking /home/thulson/catkin_ws/devel/share/gennodejs/ros/ultraarm_communication/msg/ultraArmSetCoords.js
Symlinking /home/thulson/catkin_ws/devel/share/gennodejs/ros/ultraarm_communication/msg/ultraArmSetAngles.js
Symlinking /home/thulson/catkin_ws/devel/share/gennodejs/ros/ultraarm_communication/msg/ultraArmCoords.js
Symlinking /home/thulson/catkin_ws/devel/share/gennodejs/ros/ultraarm_communication/msg/ultraArmAngles.js
Symlinking /home/thulson/catkin_ws/devel/share/ultraarm_communication/cmake/ultraarm_communication-msg-extras.cmake
Symlinking /home/thulson/catkin_ws/devel/share/ultraarm_communication/cmake/ultraarm_communicationConfig-version.cmake
Symlinking /home/thulson/catkin_ws/devel/share/ultraarm_communication/cmake/ultraarm_communication-msg-paths.cmake
Symlinking /home/thulson/catkin_ws/devel/share/ultraarm_communication/cmake/ultraarm_communicationConfig.cmake
