/usr/lib/python3/dist-packages/setuptools/dist.py:723: UserWarning: Usage of dash-separated 'script-dir' will not be supported in future versions. Please use the underscore name 'script_dir' instead
  warnings.warn(
running develop
/usr/lib/python3/dist-packages/setuptools/command/easy_install.py:158: EasyInstallDeprecationWarning: easy_install command is deprecated. Use build and pip and other standards-based tools.
  warnings.warn(
/usr/lib/python3/dist-packages/setuptools/command/install.py:34: SetuptoolsDeprecationWarning: setup.py install is deprecated. Use build and pip and other standards-based tools.
  warnings.warn(
/usr/lib/python3/dist-packages/pkg_resources/__init__.py:116: PkgResourcesDeprecationWarning: 0.1.43ubuntu1 is an invalid version and will not be supported in a future release
  warnings.warn(
/usr/lib/python3/dist-packages/pkg_resources/__init__.py:116: PkgResourcesDeprecationWarning: 1.1build1 is an invalid version and will not be supported in a future release
  warnings.warn(
running egg_info
writing mycobot_description.egg-info/PKG-INFO
writing dependency_links to mycobot_description.egg-info/dependency_links.txt
writing entry points to mycobot_description.egg-info/entry_points.txt
writing requirements to mycobot_description.egg-info/requires.txt
writing top-level names to mycobot_description.egg-info/top_level.txt
reading manifest file 'mycobot_description.egg-info/SOURCES.txt'
writing manifest file 'mycobot_description.egg-info/SOURCES.txt'
running build_ext
Creating /home/tyler/colcon_ws/install/mycobot_description/lib/python3.10/site-packages/mycobot-description.egg-link (link to .)

Installed /home/tyler/colcon_ws/build/mycobot_description
running install_data
