[0.023s] Invoking command in '/home/tyler/Documents/Github/280-M5_ROS/ros2_ws/build/rospy_tutorials': /usr/bin/cmake /home/tyler/Documents/Github/280-M5_ROS/ros2_ws/src/ros_tutorials/rospy_tutorials -DCATKIN_INSTALL_INTO_PREFIX_ROOT=0 -DCMAKE_INSTALL_PREFIX=/home/tyler/Documents/Github/280-M5_ROS/ros2_ws/install/rospy_tutorials
[0.032s] [0mCMake Deprecation Warning at CMakeLists.txt:1 (cmake_minimum_required):
[0.032s]   Compatibility with CMake < 2.8.12 will be removed from a future version of
[0.032s]   CMake.
[0.033s] 
[0.033s]   Update the VERSION argument <min> value or use a ...<max> suffix to tell
[0.033s]   CMake that the project does not need compatibility with older versions.
[0.033s] 
[0.033s] [0m
[0.049s] [31mCMake Error at CMakeLists.txt:4 (find_package):
[0.049s]   By not providing "Findcatkin.cmake" in CMAKE_MODULE_PATH this project has
[0.049s]   asked CMake to find a package configuration file provided by "catkin", but
[0.049s]   CMake did not find one.
[0.049s] 
[0.049s]   Could not find a package configuration file provided by "catkin" with any
[0.049s]   of the following names:
[0.049s] 
[0.049s]     catkinConfig.cmake
[0.049s]     catkin-config.cmake
[0.049s] 
[0.049s]   Add the installation prefix of "catkin" to CMAKE_PREFIX_PATH or set
[0.049s]   "catkin_DIR" to a directory containing one of the above files.  If "catkin"
[0.050s]   provides a separate development package or SDK, be sure it has been
[0.050s]   installed.
[0.050s] 
[0.050s] [0m
[0.050s] -- Configuring incomplete, errors occurred!
[0.050s] See also "/home/tyler/Documents/Github/280-M5_ROS/ros2_ws/build/rospy_tutorials/CMakeFiles/CMakeOutput.log".
[0.051s] Invoked command in '/home/tyler/Documents/Github/280-M5_ROS/ros2_ws/build/rospy_tutorials' returned '1': /usr/bin/cmake /home/tyler/Documents/Github/280-M5_ROS/ros2_ws/src/ros_tutorials/rospy_tutorials -DCATKIN_INSTALL_INTO_PREFIX_ROOT=0 -DCMAKE_INSTALL_PREFIX=/home/tyler/Documents/Github/280-M5_ROS/ros2_ws/install/rospy_tutorials
