[0.011s] Invoking command in '/home/tyler/Documents/Github/280-M5_ROS/ros2_ws/build/turtlesim': CMAKE_PREFIX_PATH=/opt/ros/humble /usr/bin/cmake /home/tyler/Documents/Github/280-M5_ROS/ros2_ws/src/ros_tutorials/turtlesim -DCMAKE_INSTALL_PREFIX=/home/tyler/Documents/Github/280-M5_ROS/ros2_ws/install/turtlesim
[0.058s] -- The C compiler identification is GNU 11.3.0
[0.111s] -- The CXX compiler identification is GNU 11.3.0
[0.118s] -- Detecting C compiler ABI info
[0.177s] -- Detecting C compiler ABI info - done
[0.185s] -- Check for working C compiler: /usr/bin/cc - skipped
[0.185s] -- Detecting C compile features
[0.186s] -- Detecting C compile features - done
[0.189s] -- Detecting CXX compiler ABI info
[0.258s] -- Detecting CXX compiler ABI info - done
[0.266s] -- Check for working CXX compiler: /usr/bin/c++ - skipped
[0.267s] -- Detecting CXX compile features
[0.267s] -- Detecting CXX compile features - done
[0.269s] -- Found ament_cmake: 1.3.3 (/opt/ros/humble/share/ament_cmake/cmake)
[0.440s] -- Found Python3: /usr/bin/python3.10 (found version "3.10.6") found components: Interpreter 
[0.522s] -- Found ament_index_cpp: 1.4.0 (/opt/ros/humble/share/ament_index_cpp/cmake)
[0.529s] -- Found geometry_msgs: 4.2.3 (/opt/ros/humble/share/geometry_msgs/cmake)
[0.585s] -- Found rosidl_generator_c: 3.1.4 (/opt/ros/humble/share/rosidl_generator_c/cmake)
[0.590s] -- Found rosidl_adapter: 3.1.4 (/opt/ros/humble/share/rosidl_adapter/cmake)
[0.599s] -- Found rosidl_generator_cpp: 3.1.4 (/opt/ros/humble/share/rosidl_generator_cpp/cmake)
[0.613s] -- Using all available rosidl_typesupport_c: rosidl_typesupport_fastrtps_c;rosidl_typesupport_introspection_c
[0.633s] -- Using all available rosidl_typesupport_cpp: rosidl_typesupport_fastrtps_cpp;rosidl_typesupport_introspection_cpp
[0.767s] -- Found rclcpp: 16.0.3 (/opt/ros/humble/share/rclcpp/cmake)
[0.823s] -- Found rmw_implementation_cmake: 6.1.1 (/opt/ros/humble/share/rmw_implementation_cmake/cmake)
[0.825s] -- Found rmw_fastrtps_cpp: 6.2.2 (/opt/ros/humble/share/rmw_fastrtps_cpp/cmake)
[0.900s] -- Found OpenSSL: /usr/lib/x86_64-linux-gnu/libcrypto.so (found version "3.0.2")  
[0.922s] -- Found FastRTPS: /opt/ros/humble/include  
[0.962s] -- Using RMW implementation 'rmw_fastrtps_cpp' as default
[0.972s] -- Looking for pthread.h
[1.035s] -- Looking for pthread.h - found
[1.036s] -- Performing Test CMAKE_HAVE_LIBC_PTHREAD
[1.093s] -- Performing Test CMAKE_HAVE_LIBC_PTHREAD - Success
[1.094s] -- Found Threads: TRUE  
[1.226s] -- Found rclcpp_action: 16.0.3 (/opt/ros/humble/share/rclcpp_action/cmake)
[1.321s] -- Found rosidl_default_generators: 1.2.0 (/opt/ros/humble/share/rosidl_default_generators/cmake)
[1.331s] -- Found std_srvs: 4.2.3 (/opt/ros/humble/share/std_srvs/cmake)
[1.624s] -- Found ament_cmake_ros: 0.10.0 (/opt/ros/humble/share/ament_cmake_ros/cmake)
[1.916s] -- Using all available rosidl_typesupport_c: rosidl_typesupport_fastrtps_c;rosidl_typesupport_introspection_c
[2.031s] -- Using all available rosidl_typesupport_cpp: rosidl_typesupport_fastrtps_cpp;rosidl_typesupport_introspection_cpp
[2.053s] -- Found PythonInterp: /usr/bin/python3 (found suitable version "3.10.6", minimum required is "3.6") 
[2.055s] -- Found python_cmake_module: 0.10.0 (/opt/ros/humble/share/python_cmake_module/cmake)
[2.080s] -- Found PythonLibs: /usr/lib/x86_64-linux-gnu/libpython3.10.so (found suitable version "3.10.6", minimum required is "3.5") 
[2.080s] -- Using PYTHON_EXECUTABLE: /usr/bin/python3
[2.080s] -- Using PYTHON_INCLUDE_DIRS: /usr/include/python3.10
[2.080s] -- Using PYTHON_LIBRARIES: /usr/lib/x86_64-linux-gnu/libpython3.10.so
[2.099s] -- Found PythonExtra: .so  
[2.152s] -- Configuring done
[2.205s] -- Generating done
[2.208s] -- Build files have been written to: /home/tyler/Documents/Github/280-M5_ROS/ros2_ws/build/turtlesim
[2.219s] Invoked command in '/home/tyler/Documents/Github/280-M5_ROS/ros2_ws/build/turtlesim' returned '0': CMAKE_PREFIX_PATH=/opt/ros/humble /usr/bin/cmake /home/tyler/Documents/Github/280-M5_ROS/ros2_ws/src/ros_tutorials/turtlesim -DCMAKE_INSTALL_PREFIX=/home/tyler/Documents/Github/280-M5_ROS/ros2_ws/install/turtlesim
[2.221s] Invoking command in '/home/tyler/Documents/Github/280-M5_ROS/ros2_ws/build/turtlesim': CMAKE_PREFIX_PATH=/opt/ros/humble /usr/bin/cmake --build /home/tyler/Documents/Github/280-M5_ROS/ros2_ws/build/turtlesim -- -j8 -l8
[2.254s] [  1%] [34m[1mGenerating C code for ROS interfaces[0m
[2.261s] [  2%] [34m[1mGenerating C++ code for ROS interfaces[0m
[2.270s] [  2%] Built target ament_cmake_python_copy_turtlesim
[2.549s] running egg_info
[2.550s] creating turtlesim.egg-info
[2.550s] writing turtlesim.egg-info/PKG-INFO
[2.551s] writing dependency_links to turtlesim.egg-info/dependency_links.txt
[2.551s] writing top-level names to turtlesim.egg-info/top_level.txt
[2.551s] writing manifest file 'turtlesim.egg-info/SOURCES.txt'
[2.554s] reading manifest file 'turtlesim.egg-info/SOURCES.txt'
[2.554s] writing manifest file 'turtlesim.egg-info/SOURCES.txt'
[2.583s] [  2%] Built target ament_cmake_python_build_turtlesim_egg
[3.182s] [  2%] Built target turtlesim__cpp
[3.190s] [  5%] [34m[1mGenerating C++ type support for eProsima Fast-RTPS[0m
[3.190s] [  5%] [34m[1mGenerating C++ type support dispatch for ROS interfaces[0m
[3.190s] [  5%] [34m[1mGenerating C++ introspection for ROS interfaces[0m
[3.319s] [  8%] [32mBuilding C object CMakeFiles/turtlesim__rosidl_generator_c.dir/rosidl_generator_c/turtlesim/msg/detail/pose__functions.c.o[0m
[3.319s] [  9%] [32mBuilding C object CMakeFiles/turtlesim__rosidl_generator_c.dir/rosidl_generator_c/turtlesim/srv/detail/set_pen__functions.c.o[0m
[3.319s] [  9%] [32mBuilding C object CMakeFiles/turtlesim__rosidl_generator_c.dir/rosidl_generator_c/turtlesim/srv/detail/kill__functions.c.o[0m
[3.319s] [ 10%] [32mBuilding C object CMakeFiles/turtlesim__rosidl_generator_c.dir/rosidl_generator_c/turtlesim/msg/detail/color__functions.c.o[0m
[3.320s] [  8%] [32mBuilding C object CMakeFiles/turtlesim__rosidl_generator_c.dir/rosidl_generator_c/turtlesim/action/detail/rotate_absolute__functions.c.o[0m
[3.391s] [ 11%] [32mBuilding C object CMakeFiles/turtlesim__rosidl_generator_c.dir/rosidl_generator_c/turtlesim/srv/detail/spawn__functions.c.o[0m
[3.393s] [ 12%] [32mBuilding C object CMakeFiles/turtlesim__rosidl_generator_c.dir/rosidl_generator_c/turtlesim/srv/detail/teleport_absolute__functions.c.o[0m
[3.406s] [ 13%] [32mBuilding C object CMakeFiles/turtlesim__rosidl_generator_c.dir/rosidl_generator_c/turtlesim/srv/detail/teleport_relative__functions.c.o[0m
[3.511s] [ 14%] [32m[1mLinking C shared library libturtlesim__rosidl_generator_c.so[0m
[3.543s] [ 14%] Built target turtlesim__rosidl_generator_c
[3.551s] [ 15%] [34m[1mGenerating C type support for eProsima Fast-RTPS[0m
[3.554s] [ 17%] [34m[1mGenerating C introspection for ROS interfaces[0m
[3.554s] [ 17%] [34m[1mGenerating C type support dispatch for ROS interfaces[0m
[4.011s] [ 20%] [32mBuilding CXX object CMakeFiles/turtlesim__rosidl_typesupport_introspection_cpp.dir/rosidl_typesupport_introspection_cpp/turtlesim/action/detail/rotate_absolute__type_support.cpp.o[0m
[4.011s] [ 20%] [32mBuilding CXX object CMakeFiles/turtlesim__rosidl_typesupport_introspection_cpp.dir/rosidl_typesupport_introspection_cpp/turtlesim/msg/detail/pose__type_support.cpp.o[0m
[4.011s] [ 20%] [32mBuilding CXX object CMakeFiles/turtlesim__rosidl_typesupport_introspection_cpp.dir/rosidl_typesupport_introspection_cpp/turtlesim/msg/detail/color__type_support.cpp.o[0m
[4.099s] [ 21%] [32mBuilding CXX object CMakeFiles/turtlesim__rosidl_typesupport_cpp.dir/rosidl_typesupport_cpp/turtlesim/action/rotate_absolute__type_support.cpp.o[0m
[4.270s] [ 22%] [32mBuilding CXX object CMakeFiles/turtlesim__rosidl_typesupport_fastrtps_cpp.dir/rosidl_typesupport_fastrtps_cpp/turtlesim/action/detail/dds_fastrtps/rotate_absolute__type_support.cpp.o[0m
[4.501s] [ 23%] [32mBuilding CXX object CMakeFiles/turtlesim__rosidl_typesupport_c.dir/rosidl_typesupport_c/turtlesim/action/rotate_absolute__type_support.cpp.o[0m
[4.579s] [ 24%] [32mBuilding CXX object CMakeFiles/turtlesim__rosidl_typesupport_c.dir/rosidl_typesupport_c/turtlesim/msg/color__type_support.cpp.o[0m
[4.622s] [ 25%] [32mBuilding CXX object CMakeFiles/turtlesim__rosidl_typesupport_c.dir/rosidl_typesupport_c/turtlesim/msg/pose__type_support.cpp.o[0m
[4.655s] [ 26%] [32mBuilding CXX object CMakeFiles/turtlesim__rosidl_typesupport_introspection_cpp.dir/rosidl_typesupport_introspection_cpp/turtlesim/srv/detail/kill__type_support.cpp.o[0m
[4.658s] [ 27%] [32mBuilding CXX object CMakeFiles/turtlesim__rosidl_typesupport_introspection_cpp.dir/rosidl_typesupport_introspection_cpp/turtlesim/srv/detail/set_pen__type_support.cpp.o[0m
[4.666s] [ 28%] [32mBuilding CXX object CMakeFiles/turtlesim__rosidl_typesupport_c.dir/rosidl_typesupport_c/turtlesim/srv/kill__type_support.cpp.o[0m
[4.710s] [ 29%] [32mBuilding CXX object CMakeFiles/turtlesim__rosidl_typesupport_c.dir/rosidl_typesupport_c/turtlesim/srv/set_pen__type_support.cpp.o[0m
[4.755s] [ 30%] [32mBuilding CXX object CMakeFiles/turtlesim__rosidl_typesupport_c.dir/rosidl_typesupport_c/turtlesim/srv/spawn__type_support.cpp.o[0m
[4.799s] [ 31%] [32mBuilding CXX object CMakeFiles/turtlesim__rosidl_typesupport_c.dir/rosidl_typesupport_c/turtlesim/srv/teleport_absolute__type_support.cpp.o[0m
[4.846s] [ 32%] [32mBuilding CXX object CMakeFiles/turtlesim__rosidl_typesupport_c.dir/rosidl_typesupport_c/turtlesim/srv/teleport_relative__type_support.cpp.o[0m
[4.861s] [ 33%] [32mBuilding CXX object CMakeFiles/turtlesim__rosidl_typesupport_cpp.dir/rosidl_typesupport_cpp/turtlesim/msg/color__type_support.cpp.o[0m
[4.896s] [ 34%] [32m[1mLinking CXX shared library libturtlesim__rosidl_typesupport_c.so[0m
[4.981s] [ 34%] Built target turtlesim__rosidl_typesupport_c
[5.016s] [ 35%] [32mBuilding CXX object CMakeFiles/turtlesim__rosidl_typesupport_introspection_cpp.dir/rosidl_typesupport_introspection_cpp/turtlesim/srv/detail/spawn__type_support.cpp.o[0m
[5.033s] [ 36%] [32mBuilding CXX object CMakeFiles/turtlesim__rosidl_typesupport_introspection_cpp.dir/rosidl_typesupport_introspection_cpp/turtlesim/srv/detail/teleport_absolute__type_support.cpp.o[0m
[5.051s] [ 37%] [32mBuilding C object CMakeFiles/turtlesim__rosidl_typesupport_introspection_c.dir/rosidl_typesupport_introspection_c/turtlesim/action/detail/rotate_absolute__type_support.c.o[0m
[5.054s] [ 38%] [32mBuilding CXX object CMakeFiles/turtlesim__rosidl_typesupport_fastrtps_c.dir/rosidl_typesupport_fastrtps_c/turtlesim/action/detail/rotate_absolute__type_support_c.cpp.o[0m
[5.122s] [ 39%] [32mBuilding C object CMakeFiles/turtlesim__rosidl_typesupport_introspection_c.dir/rosidl_typesupport_introspection_c/turtlesim/msg/detail/color__type_support.c.o[0m
[5.177s] [ 40%] [32mBuilding C object CMakeFiles/turtlesim__rosidl_typesupport_introspection_c.dir/rosidl_typesupport_introspection_c/turtlesim/msg/detail/pose__type_support.c.o[0m
[5.226s] [ 41%] [32mBuilding C object CMakeFiles/turtlesim__rosidl_typesupport_introspection_c.dir/rosidl_typesupport_introspection_c/turtlesim/srv/detail/kill__type_support.c.o[0m
[5.252s] [ 42%] [32mBuilding CXX object CMakeFiles/turtlesim__rosidl_typesupport_fastrtps_cpp.dir/rosidl_typesupport_fastrtps_cpp/turtlesim/msg/detail/dds_fastrtps/color__type_support.cpp.o[0m
[5.281s] [ 43%] [32mBuilding C object CMakeFiles/turtlesim__rosidl_typesupport_introspection_c.dir/rosidl_typesupport_introspection_c/turtlesim/srv/detail/set_pen__type_support.c.o[0m
[5.312s] [ 44%] [32mBuilding CXX object CMakeFiles/turtlesim__rosidl_typesupport_fastrtps_c.dir/rosidl_typesupport_fastrtps_c/turtlesim/msg/detail/color__type_support_c.cpp.o[0m
[5.321s] [ 45%] [32mBuilding CXX object CMakeFiles/turtlesim__rosidl_typesupport_cpp.dir/rosidl_typesupport_cpp/turtlesim/msg/pose__type_support.cpp.o[0m
[5.334s] [ 46%] [32mBuilding C object CMakeFiles/turtlesim__rosidl_typesupport_introspection_c.dir/rosidl_typesupport_introspection_c/turtlesim/srv/detail/spawn__type_support.c.o[0m
[5.344s] [ 47%] [32mBuilding C object CMakeFiles/turtlesim__rosidl_typesupport_introspection_c.dir/rosidl_typesupport_introspection_c/turtlesim/srv/detail/teleport_absolute__type_support.c.o[0m
[5.393s] [ 48%] [32mBuilding CXX object CMakeFiles/turtlesim__rosidl_typesupport_fastrtps_cpp.dir/rosidl_typesupport_fastrtps_cpp/turtlesim/msg/detail/dds_fastrtps/pose__type_support.cpp.o[0m
[5.412s] [ 49%] [32mBuilding C object CMakeFiles/turtlesim__rosidl_typesupport_introspection_c.dir/rosidl_typesupport_introspection_c/turtlesim/srv/detail/teleport_relative__type_support.c.o[0m
[5.464s] [ 50%] [32m[1mLinking C shared library libturtlesim__rosidl_typesupport_introspection_c.so[0m
[5.529s] [ 50%] Built target turtlesim__rosidl_typesupport_introspection_c
[5.541s] [ 51%] [32mBuilding CXX object CMakeFiles/turtlesim__rosidl_typesupport_introspection_cpp.dir/rosidl_typesupport_introspection_cpp/turtlesim/srv/detail/teleport_relative__type_support.cpp.o[0m
[5.641s] [ 52%] [32mBuilding CXX object CMakeFiles/turtlesim__rosidl_typesupport_fastrtps_cpp.dir/rosidl_typesupport_fastrtps_cpp/turtlesim/srv/detail/dds_fastrtps/kill__type_support.cpp.o[0m
[5.674s] [ 53%] [32mBuilding CXX object CMakeFiles/turtlesim__rosidl_typesupport_fastrtps_cpp.dir/rosidl_typesupport_fastrtps_cpp/turtlesim/srv/detail/dds_fastrtps/set_pen__type_support.cpp.o[0m
[5.709s] [ 54%] [32mBuilding CXX object CMakeFiles/turtlesim__rosidl_typesupport_fastrtps_c.dir/rosidl_typesupport_fastrtps_c/turtlesim/msg/detail/pose__type_support_c.cpp.o[0m
[5.798s] [ 55%] [32mBuilding CXX object CMakeFiles/turtlesim__rosidl_typesupport_cpp.dir/rosidl_typesupport_cpp/turtlesim/srv/kill__type_support.cpp.o[0m
[5.863s] [ 56%] [32mBuilding CXX object CMakeFiles/turtlesim__rosidl_typesupport_fastrtps_c.dir/rosidl_typesupport_fastrtps_c/turtlesim/srv/detail/kill__type_support_c.cpp.o[0m
[5.896s] [ 57%] [32mBuilding CXX object CMakeFiles/turtlesim__rosidl_typesupport_fastrtps_cpp.dir/rosidl_typesupport_fastrtps_cpp/turtlesim/srv/detail/dds_fastrtps/spawn__type_support.cpp.o[0m
[6.057s] [ 58%] [32mBuilding CXX object CMakeFiles/turtlesim__rosidl_typesupport_fastrtps_cpp.dir/rosidl_typesupport_fastrtps_cpp/turtlesim/srv/detail/dds_fastrtps/teleport_absolute__type_support.cpp.o[0m
[6.196s] [ 59%] [32m[1mLinking CXX shared library libturtlesim__rosidl_typesupport_introspection_cpp.so[0m
[6.271s] [ 60%] [32mBuilding CXX object CMakeFiles/turtlesim__rosidl_typesupport_cpp.dir/rosidl_typesupport_cpp/turtlesim/srv/set_pen__type_support.cpp.o[0m
[6.284s] [ 61%] [32mBuilding CXX object CMakeFiles/turtlesim__rosidl_typesupport_fastrtps_c.dir/rosidl_typesupport_fastrtps_c/turtlesim/srv/detail/set_pen__type_support_c.cpp.o[0m
[6.348s] [ 62%] [32mBuilding CXX object CMakeFiles/turtlesim__rosidl_typesupport_fastrtps_cpp.dir/rosidl_typesupport_fastrtps_cpp/turtlesim/srv/detail/dds_fastrtps/teleport_relative__type_support.cpp.o[0m
[6.363s] [ 62%] Built target turtlesim__rosidl_typesupport_introspection_cpp
[6.372s] [ 63%] [32mBuilding CXX object CMakeFiles/turtlesim__rosidl_typesupport_fastrtps_c.dir/rosidl_typesupport_fastrtps_c/turtlesim/srv/detail/spawn__type_support_c.cpp.o[0m
[6.373s] [ 64%] [32mBuilding CXX object CMakeFiles/turtlesim__rosidl_typesupport_fastrtps_c.dir/rosidl_typesupport_fastrtps_c/turtlesim/srv/detail/teleport_absolute__type_support_c.cpp.o[0m
[6.457s] [ 65%] [32mBuilding CXX object CMakeFiles/turtlesim__rosidl_typesupport_fastrtps_c.dir/rosidl_typesupport_fastrtps_c/turtlesim/srv/detail/teleport_relative__type_support_c.cpp.o[0m
[6.614s] [ 66%] [32mBuilding CXX object CMakeFiles/turtlesim__rosidl_typesupport_cpp.dir/rosidl_typesupport_cpp/turtlesim/srv/spawn__type_support.cpp.o[0m
[6.712s] [ 67%] [32mBuilding CXX object CMakeFiles/turtlesim__rosidl_typesupport_cpp.dir/rosidl_typesupport_cpp/turtlesim/srv/teleport_absolute__type_support.cpp.o[0m
[6.759s] [ 68%] [32mBuilding CXX object CMakeFiles/turtlesim__rosidl_typesupport_cpp.dir/rosidl_typesupport_cpp/turtlesim/srv/teleport_relative__type_support.cpp.o[0m
[7.018s] [ 69%] [32m[1mLinking CXX shared library libturtlesim__rosidl_typesupport_fastrtps_cpp.so[0m
[7.020s] [ 70%] [32m[1mLinking CXX shared library libturtlesim__rosidl_typesupport_fastrtps_c.so[0m
[7.126s] [ 70%] Built target turtlesim__rosidl_typesupport_fastrtps_c
[7.128s] [ 70%] Built target turtlesim__rosidl_typesupport_fastrtps_cpp
[7.129s] [ 71%] [32m[1mLinking CXX shared library libturtlesim__rosidl_typesupport_cpp.so[0m
[7.169s] [ 71%] Built target turtlesim__rosidl_typesupport_cpp
[7.177s] [ 72%] [34m[1mGenerating include/turtlesim/moc_turtle_frame.cpp[0m
[7.185s] [ 73%] [32mBuilding CXX object CMakeFiles/mimic.dir/tutorials/mimic.cpp.o[0m
[7.186s] [ 74%] Built target turtlesim
[7.186s] [ 74%] [32mBuilding CXX object CMakeFiles/turtle_teleop_key.dir/tutorials/teleop_turtle_key.cpp.o[0m
[7.187s] [ 75%] [32mBuilding CXX object CMakeFiles/draw_square.dir/tutorials/draw_square.cpp.o[0m
[7.206s] [ 76%] [34m[1mGenerating Python code for ROS interfaces[0m
[7.288s] [ 79%] [32mBuilding CXX object CMakeFiles/turtlesim_node.dir/src/turtle.cpp.o[0m
[7.288s] [ 79%] [32mBuilding CXX object CMakeFiles/turtlesim_node.dir/include/turtlesim/moc_turtle_frame.cpp.o[0m
[7.288s] [ 79%] [32mBuilding CXX object CMakeFiles/turtlesim_node.dir/src/turtlesim.cpp.o[0m
[7.288s] [ 80%] [32mBuilding CXX object CMakeFiles/turtlesim_node.dir/src/turtle_frame.cpp.o[0m
[10.846s] [ 80%] Built target turtlesim__py
[10.894s] [ 81%] [32mBuilding C object CMakeFiles/turtlesim__rosidl_generator_py.dir/rosidl_generator_py/turtlesim/action/_rotate_absolute_s.c.o[0m
[11.238s] [ 82%] [32mBuilding C object CMakeFiles/turtlesim__rosidl_generator_py.dir/rosidl_generator_py/turtlesim/msg/_color_s.c.o[0m
[11.434s] [ 83%] [32mBuilding C object CMakeFiles/turtlesim__rosidl_generator_py.dir/rosidl_generator_py/turtlesim/msg/_pose_s.c.o[0m
[11.631s] [ 84%] [32mBuilding C object CMakeFiles/turtlesim__rosidl_generator_py.dir/rosidl_generator_py/turtlesim/srv/_kill_s.c.o[0m
[11.817s] [ 85%] [32mBuilding C object CMakeFiles/turtlesim__rosidl_generator_py.dir/rosidl_generator_py/turtlesim/srv/_set_pen_s.c.o[0m
[12.004s] [ 86%] [32mBuilding C object CMakeFiles/turtlesim__rosidl_generator_py.dir/rosidl_generator_py/turtlesim/srv/_spawn_s.c.o[0m
[12.195s] [ 87%] [32mBuilding C object CMakeFiles/turtlesim__rosidl_generator_py.dir/rosidl_generator_py/turtlesim/srv/_teleport_absolute_s.c.o[0m
[12.376s] [ 88%] [32mBuilding C object CMakeFiles/turtlesim__rosidl_generator_py.dir/rosidl_generator_py/turtlesim/srv/_teleport_relative_s.c.o[0m
[12.549s] [ 89%] [32m[1mLinking C shared library rosidl_generator_py/turtlesim/libturtlesim__rosidl_generator_py.so[0m
[12.618s] [ 89%] Built target turtlesim__rosidl_generator_py
[12.644s] [ 90%] [32mBuilding C object CMakeFiles/turtlesim__rosidl_typesupport_fastrtps_c__pyext.dir/rosidl_generator_py/turtlesim/_turtlesim_s.ep.rosidl_typesupport_fastrtps_c.c.o[0m
[12.939s] [ 91%] [32m[1mLinking C shared library rosidl_generator_py/turtlesim/turtlesim_s__rosidl_typesupport_fastrtps_c.cpython-310-x86_64-linux-gnu.so[0m
[13.005s] [ 91%] Built target turtlesim__rosidl_typesupport_fastrtps_c__pyext
[13.031s] [ 92%] [32mBuilding C object CMakeFiles/turtlesim__rosidl_typesupport_introspection_c__pyext.dir/rosidl_generator_py/turtlesim/_turtlesim_s.ep.rosidl_typesupport_introspection_c.c.o[0m
[13.345s] [ 93%] [32m[1mLinking C shared library rosidl_generator_py/turtlesim/turtlesim_s__rosidl_typesupport_introspection_c.cpython-310-x86_64-linux-gnu.so[0m
[13.420s] [ 93%] Built target turtlesim__rosidl_typesupport_introspection_c__pyext
[13.450s] [ 94%] [32mBuilding C object CMakeFiles/turtlesim__rosidl_typesupport_c__pyext.dir/rosidl_generator_py/turtlesim/_turtlesim_s.ep.rosidl_typesupport_c.c.o[0m
[13.820s] [ 95%] [32m[1mLinking C shared library rosidl_generator_py/turtlesim/turtlesim_s__rosidl_typesupport_c.cpython-310-x86_64-linux-gnu.so[0m
[13.903s] [ 95%] Built target turtlesim__rosidl_typesupport_c__pyext
[19.844s] [ 96%] [32m[1mLinking CXX executable turtle_teleop_key[0m
[20.739s] [ 96%] Built target turtle_teleop_key
[23.730s] [ 97%] [32m[1mLinking CXX executable mimic[0m
[24.569s] [ 97%] Built target mimic
[25.084s] [ 98%] [32m[1mLinking CXX executable draw_square[0m
[25.767s] [ 98%] Built target draw_square
[29.533s] [100%] [32m[1mLinking CXX executable turtlesim_node[0m
[32.205s] [100%] Built target turtlesim_node
[32.216s] Invoked command in '/home/tyler/Documents/Github/280-M5_ROS/ros2_ws/build/turtlesim' returned '0': CMAKE_PREFIX_PATH=/opt/ros/humble /usr/bin/cmake --build /home/tyler/Documents/Github/280-M5_ROS/ros2_ws/build/turtlesim -- -j8 -l8
[32.340s] Invoking command in '/home/tyler/Documents/Github/280-M5_ROS/ros2_ws/build/turtlesim': CMAKE_PREFIX_PATH=/opt/ros/humble /usr/bin/cmake --install /home/tyler/Documents/Github/280-M5_ROS/ros2_ws/build/turtlesim
[32.347s] -- Install configuration: ""
[32.347s] -- Installing: /home/tyler/Documents/Github/280-M5_ROS/ros2_ws/install/turtlesim/share/ament_index/resource_index/rosidl_interfaces/turtlesim
[32.347s] -- Installing: /home/tyler/Documents/Github/280-M5_ROS/ros2_ws/install/turtlesim/include/turtlesim/turtlesim
[32.347s] -- Installing: /home/tyler/Documents/Github/280-M5_ROS/ros2_ws/install/turtlesim/include/turtlesim/turtlesim/msg
[32.347s] -- Installing: /home/tyler/Documents/Github/280-M5_ROS/ros2_ws/install/turtlesim/include/turtlesim/turtlesim/msg/color.h
[32.347s] -- Installing: /home/tyler/Documents/Github/280-M5_ROS/ros2_ws/install/turtlesim/include/turtlesim/turtlesim/msg/detail
[32.347s] -- Installing: /home/tyler/Documents/Github/280-M5_ROS/ros2_ws/install/turtlesim/include/turtlesim/turtlesim/msg/detail/color__type_support.h
[32.347s] -- Installing: /home/tyler/Documents/Github/280-M5_ROS/ros2_ws/install/turtlesim/include/turtlesim/turtlesim/msg/detail/color__functions.c
[32.347s] -- Installing: /home/tyler/Documents/Github/280-M5_ROS/ros2_ws/install/turtlesim/include/turtlesim/turtlesim/msg/detail/color__struct.h
[32.347s] -- Installing: /home/tyler/Documents/Github/280-M5_ROS/ros2_ws/install/turtlesim/include/turtlesim/turtlesim/msg/detail/pose__type_support.h
[32.348s] -- Installing: /home/tyler/Documents/Github/280-M5_ROS/ros2_ws/install/turtlesim/include/turtlesim/turtlesim/msg/detail/pose__functions.c
[32.348s] -- Installing: /home/tyler/Documents/Github/280-M5_ROS/ros2_ws/install/turtlesim/include/turtlesim/turtlesim/msg/detail/color__functions.h
[32.348s] -- Installing: /home/tyler/Documents/Github/280-M5_ROS/ros2_ws/install/turtlesim/include/turtlesim/turtlesim/msg/detail/pose__struct.h
[32.348s] -- Installing: /home/tyler/Documents/Github/280-M5_ROS/ros2_ws/install/turtlesim/include/turtlesim/turtlesim/msg/detail/pose__functions.h
[32.348s] -- Installing: /home/tyler/Documents/Github/280-M5_ROS/ros2_ws/install/turtlesim/include/turtlesim/turtlesim/msg/pose.h
[32.348s] -- Installing: /home/tyler/Documents/Github/280-M5_ROS/ros2_ws/install/turtlesim/include/turtlesim/turtlesim/msg/rosidl_generator_c__visibility_control.h
[32.348s] -- Installing: /home/tyler/Documents/Github/280-M5_ROS/ros2_ws/install/turtlesim/include/turtlesim/turtlesim/srv
[32.348s] -- Installing: /home/tyler/Documents/Github/280-M5_ROS/ros2_ws/install/turtlesim/include/turtlesim/turtlesim/srv/spawn.h
[32.348s] -- Installing: /home/tyler/Documents/Github/280-M5_ROS/ros2_ws/install/turtlesim/include/turtlesim/turtlesim/srv/detail
[32.348s] -- Installing: /home/tyler/Documents/Github/280-M5_ROS/ros2_ws/install/turtlesim/include/turtlesim/turtlesim/srv/detail/spawn__functions.h
[32.348s] -- Installing: /home/tyler/Documents/Github/280-M5_ROS/ros2_ws/install/turtlesim/include/turtlesim/turtlesim/srv/detail/spawn__struct.h
[32.348s] -- Installing: /home/tyler/Documents/Github/280-M5_ROS/ros2_ws/install/turtlesim/include/turtlesim/turtlesim/srv/detail/teleport_absolute__type_support.h
[32.349s] -- Installing: /home/tyler/Documents/Github/280-M5_ROS/ros2_ws/install/turtlesim/include/turtlesim/turtlesim/srv/detail/set_pen__functions.c
[32.349s] -- Installing: /home/tyler/Documents/Github/280-M5_ROS/ros2_ws/install/turtlesim/include/turtlesim/turtlesim/srv/detail/teleport_absolute__struct.h
[32.349s] -- Installing: /home/tyler/Documents/Github/280-M5_ROS/ros2_ws/install/turtlesim/include/turtlesim/turtlesim/srv/detail/teleport_relative__functions.c
[32.349s] -- Installing: /home/tyler/Documents/Github/280-M5_ROS/ros2_ws/install/turtlesim/include/turtlesim/turtlesim/srv/detail/teleport_relative__type_support.h
[32.349s] -- Installing: /home/tyler/Documents/Github/280-M5_ROS/ros2_ws/install/turtlesim/include/turtlesim/turtlesim/srv/detail/teleport_relative__struct.h
[32.349s] -- Installing: /home/tyler/Documents/Github/280-M5_ROS/ros2_ws/install/turtlesim/include/turtlesim/turtlesim/srv/detail/teleport_absolute__functions.h
[32.349s] -- Installing: /home/tyler/Documents/Github/280-M5_ROS/ros2_ws/install/turtlesim/include/turtlesim/turtlesim/srv/detail/kill__type_support.h
[32.349s] -- Installing: /home/tyler/Documents/Github/280-M5_ROS/ros2_ws/install/turtlesim/include/turtlesim/turtlesim/srv/detail/teleport_absolute__functions.c
[32.349s] -- Installing: /home/tyler/Documents/Github/280-M5_ROS/ros2_ws/install/turtlesim/include/turtlesim/turtlesim/srv/detail/kill__functions.h
[32.349s] -- Installing: /home/tyler/Documents/Github/280-M5_ROS/ros2_ws/install/turtlesim/include/turtlesim/turtlesim/srv/detail/teleport_relative__functions.h
[32.349s] -- Installing: /home/tyler/Documents/Github/280-M5_ROS/ros2_ws/install/turtlesim/include/turtlesim/turtlesim/srv/detail/spawn__functions.c
[32.349s] -- Installing: /home/tyler/Documents/Github/280-M5_ROS/ros2_ws/install/turtlesim/include/turtlesim/turtlesim/srv/detail/kill__struct.h
[32.350s] -- Installing: /home/tyler/Documents/Github/280-M5_ROS/ros2_ws/install/turtlesim/include/turtlesim/turtlesim/srv/detail/set_pen__type_support.h
[32.350s] -- Installing: /home/tyler/Documents/Github/280-M5_ROS/ros2_ws/install/turtlesim/include/turtlesim/turtlesim/srv/detail/kill__functions.c
[32.350s] -- Installing: /home/tyler/Documents/Github/280-M5_ROS/ros2_ws/install/turtlesim/include/turtlesim/turtlesim/srv/detail/set_pen__functions.h
[32.350s] -- Installing: /home/tyler/Documents/Github/280-M5_ROS/ros2_ws/install/turtlesim/include/turtlesim/turtlesim/srv/detail/spawn__type_support.h
[32.350s] -- Installing: /home/tyler/Documents/Github/280-M5_ROS/ros2_ws/install/turtlesim/include/turtlesim/turtlesim/srv/detail/set_pen__struct.h
[32.350s] -- Installing: /home/tyler/Documents/Github/280-M5_ROS/ros2_ws/install/turtlesim/include/turtlesim/turtlesim/srv/teleport_absolute.h
[32.350s] -- Installing: /home/tyler/Documents/Github/280-M5_ROS/ros2_ws/install/turtlesim/include/turtlesim/turtlesim/srv/set_pen.h
[32.350s] -- Installing: /home/tyler/Documents/Github/280-M5_ROS/ros2_ws/install/turtlesim/include/turtlesim/turtlesim/srv/kill.h
[32.350s] -- Installing: /home/tyler/Documents/Github/280-M5_ROS/ros2_ws/install/turtlesim/include/turtlesim/turtlesim/srv/teleport_relative.h
[32.350s] -- Installing: /home/tyler/Documents/Github/280-M5_ROS/ros2_ws/install/turtlesim/include/turtlesim/turtlesim/action
[32.351s] -- Installing: /home/tyler/Documents/Github/280-M5_ROS/ros2_ws/install/turtlesim/include/turtlesim/turtlesim/action/detail
[32.351s] -- Installing: /home/tyler/Documents/Github/280-M5_ROS/ros2_ws/install/turtlesim/include/turtlesim/turtlesim/action/detail/rotate_absolute__functions.c
[32.351s] -- Installing: /home/tyler/Documents/Github/280-M5_ROS/ros2_ws/install/turtlesim/include/turtlesim/turtlesim/action/detail/rotate_absolute__functions.h
[32.351s] -- Installing: /home/tyler/Documents/Github/280-M5_ROS/ros2_ws/install/turtlesim/include/turtlesim/turtlesim/action/detail/rotate_absolute__struct.h
[32.351s] -- Installing: /home/tyler/Documents/Github/280-M5_ROS/ros2_ws/install/turtlesim/include/turtlesim/turtlesim/action/detail/rotate_absolute__type_support.h
[32.351s] -- Installing: /home/tyler/Documents/Github/280-M5_ROS/ros2_ws/install/turtlesim/include/turtlesim/turtlesim/action/rotate_absolute.h
[32.351s] -- Installing: /home/tyler/Documents/Github/280-M5_ROS/ros2_ws/install/turtlesim/share/turtlesim/environment/library_path.sh
[32.351s] -- Installing: /home/tyler/Documents/Github/280-M5_ROS/ros2_ws/install/turtlesim/share/turtlesim/environment/library_path.dsv
[32.351s] -- Installing: /home/tyler/Documents/Github/280-M5_ROS/ros2_ws/install/turtlesim/lib/libturtlesim__rosidl_generator_c.so
[32.352s] -- Set runtime path of "/home/tyler/Documents/Github/280-M5_ROS/ros2_ws/install/turtlesim/lib/libturtlesim__rosidl_generator_c.so" to ""
[32.352s] -- Up-to-date: /home/tyler/Documents/Github/280-M5_ROS/ros2_ws/install/turtlesim/include/turtlesim/turtlesim
[32.352s] -- Up-to-date: /home/tyler/Documents/Github/280-M5_ROS/ros2_ws/install/turtlesim/include/turtlesim/turtlesim/msg
[32.352s] -- Up-to-date: /home/tyler/Documents/Github/280-M5_ROS/ros2_ws/install/turtlesim/include/turtlesim/turtlesim/msg/detail
[32.352s] -- Installing: /home/tyler/Documents/Github/280-M5_ROS/ros2_ws/install/turtlesim/include/turtlesim/turtlesim/msg/detail/color__rosidl_typesupport_fastrtps_c.h
[32.352s] -- Installing: /home/tyler/Documents/Github/280-M5_ROS/ros2_ws/install/turtlesim/include/turtlesim/turtlesim/msg/detail/pose__rosidl_typesupport_fastrtps_c.h
[32.352s] -- Installing: /home/tyler/Documents/Github/280-M5_ROS/ros2_ws/install/turtlesim/include/turtlesim/turtlesim/msg/rosidl_typesupport_fastrtps_c__visibility_control.h
[32.352s] -- Up-to-date: /home/tyler/Documents/Github/280-M5_ROS/ros2_ws/install/turtlesim/include/turtlesim/turtlesim/srv
[32.352s] -- Up-to-date: /home/tyler/Documents/Github/280-M5_ROS/ros2_ws/install/turtlesim/include/turtlesim/turtlesim/srv/detail
[32.352s] -- Installing: /home/tyler/Documents/Github/280-M5_ROS/ros2_ws/install/turtlesim/include/turtlesim/turtlesim/srv/detail/set_pen__rosidl_typesupport_fastrtps_c.h
[32.353s] -- Installing: /home/tyler/Documents/Github/280-M5_ROS/ros2_ws/install/turtlesim/include/turtlesim/turtlesim/srv/detail/teleport_absolute__rosidl_typesupport_fastrtps_c.h
[32.353s] -- Installing: /home/tyler/Documents/Github/280-M5_ROS/ros2_ws/install/turtlesim/include/turtlesim/turtlesim/srv/detail/spawn__rosidl_typesupport_fastrtps_c.h
[32.353s] -- Installing: /home/tyler/Documents/Github/280-M5_ROS/ros2_ws/install/turtlesim/include/turtlesim/turtlesim/srv/detail/teleport_relative__rosidl_typesupport_fastrtps_c.h
[32.353s] -- Installing: /home/tyler/Documents/Github/280-M5_ROS/ros2_ws/install/turtlesim/include/turtlesim/turtlesim/srv/detail/kill__rosidl_typesupport_fastrtps_c.h
[32.353s] -- Up-to-date: /home/tyler/Documents/Github/280-M5_ROS/ros2_ws/install/turtlesim/include/turtlesim/turtlesim/action
[32.353s] -- Up-to-date: /home/tyler/Documents/Github/280-M5_ROS/ros2_ws/install/turtlesim/include/turtlesim/turtlesim/action/detail
[32.353s] -- Installing: /home/tyler/Documents/Github/280-M5_ROS/ros2_ws/install/turtlesim/include/turtlesim/turtlesim/action/detail/rotate_absolute__rosidl_typesupport_fastrtps_c.h
[32.353s] -- Installing: /home/tyler/Documents/Github/280-M5_ROS/ros2_ws/install/turtlesim/lib/libturtlesim__rosidl_typesupport_fastrtps_c.so
[32.353s] -- Set runtime path of "/home/tyler/Documents/Github/280-M5_ROS/ros2_ws/install/turtlesim/lib/libturtlesim__rosidl_typesupport_fastrtps_c.so" to ""
[32.353s] -- Up-to-date: /home/tyler/Documents/Github/280-M5_ROS/ros2_ws/install/turtlesim/include/turtlesim/turtlesim
[32.353s] -- Up-to-date: /home/tyler/Documents/Github/280-M5_ROS/ros2_ws/install/turtlesim/include/turtlesim/turtlesim/msg
[32.354s] -- Up-to-date: /home/tyler/Documents/Github/280-M5_ROS/ros2_ws/install/turtlesim/include/turtlesim/turtlesim/msg/detail
[32.354s] -- Installing: /home/tyler/Documents/Github/280-M5_ROS/ros2_ws/install/turtlesim/include/turtlesim/turtlesim/msg/detail/pose__traits.hpp
[32.354s] -- Installing: /home/tyler/Documents/Github/280-M5_ROS/ros2_ws/install/turtlesim/include/turtlesim/turtlesim/msg/detail/color__traits.hpp
[32.354s] -- Installing: /home/tyler/Documents/Github/280-M5_ROS/ros2_ws/install/turtlesim/include/turtlesim/turtlesim/msg/detail/pose__builder.hpp
[32.354s] -- Installing: /home/tyler/Documents/Github/280-M5_ROS/ros2_ws/install/turtlesim/include/turtlesim/turtlesim/msg/detail/pose__struct.hpp
[32.354s] -- Installing: /home/tyler/Documents/Github/280-M5_ROS/ros2_ws/install/turtlesim/include/turtlesim/turtlesim/msg/detail/color__struct.hpp
[32.354s] -- Installing: /home/tyler/Documents/Github/280-M5_ROS/ros2_ws/install/turtlesim/include/turtlesim/turtlesim/msg/detail/color__builder.hpp
[32.354s] -- Installing: /home/tyler/Documents/Github/280-M5_ROS/ros2_ws/install/turtlesim/include/turtlesim/turtlesim/msg/pose.hpp
[32.354s] -- Installing: /home/tyler/Documents/Github/280-M5_ROS/ros2_ws/install/turtlesim/include/turtlesim/turtlesim/msg/color.hpp
[32.354s] -- Up-to-date: /home/tyler/Documents/Github/280-M5_ROS/ros2_ws/install/turtlesim/include/turtlesim/turtlesim/srv
[32.354s] -- Up-to-date: /home/tyler/Documents/Github/280-M5_ROS/ros2_ws/install/turtlesim/include/turtlesim/turtlesim/srv/detail
[32.355s] -- Installing: /home/tyler/Documents/Github/280-M5_ROS/ros2_ws/install/turtlesim/include/turtlesim/turtlesim/srv/detail/teleport_absolute__builder.hpp
[32.355s] -- Installing: /home/tyler/Documents/Github/280-M5_ROS/ros2_ws/install/turtlesim/include/turtlesim/turtlesim/srv/detail/teleport_absolute__traits.hpp
[32.355s] -- Installing: /home/tyler/Documents/Github/280-M5_ROS/ros2_ws/install/turtlesim/include/turtlesim/turtlesim/srv/detail/set_pen__traits.hpp
[32.355s] -- Installing: /home/tyler/Documents/Github/280-M5_ROS/ros2_ws/install/turtlesim/include/turtlesim/turtlesim/srv/detail/spawn__traits.hpp
[32.355s] -- Installing: /home/tyler/Documents/Github/280-M5_ROS/ros2_ws/install/turtlesim/include/turtlesim/turtlesim/srv/detail/teleport_relative__builder.hpp
[32.355s] -- Installing: /home/tyler/Documents/Github/280-M5_ROS/ros2_ws/install/turtlesim/include/turtlesim/turtlesim/srv/detail/set_pen__struct.hpp
[32.355s] -- Installing: /home/tyler/Documents/Github/280-M5_ROS/ros2_ws/install/turtlesim/include/turtlesim/turtlesim/srv/detail/spawn__struct.hpp
[32.355s] -- Installing: /home/tyler/Documents/Github/280-M5_ROS/ros2_ws/install/turtlesim/include/turtlesim/turtlesim/srv/detail/teleport_relative__struct.hpp
[32.355s] -- Installing: /home/tyler/Documents/Github/280-M5_ROS/ros2_ws/install/turtlesim/include/turtlesim/turtlesim/srv/detail/spawn__builder.hpp
[32.356s] -- Installing: /home/tyler/Documents/Github/280-M5_ROS/ros2_ws/install/turtlesim/include/turtlesim/turtlesim/srv/detail/kill__traits.hpp
[32.356s] -- Installing: /home/tyler/Documents/Github/280-M5_ROS/ros2_ws/install/turtlesim/include/turtlesim/turtlesim/srv/detail/teleport_absolute__struct.hpp
[32.356s] -- Installing: /home/tyler/Documents/Github/280-M5_ROS/ros2_ws/install/turtlesim/include/turtlesim/turtlesim/srv/detail/kill__struct.hpp
[32.356s] -- Installing: /home/tyler/Documents/Github/280-M5_ROS/ros2_ws/install/turtlesim/include/turtlesim/turtlesim/srv/detail/set_pen__builder.hpp
[32.356s] -- Installing: /home/tyler/Documents/Github/280-M5_ROS/ros2_ws/install/turtlesim/include/turtlesim/turtlesim/srv/detail/teleport_relative__traits.hpp
[32.356s] -- Installing: /home/tyler/Documents/Github/280-M5_ROS/ros2_ws/install/turtlesim/include/turtlesim/turtlesim/srv/detail/kill__builder.hpp
[32.356s] -- Installing: /home/tyler/Documents/Github/280-M5_ROS/ros2_ws/install/turtlesim/include/turtlesim/turtlesim/srv/kill.hpp
[32.356s] -- Installing: /home/tyler/Documents/Github/280-M5_ROS/ros2_ws/install/turtlesim/include/turtlesim/turtlesim/srv/teleport_relative.hpp
[32.356s] -- Installing: /home/tyler/Documents/Github/280-M5_ROS/ros2_ws/install/turtlesim/include/turtlesim/turtlesim/srv/set_pen.hpp
[32.356s] -- Installing: /home/tyler/Documents/Github/280-M5_ROS/ros2_ws/install/turtlesim/include/turtlesim/turtlesim/srv/teleport_absolute.hpp
[32.356s] -- Installing: /home/tyler/Documents/Github/280-M5_ROS/ros2_ws/install/turtlesim/include/turtlesim/turtlesim/srv/spawn.hpp
[32.356s] -- Up-to-date: /home/tyler/Documents/Github/280-M5_ROS/ros2_ws/install/turtlesim/include/turtlesim/turtlesim/action
[32.357s] -- Up-to-date: /home/tyler/Documents/Github/280-M5_ROS/ros2_ws/install/turtlesim/include/turtlesim/turtlesim/action/detail
[32.357s] -- Installing: /home/tyler/Documents/Github/280-M5_ROS/ros2_ws/install/turtlesim/include/turtlesim/turtlesim/action/detail/rotate_absolute__traits.hpp
[32.357s] -- Installing: /home/tyler/Documents/Github/280-M5_ROS/ros2_ws/install/turtlesim/include/turtlesim/turtlesim/action/detail/rotate_absolute__struct.hpp
[32.357s] -- Installing: /home/tyler/Documents/Github/280-M5_ROS/ros2_ws/install/turtlesim/include/turtlesim/turtlesim/action/detail/rotate_absolute__builder.hpp
[32.357s] -- Installing: /home/tyler/Documents/Github/280-M5_ROS/ros2_ws/install/turtlesim/include/turtlesim/turtlesim/action/rotate_absolute.hpp
[32.357s] -- Up-to-date: /home/tyler/Documents/Github/280-M5_ROS/ros2_ws/install/turtlesim/include/turtlesim/turtlesim
[32.357s] -- Up-to-date: /home/tyler/Documents/Github/280-M5_ROS/ros2_ws/install/turtlesim/include/turtlesim/turtlesim/msg
[32.357s] -- Up-to-date: /home/tyler/Documents/Github/280-M5_ROS/ros2_ws/install/turtlesim/include/turtlesim/turtlesim/msg/detail
[32.357s] -- Installing: /home/tyler/Documents/Github/280-M5_ROS/ros2_ws/install/turtlesim/include/turtlesim/turtlesim/msg/detail/color__rosidl_typesupport_fastrtps_cpp.hpp
[32.357s] -- Installing: /home/tyler/Documents/Github/280-M5_ROS/ros2_ws/install/turtlesim/include/turtlesim/turtlesim/msg/detail/pose__rosidl_typesupport_fastrtps_cpp.hpp
[32.357s] -- Installing: /home/tyler/Documents/Github/280-M5_ROS/ros2_ws/install/turtlesim/include/turtlesim/turtlesim/msg/detail/dds_fastrtps
[32.357s] -- Installing: /home/tyler/Documents/Github/280-M5_ROS/ros2_ws/install/turtlesim/include/turtlesim/turtlesim/msg/rosidl_typesupport_fastrtps_cpp__visibility_control.h
[32.357s] -- Up-to-date: /home/tyler/Documents/Github/280-M5_ROS/ros2_ws/install/turtlesim/include/turtlesim/turtlesim/srv
[32.358s] -- Up-to-date: /home/tyler/Documents/Github/280-M5_ROS/ros2_ws/install/turtlesim/include/turtlesim/turtlesim/srv/detail
[32.358s] -- Installing: /home/tyler/Documents/Github/280-M5_ROS/ros2_ws/install/turtlesim/include/turtlesim/turtlesim/srv/detail/kill__rosidl_typesupport_fastrtps_cpp.hpp
[32.358s] -- Installing: /home/tyler/Documents/Github/280-M5_ROS/ros2_ws/install/turtlesim/include/turtlesim/turtlesim/srv/detail/teleport_relative__rosidl_typesupport_fastrtps_cpp.hpp
[32.358s] -- Installing: /home/tyler/Documents/Github/280-M5_ROS/ros2_ws/install/turtlesim/include/turtlesim/turtlesim/srv/detail/set_pen__rosidl_typesupport_fastrtps_cpp.hpp
[32.358s] -- Installing: /home/tyler/Documents/Github/280-M5_ROS/ros2_ws/install/turtlesim/include/turtlesim/turtlesim/srv/detail/teleport_absolute__rosidl_typesupport_fastrtps_cpp.hpp
[32.358s] -- Installing: /home/tyler/Documents/Github/280-M5_ROS/ros2_ws/install/turtlesim/include/turtlesim/turtlesim/srv/detail/spawn__rosidl_typesupport_fastrtps_cpp.hpp
[32.358s] -- Installing: /home/tyler/Documents/Github/280-M5_ROS/ros2_ws/install/turtlesim/include/turtlesim/turtlesim/srv/detail/dds_fastrtps
[32.358s] -- Up-to-date: /home/tyler/Documents/Github/280-M5_ROS/ros2_ws/install/turtlesim/include/turtlesim/turtlesim/action
[32.358s] -- Up-to-date: /home/tyler/Documents/Github/280-M5_ROS/ros2_ws/install/turtlesim/include/turtlesim/turtlesim/action/detail
[32.358s] -- Installing: /home/tyler/Documents/Github/280-M5_ROS/ros2_ws/install/turtlesim/include/turtlesim/turtlesim/action/detail/rotate_absolute__rosidl_typesupport_fastrtps_cpp.hpp
[32.358s] -- Installing: /home/tyler/Documents/Github/280-M5_ROS/ros2_ws/install/turtlesim/include/turtlesim/turtlesim/action/detail/dds_fastrtps
[32.358s] -- Installing: /home/tyler/Documents/Github/280-M5_ROS/ros2_ws/install/turtlesim/lib/libturtlesim__rosidl_typesupport_fastrtps_cpp.so
[32.358s] -- Set runtime path of "/home/tyler/Documents/Github/280-M5_ROS/ros2_ws/install/turtlesim/lib/libturtlesim__rosidl_typesupport_fastrtps_cpp.so" to ""
[32.359s] -- Up-to-date: /home/tyler/Documents/Github/280-M5_ROS/ros2_ws/install/turtlesim/include/turtlesim/turtlesim
[32.359s] -- Up-to-date: /home/tyler/Documents/Github/280-M5_ROS/ros2_ws/install/turtlesim/include/turtlesim/turtlesim/msg
[32.359s] -- Up-to-date: /home/tyler/Documents/Github/280-M5_ROS/ros2_ws/install/turtlesim/include/turtlesim/turtlesim/msg/detail
[32.359s] -- Installing: /home/tyler/Documents/Github/280-M5_ROS/ros2_ws/install/turtlesim/include/turtlesim/turtlesim/msg/detail/color__rosidl_typesupport_introspection_c.h
[32.359s] -- Installing: /home/tyler/Documents/Github/280-M5_ROS/ros2_ws/install/turtlesim/include/turtlesim/turtlesim/msg/detail/pose__type_support.c
[32.359s] -- Installing: /home/tyler/Documents/Github/280-M5_ROS/ros2_ws/install/turtlesim/include/turtlesim/turtlesim/msg/detail/color__type_support.c
[32.359s] -- Installing: /home/tyler/Documents/Github/280-M5_ROS/ros2_ws/install/turtlesim/include/turtlesim/turtlesim/msg/detail/pose__rosidl_typesupport_introspection_c.h
[32.359s] -- Installing: /home/tyler/Documents/Github/280-M5_ROS/ros2_ws/install/turtlesim/include/turtlesim/turtlesim/msg/rosidl_typesupport_introspection_c__visibility_control.h
[32.359s] -- Up-to-date: /home/tyler/Documents/Github/280-M5_ROS/ros2_ws/install/turtlesim/include/turtlesim/turtlesim/srv
[32.359s] -- Up-to-date: /home/tyler/Documents/Github/280-M5_ROS/ros2_ws/install/turtlesim/include/turtlesim/turtlesim/srv/detail
[32.359s] -- Installing: /home/tyler/Documents/Github/280-M5_ROS/ros2_ws/install/turtlesim/include/turtlesim/turtlesim/srv/detail/teleport_relative__rosidl_typesupport_introspection_c.h
[32.359s] -- Installing: /home/tyler/Documents/Github/280-M5_ROS/ros2_ws/install/turtlesim/include/turtlesim/turtlesim/srv/detail/spawn__rosidl_typesupport_introspection_c.h
[32.360s] -- Installing: /home/tyler/Documents/Github/280-M5_ROS/ros2_ws/install/turtlesim/include/turtlesim/turtlesim/srv/detail/set_pen__rosidl_typesupport_introspection_c.h
[32.360s] -- Installing: /home/tyler/Documents/Github/280-M5_ROS/ros2_ws/install/turtlesim/include/turtlesim/turtlesim/srv/detail/teleport_relative__type_support.c
[32.360s] -- Installing: /home/tyler/Documents/Github/280-M5_ROS/ros2_ws/install/turtlesim/include/turtlesim/turtlesim/srv/detail/set_pen__type_support.c
[32.360s] -- Installing: /home/tyler/Documents/Github/280-M5_ROS/ros2_ws/install/turtlesim/include/turtlesim/turtlesim/srv/detail/kill__rosidl_typesupport_introspection_c.h
[32.360s] -- Installing: /home/tyler/Documents/Github/280-M5_ROS/ros2_ws/install/turtlesim/include/turtlesim/turtlesim/srv/detail/spawn__type_support.c
[32.360s] -- Installing: /home/tyler/Documents/Github/280-M5_ROS/ros2_ws/install/turtlesim/include/turtlesim/turtlesim/srv/detail/teleport_absolute__rosidl_typesupport_introspection_c.h
[32.360s] -- Installing: /home/tyler/Documents/Github/280-M5_ROS/ros2_ws/install/turtlesim/include/turtlesim/turtlesim/srv/detail/kill__type_support.c
[32.360s] -- Installing: /home/tyler/Documents/Github/280-M5_ROS/ros2_ws/install/turtlesim/include/turtlesim/turtlesim/srv/detail/teleport_absolute__type_support.c
[32.360s] -- Up-to-date: /home/tyler/Documents/Github/280-M5_ROS/ros2_ws/install/turtlesim/include/turtlesim/turtlesim/action
[32.360s] -- Up-to-date: /home/tyler/Documents/Github/280-M5_ROS/ros2_ws/install/turtlesim/include/turtlesim/turtlesim/action/detail
[32.360s] -- Installing: /home/tyler/Documents/Github/280-M5_ROS/ros2_ws/install/turtlesim/include/turtlesim/turtlesim/action/detail/rotate_absolute__rosidl_typesupport_introspection_c.h
[32.360s] -- Installing: /home/tyler/Documents/Github/280-M5_ROS/ros2_ws/install/turtlesim/include/turtlesim/turtlesim/action/detail/rotate_absolute__type_support.c
[32.361s] -- Installing: /home/tyler/Documents/Github/280-M5_ROS/ros2_ws/install/turtlesim/lib/libturtlesim__rosidl_typesupport_introspection_c.so
[32.361s] -- Set runtime path of "/home/tyler/Documents/Github/280-M5_ROS/ros2_ws/install/turtlesim/lib/libturtlesim__rosidl_typesupport_introspection_c.so" to ""
[32.361s] -- Installing: /home/tyler/Documents/Github/280-M5_ROS/ros2_ws/install/turtlesim/lib/libturtlesim__rosidl_typesupport_c.so
[32.361s] -- Set runtime path of "/home/tyler/Documents/Github/280-M5_ROS/ros2_ws/install/turtlesim/lib/libturtlesim__rosidl_typesupport_c.so" to ""
[32.361s] -- Up-to-date: /home/tyler/Documents/Github/280-M5_ROS/ros2_ws/install/turtlesim/include/turtlesim/turtlesim
[32.361s] -- Up-to-date: /home/tyler/Documents/Github/280-M5_ROS/ros2_ws/install/turtlesim/include/turtlesim/turtlesim/msg
[32.361s] -- Up-to-date: /home/tyler/Documents/Github/280-M5_ROS/ros2_ws/install/turtlesim/include/turtlesim/turtlesim/msg/detail
[32.362s] -- Installing: /home/tyler/Documents/Github/280-M5_ROS/ros2_ws/install/turtlesim/include/turtlesim/turtlesim/msg/detail/color__rosidl_typesupport_introspection_cpp.hpp
[32.362s] -- Installing: /home/tyler/Documents/Github/280-M5_ROS/ros2_ws/install/turtlesim/include/turtlesim/turtlesim/msg/detail/pose__type_support.cpp
[32.362s] -- Installing: /home/tyler/Documents/Github/280-M5_ROS/ros2_ws/install/turtlesim/include/turtlesim/turtlesim/msg/detail/pose__rosidl_typesupport_introspection_cpp.hpp
[32.362s] -- Installing: /home/tyler/Documents/Github/280-M5_ROS/ros2_ws/install/turtlesim/include/turtlesim/turtlesim/msg/detail/color__type_support.cpp
[32.362s] -- Up-to-date: /home/tyler/Documents/Github/280-M5_ROS/ros2_ws/install/turtlesim/include/turtlesim/turtlesim/srv
[32.362s] -- Up-to-date: /home/tyler/Documents/Github/280-M5_ROS/ros2_ws/install/turtlesim/include/turtlesim/turtlesim/srv/detail
[32.362s] -- Installing: /home/tyler/Documents/Github/280-M5_ROS/ros2_ws/install/turtlesim/include/turtlesim/turtlesim/srv/detail/kill__rosidl_typesupport_introspection_cpp.hpp
[32.362s] -- Installing: /home/tyler/Documents/Github/280-M5_ROS/ros2_ws/install/turtlesim/include/turtlesim/turtlesim/srv/detail/teleport_relative__type_support.cpp
[32.362s] -- Installing: /home/tyler/Documents/Github/280-M5_ROS/ros2_ws/install/turtlesim/include/turtlesim/turtlesim/srv/detail/teleport_relative__rosidl_typesupport_introspection_cpp.hpp
[32.362s] -- Installing: /home/tyler/Documents/Github/280-M5_ROS/ros2_ws/install/turtlesim/include/turtlesim/turtlesim/srv/detail/teleport_absolute__type_support.cpp
[32.362s] -- Installing: /home/tyler/Documents/Github/280-M5_ROS/ros2_ws/install/turtlesim/include/turtlesim/turtlesim/srv/detail/set_pen__type_support.cpp
[32.362s] -- Installing: /home/tyler/Documents/Github/280-M5_ROS/ros2_ws/install/turtlesim/include/turtlesim/turtlesim/srv/detail/teleport_absolute__rosidl_typesupport_introspection_cpp.hpp
[32.363s] -- Installing: /home/tyler/Documents/Github/280-M5_ROS/ros2_ws/install/turtlesim/include/turtlesim/turtlesim/srv/detail/spawn__type_support.cpp
[32.363s] -- Installing: /home/tyler/Documents/Github/280-M5_ROS/ros2_ws/install/turtlesim/include/turtlesim/turtlesim/srv/detail/kill__type_support.cpp
[32.363s] -- Installing: /home/tyler/Documents/Github/280-M5_ROS/ros2_ws/install/turtlesim/include/turtlesim/turtlesim/srv/detail/set_pen__rosidl_typesupport_introspection_cpp.hpp
[32.363s] -- Installing: /home/tyler/Documents/Github/280-M5_ROS/ros2_ws/install/turtlesim/include/turtlesim/turtlesim/srv/detail/spawn__rosidl_typesupport_introspection_cpp.hpp
[32.363s] -- Up-to-date: /home/tyler/Documents/Github/280-M5_ROS/ros2_ws/install/turtlesim/include/turtlesim/turtlesim/action
[32.363s] -- Up-to-date: /home/tyler/Documents/Github/280-M5_ROS/ros2_ws/install/turtlesim/include/turtlesim/turtlesim/action/detail
[32.363s] -- Installing: /home/tyler/Documents/Github/280-M5_ROS/ros2_ws/install/turtlesim/include/turtlesim/turtlesim/action/detail/rotate_absolute__rosidl_typesupport_introspection_cpp.hpp
[32.363s] -- Installing: /home/tyler/Documents/Github/280-M5_ROS/ros2_ws/install/turtlesim/include/turtlesim/turtlesim/action/detail/rotate_absolute__type_support.cpp
[32.363s] -- Installing: /home/tyler/Documents/Github/280-M5_ROS/ros2_ws/install/turtlesim/lib/libturtlesim__rosidl_typesupport_introspection_cpp.so
[32.364s] -- Set runtime path of "/home/tyler/Documents/Github/280-M5_ROS/ros2_ws/install/turtlesim/lib/libturtlesim__rosidl_typesupport_introspection_cpp.so" to ""
[32.364s] -- Installing: /home/tyler/Documents/Github/280-M5_ROS/ros2_ws/install/turtlesim/lib/libturtlesim__rosidl_typesupport_cpp.so
[32.364s] -- Set runtime path of "/home/tyler/Documents/Github/280-M5_ROS/ros2_ws/install/turtlesim/lib/libturtlesim__rosidl_typesupport_cpp.so" to ""
[32.364s] -- Installing: /home/tyler/Documents/Github/280-M5_ROS/ros2_ws/install/turtlesim/share/turtlesim/environment/pythonpath.sh
[32.364s] -- Installing: /home/tyler/Documents/Github/280-M5_ROS/ros2_ws/install/turtlesim/share/turtlesim/environment/pythonpath.dsv
[32.364s] -- Installing: /home/tyler/Documents/Github/280-M5_ROS/ros2_ws/install/turtlesim/local/lib/python3.10/dist-packages/turtlesim-1.4.1-py3.10.egg-info
[32.364s] -- Installing: /home/tyler/Documents/Github/280-M5_ROS/ros2_ws/install/turtlesim/local/lib/python3.10/dist-packages/turtlesim-1.4.1-py3.10.egg-info/SOURCES.txt
[32.364s] -- Installing: /home/tyler/Documents/Github/280-M5_ROS/ros2_ws/install/turtlesim/local/lib/python3.10/dist-packages/turtlesim-1.4.1-py3.10.egg-info/PKG-INFO
[32.365s] -- Installing: /home/tyler/Documents/Github/280-M5_ROS/ros2_ws/install/turtlesim/local/lib/python3.10/dist-packages/turtlesim-1.4.1-py3.10.egg-info/dependency_links.txt
[32.365s] -- Installing: /home/tyler/Documents/Github/280-M5_ROS/ros2_ws/install/turtlesim/local/lib/python3.10/dist-packages/turtlesim-1.4.1-py3.10.egg-info/top_level.txt
[32.365s] -- Installing: /home/tyler/Documents/Github/280-M5_ROS/ros2_ws/install/turtlesim/local/lib/python3.10/dist-packages/turtlesim
[32.365s] -- Installing: /home/tyler/Documents/Github/280-M5_ROS/ros2_ws/install/turtlesim/local/lib/python3.10/dist-packages/turtlesim/_turtlesim_s.ep.rosidl_typesupport_fastrtps_c.c
[32.365s] -- Installing: /home/tyler/Documents/Github/280-M5_ROS/ros2_ws/install/turtlesim/local/lib/python3.10/dist-packages/turtlesim/turtlesim_s__rosidl_typesupport_fastrtps_c.cpython-310-x86_64-linux-gnu.so
[32.365s] -- Installing: /home/tyler/Documents/Github/280-M5_ROS/ros2_ws/install/turtlesim/local/lib/python3.10/dist-packages/turtlesim/msg
[32.365s] -- Installing: /home/tyler/Documents/Github/280-M5_ROS/ros2_ws/install/turtlesim/local/lib/python3.10/dist-packages/turtlesim/msg/_pose.py
[32.365s] -- Installing: /home/tyler/Documents/Github/280-M5_ROS/ros2_ws/install/turtlesim/local/lib/python3.10/dist-packages/turtlesim/msg/_color_s.c
[32.365s] -- Installing: /home/tyler/Documents/Github/280-M5_ROS/ros2_ws/install/turtlesim/local/lib/python3.10/dist-packages/turtlesim/msg/__init__.py
[32.365s] -- Installing: /home/tyler/Documents/Github/280-M5_ROS/ros2_ws/install/turtlesim/local/lib/python3.10/dist-packages/turtlesim/msg/_color.py
[32.366s] -- Installing: /home/tyler/Documents/Github/280-M5_ROS/ros2_ws/install/turtlesim/local/lib/python3.10/dist-packages/turtlesim/msg/_pose_s.c
[32.366s] -- Installing: /home/tyler/Documents/Github/280-M5_ROS/ros2_ws/install/turtlesim/local/lib/python3.10/dist-packages/turtlesim/_turtlesim_s.ep.rosidl_typesupport_introspection_c.c
[32.366s] -- Installing: /home/tyler/Documents/Github/280-M5_ROS/ros2_ws/install/turtlesim/local/lib/python3.10/dist-packages/turtlesim/turtlesim_s__rosidl_typesupport_introspection_c.cpython-310-x86_64-linux-gnu.so
[32.366s] -- Installing: /home/tyler/Documents/Github/280-M5_ROS/ros2_ws/install/turtlesim/local/lib/python3.10/dist-packages/turtlesim/libturtlesim__rosidl_generator_py.so
[32.366s] -- Installing: /home/tyler/Documents/Github/280-M5_ROS/ros2_ws/install/turtlesim/local/lib/python3.10/dist-packages/turtlesim/turtlesim_s__rosidl_typesupport_c.cpython-310-x86_64-linux-gnu.so
[32.366s] -- Installing: /home/tyler/Documents/Github/280-M5_ROS/ros2_ws/install/turtlesim/local/lib/python3.10/dist-packages/turtlesim/__init__.py
[32.366s] -- Installing: /home/tyler/Documents/Github/280-M5_ROS/ros2_ws/install/turtlesim/local/lib/python3.10/dist-packages/turtlesim/srv
[32.366s] -- Installing: /home/tyler/Documents/Github/280-M5_ROS/ros2_ws/install/turtlesim/local/lib/python3.10/dist-packages/turtlesim/srv/_set_pen_s.c
[32.367s] -- Installing: /home/tyler/Documents/Github/280-M5_ROS/ros2_ws/install/turtlesim/local/lib/python3.10/dist-packages/turtlesim/srv/_kill.py
[32.367s] -- Installing: /home/tyler/Documents/Github/280-M5_ROS/ros2_ws/install/turtlesim/local/lib/python3.10/dist-packages/turtlesim/srv/_teleport_absolute_s.c
[32.367s] -- Installing: /home/tyler/Documents/Github/280-M5_ROS/ros2_ws/install/turtlesim/local/lib/python3.10/dist-packages/turtlesim/srv/_teleport_relative_s.c
[32.367s] -- Installing: /home/tyler/Documents/Github/280-M5_ROS/ros2_ws/install/turtlesim/local/lib/python3.10/dist-packages/turtlesim/srv/_spawn.py
[32.367s] -- Installing: /home/tyler/Documents/Github/280-M5_ROS/ros2_ws/install/turtlesim/local/lib/python3.10/dist-packages/turtlesim/srv/__init__.py
[32.367s] -- Installing: /home/tyler/Documents/Github/280-M5_ROS/ros2_ws/install/turtlesim/local/lib/python3.10/dist-packages/turtlesim/srv/_kill_s.c
[32.367s] -- Installing: /home/tyler/Documents/Github/280-M5_ROS/ros2_ws/install/turtlesim/local/lib/python3.10/dist-packages/turtlesim/srv/_teleport_absolute.py
[32.367s] -- Installing: /home/tyler/Documents/Github/280-M5_ROS/ros2_ws/install/turtlesim/local/lib/python3.10/dist-packages/turtlesim/srv/_spawn_s.c
[32.367s] -- Installing: /home/tyler/Documents/Github/280-M5_ROS/ros2_ws/install/turtlesim/local/lib/python3.10/dist-packages/turtlesim/srv/_set_pen.py
[32.367s] -- Installing: /home/tyler/Documents/Github/280-M5_ROS/ros2_ws/install/turtlesim/local/lib/python3.10/dist-packages/turtlesim/srv/_teleport_relative.py
[32.367s] -- Installing: /home/tyler/Documents/Github/280-M5_ROS/ros2_ws/install/turtlesim/local/lib/python3.10/dist-packages/turtlesim/_turtlesim_s.ep.rosidl_typesupport_c.c
[32.368s] -- Installing: /home/tyler/Documents/Github/280-M5_ROS/ros2_ws/install/turtlesim/local/lib/python3.10/dist-packages/turtlesim/action
[32.368s] -- Installing: /home/tyler/Documents/Github/280-M5_ROS/ros2_ws/install/turtlesim/local/lib/python3.10/dist-packages/turtlesim/action/_rotate_absolute.py
[32.368s] -- Installing: /home/tyler/Documents/Github/280-M5_ROS/ros2_ws/install/turtlesim/local/lib/python3.10/dist-packages/turtlesim/action/__init__.py
[32.368s] -- Installing: /home/tyler/Documents/Github/280-M5_ROS/ros2_ws/install/turtlesim/local/lib/python3.10/dist-packages/turtlesim/action/_rotate_absolute_s.c
[32.419s] Listing '/home/tyler/Documents/Github/280-M5_ROS/ros2_ws/install/turtlesim/local/lib/python3.10/dist-packages/turtlesim'...
[32.420s] Compiling '/home/tyler/Documents/Github/280-M5_ROS/ros2_ws/install/turtlesim/local/lib/python3.10/dist-packages/turtlesim/__init__.py'...
[32.420s] Listing '/home/tyler/Documents/Github/280-M5_ROS/ros2_ws/install/turtlesim/local/lib/python3.10/dist-packages/turtlesim/action'...
[32.420s] Compiling '/home/tyler/Documents/Github/280-M5_ROS/ros2_ws/install/turtlesim/local/lib/python3.10/dist-packages/turtlesim/action/__init__.py'...
[32.420s] Compiling '/home/tyler/Documents/Github/280-M5_ROS/ros2_ws/install/turtlesim/local/lib/python3.10/dist-packages/turtlesim/action/_rotate_absolute.py'...
[32.420s] Listing '/home/tyler/Documents/Github/280-M5_ROS/ros2_ws/install/turtlesim/local/lib/python3.10/dist-packages/turtlesim/msg'...
[32.420s] Compiling '/home/tyler/Documents/Github/280-M5_ROS/ros2_ws/install/turtlesim/local/lib/python3.10/dist-packages/turtlesim/msg/__init__.py'...
[32.420s] Compiling '/home/tyler/Documents/Github/280-M5_ROS/ros2_ws/install/turtlesim/local/lib/python3.10/dist-packages/turtlesim/msg/_color.py'...
[32.420s] Compiling '/home/tyler/Documents/Github/280-M5_ROS/ros2_ws/install/turtlesim/local/lib/python3.10/dist-packages/turtlesim/msg/_pose.py'...
[32.420s] Listing '/home/tyler/Documents/Github/280-M5_ROS/ros2_ws/install/turtlesim/local/lib/python3.10/dist-packages/turtlesim/srv'...
[32.420s] Compiling '/home/tyler/Documents/Github/280-M5_ROS/ros2_ws/install/turtlesim/local/lib/python3.10/dist-packages/turtlesim/srv/__init__.py'...
[32.420s] Compiling '/home/tyler/Documents/Github/280-M5_ROS/ros2_ws/install/turtlesim/local/lib/python3.10/dist-packages/turtlesim/srv/_kill.py'...
[32.420s] Compiling '/home/tyler/Documents/Github/280-M5_ROS/ros2_ws/install/turtlesim/local/lib/python3.10/dist-packages/turtlesim/srv/_set_pen.py'...
[32.420s] Compiling '/home/tyler/Documents/Github/280-M5_ROS/ros2_ws/install/turtlesim/local/lib/python3.10/dist-packages/turtlesim/srv/_spawn.py'...
[32.420s] Compiling '/home/tyler/Documents/Github/280-M5_ROS/ros2_ws/install/turtlesim/local/lib/python3.10/dist-packages/turtlesim/srv/_teleport_absolute.py'...
[32.420s] Compiling '/home/tyler/Documents/Github/280-M5_ROS/ros2_ws/install/turtlesim/local/lib/python3.10/dist-packages/turtlesim/srv/_teleport_relative.py'...
[32.427s] -- Installing: /home/tyler/Documents/Github/280-M5_ROS/ros2_ws/install/turtlesim/local/lib/python3.10/dist-packages/turtlesim/turtlesim_s__rosidl_typesupport_fastrtps_c.cpython-310-x86_64-linux-gnu.so
[32.427s] -- Set runtime path of "/home/tyler/Documents/Github/280-M5_ROS/ros2_ws/install/turtlesim/local/lib/python3.10/dist-packages/turtlesim/turtlesim_s__rosidl_typesupport_fastrtps_c.cpython-310-x86_64-linux-gnu.so" to ""
[32.428s] -- Installing: /home/tyler/Documents/Github/280-M5_ROS/ros2_ws/install/turtlesim/local/lib/python3.10/dist-packages/turtlesim/turtlesim_s__rosidl_typesupport_introspection_c.cpython-310-x86_64-linux-gnu.so
[32.428s] -- Set runtime path of "/home/tyler/Documents/Github/280-M5_ROS/ros2_ws/install/turtlesim/local/lib/python3.10/dist-packages/turtlesim/turtlesim_s__rosidl_typesupport_introspection_c.cpython-310-x86_64-linux-gnu.so" to ""
[32.428s] -- Installing: /home/tyler/Documents/Github/280-M5_ROS/ros2_ws/install/turtlesim/local/lib/python3.10/dist-packages/turtlesim/turtlesim_s__rosidl_typesupport_c.cpython-310-x86_64-linux-gnu.so
[32.428s] -- Set runtime path of "/home/tyler/Documents/Github/280-M5_ROS/ros2_ws/install/turtlesim/local/lib/python3.10/dist-packages/turtlesim/turtlesim_s__rosidl_typesupport_c.cpython-310-x86_64-linux-gnu.so" to ""
[32.428s] -- Installing: /home/tyler/Documents/Github/280-M5_ROS/ros2_ws/install/turtlesim/lib/libturtlesim__rosidl_generator_py.so
[32.429s] -- Set runtime path of "/home/tyler/Documents/Github/280-M5_ROS/ros2_ws/install/turtlesim/lib/libturtlesim__rosidl_generator_py.so" to ""
[32.429s] -- Installing: /home/tyler/Documents/Github/280-M5_ROS/ros2_ws/install/turtlesim/share/turtlesim/action/RotateAbsolute.idl
[32.429s] -- Installing: /home/tyler/Documents/Github/280-M5_ROS/ros2_ws/install/turtlesim/share/turtlesim/msg/Color.idl
[32.429s] -- Installing: /home/tyler/Documents/Github/280-M5_ROS/ros2_ws/install/turtlesim/share/turtlesim/msg/Pose.idl
[32.429s] -- Installing: /home/tyler/Documents/Github/280-M5_ROS/ros2_ws/install/turtlesim/share/turtlesim/srv/Kill.idl
[32.429s] -- Installing: /home/tyler/Documents/Github/280-M5_ROS/ros2_ws/install/turtlesim/share/turtlesim/srv/SetPen.idl
[32.429s] -- Installing: /home/tyler/Documents/Github/280-M5_ROS/ros2_ws/install/turtlesim/share/turtlesim/srv/Spawn.idl
[32.429s] -- Installing: /home/tyler/Documents/Github/280-M5_ROS/ros2_ws/install/turtlesim/share/turtlesim/srv/TeleportAbsolute.idl
[32.429s] -- Installing: /home/tyler/Documents/Github/280-M5_ROS/ros2_ws/install/turtlesim/share/turtlesim/srv/TeleportRelative.idl
[32.430s] -- Installing: /home/tyler/Documents/Github/280-M5_ROS/ros2_ws/install/turtlesim/share/turtlesim/action/RotateAbsolute.action
[32.430s] -- Installing: /home/tyler/Documents/Github/280-M5_ROS/ros2_ws/install/turtlesim/share/turtlesim/msg/Color.msg
[32.430s] -- Installing: /home/tyler/Documents/Github/280-M5_ROS/ros2_ws/install/turtlesim/share/turtlesim/msg/Pose.msg
[32.430s] -- Installing: /home/tyler/Documents/Github/280-M5_ROS/ros2_ws/install/turtlesim/share/turtlesim/srv/Kill.srv
[32.430s] -- Installing: /home/tyler/Documents/Github/280-M5_ROS/ros2_ws/install/turtlesim/share/turtlesim/srv/Kill_Request.msg
[32.430s] -- Installing: /home/tyler/Documents/Github/280-M5_ROS/ros2_ws/install/turtlesim/share/turtlesim/srv/Kill_Response.msg
[32.430s] -- Installing: /home/tyler/Documents/Github/280-M5_ROS/ros2_ws/install/turtlesim/share/turtlesim/srv/SetPen.srv
[32.430s] -- Installing: /home/tyler/Documents/Github/280-M5_ROS/ros2_ws/install/turtlesim/share/turtlesim/srv/SetPen_Request.msg
[32.430s] -- Installing: /home/tyler/Documents/Github/280-M5_ROS/ros2_ws/install/turtlesim/share/turtlesim/srv/SetPen_Response.msg
[32.431s] -- Installing: /home/tyler/Documents/Github/280-M5_ROS/ros2_ws/install/turtlesim/share/turtlesim/srv/Spawn.srv
[32.431s] -- Installing: /home/tyler/Documents/Github/280-M5_ROS/ros2_ws/install/turtlesim/share/turtlesim/srv/Spawn_Request.msg
[32.431s] -- Installing: /home/tyler/Documents/Github/280-M5_ROS/ros2_ws/install/turtlesim/share/turtlesim/srv/Spawn_Response.msg
[32.431s] -- Installing: /home/tyler/Documents/Github/280-M5_ROS/ros2_ws/install/turtlesim/share/turtlesim/srv/TeleportAbsolute.srv
[32.431s] -- Installing: /home/tyler/Documents/Github/280-M5_ROS/ros2_ws/install/turtlesim/share/turtlesim/srv/TeleportAbsolute_Request.msg
[32.431s] -- Installing: /home/tyler/Documents/Github/280-M5_ROS/ros2_ws/install/turtlesim/share/turtlesim/srv/TeleportAbsolute_Response.msg
[32.431s] -- Installing: /home/tyler/Documents/Github/280-M5_ROS/ros2_ws/install/turtlesim/share/turtlesim/srv/TeleportRelative.srv
[32.431s] -- Installing: /home/tyler/Documents/Github/280-M5_ROS/ros2_ws/install/turtlesim/share/turtlesim/srv/TeleportRelative_Request.msg
[32.431s] -- Installing: /home/tyler/Documents/Github/280-M5_ROS/ros2_ws/install/turtlesim/share/turtlesim/srv/TeleportRelative_Response.msg
[32.432s] -- Installing: /home/tyler/Documents/Github/280-M5_ROS/ros2_ws/install/turtlesim/lib/turtlesim/turtlesim_node
[32.440s] -- Set runtime path of "/home/tyler/Documents/Github/280-M5_ROS/ros2_ws/install/turtlesim/lib/turtlesim/turtlesim_node" to ""
[32.440s] -- Installing: /home/tyler/Documents/Github/280-M5_ROS/ros2_ws/install/turtlesim/lib/turtlesim/turtle_teleop_key
[32.442s] -- Set runtime path of "/home/tyler/Documents/Github/280-M5_ROS/ros2_ws/install/turtlesim/lib/turtlesim/turtle_teleop_key" to ""
[32.442s] -- Installing: /home/tyler/Documents/Github/280-M5_ROS/ros2_ws/install/turtlesim/lib/turtlesim/draw_square
[32.445s] -- Set runtime path of "/home/tyler/Documents/Github/280-M5_ROS/ros2_ws/install/turtlesim/lib/turtlesim/draw_square" to ""
[32.445s] -- Installing: /home/tyler/Documents/Github/280-M5_ROS/ros2_ws/install/turtlesim/lib/turtlesim/mimic
[32.449s] -- Set runtime path of "/home/tyler/Documents/Github/280-M5_ROS/ros2_ws/install/turtlesim/lib/turtlesim/mimic" to ""
[32.449s] -- Installing: /home/tyler/Documents/Github/280-M5_ROS/ros2_ws/install/turtlesim/share/turtlesim/images
[32.449s] -- Installing: /home/tyler/Documents/Github/280-M5_ROS/ros2_ws/install/turtlesim/share/turtlesim/images/crystal.png
[32.449s] -- Installing: /home/tyler/Documents/Github/280-M5_ROS/ros2_ws/install/turtlesim/share/turtlesim/images/dashing.png
[32.449s] -- Installing: /home/tyler/Documents/Github/280-M5_ROS/ros2_ws/install/turtlesim/share/turtlesim/images/rolling.png
[32.449s] -- Installing: /home/tyler/Documents/Github/280-M5_ROS/ros2_ws/install/turtlesim/share/turtlesim/images/foxy.png
[32.449s] -- Installing: /home/tyler/Documents/Github/280-M5_ROS/ros2_ws/install/turtlesim/share/turtlesim/images/eloquent.png
[32.449s] -- Installing: /home/tyler/Documents/Github/280-M5_ROS/ros2_ws/install/turtlesim/share/turtlesim/images/ardent.png
[32.449s] -- Installing: /home/tyler/Documents/Github/280-M5_ROS/ros2_ws/install/turtlesim/share/turtlesim/images/bouncy.png
[32.449s] -- Installing: /home/tyler/Documents/Github/280-M5_ROS/ros2_ws/install/turtlesim/share/turtlesim/images/humble.png
[32.450s] -- Installing: /home/tyler/Documents/Github/280-M5_ROS/ros2_ws/install/turtlesim/share/turtlesim/images/galactic.png
[32.450s] -- Installing: /home/tyler/Documents/Github/280-M5_ROS/ros2_ws/install/turtlesim/share/turtlesim/launch
[32.450s] -- Installing: /home/tyler/Documents/Github/280-M5_ROS/ros2_ws/install/turtlesim/share/turtlesim/launch/multisim.launch.py
[32.450s] -- Installing: /home/tyler/Documents/Github/280-M5_ROS/ros2_ws/install/turtlesim/share/ament_index/resource_index/package_run_dependencies/turtlesim
[32.450s] -- Installing: /home/tyler/Documents/Github/280-M5_ROS/ros2_ws/install/turtlesim/share/ament_index/resource_index/parent_prefix_path/turtlesim
[32.450s] -- Installing: /home/tyler/Documents/Github/280-M5_ROS/ros2_ws/install/turtlesim/share/turtlesim/environment/ament_prefix_path.sh
[32.450s] -- Installing: /home/tyler/Documents/Github/280-M5_ROS/ros2_ws/install/turtlesim/share/turtlesim/environment/ament_prefix_path.dsv
[32.450s] -- Installing: /home/tyler/Documents/Github/280-M5_ROS/ros2_ws/install/turtlesim/share/turtlesim/environment/path.sh
[32.450s] -- Installing: /home/tyler/Documents/Github/280-M5_ROS/ros2_ws/install/turtlesim/share/turtlesim/environment/path.dsv
[32.450s] -- Installing: /home/tyler/Documents/Github/280-M5_ROS/ros2_ws/install/turtlesim/share/turtlesim/local_setup.bash
[32.451s] -- Installing: /home/tyler/Documents/Github/280-M5_ROS/ros2_ws/install/turtlesim/share/turtlesim/local_setup.sh
[32.451s] -- Installing: /home/tyler/Documents/Github/280-M5_ROS/ros2_ws/install/turtlesim/share/turtlesim/local_setup.zsh
[32.451s] -- Installing: /home/tyler/Documents/Github/280-M5_ROS/ros2_ws/install/turtlesim/share/turtlesim/local_setup.dsv
[32.451s] -- Installing: /home/tyler/Documents/Github/280-M5_ROS/ros2_ws/install/turtlesim/share/turtlesim/package.dsv
[32.451s] -- Installing: /home/tyler/Documents/Github/280-M5_ROS/ros2_ws/install/turtlesim/share/ament_index/resource_index/packages/turtlesim
[32.451s] -- Installing: /home/tyler/Documents/Github/280-M5_ROS/ros2_ws/install/turtlesim/share/turtlesim/cmake/export_turtlesim__rosidl_generator_cExport.cmake
[32.451s] -- Installing: /home/tyler/Documents/Github/280-M5_ROS/ros2_ws/install/turtlesim/share/turtlesim/cmake/export_turtlesim__rosidl_generator_cExport-noconfig.cmake
[32.451s] -- Installing: /home/tyler/Documents/Github/280-M5_ROS/ros2_ws/install/turtlesim/share/turtlesim/cmake/export_turtlesim__rosidl_typesupport_fastrtps_cExport.cmake
[32.452s] -- Installing: /home/tyler/Documents/Github/280-M5_ROS/ros2_ws/install/turtlesim/share/turtlesim/cmake/export_turtlesim__rosidl_typesupport_fastrtps_cExport-noconfig.cmake
[32.452s] -- Installing: /home/tyler/Documents/Github/280-M5_ROS/ros2_ws/install/turtlesim/share/turtlesim/cmake/export_turtlesim__rosidl_generator_cppExport.cmake
[32.452s] -- Installing: /home/tyler/Documents/Github/280-M5_ROS/ros2_ws/install/turtlesim/share/turtlesim/cmake/export_turtlesim__rosidl_typesupport_fastrtps_cppExport.cmake
[32.452s] -- Installing: /home/tyler/Documents/Github/280-M5_ROS/ros2_ws/install/turtlesim/share/turtlesim/cmake/export_turtlesim__rosidl_typesupport_fastrtps_cppExport-noconfig.cmake
[32.452s] -- Installing: /home/tyler/Documents/Github/280-M5_ROS/ros2_ws/install/turtlesim/share/turtlesim/cmake/turtlesim__rosidl_typesupport_introspection_cExport.cmake
[32.452s] -- Installing: /home/tyler/Documents/Github/280-M5_ROS/ros2_ws/install/turtlesim/share/turtlesim/cmake/turtlesim__rosidl_typesupport_introspection_cExport-noconfig.cmake
[32.452s] -- Installing: /home/tyler/Documents/Github/280-M5_ROS/ros2_ws/install/turtlesim/share/turtlesim/cmake/turtlesim__rosidl_typesupport_cExport.cmake
[32.452s] -- Installing: /home/tyler/Documents/Github/280-M5_ROS/ros2_ws/install/turtlesim/share/turtlesim/cmake/turtlesim__rosidl_typesupport_cExport-noconfig.cmake
[32.453s] -- Installing: /home/tyler/Documents/Github/280-M5_ROS/ros2_ws/install/turtlesim/share/turtlesim/cmake/turtlesim__rosidl_typesupport_introspection_cppExport.cmake
[32.453s] -- Installing: /home/tyler/Documents/Github/280-M5_ROS/ros2_ws/install/turtlesim/share/turtlesim/cmake/turtlesim__rosidl_typesupport_introspection_cppExport-noconfig.cmake
[32.453s] -- Installing: /home/tyler/Documents/Github/280-M5_ROS/ros2_ws/install/turtlesim/share/turtlesim/cmake/turtlesim__rosidl_typesupport_cppExport.cmake
[32.453s] -- Installing: /home/tyler/Documents/Github/280-M5_ROS/ros2_ws/install/turtlesim/share/turtlesim/cmake/turtlesim__rosidl_typesupport_cppExport-noconfig.cmake
[32.453s] -- Installing: /home/tyler/Documents/Github/280-M5_ROS/ros2_ws/install/turtlesim/share/turtlesim/cmake/export_turtlesim__rosidl_generator_pyExport.cmake
[32.453s] -- Installing: /home/tyler/Documents/Github/280-M5_ROS/ros2_ws/install/turtlesim/share/turtlesim/cmake/export_turtlesim__rosidl_generator_pyExport-noconfig.cmake
[32.453s] -- Installing: /home/tyler/Documents/Github/280-M5_ROS/ros2_ws/install/turtlesim/share/turtlesim/cmake/rosidl_cmake-extras.cmake
[32.453s] -- Installing: /home/tyler/Documents/Github/280-M5_ROS/ros2_ws/install/turtlesim/share/turtlesim/cmake/ament_cmake_export_dependencies-extras.cmake
[32.454s] -- Installing: /home/tyler/Documents/Github/280-M5_ROS/ros2_ws/install/turtlesim/share/turtlesim/cmake/ament_cmake_export_include_directories-extras.cmake
[32.454s] -- Installing: /home/tyler/Documents/Github/280-M5_ROS/ros2_ws/install/turtlesim/share/turtlesim/cmake/ament_cmake_export_libraries-extras.cmake
[32.454s] -- Installing: /home/tyler/Documents/Github/280-M5_ROS/ros2_ws/install/turtlesim/share/turtlesim/cmake/ament_cmake_export_targets-extras.cmake
[32.454s] -- Installing: /home/tyler/Documents/Github/280-M5_ROS/ros2_ws/install/turtlesim/share/turtlesim/cmake/rosidl_cmake_export_typesupport_targets-extras.cmake
[32.454s] -- Installing: /home/tyler/Documents/Github/280-M5_ROS/ros2_ws/install/turtlesim/share/turtlesim/cmake/rosidl_cmake_export_typesupport_libraries-extras.cmake
[32.454s] -- Installing: /home/tyler/Documents/Github/280-M5_ROS/ros2_ws/install/turtlesim/share/turtlesim/cmake/turtlesimConfig.cmake
[32.454s] -- Installing: /home/tyler/Documents/Github/280-M5_ROS/ros2_ws/install/turtlesim/share/turtlesim/cmake/turtlesimConfig-version.cmake
[32.454s] -- Installing: /home/tyler/Documents/Github/280-M5_ROS/ros2_ws/install/turtlesim/share/turtlesim/package.xml
[32.458s] Invoked command in '/home/tyler/Documents/Github/280-M5_ROS/ros2_ws/build/turtlesim' returned '0': CMAKE_PREFIX_PATH=/opt/ros/humble /usr/bin/cmake --install /home/tyler/Documents/Github/280-M5_ROS/ros2_ws/build/turtlesim
