running develop
running egg_info
creating mycobot_320pi.egg-info
writing mycobot_320pi.egg-info/PKG-INFO
writing dependency_links to mycobot_320pi.egg-info/dependency_links.txt
writing entry points to mycobot_320pi.egg-info/entry_points.txt
writing requirements to mycobot_320pi.egg-info/requires.txt
writing top-level names to mycobot_320pi.egg-info/top_level.txt
writing manifest file 'mycobot_320pi.egg-info/SOURCES.txt'
reading manifest file 'mycobot_320pi.egg-info/SOURCES.txt'
writing manifest file 'mycobot_320pi.egg-info/SOURCES.txt'
running build_ext
Creating /home/tyler/Documents/Github/280-M5_ROS/colcon_ws/install/mycobot_320pi/lib/python3.10/site-packages/mycobot-320pi.egg-link (link to .)
Installing camera_display script to /home/tyler/Documents/Github/280-M5_ROS/colcon_ws/install/mycobot_320pi/lib/mycobot_320pi
Installing detect_marker script to /home/tyler/Documents/Github/280-M5_ROS/colcon_ws/install/mycobot_320pi/lib/mycobot_320pi
Installing follow_display script to /home/tyler/Documents/Github/280-M5_ROS/colcon_ws/install/mycobot_320pi/lib/mycobot_320pi
Installing following_marker script to /home/tyler/Documents/Github/280-M5_ROS/colcon_ws/install/mycobot_320pi/lib/mycobot_320pi
Installing listen_real script to /home/tyler/Documents/Github/280-M5_ROS/colcon_ws/install/mycobot_320pi/lib/mycobot_320pi
Installing listen_real_of_topic script to /home/tyler/Documents/Github/280-M5_ROS/colcon_ws/install/mycobot_320pi/lib/mycobot_320pi
Installing opencv_camera script to /home/tyler/Documents/Github/280-M5_ROS/colcon_ws/install/mycobot_320pi/lib/mycobot_320pi
Installing simple_gui script to /home/tyler/Documents/Github/280-M5_ROS/colcon_ws/install/mycobot_320pi/lib/mycobot_320pi
Installing slider_control script to /home/tyler/Documents/Github/280-M5_ROS/colcon_ws/install/mycobot_320pi/lib/mycobot_320pi
Installing teleop_keyboard script to /home/tyler/Documents/Github/280-M5_ROS/colcon_ws/install/mycobot_320pi/lib/mycobot_320pi

Installed /home/tyler/Documents/Github/280-M5_ROS/colcon_ws/build/mycobot_320pi
running install_data
creating /home/tyler/Documents/Github/280-M5_ROS/colcon_ws/install/mycobot_320pi/share/ament_index
creating /home/tyler/Documents/Github/280-M5_ROS/colcon_ws/install/mycobot_320pi/share/ament_index/resource_index
creating /home/tyler/Documents/Github/280-M5_ROS/colcon_ws/install/mycobot_320pi/share/ament_index/resource_index/packages
copying resource/mycobot_320pi -> /home/tyler/Documents/Github/280-M5_ROS/colcon_ws/install/mycobot_320pi/share/ament_index/resource_index/packages
copying package.xml -> /home/tyler/Documents/Github/280-M5_ROS/colcon_ws/install/mycobot_320pi/share/mycobot_320pi
creating /home/tyler/Documents/Github/280-M5_ROS/colcon_ws/install/mycobot_320pi/share/mycobot_320pi/launch
copying launch/simple_gui.launch.py -> /home/tyler/Documents/Github/280-M5_ROS/colcon_ws/install/mycobot_320pi/share/mycobot_320pi/launch
copying launch/detect_marker.launch.py -> /home/tyler/Documents/Github/280-M5_ROS/colcon_ws/install/mycobot_320pi/share/mycobot_320pi/launch
copying launch/teleop_keyboard.launch.py -> /home/tyler/Documents/Github/280-M5_ROS/colcon_ws/install/mycobot_320pi/share/mycobot_320pi/launch
copying launch/test.launch.py -> /home/tyler/Documents/Github/280-M5_ROS/colcon_ws/install/mycobot_320pi/share/mycobot_320pi/launch
copying launch/mycobot_follow.launch.py -> /home/tyler/Documents/Github/280-M5_ROS/colcon_ws/install/mycobot_320pi/share/mycobot_320pi/launch
copying launch/detect_marker_with_topic.launch.py -> /home/tyler/Documents/Github/280-M5_ROS/colcon_ws/install/mycobot_320pi/share/mycobot_320pi/launch
copying launch/slider_control.launch.py -> /home/tyler/Documents/Github/280-M5_ROS/colcon_ws/install/mycobot_320pi/share/mycobot_320pi/launch
creating /home/tyler/Documents/Github/280-M5_ROS/colcon_ws/install/mycobot_320pi/share/mycobot_320pi/config
copying config/mycobot_with_marker.rviz -> /home/tyler/Documents/Github/280-M5_ROS/colcon_ws/install/mycobot_320pi/share/mycobot_320pi/config
copying config/mycobot_320_pi.rviz -> /home/tyler/Documents/Github/280-M5_ROS/colcon_ws/install/mycobot_320pi/share/mycobot_320pi/config
