[0.683s] Invoking command in '/home/tyler/colcon_ws/build/mycobot_description': PYTHONPATH=/home/tyler/colcon_ws/build/mycobot_description/prefix_override:/home/tyler/colcon_ws/install/mycobot_description/lib/python3.10/site-packages:${PYTHONPATH} /usr/bin/python3 setup.py develop --uninstall --editable --build-directory /home/tyler/colcon_ws/build/mycobot_description/build
[0.922s] /usr/lib/python3/dist-packages/setuptools/dist.py:723: UserWarning: Usage of dash-separated 'script-dir' will not be supported in future versions. Please use the underscore name 'script_dir' instead
[0.922s]   warnings.warn(
[0.950s] running develop
[0.951s] /usr/lib/python3/dist-packages/setuptools/command/easy_install.py:158: EasyInstallDeprecationWarning: easy_install command is deprecated. Use build and pip and other standards-based tools.
[0.951s]   warnings.warn(
[0.952s] /usr/lib/python3/dist-packages/setuptools/command/install.py:34: SetuptoolsDeprecationWarning: setup.py install is deprecated. Use build and pip and other standards-based tools.
[0.952s]   warnings.warn(
[1.014s] /usr/lib/python3/dist-packages/pkg_resources/__init__.py:116: PkgResourcesDeprecationWarning: 0.1.43ubuntu1 is an invalid version and will not be supported in a future release
[1.014s]   warnings.warn(
[1.014s] /usr/lib/python3/dist-packages/pkg_resources/__init__.py:116: PkgResourcesDeprecationWarning: 1.1build1 is an invalid version and will not be supported in a future release
[1.014s]   warnings.warn(
[1.127s] Removing /home/tyler/colcon_ws/install/mycobot_description/lib/python3.10/site-packages/mycobot-description.egg-link (link to .)
[1.157s] Invoked command in '/home/tyler/colcon_ws/build/mycobot_description' returned '0': PYTHONPATH=/home/tyler/colcon_ws/build/mycobot_description/prefix_override:/home/tyler/colcon_ws/install/mycobot_description/lib/python3.10/site-packages:${PYTHONPATH} /usr/bin/python3 setup.py develop --uninstall --editable --build-directory /home/tyler/colcon_ws/build/mycobot_description/build
[1.157s] Invoking command in '/home/tyler/colcon_ws/src/mycobot_ros2/mycobot_description': PYTHONPATH=/home/tyler/colcon_ws/build/mycobot_description/prefix_override:/home/tyler/colcon_ws/install/mycobot_description/lib/python3.10/site-packages:${PYTHONPATH} /usr/bin/python3 setup.py egg_info --egg-base ../../../build/mycobot_description build --build-base /home/tyler/colcon_ws/build/mycobot_description/build install --record /home/tyler/colcon_ws/build/mycobot_description/install.log --install-scripts $base/lib/mycobot_description --single-version-externally-managed
[1.396s] /usr/lib/python3/dist-packages/setuptools/dist.py:723: UserWarning: Usage of dash-separated 'script-dir' will not be supported in future versions. Please use the underscore name 'script_dir' instead
[1.396s]   warnings.warn(
[1.403s] running egg_info
[1.404s] writing ../../../build/mycobot_description/mycobot_description.egg-info/PKG-INFO
[1.405s] writing dependency_links to ../../../build/mycobot_description/mycobot_description.egg-info/dependency_links.txt
[1.405s] writing entry points to ../../../build/mycobot_description/mycobot_description.egg-info/entry_points.txt
[1.405s] writing requirements to ../../../build/mycobot_description/mycobot_description.egg-info/requires.txt
[1.405s] writing top-level names to ../../../build/mycobot_description/mycobot_description.egg-info/top_level.txt
[1.408s] reading manifest file '../../../build/mycobot_description/mycobot_description.egg-info/SOURCES.txt'
[1.408s] adding license file 'LICENSE'
[1.410s] writing manifest file '../../../build/mycobot_description/mycobot_description.egg-info/SOURCES.txt'
[1.410s] running build
[1.410s] running build_py
[1.410s] creating /home/tyler/colcon_ws/build/mycobot_description/build
[1.410s] creating /home/tyler/colcon_ws/build/mycobot_description/build/lib
[1.410s] creating /home/tyler/colcon_ws/build/mycobot_description/build/lib/mycobot_description
[1.411s] /usr/lib/python3/dist-packages/setuptools/command/install.py:34: SetuptoolsDeprecationWarning: setup.py install is deprecated. Use build and pip and other standards-based tools.
[1.411s]   warnings.warn(
[1.411s] copying mycobot_description/__init__.py -> /home/tyler/colcon_ws/build/mycobot_description/build/lib/mycobot_description
[1.411s] running install
[1.411s] running install_lib
[1.412s] creating /home/tyler/colcon_ws/install/mycobot_description/lib/python3.10/site-packages/mycobot_description
[1.412s] copying /home/tyler/colcon_ws/build/mycobot_description/build/lib/mycobot_description/__init__.py -> /home/tyler/colcon_ws/install/mycobot_description/lib/python3.10/site-packages/mycobot_description
[1.414s] byte-compiling /home/tyler/colcon_ws/install/mycobot_description/lib/python3.10/site-packages/mycobot_description/__init__.py to __init__.cpython-310.pyc
[1.414s] running install_data
[1.420s] running install_egg_info
[1.423s] Copying ../../../build/mycobot_description/mycobot_description.egg-info to /home/tyler/colcon_ws/install/mycobot_description/lib/python3.10/site-packages/mycobot_description-0.0.0-py3.10.egg-info
[1.424s] running install_scripts
[1.454s] writing list of installed files to '/home/tyler/colcon_ws/build/mycobot_description/install.log'
[1.492s] Invoked command in '/home/tyler/colcon_ws/src/mycobot_ros2/mycobot_description' returned '0': PYTHONPATH=/home/tyler/colcon_ws/build/mycobot_description/prefix_override:/home/tyler/colcon_ws/install/mycobot_description/lib/python3.10/site-packages:${PYTHONPATH} /usr/bin/python3 setup.py egg_info --egg-base ../../../build/mycobot_description build --build-base /home/tyler/colcon_ws/build/mycobot_description/build install --record /home/tyler/colcon_ws/build/mycobot_description/install.log --install-scripts $base/lib/mycobot_description --single-version-externally-managed
