[35m[1mScanning dependencies of target _mycobot_communication_generate_messages_check_deps_GripperStatus[0m
[  0%] Built target _mycobot_communication_generate_messages_check_deps_GripperStatus
[35m[1mScanning dependencies of target std_msgs_generate_messages_lisp[0m
[  0%] Built target std_msgs_generate_messages_lisp
[35m[1mScanning dependencies of target _mycobot_communication_generate_messages_check_deps_PumpStatus[0m
[  0%] Built target _mycobot_communication_generate_messages_check_deps_PumpStatus
[35m[1mScanning dependencies of target _mycobot_communication_generate_messages_check_deps_MycobotCoords[0m
[35m[1mScanning dependencies of target _mycobot_communication_generate_messages_check_deps_MycobotAngles[0m
[  0%] Built target _mycobot_communication_generate_messages_check_deps_MycobotCoords
[35m[1mScanning dependencies of target _mycobot_communication_generate_messages_check_deps_SetAngles[0m
[  0%] Built target _mycobot_communication_generate_messages_check_deps_MycobotAngles
[  0%] Built target _mycobot_communication_generate_messages_check_deps_SetAngles
[35m[1mScanning dependencies of target _mycobot_communication_generate_messages_check_deps_MycobotGripperStatus[0m
[  0%] Built target _mycobot_communication_generate_messages_check_deps_MycobotGripperStatus
[35m[1mScanning dependencies of target _mycobot_communication_generate_messages_check_deps_GetCoords[0m
[  0%] Built target _mycobot_communication_generate_messages_check_deps_GetCoords
[35m[1mScanning dependencies of target _mycobot_communication_generate_messages_check_deps_MycobotSetAngles[0m
[  0%] Built target _mycobot_communication_generate_messages_check_deps_MycobotSetAngles
[35m[1mScanning dependencies of target _mycobot_communication_generate_messages_check_deps_MycobotSetCoords[0m
[  0%] Built target _mycobot_communication_generate_messages_check_deps_MycobotSetCoords
[35m[1mScanning dependencies of target _mycobot_communication_generate_messages_check_deps_MycobotPumpStatus[0m
[  0%] Built target _mycobot_communication_generate_messages_check_deps_MycobotPumpStatus
[35m[1mScanning dependencies of target _mycobot_communication_generate_messages_check_deps_GetAngles[0m
[  0%] Built target _mycobot_communication_generate_messages_check_deps_GetAngles
[35m[1mScanning dependencies of target _mycobot_communication_generate_messages_check_deps_SetCoords[0m
[  0%] Built target _mycobot_communication_generate_messages_check_deps_SetCoords
[35m[1mScanning dependencies of target std_msgs_generate_messages_py[0m
[  0%] Built target std_msgs_generate_messages_py
[35m[1mScanning dependencies of target std_msgs_generate_messages_nodejs[0m
[  0%] Built target std_msgs_generate_messages_nodejs
[35m[1mScanning dependencies of target std_msgs_generate_messages_cpp[0m
[  0%] Built target std_msgs_generate_messages_cpp
[35m[1mScanning dependencies of target std_msgs_generate_messages_eus[0m
[  0%] Built target std_msgs_generate_messages_eus
[35m[1mScanning dependencies of target mycobot_communication_generate_messages_lisp[0m
[  1%] [34m[1mGenerating Lisp code from mycobot_communication/MycobotAngles.msg[0m
[  3%] [34m[1mGenerating Lisp code from mycobot_communication/MycobotCoords.msg[0m
[  4%] [34m[1mGenerating Lisp code from mycobot_communication/MycobotSetAngles.msg[0m
[  6%] [34m[1mGenerating Lisp code from mycobot_communication/MycobotSetCoords.msg[0m
[  7%] [34m[1mGenerating Lisp code from mycobot_communication/MycobotGripperStatus.msg[0m
[  9%] [34m[1mGenerating Lisp code from mycobot_communication/MycobotPumpStatus.msg[0m
[ 11%] [34m[1mGenerating Lisp code from mycobot_communication/GetAngles.srv[0m
[ 12%] [34m[1mGenerating Lisp code from mycobot_communication/SetAngles.srv[0m
[ 14%] [34m[1mGenerating Lisp code from mycobot_communication/GetCoords.srv[0m
[ 15%] [34m[1mGenerating Lisp code from mycobot_communication/SetCoords.srv[0m
[ 17%] [34m[1mGenerating Lisp code from mycobot_communication/GripperStatus.srv[0m
[ 19%] [34m[1mGenerating Lisp code from mycobot_communication/PumpStatus.srv[0m
[ 19%] Built target mycobot_communication_generate_messages_lisp
[35m[1mScanning dependencies of target mycobot_communication_generate_messages_py[0m
[ 20%] [34m[1mGenerating Python from MSG mycobot_communication/MycobotAngles[0m
[ 22%] [34m[1mGenerating Python from MSG mycobot_communication/MycobotCoords[0m
[ 23%] [34m[1mGenerating Python from MSG mycobot_communication/MycobotSetAngles[0m
[ 25%] [34m[1mGenerating Python from MSG mycobot_communication/MycobotSetCoords[0m
[ 26%] [34m[1mGenerating Python from MSG mycobot_communication/MycobotGripperStatus[0m
[ 28%] [34m[1mGenerating Python from MSG mycobot_communication/MycobotPumpStatus[0m
[ 30%] [34m[1mGenerating Python code from SRV mycobot_communication/GetAngles[0m
[ 31%] [34m[1mGenerating Python code from SRV mycobot_communication/SetAngles[0m
[ 33%] [34m[1mGenerating Python code from SRV mycobot_communication/GetCoords[0m
[ 34%] [34m[1mGenerating Python code from SRV mycobot_communication/SetCoords[0m
[ 36%] [34m[1mGenerating Python code from SRV mycobot_communication/GripperStatus[0m
[ 38%] [34m[1mGenerating Python code from SRV mycobot_communication/PumpStatus[0m
[35m[1mScanning dependencies of target mycobot_communication_generate_messages_nodejs[0m
[ 39%] [34m[1mGenerating Javascript code from mycobot_communication/MycobotAngles.msg[0m
[ 41%] [34m[1mGenerating Javascript code from mycobot_communication/MycobotCoords.msg[0m
[ 42%] [34m[1mGenerating Javascript code from mycobot_communication/MycobotSetAngles.msg[0m
[ 44%] [34m[1mGenerating Python msg __init__.py for mycobot_communication[0m
[ 46%] [34m[1mGenerating Javascript code from mycobot_communication/MycobotSetCoords.msg[0m
[ 47%] [34m[1mGenerating Javascript code from mycobot_communication/MycobotGripperStatus.msg[0m
[ 49%] [34m[1mGenerating Javascript code from mycobot_communication/MycobotPumpStatus.msg[0m
[ 50%] [34m[1mGenerating Javascript code from mycobot_communication/GetAngles.srv[0m
[ 52%] [34m[1mGenerating Javascript code from mycobot_communication/SetAngles.srv[0m
[ 53%] [34m[1mGenerating Javascript code from mycobot_communication/GetCoords.srv[0m
[ 55%] [34m[1mGenerating Python srv __init__.py for mycobot_communication[0m
[ 57%] [34m[1mGenerating Javascript code from mycobot_communication/SetCoords.srv[0m
[ 58%] [34m[1mGenerating Javascript code from mycobot_communication/GripperStatus.srv[0m
[ 60%] [34m[1mGenerating Javascript code from mycobot_communication/PumpStatus.srv[0m
[ 60%] Built target mycobot_communication_generate_messages_nodejs
[ 60%] Built target mycobot_communication_generate_messages_py
[35m[1mScanning dependencies of target mycobot_communication_generate_messages_cpp[0m
[35m[1mScanning dependencies of target mycobot_communication_generate_messages_eus[0m
[ 61%] [34m[1mGenerating C++ code from mycobot_communication/MycobotAngles.msg[0m
[ 63%] [34m[1mGenerating EusLisp code from mycobot_communication/MycobotAngles.msg[0m
[ 65%] [34m[1mGenerating C++ code from mycobot_communication/MycobotCoords.msg[0m
[ 66%] [34m[1mGenerating EusLisp code from mycobot_communication/MycobotCoords.msg[0m
[ 68%] [34m[1mGenerating EusLisp code from mycobot_communication/MycobotSetAngles.msg[0m
[ 69%] [34m[1mGenerating C++ code from mycobot_communication/MycobotSetAngles.msg[0m
[ 71%] [34m[1mGenerating EusLisp code from mycobot_communication/MycobotSetCoords.msg[0m
[ 73%] [34m[1mGenerating C++ code from mycobot_communication/MycobotSetCoords.msg[0m
[ 74%] [34m[1mGenerating EusLisp code from mycobot_communication/MycobotGripperStatus.msg[0m
[ 76%] [34m[1mGenerating C++ code from mycobot_communication/MycobotGripperStatus.msg[0m
[ 77%] [34m[1mGenerating EusLisp code from mycobot_communication/MycobotPumpStatus.msg[0m
[ 79%] [34m[1mGenerating C++ code from mycobot_communication/MycobotPumpStatus.msg[0m
[ 80%] [34m[1mGenerating C++ code from mycobot_communication/GetAngles.srv[0m
[ 82%] [34m[1mGenerating EusLisp code from mycobot_communication/GetAngles.srv[0m
[ 84%] [34m[1mGenerating EusLisp code from mycobot_communication/SetAngles.srv[0m
[ 87%] [34m[1mGenerating EusLisp code from mycobot_communication/GetCoords.srv[0m
[ 87%] [34m[1mGenerating C++ code from mycobot_communication/SetAngles.srv[0m
[ 88%] [34m[1mGenerating EusLisp code from mycobot_communication/SetCoords.srv[0m
[ 90%] [34m[1mGenerating EusLisp code from mycobot_communication/GripperStatus.srv[0m
[ 92%] [34m[1mGenerating EusLisp manifest code for mycobot_communication[0m
[ 93%] [34m[1mGenerating EusLisp code from mycobot_communication/PumpStatus.srv[0m
[ 95%] [34m[1mGenerating C++ code from mycobot_communication/GetCoords.srv[0m
[ 96%] [34m[1mGenerating C++ code from mycobot_communication/SetCoords.srv[0m
[ 98%] [34m[1mGenerating C++ code from mycobot_communication/GripperStatus.srv[0m
[100%] [34m[1mGenerating C++ code from mycobot_communication/PumpStatus.srv[0m
[100%] Built target mycobot_communication_generate_messages_cpp
[100%] Built target mycobot_communication_generate_messages_eus
[35m[1mScanning dependencies of target mycobot_communication_generate_messages[0m
[100%] Built target mycobot_communication_generate_messages
