[3.091s] Invoking command in '/home/tyler/Documents/Github/280-M5_ROS/colcon_ws/build/ultraarm': AMENT_PREFIX_PATH=/home/tyler/Documents/Github/280-M5_ROS/colcon_ws/install/mypalletizer_communication:/home/tyler/Documents/Github/280-M5_ROS/colcon_ws/install/mypalletizer_interfaces:/home/tyler/Documents/Github/280-M5_ROS/colcon_ws/install/mycobot_description:${AMENT_PREFIX_PATH} CMAKE_PREFIX_PATH=/home/tyler/Documents/Github/280-M5_ROS/colcon_ws/install/mypalletizer_interfaces:${CMAKE_PREFIX_PATH} LD_LIBRARY_PATH=/home/tyler/Documents/Github/280-M5_ROS/colcon_ws/install/mypalletizer_interfaces/lib:${LD_LIBRARY_PATH} PYTHONPATH=/home/tyler/Documents/Github/280-M5_ROS/colcon_ws/build/ultraarm/prefix_override:/home/tyler/Documents/Github/280-M5_ROS/colcon_ws/install/ultraarm/lib/python3.10/site-packages:/home/tyler/Documents/Github/280-M5_ROS/colcon_ws/build/mypalletizer_communication:/home/tyler/Documents/Github/280-M5_ROS/colcon_ws/install/mypalletizer_communication/lib/python3.10/site-packages:/home/tyler/Documents/Github/280-M5_ROS/colcon_ws/install/mypalletizer_interfaces/local/lib/python3.10/dist-packages:/home/tyler/Documents/Github/280-M5_ROS/colcon_ws/build/mycobot_description:/home/tyler/Documents/Github/280-M5_ROS/colcon_ws/install/mycobot_description/lib/python3.10/site-packages:${PYTHONPATH} /usr/bin/python3 setup.py develop --editable --build-directory /home/tyler/Documents/Github/280-M5_ROS/colcon_ws/build/ultraarm/build --no-deps install_data
[3.680s] /usr/lib/python3/dist-packages/setuptools/dist.py:723: UserWarning: Usage of dash-separated 'script-dir' will not be supported in future versions. Please use the underscore name 'script_dir' instead
[3.680s]   warnings.warn(
[3.751s] running develop
[3.752s] /usr/lib/python3/dist-packages/setuptools/command/easy_install.py:158: EasyInstallDeprecationWarning: easy_install command is deprecated. Use build and pip and other standards-based tools.
[3.752s]   warnings.warn(
[3.755s] /usr/lib/python3/dist-packages/setuptools/command/install.py:34: SetuptoolsDeprecationWarning: setup.py install is deprecated. Use build and pip and other standards-based tools.
[3.755s]   warnings.warn(
[3.942s] /usr/lib/python3/dist-packages/pkg_resources/__init__.py:116: PkgResourcesDeprecationWarning: 0.1.43ubuntu1 is an invalid version and will not be supported in a future release
[3.942s]   warnings.warn(
[3.943s] /usr/lib/python3/dist-packages/pkg_resources/__init__.py:116: PkgResourcesDeprecationWarning: 1.1build1 is an invalid version and will not be supported in a future release
[3.943s]   warnings.warn(
[4.295s] running egg_info
[4.295s] creating ultraarm.egg-info
[4.296s] writing ultraarm.egg-info/PKG-INFO
[4.298s] writing dependency_links to ultraarm.egg-info/dependency_links.txt
[4.299s] writing entry points to ultraarm.egg-info/entry_points.txt
[4.300s] writing requirements to ultraarm.egg-info/requires.txt
[4.301s] writing top-level names to ultraarm.egg-info/top_level.txt
[4.303s] writing manifest file 'ultraarm.egg-info/SOURCES.txt'
[4.307s] reading manifest file 'ultraarm.egg-info/SOURCES.txt'
[4.309s] writing manifest file 'ultraarm.egg-info/SOURCES.txt'
[4.313s] running build_ext
[4.314s] Creating /home/tyler/Documents/Github/280-M5_ROS/colcon_ws/install/ultraarm/lib/python3.10/site-packages/ultraarm.egg-link (link to .)
[4.316s] Installing listen_real script to /home/tyler/Documents/Github/280-M5_ROS/colcon_ws/install/ultraarm/lib/ultraarm
[4.316s] Installing listen_real_of_topic script to /home/tyler/Documents/Github/280-M5_ROS/colcon_ws/install/ultraarm/lib/ultraarm
[4.317s] Installing simple_gui script to /home/tyler/Documents/Github/280-M5_ROS/colcon_ws/install/ultraarm/lib/ultraarm
[4.317s] Installing slider_control script to /home/tyler/Documents/Github/280-M5_ROS/colcon_ws/install/ultraarm/lib/ultraarm
[4.318s] Installing teleop_keyboard script to /home/tyler/Documents/Github/280-M5_ROS/colcon_ws/install/ultraarm/lib/ultraarm
[4.318s] 
[4.318s] Installed /home/tyler/Documents/Github/280-M5_ROS/colcon_ws/build/ultraarm
[4.319s] running install_data
[4.319s] creating /home/tyler/Documents/Github/280-M5_ROS/colcon_ws/install/ultraarm/share/ament_index
[4.319s] creating /home/tyler/Documents/Github/280-M5_ROS/colcon_ws/install/ultraarm/share/ament_index/resource_index
[4.320s] creating /home/tyler/Documents/Github/280-M5_ROS/colcon_ws/install/ultraarm/share/ament_index/resource_index/packages
[4.320s] copying resource/ultraarm -> /home/tyler/Documents/Github/280-M5_ROS/colcon_ws/install/ultraarm/share/ament_index/resource_index/packages
[4.320s] copying package.xml -> /home/tyler/Documents/Github/280-M5_ROS/colcon_ws/install/ultraarm/share/ultraarm
[4.320s] creating /home/tyler/Documents/Github/280-M5_ROS/colcon_ws/install/ultraarm/share/ultraarm/launch
[4.321s] copying launch/simple_gui.launch.py -> /home/tyler/Documents/Github/280-M5_ROS/colcon_ws/install/ultraarm/share/ultraarm/launch
[4.324s] copying launch/teleop_keyboard.launch.py -> /home/tyler/Documents/Github/280-M5_ROS/colcon_ws/install/ultraarm/share/ultraarm/launch
[4.326s] copying launch/test.launch.py -> /home/tyler/Documents/Github/280-M5_ROS/colcon_ws/install/ultraarm/share/ultraarm/launch
[4.328s] copying launch/slider_control.launch.py -> /home/tyler/Documents/Github/280-M5_ROS/colcon_ws/install/ultraarm/share/ultraarm/launch
[4.329s] creating /home/tyler/Documents/Github/280-M5_ROS/colcon_ws/install/ultraarm/share/ultraarm/config
[4.331s] copying config/ultraarm.rviz -> /home/tyler/Documents/Github/280-M5_ROS/colcon_ws/install/ultraarm/share/ultraarm/config
[4.586s] Invoked command in '/home/tyler/Documents/Github/280-M5_ROS/colcon_ws/build/ultraarm' returned '0': AMENT_PREFIX_PATH=/home/tyler/Documents/Github/280-M5_ROS/colcon_ws/install/mypalletizer_communication:/home/tyler/Documents/Github/280-M5_ROS/colcon_ws/install/mypalletizer_interfaces:/home/tyler/Documents/Github/280-M5_ROS/colcon_ws/install/mycobot_description:${AMENT_PREFIX_PATH} CMAKE_PREFIX_PATH=/home/tyler/Documents/Github/280-M5_ROS/colcon_ws/install/mypalletizer_interfaces:${CMAKE_PREFIX_PATH} LD_LIBRARY_PATH=/home/tyler/Documents/Github/280-M5_ROS/colcon_ws/install/mypalletizer_interfaces/lib:${LD_LIBRARY_PATH} PYTHONPATH=/home/tyler/Documents/Github/280-M5_ROS/colcon_ws/build/ultraarm/prefix_override:/home/tyler/Documents/Github/280-M5_ROS/colcon_ws/install/ultraarm/lib/python3.10/site-packages:/home/tyler/Documents/Github/280-M5_ROS/colcon_ws/build/mypalletizer_communication:/home/tyler/Documents/Github/280-M5_ROS/colcon_ws/install/mypalletizer_communication/lib/python3.10/site-packages:/home/tyler/Documents/Github/280-M5_ROS/colcon_ws/install/mypalletizer_interfaces/local/lib/python3.10/dist-packages:/home/tyler/Documents/Github/280-M5_ROS/colcon_ws/build/mycobot_description:/home/tyler/Documents/Github/280-M5_ROS/colcon_ws/install/mycobot_description/lib/python3.10/site-packages:${PYTHONPATH} /usr/bin/python3 setup.py develop --editable --build-directory /home/tyler/Documents/Github/280-M5_ROS/colcon_ws/build/ultraarm/build --no-deps install_data
