[0.282s] Invoking command in '/home/tyler/Documents/Github/280-M5_ROS/colcon_ws/build/mecharm_interfaces': CMAKE_PREFIX_PATH=${CMAKE_PREFIX_PATH}:/opt/ros/humble /usr/bin/cmake /home/tyler/Documents/Github/280-M5_ROS/colcon_ws/src/mycobot_ros2/mecharm/mecharm_interfaces -DAMENT_CMAKE_SYMLINK_INSTALL=1 -DCMAKE_INSTALL_PREFIX=/home/tyler/Documents/Github/280-M5_ROS/colcon_ws/install/mecharm_interfaces
[0.346s] -- The C compiler identification is GNU 11.3.0
[0.404s] -- The CXX compiler identification is GNU 11.3.0
[0.414s] -- Detecting C compiler ABI info
[0.477s] -- Detecting C compiler ABI info - done
[0.486s] -- Check for working C compiler: /usr/bin/cc - skipped
[0.486s] -- Detecting C compile features
[0.486s] -- Detecting C compile features - done
[0.489s] -- Detecting CXX compiler ABI info
[0.562s] -- Detecting CXX compiler ABI info - done
[0.574s] -- Check for working CXX compiler: /usr/bin/c++ - skipped
[0.574s] -- Detecting CXX compile features
[0.575s] -- Detecting CXX compile features - done
[0.578s] -- Found ament_cmake: 1.3.3 (/opt/ros/humble/share/ament_cmake/cmake)
[0.779s] -- Found Python3: /usr/bin/python3.10 (found version "3.10.6") found components: Interpreter 
[0.849s] -- Override CMake install command with custom implementation using symlinks instead of copying resources
[0.883s] -- Found rosidl_default_generators: 1.2.0 (/opt/ros/humble/share/rosidl_default_generators/cmake)
[0.887s] -- Using all available rosidl_typesupport_c: rosidl_typesupport_fastrtps_c;rosidl_typesupport_introspection_c
[0.897s] -- Found rosidl_adapter: 3.1.4 (/opt/ros/humble/share/rosidl_adapter/cmake)
[0.955s] -- Using all available rosidl_typesupport_cpp: rosidl_typesupport_fastrtps_cpp;rosidl_typesupport_introspection_cpp
[0.991s] -- Found rclpy: 3.3.7 (/opt/ros/humble/share/rclpy/cmake)
[0.992s] -- Found std_msgs: 4.2.3 (/opt/ros/humble/share/std_msgs/cmake)
[1.458s] -- Found ament_cmake_ros: 0.10.0 (/opt/ros/humble/share/ament_cmake_ros/cmake)
[1.713s] -- Using all available rosidl_typesupport_c: rosidl_typesupport_fastrtps_c;rosidl_typesupport_introspection_c
[2.027s] -- Using all available rosidl_typesupport_cpp: rosidl_typesupport_fastrtps_cpp;rosidl_typesupport_introspection_cpp
[2.049s] -- Found PythonInterp: /usr/bin/python3 (found suitable version "3.10.6", minimum required is "3.6") 
[2.051s] -- Found python_cmake_module: 0.10.0 (/opt/ros/humble/share/python_cmake_module/cmake)
[2.077s] -- Found PythonLibs: /usr/lib/x86_64-linux-gnu/libpython3.10.so (found suitable version "3.10.6", minimum required is "3.5") 
[2.077s] -- Using PYTHON_EXECUTABLE: /usr/bin/python3
[2.078s] -- Using PYTHON_INCLUDE_DIRS: /usr/include/python3.10
[2.078s] -- Using PYTHON_LIBRARIES: /usr/lib/x86_64-linux-gnu/libpython3.10.so
[2.098s] -- Found PythonExtra: .so  
[2.151s] -- Found ament_lint_auto: 0.12.5 (/opt/ros/humble/share/ament_lint_auto/cmake)
[2.169s] -- Added test 'copyright' to check source files copyright and LICENSE
[2.171s] -- Added test 'lint_cmake' to check CMake code style
[2.172s] -- Added test 'xmllint' to check XML markup files
[2.175s] -- Configuring done
[2.246s] -- Generating done
[2.251s] -- Build files have been written to: /home/tyler/Documents/Github/280-M5_ROS/colcon_ws/build/mecharm_interfaces
[2.262s] Invoked command in '/home/tyler/Documents/Github/280-M5_ROS/colcon_ws/build/mecharm_interfaces' returned '0': CMAKE_PREFIX_PATH=${CMAKE_PREFIX_PATH}:/opt/ros/humble /usr/bin/cmake /home/tyler/Documents/Github/280-M5_ROS/colcon_ws/src/mycobot_ros2/mecharm/mecharm_interfaces -DAMENT_CMAKE_SYMLINK_INSTALL=1 -DCMAKE_INSTALL_PREFIX=/home/tyler/Documents/Github/280-M5_ROS/colcon_ws/install/mecharm_interfaces
[2.264s] Invoking command in '/home/tyler/Documents/Github/280-M5_ROS/colcon_ws/build/mecharm_interfaces': CMAKE_PREFIX_PATH=${CMAKE_PREFIX_PATH}:/opt/ros/humble /usr/bin/cmake --build /home/tyler/Documents/Github/280-M5_ROS/colcon_ws/build/mecharm_interfaces -- -j8 -l8
[2.322s] [  1%] [34m[1mGenerating C code for ROS interfaces[0m
[2.336s] [  1%] [34m[1mGenerating C++ code for ROS interfaces[0m
[2.356s] [  1%] Built target ament_cmake_python_symlink_mecharm_interfaces
[2.775s] running egg_info
[2.776s] creating mecharm_interfaces.egg-info
[2.776s] writing mecharm_interfaces.egg-info/PKG-INFO
[2.777s] writing dependency_links to mecharm_interfaces.egg-info/dependency_links.txt
[2.777s] writing top-level names to mecharm_interfaces.egg-info/top_level.txt
[2.778s] writing manifest file 'mecharm_interfaces.egg-info/SOURCES.txt'
[2.782s] reading manifest file 'mecharm_interfaces.egg-info/SOURCES.txt'
[2.783s] writing manifest file 'mecharm_interfaces.egg-info/SOURCES.txt'
[2.823s] [  1%] Built target ament_cmake_python_build_mecharm_interfaces_egg
[3.564s] [  1%] Built target mecharm_interfaces__cpp
[3.574s] [  2%] [34m[1mGenerating C++ type support dispatch for ROS interfaces[0m
[3.574s] [  2%] [34m[1mGenerating C++ type support for eProsima Fast-RTPS[0m
[3.576s] [  3%] [34m[1mGenerating C++ introspection for ROS interfaces[0m
[4.932s] [  4%] [32mBuilding C object CMakeFiles/mecharm_interfaces__rosidl_generator_c.dir/rosidl_generator_c/mecharm_interfaces/msg/detail/mecharm_angles__functions.c.o[0m
[4.938s] [  5%] [32mBuilding C object CMakeFiles/mecharm_interfaces__rosidl_generator_c.dir/rosidl_generator_c/mecharm_interfaces/msg/detail/mecharm_coords__functions.c.o[0m
[4.954s] [  6%] [32mBuilding C object CMakeFiles/mecharm_interfaces__rosidl_generator_c.dir/rosidl_generator_c/mecharm_interfaces/msg/detail/mecharm_set_angles__functions.c.o[0m
[5.017s] [  6%] [32mBuilding C object CMakeFiles/mecharm_interfaces__rosidl_generator_c.dir/rosidl_generator_c/mecharm_interfaces/msg/detail/mecharm_set_coords__functions.c.o[0m
[5.027s] [  7%] [32mBuilding C object CMakeFiles/mecharm_interfaces__rosidl_generator_c.dir/rosidl_generator_c/mecharm_interfaces/msg/detail/mecharm_gripper_status__functions.c.o[0m
[5.050s] [  8%] [32mBuilding CXX object CMakeFiles/mecharm_interfaces__rosidl_typesupport_cpp.dir/rosidl_typesupport_cpp/mecharm_interfaces/msg/mecharm_angles__type_support.cpp.o[0m
[5.133s] [  9%] [32mBuilding C object CMakeFiles/mecharm_interfaces__rosidl_generator_c.dir/rosidl_generator_c/mecharm_interfaces/msg/detail/mecharm_pump_status__functions.c.o[0m
[5.155s] [ 10%] [32mBuilding C object CMakeFiles/mecharm_interfaces__rosidl_generator_c.dir/rosidl_generator_c/mecharm_interfaces/srv/detail/get_angles__functions.c.o[0m
[5.174s] [ 11%] [32mBuilding CXX object CMakeFiles/mecharm_interfaces__rosidl_typesupport_cpp.dir/rosidl_typesupport_cpp/mecharm_interfaces/msg/mecharm_coords__type_support.cpp.o[0m
[5.237s] [ 12%] [32mBuilding C object CMakeFiles/mecharm_interfaces__rosidl_generator_c.dir/rosidl_generator_c/mecharm_interfaces/srv/detail/set_angles__functions.c.o[0m
[5.331s] [ 13%] [32mBuilding C object CMakeFiles/mecharm_interfaces__rosidl_generator_c.dir/rosidl_generator_c/mecharm_interfaces/srv/detail/get_coords__functions.c.o[0m
[5.361s] [ 13%] [32mBuilding C object CMakeFiles/mecharm_interfaces__rosidl_generator_c.dir/rosidl_generator_c/mecharm_interfaces/srv/detail/set_coords__functions.c.o[0m
[5.378s] [ 14%] [32mBuilding C object CMakeFiles/mecharm_interfaces__rosidl_generator_c.dir/rosidl_generator_c/mecharm_interfaces/srv/detail/gripper_status__functions.c.o[0m
[5.573s] [ 16%] [32mBuilding CXX object CMakeFiles/mecharm_interfaces__rosidl_typesupport_cpp.dir/rosidl_typesupport_cpp/mecharm_interfaces/msg/mecharm_set_angles__type_support.cpp.o[0m
[5.577s] [ 16%] [32mBuilding C object CMakeFiles/mecharm_interfaces__rosidl_generator_c.dir/rosidl_generator_c/mecharm_interfaces/srv/detail/pump_status__functions.c.o[0m
[5.674s] [ 17%] [32mBuilding CXX object CMakeFiles/mecharm_interfaces__rosidl_typesupport_cpp.dir/rosidl_typesupport_cpp/mecharm_interfaces/msg/mecharm_set_coords__type_support.cpp.o[0m
[5.753s] [ 18%] [32m[1mLinking C shared library libmecharm_interfaces__rosidl_generator_c.so[0m
[5.757s] [ 18%] [32mBuilding CXX object CMakeFiles/mecharm_interfaces__rosidl_typesupport_cpp.dir/rosidl_typesupport_cpp/mecharm_interfaces/msg/mecharm_gripper_status__type_support.cpp.o[0m
[5.987s] [ 18%] Built target mecharm_interfaces__rosidl_generator_c
[6.047s] [ 19%] [32mBuilding CXX object CMakeFiles/mecharm_interfaces__rosidl_typesupport_cpp.dir/rosidl_typesupport_cpp/mecharm_interfaces/msg/mecharm_pump_status__type_support.cpp.o[0m
[6.049s] [ 19%] [32mBuilding CXX object CMakeFiles/mecharm_interfaces__rosidl_typesupport_introspection_cpp.dir/rosidl_typesupport_introspection_cpp/mecharm_interfaces/msg/detail/mecharm_angles__type_support.cpp.o[0m
[6.237s] [ 20%] [32mBuilding CXX object CMakeFiles/mecharm_interfaces__rosidl_typesupport_introspection_cpp.dir/rosidl_typesupport_introspection_cpp/mecharm_interfaces/msg/detail/mecharm_coords__type_support.cpp.o[0m
[6.273s] [ 21%] [32mBuilding CXX object CMakeFiles/mecharm_interfaces__rosidl_typesupport_cpp.dir/rosidl_typesupport_cpp/mecharm_interfaces/srv/get_angles__type_support.cpp.o[0m
[6.612s] [ 22%] [32mBuilding CXX object CMakeFiles/mecharm_interfaces__rosidl_typesupport_introspection_cpp.dir/rosidl_typesupport_introspection_cpp/mecharm_interfaces/msg/detail/mecharm_set_angles__type_support.cpp.o[0m
[6.778s] [ 23%] [32mBuilding CXX object CMakeFiles/mecharm_interfaces__rosidl_typesupport_introspection_cpp.dir/rosidl_typesupport_introspection_cpp/mecharm_interfaces/msg/detail/mecharm_set_coords__type_support.cpp.o[0m
[6.905s] [ 24%] [32mBuilding CXX object CMakeFiles/mecharm_interfaces__rosidl_typesupport_cpp.dir/rosidl_typesupport_cpp/mecharm_interfaces/srv/set_angles__type_support.cpp.o[0m
[7.005s] [ 25%] [32mBuilding CXX object CMakeFiles/mecharm_interfaces__rosidl_typesupport_cpp.dir/rosidl_typesupport_cpp/mecharm_interfaces/srv/get_coords__type_support.cpp.o[0m
[7.187s] [ 26%] [32mBuilding CXX object CMakeFiles/mecharm_interfaces__rosidl_typesupport_fastrtps_cpp.dir/rosidl_typesupport_fastrtps_cpp/mecharm_interfaces/msg/detail/dds_fastrtps/mecharm_angles__type_support.cpp.o[0m
[7.219s] [ 27%] [32mBuilding CXX object CMakeFiles/mecharm_interfaces__rosidl_typesupport_cpp.dir/rosidl_typesupport_cpp/mecharm_interfaces/srv/set_coords__type_support.cpp.o[0m
[7.551s] [ 28%] [34m[1mGenerating C type support for eProsima Fast-RTPS[0m
[8.338s] [ 29%] [32mBuilding CXX object CMakeFiles/mecharm_interfaces__rosidl_typesupport_fastrtps_cpp.dir/rosidl_typesupport_fastrtps_cpp/mecharm_interfaces/msg/detail/dds_fastrtps/mecharm_coords__type_support.cpp.o[0m
[8.370s] [ 29%] [32mBuilding CXX object CMakeFiles/mecharm_interfaces__rosidl_typesupport_cpp.dir/rosidl_typesupport_cpp/mecharm_interfaces/srv/gripper_status__type_support.cpp.o[0m
[8.382s] [ 30%] [34m[1mGenerating C introspection for ROS interfaces[0m
[8.433s] [ 31%] [34m[1mGenerating C type support dispatch for ROS interfaces[0m
[8.765s] [ 32%] [32mBuilding CXX object CMakeFiles/mecharm_interfaces__rosidl_typesupport_introspection_cpp.dir/rosidl_typesupport_introspection_cpp/mecharm_interfaces/msg/detail/mecharm_gripper_status__type_support.cpp.o[0m
[8.893s] [ 33%] [32mBuilding CXX object CMakeFiles/mecharm_interfaces__rosidl_typesupport_cpp.dir/rosidl_typesupport_cpp/mecharm_interfaces/srv/pump_status__type_support.cpp.o[0m
[9.171s] [ 34%] [32mBuilding CXX object CMakeFiles/mecharm_interfaces__rosidl_typesupport_introspection_cpp.dir/rosidl_typesupport_introspection_cpp/mecharm_interfaces/msg/detail/mecharm_pump_status__type_support.cpp.o[0m
[9.875s] [ 34%] [32mBuilding CXX object CMakeFiles/mecharm_interfaces__rosidl_typesupport_introspection_cpp.dir/rosidl_typesupport_introspection_cpp/mecharm_interfaces/srv/detail/get_angles__type_support.cpp.o[0m
[10.425s] [ 35%] [32m[1mLinking CXX shared library libmecharm_interfaces__rosidl_typesupport_cpp.so[0m
[10.770s] [ 35%] Built target mecharm_interfaces__rosidl_typesupport_cpp
[10.826s] [ 37%] [32mBuilding CXX object CMakeFiles/mecharm_interfaces__rosidl_typesupport_introspection_cpp.dir/rosidl_typesupport_introspection_cpp/mecharm_interfaces/srv/detail/set_angles__type_support.cpp.o[0m
[10.827s] [ 37%] [32mBuilding CXX object CMakeFiles/mecharm_interfaces__rosidl_typesupport_fastrtps_cpp.dir/rosidl_typesupport_fastrtps_cpp/mecharm_interfaces/msg/detail/dds_fastrtps/mecharm_set_angles__type_support.cpp.o[0m
[10.988s] [ 38%] [32mBuilding CXX object CMakeFiles/mecharm_interfaces__rosidl_typesupport_introspection_cpp.dir/rosidl_typesupport_introspection_cpp/mecharm_interfaces/srv/detail/get_coords__type_support.cpp.o[0m
[11.154s] [ 39%] [32mBuilding CXX object CMakeFiles/mecharm_interfaces__rosidl_typesupport_introspection_cpp.dir/rosidl_typesupport_introspection_cpp/mecharm_interfaces/srv/detail/set_coords__type_support.cpp.o[0m
[11.155s] [ 40%] [32mBuilding CXX object CMakeFiles/mecharm_interfaces__rosidl_typesupport_fastrtps_c.dir/rosidl_typesupport_fastrtps_c/mecharm_interfaces/msg/detail/mecharm_angles__type_support_c.cpp.o[0m
[12.626s] [ 41%] [32mBuilding CXX object CMakeFiles/mecharm_interfaces__rosidl_typesupport_fastrtps_c.dir/rosidl_typesupport_fastrtps_c/mecharm_interfaces/msg/detail/mecharm_coords__type_support_c.cpp.o[0m
[13.015s] [ 42%] [32mBuilding CXX object CMakeFiles/mecharm_interfaces__rosidl_typesupport_introspection_cpp.dir/rosidl_typesupport_introspection_cpp/mecharm_interfaces/srv/detail/gripper_status__type_support.cpp.o[0m
[13.202s] [ 43%] [32mBuilding CXX object CMakeFiles/mecharm_interfaces__rosidl_typesupport_introspection_cpp.dir/rosidl_typesupport_introspection_cpp/mecharm_interfaces/srv/detail/pump_status__type_support.cpp.o[0m
[13.297s] [ 43%] [32mBuilding CXX object CMakeFiles/mecharm_interfaces__rosidl_typesupport_fastrtps_c.dir/rosidl_typesupport_fastrtps_c/mecharm_interfaces/msg/detail/mecharm_set_angles__type_support_c.cpp.o[0m
[13.305s] [ 44%] [32mBuilding CXX object CMakeFiles/mecharm_interfaces__rosidl_typesupport_fastrtps_cpp.dir/rosidl_typesupport_fastrtps_cpp/mecharm_interfaces/msg/detail/dds_fastrtps/mecharm_set_coords__type_support.cpp.o[0m
[13.846s] [ 45%] [32mBuilding CXX object CMakeFiles/mecharm_interfaces__rosidl_typesupport_fastrtps_c.dir/rosidl_typesupport_fastrtps_c/mecharm_interfaces/msg/detail/mecharm_set_coords__type_support_c.cpp.o[0m
[14.437s] [ 46%] [32mBuilding CXX object CMakeFiles/mecharm_interfaces__rosidl_typesupport_c.dir/rosidl_typesupport_c/mecharm_interfaces/msg/mecharm_angles__type_support.cpp.o[0m
[14.770s] [ 46%] [32mBuilding CXX object CMakeFiles/mecharm_interfaces__rosidl_typesupport_c.dir/rosidl_typesupport_c/mecharm_interfaces/msg/mecharm_coords__type_support.cpp.o[0m
[15.070s] [ 47%] [32mBuilding CXX object CMakeFiles/mecharm_interfaces__rosidl_typesupport_c.dir/rosidl_typesupport_c/mecharm_interfaces/msg/mecharm_set_angles__type_support.cpp.o[0m
[15.390s] [ 48%] [32mBuilding CXX object CMakeFiles/mecharm_interfaces__rosidl_typesupport_c.dir/rosidl_typesupport_c/mecharm_interfaces/msg/mecharm_set_coords__type_support.cpp.o[0m
[15.708s] [ 49%] [32mBuilding CXX object CMakeFiles/mecharm_interfaces__rosidl_typesupport_c.dir/rosidl_typesupport_c/mecharm_interfaces/msg/mecharm_gripper_status__type_support.cpp.o[0m
[15.806s] [ 50%] [32mBuilding CXX object CMakeFiles/mecharm_interfaces__rosidl_typesupport_fastrtps_c.dir/rosidl_typesupport_fastrtps_c/mecharm_interfaces/msg/detail/mecharm_gripper_status__type_support_c.cpp.o[0m
[15.878s] [ 51%] [32mBuilding CXX object CMakeFiles/mecharm_interfaces__rosidl_typesupport_fastrtps_c.dir/rosidl_typesupport_fastrtps_c/mecharm_interfaces/msg/detail/mecharm_pump_status__type_support_c.cpp.o[0m
[16.006s] [ 52%] [32mBuilding CXX object CMakeFiles/mecharm_interfaces__rosidl_typesupport_c.dir/rosidl_typesupport_c/mecharm_interfaces/msg/mecharm_pump_status__type_support.cpp.o[0m
[16.210s] [ 53%] [32m[1mLinking CXX shared library libmecharm_interfaces__rosidl_typesupport_introspection_cpp.so[0m
[16.295s] [ 54%] [32mBuilding CXX object CMakeFiles/mecharm_interfaces__rosidl_typesupport_c.dir/rosidl_typesupport_c/mecharm_interfaces/srv/get_angles__type_support.cpp.o[0m
[16.580s] [ 54%] [32mBuilding CXX object CMakeFiles/mecharm_interfaces__rosidl_typesupport_c.dir/rosidl_typesupport_c/mecharm_interfaces/srv/set_angles__type_support.cpp.o[0m
[16.686s] [ 54%] Built target mecharm_interfaces__rosidl_typesupport_introspection_cpp
[16.854s] [ 55%] [32mBuilding CXX object CMakeFiles/mecharm_interfaces__rosidl_typesupport_c.dir/rosidl_typesupport_c/mecharm_interfaces/srv/get_coords__type_support.cpp.o[0m
[16.887s] [ 56%] [32mBuilding CXX object CMakeFiles/mecharm_interfaces__rosidl_typesupport_fastrtps_c.dir/rosidl_typesupport_fastrtps_c/mecharm_interfaces/srv/detail/get_angles__type_support_c.cpp.o[0m
[16.943s] [ 57%] [32mBuilding C object CMakeFiles/mecharm_interfaces__rosidl_typesupport_introspection_c.dir/rosidl_typesupport_introspection_c/mecharm_interfaces/msg/detail/mecharm_angles__type_support.c.o[0m
[16.985s] [ 58%] [32mBuilding CXX object CMakeFiles/mecharm_interfaces__rosidl_typesupport_c.dir/rosidl_typesupport_c/mecharm_interfaces/srv/set_coords__type_support.cpp.o[0m
[17.227s] [ 59%] [32mBuilding CXX object CMakeFiles/mecharm_interfaces__rosidl_typesupport_c.dir/rosidl_typesupport_c/mecharm_interfaces/srv/gripper_status__type_support.cpp.o[0m
[17.259s] [ 60%] [32mBuilding C object CMakeFiles/mecharm_interfaces__rosidl_typesupport_introspection_c.dir/rosidl_typesupport_introspection_c/mecharm_interfaces/msg/detail/mecharm_coords__type_support.c.o[0m
[17.267s] [ 61%] [32mBuilding CXX object CMakeFiles/mecharm_interfaces__rosidl_typesupport_fastrtps_c.dir/rosidl_typesupport_fastrtps_c/mecharm_interfaces/srv/detail/set_angles__type_support_c.cpp.o[0m
[17.520s] [ 62%] [32mBuilding CXX object CMakeFiles/mecharm_interfaces__rosidl_typesupport_fastrtps_cpp.dir/rosidl_typesupport_fastrtps_cpp/mecharm_interfaces/msg/detail/dds_fastrtps/mecharm_gripper_status__type_support.cpp.o[0m
[17.583s] [ 63%] [32mBuilding CXX object CMakeFiles/mecharm_interfaces__rosidl_typesupport_c.dir/rosidl_typesupport_c/mecharm_interfaces/srv/pump_status__type_support.cpp.o[0m
[17.752s] [ 63%] [32mBuilding CXX object CMakeFiles/mecharm_interfaces__rosidl_typesupport_fastrtps_c.dir/rosidl_typesupport_fastrtps_c/mecharm_interfaces/srv/detail/get_coords__type_support_c.cpp.o[0m
[17.760s] [ 64%] [32mBuilding C object CMakeFiles/mecharm_interfaces__rosidl_typesupport_introspection_c.dir/rosidl_typesupport_introspection_c/mecharm_interfaces/msg/detail/mecharm_set_angles__type_support.c.o[0m
[17.875s] [ 65%] [32m[1mLinking CXX shared library libmecharm_interfaces__rosidl_typesupport_c.so[0m
[18.055s] [ 65%] [32mBuilding C object CMakeFiles/mecharm_interfaces__rosidl_typesupport_introspection_c.dir/rosidl_typesupport_introspection_c/mecharm_interfaces/msg/detail/mecharm_set_coords__type_support.c.o[0m
[18.246s] [ 65%] Built target mecharm_interfaces__rosidl_typesupport_c
[18.348s] [ 66%] [32mBuilding C object CMakeFiles/mecharm_interfaces__rosidl_typesupport_introspection_c.dir/rosidl_typesupport_introspection_c/mecharm_interfaces/msg/detail/mecharm_gripper_status__type_support.c.o[0m
[18.436s] [ 67%] [32mBuilding CXX object CMakeFiles/mecharm_interfaces__rosidl_typesupport_fastrtps_c.dir/rosidl_typesupport_fastrtps_c/mecharm_interfaces/srv/detail/set_coords__type_support_c.cpp.o[0m
[18.607s] [ 68%] [32mBuilding C object CMakeFiles/mecharm_interfaces__rosidl_typesupport_introspection_c.dir/rosidl_typesupport_introspection_c/mecharm_interfaces/msg/detail/mecharm_pump_status__type_support.c.o[0m
[18.615s] [ 69%] [32mBuilding CXX object CMakeFiles/mecharm_interfaces__rosidl_typesupport_fastrtps_c.dir/rosidl_typesupport_fastrtps_c/mecharm_interfaces/srv/detail/gripper_status__type_support_c.cpp.o[0m
[18.891s] [ 70%] [32mBuilding C object CMakeFiles/mecharm_interfaces__rosidl_typesupport_introspection_c.dir/rosidl_typesupport_introspection_c/mecharm_interfaces/srv/detail/get_angles__type_support.c.o[0m
[19.219s] [ 71%] [32mBuilding C object CMakeFiles/mecharm_interfaces__rosidl_typesupport_introspection_c.dir/rosidl_typesupport_introspection_c/mecharm_interfaces/srv/detail/set_angles__type_support.c.o[0m
[19.402s] [ 72%] [32mBuilding C object CMakeFiles/mecharm_interfaces__rosidl_typesupport_introspection_c.dir/rosidl_typesupport_introspection_c/mecharm_interfaces/srv/detail/get_coords__type_support.c.o[0m
[19.657s] [ 73%] [32mBuilding C object CMakeFiles/mecharm_interfaces__rosidl_typesupport_introspection_c.dir/rosidl_typesupport_introspection_c/mecharm_interfaces/srv/detail/set_coords__type_support.c.o[0m
[19.724s] [ 73%] [32mBuilding CXX object CMakeFiles/mecharm_interfaces__rosidl_typesupport_fastrtps_cpp.dir/rosidl_typesupport_fastrtps_cpp/mecharm_interfaces/msg/detail/dds_fastrtps/mecharm_pump_status__type_support.cpp.o[0m
[19.851s] [ 74%] [32mBuilding CXX object CMakeFiles/mecharm_interfaces__rosidl_typesupport_fastrtps_cpp.dir/rosidl_typesupport_fastrtps_cpp/mecharm_interfaces/srv/detail/dds_fastrtps/get_angles__type_support.cpp.o[0m
[19.957s] [ 74%] [32mBuilding C object CMakeFiles/mecharm_interfaces__rosidl_typesupport_introspection_c.dir/rosidl_typesupport_introspection_c/mecharm_interfaces/srv/detail/gripper_status__type_support.c.o[0m
[20.050s] [ 75%] [32mBuilding CXX object CMakeFiles/mecharm_interfaces__rosidl_typesupport_fastrtps_cpp.dir/rosidl_typesupport_fastrtps_cpp/mecharm_interfaces/srv/detail/dds_fastrtps/set_angles__type_support.cpp.o[0m
[20.426s] [ 76%] [32mBuilding CXX object CMakeFiles/mecharm_interfaces__rosidl_typesupport_fastrtps_c.dir/rosidl_typesupport_fastrtps_c/mecharm_interfaces/srv/detail/pump_status__type_support_c.cpp.o[0m
[20.429s] [ 77%] [32mBuilding C object CMakeFiles/mecharm_interfaces__rosidl_typesupport_introspection_c.dir/rosidl_typesupport_introspection_c/mecharm_interfaces/srv/detail/pump_status__type_support.c.o[0m
[20.743s] [ 78%] [32m[1mLinking C shared library libmecharm_interfaces__rosidl_typesupport_introspection_c.so[0m
[21.214s] [ 78%] Built target mecharm_interfaces__rosidl_typesupport_introspection_c
[21.232s] [ 79%] [32mBuilding CXX object CMakeFiles/mecharm_interfaces__rosidl_typesupport_fastrtps_cpp.dir/rosidl_typesupport_fastrtps_cpp/mecharm_interfaces/srv/detail/dds_fastrtps/get_coords__type_support.cpp.o[0m
[21.290s] [ 80%] [32mBuilding CXX object CMakeFiles/mecharm_interfaces__rosidl_typesupport_fastrtps_cpp.dir/rosidl_typesupport_fastrtps_cpp/mecharm_interfaces/srv/detail/dds_fastrtps/set_coords__type_support.cpp.o[0m
[22.709s] [ 81%] [32m[1mLinking CXX shared library libmecharm_interfaces__rosidl_typesupport_fastrtps_c.so[0m
[23.118s] [ 81%] Built target mecharm_interfaces__rosidl_typesupport_fastrtps_c
[23.759s] [ 81%] [32mBuilding CXX object CMakeFiles/mecharm_interfaces__rosidl_typesupport_fastrtps_cpp.dir/rosidl_typesupport_fastrtps_cpp/mecharm_interfaces/srv/detail/dds_fastrtps/pump_status__type_support.cpp.o[0m
[24.842s] [ 82%] [32mBuilding CXX object CMakeFiles/mecharm_interfaces__rosidl_typesupport_fastrtps_cpp.dir/rosidl_typesupport_fastrtps_cpp/mecharm_interfaces/srv/detail/dds_fastrtps/gripper_status__type_support.cpp.o[0m
[25.821s] [ 83%] [32m[1mLinking CXX shared library libmecharm_interfaces__rosidl_typesupport_fastrtps_cpp.so[0m
[25.957s] [ 83%] Built target mecharm_interfaces__rosidl_typesupport_fastrtps_cpp
[25.982s] [ 83%] Built target mecharm_interfaces
[26.009s] [ 84%] [34m[1mGenerating Python code for ROS interfaces[0m
[29.048s] [ 84%] Built target mecharm_interfaces__py
[29.069s] [ 86%] [32mBuilding C object CMakeFiles/mecharm_interfaces__rosidl_generator_py.dir/rosidl_generator_py/mecharm_interfaces/msg/_mecharm_angles_s.c.o[0m
[29.069s] [ 86%] [32mBuilding C object CMakeFiles/mecharm_interfaces__rosidl_generator_py.dir/rosidl_generator_py/mecharm_interfaces/msg/_mecharm_coords_s.c.o[0m
[29.201s] [ 88%] [32mBuilding C object CMakeFiles/mecharm_interfaces__rosidl_generator_py.dir/rosidl_generator_py/mecharm_interfaces/srv/_set_angles_s.c.o[0m
[29.201s] [ 88%] [32mBuilding C object CMakeFiles/mecharm_interfaces__rosidl_generator_py.dir/rosidl_generator_py/mecharm_interfaces/srv/_get_angles_s.c.o[0m
[29.345s] [ 88%] [32mBuilding C object CMakeFiles/mecharm_interfaces__rosidl_generator_py.dir/rosidl_generator_py/mecharm_interfaces/srv/_set_coords_s.c.o[0m
[29.348s] [ 89%] [32mBuilding C object CMakeFiles/mecharm_interfaces__rosidl_generator_py.dir/rosidl_generator_py/mecharm_interfaces/srv/_gripper_status_s.c.o[0m
[29.525s] [ 90%] [32mBuilding C object CMakeFiles/mecharm_interfaces__rosidl_generator_py.dir/rosidl_generator_py/mecharm_interfaces/srv/_pump_status_s.c.o[0m
[29.534s] [ 91%] [32mBuilding C object CMakeFiles/mecharm_interfaces__rosidl_generator_py.dir/rosidl_generator_py/mecharm_interfaces/srv/_get_coords_s.c.o[0m
[29.714s] [ 92%] [32mBuilding C object CMakeFiles/mecharm_interfaces__rosidl_generator_py.dir/rosidl_generator_py/mecharm_interfaces/msg/_mecharm_pump_status_s.c.o[0m
[29.722s] [ 93%] [32mBuilding C object CMakeFiles/mecharm_interfaces__rosidl_generator_py.dir/rosidl_generator_py/mecharm_interfaces/msg/_mecharm_gripper_status_s.c.o[0m
[29.864s] [ 94%] [32mBuilding C object CMakeFiles/mecharm_interfaces__rosidl_generator_py.dir/rosidl_generator_py/mecharm_interfaces/msg/_mecharm_set_coords_s.c.o[0m
[29.866s] [ 94%] [32mBuilding C object CMakeFiles/mecharm_interfaces__rosidl_generator_py.dir/rosidl_generator_py/mecharm_interfaces/msg/_mecharm_set_angles_s.c.o[0m
[30.049s] [ 95%] [32m[1mLinking C shared library rosidl_generator_py/mecharm_interfaces/libmecharm_interfaces__rosidl_generator_py.so[0m
[30.140s] [ 95%] Built target mecharm_interfaces__rosidl_generator_py
[30.179s] [ 97%] [32mBuilding C object CMakeFiles/mecharm_interfaces__rosidl_typesupport_fastrtps_c__pyext.dir/rosidl_generator_py/mecharm_interfaces/_mecharm_interfaces_s.ep.rosidl_typesupport_fastrtps_c.c.o[0m
[30.180s] [ 97%] [32mBuilding C object CMakeFiles/mecharm_interfaces__rosidl_typesupport_introspection_c__pyext.dir/rosidl_generator_py/mecharm_interfaces/_mecharm_interfaces_s.ep.rosidl_typesupport_introspection_c.c.o[0m
[30.638s] [ 98%] [32m[1mLinking C shared library rosidl_generator_py/mecharm_interfaces/mecharm_interfaces_s__rosidl_typesupport_introspection_c.cpython-310-x86_64-linux-gnu.so[0m
[30.644s] [ 99%] [32m[1mLinking C shared library rosidl_generator_py/mecharm_interfaces/mecharm_interfaces_s__rosidl_typesupport_fastrtps_c.cpython-310-x86_64-linux-gnu.so[0m
[30.735s] [ 99%] Built target mecharm_interfaces__rosidl_typesupport_fastrtps_c__pyext
[30.751s] [ 99%] Built target mecharm_interfaces__rosidl_typesupport_introspection_c__pyext
[30.762s] [ 99%] [32mBuilding C object CMakeFiles/mecharm_interfaces__rosidl_typesupport_c__pyext.dir/rosidl_generator_py/mecharm_interfaces/_mecharm_interfaces_s.ep.rosidl_typesupport_c.c.o[0m
[31.129s] [100%] [32m[1mLinking C shared library rosidl_generator_py/mecharm_interfaces/mecharm_interfaces_s__rosidl_typesupport_c.cpython-310-x86_64-linux-gnu.so[0m
[31.182s] [100%] Built target mecharm_interfaces__rosidl_typesupport_c__pyext
[31.198s] Invoked command in '/home/tyler/Documents/Github/280-M5_ROS/colcon_ws/build/mecharm_interfaces' returned '0': CMAKE_PREFIX_PATH=${CMAKE_PREFIX_PATH}:/opt/ros/humble /usr/bin/cmake --build /home/tyler/Documents/Github/280-M5_ROS/colcon_ws/build/mecharm_interfaces -- -j8 -l8
[31.534s] Invoking command in '/home/tyler/Documents/Github/280-M5_ROS/colcon_ws/build/mecharm_interfaces': CMAKE_PREFIX_PATH=${CMAKE_PREFIX_PATH}:/opt/ros/humble /usr/bin/cmake --install /home/tyler/Documents/Github/280-M5_ROS/colcon_ws/build/mecharm_interfaces
[31.545s] -- Install configuration: ""
[31.546s] -- Execute custom install script
[31.546s] -- Symlinking: /home/tyler/Documents/Github/280-M5_ROS/colcon_ws/install/mecharm_interfaces/share/ament_index/resource_index/rosidl_interfaces/mecharm_interfaces
[31.558s] -- Symlinking: /home/tyler/Documents/Github/280-M5_ROS/colcon_ws/install/mecharm_interfaces/include/mecharm_interfaces/mecharm_interfaces/msg/detail/mecharm_angles__functions.h
[31.569s] -- Symlinking: /home/tyler/Documents/Github/280-M5_ROS/colcon_ws/install/mecharm_interfaces/include/mecharm_interfaces/mecharm_interfaces/msg/detail/mecharm_angles__struct.h
[31.584s] -- Symlinking: /home/tyler/Documents/Github/280-M5_ROS/colcon_ws/install/mecharm_interfaces/include/mecharm_interfaces/mecharm_interfaces/msg/detail/mecharm_angles__type_support.h
[31.596s] -- Symlinking: /home/tyler/Documents/Github/280-M5_ROS/colcon_ws/install/mecharm_interfaces/include/mecharm_interfaces/mecharm_interfaces/msg/detail/mecharm_coords__functions.h
[31.608s] -- Symlinking: /home/tyler/Documents/Github/280-M5_ROS/colcon_ws/install/mecharm_interfaces/include/mecharm_interfaces/mecharm_interfaces/msg/detail/mecharm_coords__struct.h
[31.619s] -- Symlinking: /home/tyler/Documents/Github/280-M5_ROS/colcon_ws/install/mecharm_interfaces/include/mecharm_interfaces/mecharm_interfaces/msg/detail/mecharm_coords__type_support.h
[31.629s] -- Symlinking: /home/tyler/Documents/Github/280-M5_ROS/colcon_ws/install/mecharm_interfaces/include/mecharm_interfaces/mecharm_interfaces/msg/detail/mecharm_gripper_status__functions.h
[31.640s] -- Symlinking: /home/tyler/Documents/Github/280-M5_ROS/colcon_ws/install/mecharm_interfaces/include/mecharm_interfaces/mecharm_interfaces/msg/detail/mecharm_gripper_status__struct.h
[31.650s] -- Symlinking: /home/tyler/Documents/Github/280-M5_ROS/colcon_ws/install/mecharm_interfaces/include/mecharm_interfaces/mecharm_interfaces/msg/detail/mecharm_gripper_status__type_support.h
[31.665s] -- Symlinking: /home/tyler/Documents/Github/280-M5_ROS/colcon_ws/install/mecharm_interfaces/include/mecharm_interfaces/mecharm_interfaces/msg/detail/mecharm_pump_status__functions.h
[31.677s] -- Symlinking: /home/tyler/Documents/Github/280-M5_ROS/colcon_ws/install/mecharm_interfaces/include/mecharm_interfaces/mecharm_interfaces/msg/detail/mecharm_pump_status__struct.h
[31.688s] -- Symlinking: /home/tyler/Documents/Github/280-M5_ROS/colcon_ws/install/mecharm_interfaces/include/mecharm_interfaces/mecharm_interfaces/msg/detail/mecharm_pump_status__type_support.h
[31.699s] -- Symlinking: /home/tyler/Documents/Github/280-M5_ROS/colcon_ws/install/mecharm_interfaces/include/mecharm_interfaces/mecharm_interfaces/msg/detail/mecharm_set_angles__functions.h
[31.712s] -- Symlinking: /home/tyler/Documents/Github/280-M5_ROS/colcon_ws/install/mecharm_interfaces/include/mecharm_interfaces/mecharm_interfaces/msg/detail/mecharm_set_angles__struct.h
[31.727s] -- Symlinking: /home/tyler/Documents/Github/280-M5_ROS/colcon_ws/install/mecharm_interfaces/include/mecharm_interfaces/mecharm_interfaces/msg/detail/mecharm_set_angles__type_support.h
[31.740s] -- Symlinking: /home/tyler/Documents/Github/280-M5_ROS/colcon_ws/install/mecharm_interfaces/include/mecharm_interfaces/mecharm_interfaces/msg/detail/mecharm_set_coords__functions.h
[31.756s] -- Symlinking: /home/tyler/Documents/Github/280-M5_ROS/colcon_ws/install/mecharm_interfaces/include/mecharm_interfaces/mecharm_interfaces/msg/detail/mecharm_set_coords__struct.h
[31.772s] -- Symlinking: /home/tyler/Documents/Github/280-M5_ROS/colcon_ws/install/mecharm_interfaces/include/mecharm_interfaces/mecharm_interfaces/msg/detail/mecharm_set_coords__type_support.h
[31.789s] -- Symlinking: /home/tyler/Documents/Github/280-M5_ROS/colcon_ws/install/mecharm_interfaces/include/mecharm_interfaces/mecharm_interfaces/msg/mecharm_angles.h
[31.806s] -- Symlinking: /home/tyler/Documents/Github/280-M5_ROS/colcon_ws/install/mecharm_interfaces/include/mecharm_interfaces/mecharm_interfaces/msg/mecharm_coords.h
[31.822s] -- Symlinking: /home/tyler/Documents/Github/280-M5_ROS/colcon_ws/install/mecharm_interfaces/include/mecharm_interfaces/mecharm_interfaces/msg/mecharm_gripper_status.h
[31.839s] -- Symlinking: /home/tyler/Documents/Github/280-M5_ROS/colcon_ws/install/mecharm_interfaces/include/mecharm_interfaces/mecharm_interfaces/msg/mecharm_pump_status.h
[31.856s] -- Symlinking: /home/tyler/Documents/Github/280-M5_ROS/colcon_ws/install/mecharm_interfaces/include/mecharm_interfaces/mecharm_interfaces/msg/mecharm_set_angles.h
[31.873s] -- Symlinking: /home/tyler/Documents/Github/280-M5_ROS/colcon_ws/install/mecharm_interfaces/include/mecharm_interfaces/mecharm_interfaces/msg/mecharm_set_coords.h
[31.889s] -- Symlinking: /home/tyler/Documents/Github/280-M5_ROS/colcon_ws/install/mecharm_interfaces/include/mecharm_interfaces/mecharm_interfaces/msg/rosidl_generator_c__visibility_control.h
[31.906s] -- Symlinking: /home/tyler/Documents/Github/280-M5_ROS/colcon_ws/install/mecharm_interfaces/include/mecharm_interfaces/mecharm_interfaces/srv/detail/get_angles__functions.h
[31.923s] -- Symlinking: /home/tyler/Documents/Github/280-M5_ROS/colcon_ws/install/mecharm_interfaces/include/mecharm_interfaces/mecharm_interfaces/srv/detail/get_angles__struct.h
[31.940s] -- Symlinking: /home/tyler/Documents/Github/280-M5_ROS/colcon_ws/install/mecharm_interfaces/include/mecharm_interfaces/mecharm_interfaces/srv/detail/get_angles__type_support.h
[31.956s] -- Symlinking: /home/tyler/Documents/Github/280-M5_ROS/colcon_ws/install/mecharm_interfaces/include/mecharm_interfaces/mecharm_interfaces/srv/detail/get_coords__functions.h
[31.973s] -- Symlinking: /home/tyler/Documents/Github/280-M5_ROS/colcon_ws/install/mecharm_interfaces/include/mecharm_interfaces/mecharm_interfaces/srv/detail/get_coords__struct.h
[31.989s] -- Symlinking: /home/tyler/Documents/Github/280-M5_ROS/colcon_ws/install/mecharm_interfaces/include/mecharm_interfaces/mecharm_interfaces/srv/detail/get_coords__type_support.h
[32.006s] -- Symlinking: /home/tyler/Documents/Github/280-M5_ROS/colcon_ws/install/mecharm_interfaces/include/mecharm_interfaces/mecharm_interfaces/srv/detail/gripper_status__functions.h
[32.021s] -- Symlinking: /home/tyler/Documents/Github/280-M5_ROS/colcon_ws/install/mecharm_interfaces/include/mecharm_interfaces/mecharm_interfaces/srv/detail/gripper_status__struct.h
[32.039s] -- Symlinking: /home/tyler/Documents/Github/280-M5_ROS/colcon_ws/install/mecharm_interfaces/include/mecharm_interfaces/mecharm_interfaces/srv/detail/gripper_status__type_support.h
[32.054s] -- Symlinking: /home/tyler/Documents/Github/280-M5_ROS/colcon_ws/install/mecharm_interfaces/include/mecharm_interfaces/mecharm_interfaces/srv/detail/pump_status__functions.h
[32.070s] -- Symlinking: /home/tyler/Documents/Github/280-M5_ROS/colcon_ws/install/mecharm_interfaces/include/mecharm_interfaces/mecharm_interfaces/srv/detail/pump_status__struct.h
[32.083s] -- Symlinking: /home/tyler/Documents/Github/280-M5_ROS/colcon_ws/install/mecharm_interfaces/include/mecharm_interfaces/mecharm_interfaces/srv/detail/pump_status__type_support.h
[32.096s] -- Symlinking: /home/tyler/Documents/Github/280-M5_ROS/colcon_ws/install/mecharm_interfaces/include/mecharm_interfaces/mecharm_interfaces/srv/detail/set_angles__functions.h
[32.110s] -- Symlinking: /home/tyler/Documents/Github/280-M5_ROS/colcon_ws/install/mecharm_interfaces/include/mecharm_interfaces/mecharm_interfaces/srv/detail/set_angles__struct.h
[32.121s] -- Symlinking: /home/tyler/Documents/Github/280-M5_ROS/colcon_ws/install/mecharm_interfaces/include/mecharm_interfaces/mecharm_interfaces/srv/detail/set_angles__type_support.h
[32.136s] -- Symlinking: /home/tyler/Documents/Github/280-M5_ROS/colcon_ws/install/mecharm_interfaces/include/mecharm_interfaces/mecharm_interfaces/srv/detail/set_coords__functions.h
[32.149s] -- Symlinking: /home/tyler/Documents/Github/280-M5_ROS/colcon_ws/install/mecharm_interfaces/include/mecharm_interfaces/mecharm_interfaces/srv/detail/set_coords__struct.h
[32.160s] -- Symlinking: /home/tyler/Documents/Github/280-M5_ROS/colcon_ws/install/mecharm_interfaces/include/mecharm_interfaces/mecharm_interfaces/srv/detail/set_coords__type_support.h
[32.170s] -- Symlinking: /home/tyler/Documents/Github/280-M5_ROS/colcon_ws/install/mecharm_interfaces/include/mecharm_interfaces/mecharm_interfaces/srv/get_angles.h
[32.181s] -- Symlinking: /home/tyler/Documents/Github/280-M5_ROS/colcon_ws/install/mecharm_interfaces/include/mecharm_interfaces/mecharm_interfaces/srv/get_coords.h
[32.192s] -- Symlinking: /home/tyler/Documents/Github/280-M5_ROS/colcon_ws/install/mecharm_interfaces/include/mecharm_interfaces/mecharm_interfaces/srv/gripper_status.h
[32.203s] -- Symlinking: /home/tyler/Documents/Github/280-M5_ROS/colcon_ws/install/mecharm_interfaces/include/mecharm_interfaces/mecharm_interfaces/srv/pump_status.h
[32.214s] -- Symlinking: /home/tyler/Documents/Github/280-M5_ROS/colcon_ws/install/mecharm_interfaces/include/mecharm_interfaces/mecharm_interfaces/srv/set_angles.h
[32.226s] -- Symlinking: /home/tyler/Documents/Github/280-M5_ROS/colcon_ws/install/mecharm_interfaces/include/mecharm_interfaces/mecharm_interfaces/srv/set_coords.h
[32.238s] -- Symlinking: /home/tyler/Documents/Github/280-M5_ROS/colcon_ws/install/mecharm_interfaces/share/mecharm_interfaces/environment/library_path.sh
[32.249s] -- Symlinking: /home/tyler/Documents/Github/280-M5_ROS/colcon_ws/install/mecharm_interfaces/share/mecharm_interfaces/environment/library_path.dsv
[32.262s] -- Symlinking: /home/tyler/Documents/Github/280-M5_ROS/colcon_ws/install/mecharm_interfaces/include/mecharm_interfaces/mecharm_interfaces/msg/detail/mecharm_angles__rosidl_typesupport_fastrtps_c.h
[32.273s] -- Symlinking: /home/tyler/Documents/Github/280-M5_ROS/colcon_ws/install/mecharm_interfaces/include/mecharm_interfaces/mecharm_interfaces/msg/detail/mecharm_coords__rosidl_typesupport_fastrtps_c.h
[32.284s] -- Symlinking: /home/tyler/Documents/Github/280-M5_ROS/colcon_ws/install/mecharm_interfaces/include/mecharm_interfaces/mecharm_interfaces/msg/detail/mecharm_gripper_status__rosidl_typesupport_fastrtps_c.h
[32.296s] -- Symlinking: /home/tyler/Documents/Github/280-M5_ROS/colcon_ws/install/mecharm_interfaces/include/mecharm_interfaces/mecharm_interfaces/msg/detail/mecharm_pump_status__rosidl_typesupport_fastrtps_c.h
[32.307s] -- Symlinking: /home/tyler/Documents/Github/280-M5_ROS/colcon_ws/install/mecharm_interfaces/include/mecharm_interfaces/mecharm_interfaces/msg/detail/mecharm_set_angles__rosidl_typesupport_fastrtps_c.h
[32.318s] -- Symlinking: /home/tyler/Documents/Github/280-M5_ROS/colcon_ws/install/mecharm_interfaces/include/mecharm_interfaces/mecharm_interfaces/msg/detail/mecharm_set_coords__rosidl_typesupport_fastrtps_c.h
[32.329s] -- Symlinking: /home/tyler/Documents/Github/280-M5_ROS/colcon_ws/install/mecharm_interfaces/include/mecharm_interfaces/mecharm_interfaces/msg/rosidl_typesupport_fastrtps_c__visibility_control.h
[32.340s] -- Symlinking: /home/tyler/Documents/Github/280-M5_ROS/colcon_ws/install/mecharm_interfaces/include/mecharm_interfaces/mecharm_interfaces/srv/detail/get_angles__rosidl_typesupport_fastrtps_c.h
[32.351s] -- Symlinking: /home/tyler/Documents/Github/280-M5_ROS/colcon_ws/install/mecharm_interfaces/include/mecharm_interfaces/mecharm_interfaces/srv/detail/get_coords__rosidl_typesupport_fastrtps_c.h
[32.361s] -- Symlinking: /home/tyler/Documents/Github/280-M5_ROS/colcon_ws/install/mecharm_interfaces/include/mecharm_interfaces/mecharm_interfaces/srv/detail/gripper_status__rosidl_typesupport_fastrtps_c.h
[32.371s] -- Symlinking: /home/tyler/Documents/Github/280-M5_ROS/colcon_ws/install/mecharm_interfaces/include/mecharm_interfaces/mecharm_interfaces/srv/detail/pump_status__rosidl_typesupport_fastrtps_c.h
[32.382s] -- Symlinking: /home/tyler/Documents/Github/280-M5_ROS/colcon_ws/install/mecharm_interfaces/include/mecharm_interfaces/mecharm_interfaces/srv/detail/set_angles__rosidl_typesupport_fastrtps_c.h
[32.392s] -- Symlinking: /home/tyler/Documents/Github/280-M5_ROS/colcon_ws/install/mecharm_interfaces/include/mecharm_interfaces/mecharm_interfaces/srv/detail/set_coords__rosidl_typesupport_fastrtps_c.h
[32.403s] -- Symlinking: /home/tyler/Documents/Github/280-M5_ROS/colcon_ws/install/mecharm_interfaces/include/mecharm_interfaces/mecharm_interfaces/msg/detail/mecharm_angles__rosidl_typesupport_introspection_c.h
[32.414s] -- Symlinking: /home/tyler/Documents/Github/280-M5_ROS/colcon_ws/install/mecharm_interfaces/include/mecharm_interfaces/mecharm_interfaces/msg/detail/mecharm_coords__rosidl_typesupport_introspection_c.h
[32.424s] -- Symlinking: /home/tyler/Documents/Github/280-M5_ROS/colcon_ws/install/mecharm_interfaces/include/mecharm_interfaces/mecharm_interfaces/msg/detail/mecharm_gripper_status__rosidl_typesupport_introspection_c.h
[32.434s] -- Symlinking: /home/tyler/Documents/Github/280-M5_ROS/colcon_ws/install/mecharm_interfaces/include/mecharm_interfaces/mecharm_interfaces/msg/detail/mecharm_pump_status__rosidl_typesupport_introspection_c.h
[32.443s] -- Symlinking: /home/tyler/Documents/Github/280-M5_ROS/colcon_ws/install/mecharm_interfaces/include/mecharm_interfaces/mecharm_interfaces/msg/detail/mecharm_set_angles__rosidl_typesupport_introspection_c.h
[32.453s] -- Symlinking: /home/tyler/Documents/Github/280-M5_ROS/colcon_ws/install/mecharm_interfaces/include/mecharm_interfaces/mecharm_interfaces/msg/detail/mecharm_set_coords__rosidl_typesupport_introspection_c.h
[32.462s] -- Symlinking: /home/tyler/Documents/Github/280-M5_ROS/colcon_ws/install/mecharm_interfaces/include/mecharm_interfaces/mecharm_interfaces/msg/rosidl_typesupport_introspection_c__visibility_control.h
[32.472s] -- Symlinking: /home/tyler/Documents/Github/280-M5_ROS/colcon_ws/install/mecharm_interfaces/include/mecharm_interfaces/mecharm_interfaces/srv/detail/get_angles__rosidl_typesupport_introspection_c.h
[32.481s] -- Symlinking: /home/tyler/Documents/Github/280-M5_ROS/colcon_ws/install/mecharm_interfaces/include/mecharm_interfaces/mecharm_interfaces/srv/detail/get_coords__rosidl_typesupport_introspection_c.h
[32.491s] -- Symlinking: /home/tyler/Documents/Github/280-M5_ROS/colcon_ws/install/mecharm_interfaces/include/mecharm_interfaces/mecharm_interfaces/srv/detail/gripper_status__rosidl_typesupport_introspection_c.h
[32.501s] -- Symlinking: /home/tyler/Documents/Github/280-M5_ROS/colcon_ws/install/mecharm_interfaces/include/mecharm_interfaces/mecharm_interfaces/srv/detail/pump_status__rosidl_typesupport_introspection_c.h
[32.511s] -- Symlinking: /home/tyler/Documents/Github/280-M5_ROS/colcon_ws/install/mecharm_interfaces/include/mecharm_interfaces/mecharm_interfaces/srv/detail/set_angles__rosidl_typesupport_introspection_c.h
[32.520s] -- Symlinking: /home/tyler/Documents/Github/280-M5_ROS/colcon_ws/install/mecharm_interfaces/include/mecharm_interfaces/mecharm_interfaces/srv/detail/set_coords__rosidl_typesupport_introspection_c.h
[32.529s] -- Symlinking: /home/tyler/Documents/Github/280-M5_ROS/colcon_ws/install/mecharm_interfaces/include/mecharm_interfaces/mecharm_interfaces/msg/detail/mecharm_angles__builder.hpp
[32.538s] -- Symlinking: /home/tyler/Documents/Github/280-M5_ROS/colcon_ws/install/mecharm_interfaces/include/mecharm_interfaces/mecharm_interfaces/msg/detail/mecharm_angles__struct.hpp
[32.547s] -- Symlinking: /home/tyler/Documents/Github/280-M5_ROS/colcon_ws/install/mecharm_interfaces/include/mecharm_interfaces/mecharm_interfaces/msg/detail/mecharm_angles__traits.hpp
[32.556s] -- Symlinking: /home/tyler/Documents/Github/280-M5_ROS/colcon_ws/install/mecharm_interfaces/include/mecharm_interfaces/mecharm_interfaces/msg/detail/mecharm_coords__builder.hpp
[32.565s] -- Symlinking: /home/tyler/Documents/Github/280-M5_ROS/colcon_ws/install/mecharm_interfaces/include/mecharm_interfaces/mecharm_interfaces/msg/detail/mecharm_coords__struct.hpp
[32.575s] -- Symlinking: /home/tyler/Documents/Github/280-M5_ROS/colcon_ws/install/mecharm_interfaces/include/mecharm_interfaces/mecharm_interfaces/msg/detail/mecharm_coords__traits.hpp
[32.584s] -- Symlinking: /home/tyler/Documents/Github/280-M5_ROS/colcon_ws/install/mecharm_interfaces/include/mecharm_interfaces/mecharm_interfaces/msg/detail/mecharm_gripper_status__builder.hpp
[32.594s] -- Symlinking: /home/tyler/Documents/Github/280-M5_ROS/colcon_ws/install/mecharm_interfaces/include/mecharm_interfaces/mecharm_interfaces/msg/detail/mecharm_gripper_status__struct.hpp
[32.603s] -- Symlinking: /home/tyler/Documents/Github/280-M5_ROS/colcon_ws/install/mecharm_interfaces/include/mecharm_interfaces/mecharm_interfaces/msg/detail/mecharm_gripper_status__traits.hpp
[32.613s] -- Symlinking: /home/tyler/Documents/Github/280-M5_ROS/colcon_ws/install/mecharm_interfaces/include/mecharm_interfaces/mecharm_interfaces/msg/detail/mecharm_pump_status__builder.hpp
[32.622s] -- Symlinking: /home/tyler/Documents/Github/280-M5_ROS/colcon_ws/install/mecharm_interfaces/include/mecharm_interfaces/mecharm_interfaces/msg/detail/mecharm_pump_status__struct.hpp
[32.631s] -- Symlinking: /home/tyler/Documents/Github/280-M5_ROS/colcon_ws/install/mecharm_interfaces/include/mecharm_interfaces/mecharm_interfaces/msg/detail/mecharm_pump_status__traits.hpp
[32.640s] -- Symlinking: /home/tyler/Documents/Github/280-M5_ROS/colcon_ws/install/mecharm_interfaces/include/mecharm_interfaces/mecharm_interfaces/msg/detail/mecharm_set_angles__builder.hpp
[32.649s] -- Symlinking: /home/tyler/Documents/Github/280-M5_ROS/colcon_ws/install/mecharm_interfaces/include/mecharm_interfaces/mecharm_interfaces/msg/detail/mecharm_set_angles__struct.hpp
[32.658s] -- Symlinking: /home/tyler/Documents/Github/280-M5_ROS/colcon_ws/install/mecharm_interfaces/include/mecharm_interfaces/mecharm_interfaces/msg/detail/mecharm_set_angles__traits.hpp
[32.667s] -- Symlinking: /home/tyler/Documents/Github/280-M5_ROS/colcon_ws/install/mecharm_interfaces/include/mecharm_interfaces/mecharm_interfaces/msg/detail/mecharm_set_coords__builder.hpp
[32.677s] -- Symlinking: /home/tyler/Documents/Github/280-M5_ROS/colcon_ws/install/mecharm_interfaces/include/mecharm_interfaces/mecharm_interfaces/msg/detail/mecharm_set_coords__struct.hpp
[32.686s] -- Symlinking: /home/tyler/Documents/Github/280-M5_ROS/colcon_ws/install/mecharm_interfaces/include/mecharm_interfaces/mecharm_interfaces/msg/detail/mecharm_set_coords__traits.hpp
[32.694s] -- Symlinking: /home/tyler/Documents/Github/280-M5_ROS/colcon_ws/install/mecharm_interfaces/include/mecharm_interfaces/mecharm_interfaces/msg/mecharm_angles.hpp
[32.703s] -- Symlinking: /home/tyler/Documents/Github/280-M5_ROS/colcon_ws/install/mecharm_interfaces/include/mecharm_interfaces/mecharm_interfaces/msg/mecharm_coords.hpp
[32.712s] -- Symlinking: /home/tyler/Documents/Github/280-M5_ROS/colcon_ws/install/mecharm_interfaces/include/mecharm_interfaces/mecharm_interfaces/msg/mecharm_gripper_status.hpp
[32.721s] -- Symlinking: /home/tyler/Documents/Github/280-M5_ROS/colcon_ws/install/mecharm_interfaces/include/mecharm_interfaces/mecharm_interfaces/msg/mecharm_pump_status.hpp
[32.730s] -- Symlinking: /home/tyler/Documents/Github/280-M5_ROS/colcon_ws/install/mecharm_interfaces/include/mecharm_interfaces/mecharm_interfaces/msg/mecharm_set_angles.hpp
[32.739s] -- Symlinking: /home/tyler/Documents/Github/280-M5_ROS/colcon_ws/install/mecharm_interfaces/include/mecharm_interfaces/mecharm_interfaces/msg/mecharm_set_coords.hpp
[32.747s] -- Symlinking: /home/tyler/Documents/Github/280-M5_ROS/colcon_ws/install/mecharm_interfaces/include/mecharm_interfaces/mecharm_interfaces/srv/detail/get_angles__builder.hpp
[32.756s] -- Symlinking: /home/tyler/Documents/Github/280-M5_ROS/colcon_ws/install/mecharm_interfaces/include/mecharm_interfaces/mecharm_interfaces/srv/detail/get_angles__struct.hpp
[32.765s] -- Symlinking: /home/tyler/Documents/Github/280-M5_ROS/colcon_ws/install/mecharm_interfaces/include/mecharm_interfaces/mecharm_interfaces/srv/detail/get_angles__traits.hpp
[32.775s] -- Symlinking: /home/tyler/Documents/Github/280-M5_ROS/colcon_ws/install/mecharm_interfaces/include/mecharm_interfaces/mecharm_interfaces/srv/detail/get_coords__builder.hpp
[32.783s] -- Symlinking: /home/tyler/Documents/Github/280-M5_ROS/colcon_ws/install/mecharm_interfaces/include/mecharm_interfaces/mecharm_interfaces/srv/detail/get_coords__struct.hpp
[32.792s] -- Symlinking: /home/tyler/Documents/Github/280-M5_ROS/colcon_ws/install/mecharm_interfaces/include/mecharm_interfaces/mecharm_interfaces/srv/detail/get_coords__traits.hpp
[32.801s] -- Symlinking: /home/tyler/Documents/Github/280-M5_ROS/colcon_ws/install/mecharm_interfaces/include/mecharm_interfaces/mecharm_interfaces/srv/detail/gripper_status__builder.hpp
[32.810s] -- Symlinking: /home/tyler/Documents/Github/280-M5_ROS/colcon_ws/install/mecharm_interfaces/include/mecharm_interfaces/mecharm_interfaces/srv/detail/gripper_status__struct.hpp
[32.819s] -- Symlinking: /home/tyler/Documents/Github/280-M5_ROS/colcon_ws/install/mecharm_interfaces/include/mecharm_interfaces/mecharm_interfaces/srv/detail/gripper_status__traits.hpp
[32.828s] -- Symlinking: /home/tyler/Documents/Github/280-M5_ROS/colcon_ws/install/mecharm_interfaces/include/mecharm_interfaces/mecharm_interfaces/srv/detail/pump_status__builder.hpp
[32.837s] -- Symlinking: /home/tyler/Documents/Github/280-M5_ROS/colcon_ws/install/mecharm_interfaces/include/mecharm_interfaces/mecharm_interfaces/srv/detail/pump_status__struct.hpp
[32.846s] -- Symlinking: /home/tyler/Documents/Github/280-M5_ROS/colcon_ws/install/mecharm_interfaces/include/mecharm_interfaces/mecharm_interfaces/srv/detail/pump_status__traits.hpp
[32.856s] -- Symlinking: /home/tyler/Documents/Github/280-M5_ROS/colcon_ws/install/mecharm_interfaces/include/mecharm_interfaces/mecharm_interfaces/srv/detail/set_angles__builder.hpp
[32.865s] -- Symlinking: /home/tyler/Documents/Github/280-M5_ROS/colcon_ws/install/mecharm_interfaces/include/mecharm_interfaces/mecharm_interfaces/srv/detail/set_angles__struct.hpp
[32.874s] -- Symlinking: /home/tyler/Documents/Github/280-M5_ROS/colcon_ws/install/mecharm_interfaces/include/mecharm_interfaces/mecharm_interfaces/srv/detail/set_angles__traits.hpp
[32.882s] -- Symlinking: /home/tyler/Documents/Github/280-M5_ROS/colcon_ws/install/mecharm_interfaces/include/mecharm_interfaces/mecharm_interfaces/srv/detail/set_coords__builder.hpp
[32.891s] -- Symlinking: /home/tyler/Documents/Github/280-M5_ROS/colcon_ws/install/mecharm_interfaces/include/mecharm_interfaces/mecharm_interfaces/srv/detail/set_coords__struct.hpp
[32.900s] -- Symlinking: /home/tyler/Documents/Github/280-M5_ROS/colcon_ws/install/mecharm_interfaces/include/mecharm_interfaces/mecharm_interfaces/srv/detail/set_coords__traits.hpp
[32.908s] -- Symlinking: /home/tyler/Documents/Github/280-M5_ROS/colcon_ws/install/mecharm_interfaces/include/mecharm_interfaces/mecharm_interfaces/srv/get_angles.hpp
[32.917s] -- Symlinking: /home/tyler/Documents/Github/280-M5_ROS/colcon_ws/install/mecharm_interfaces/include/mecharm_interfaces/mecharm_interfaces/srv/get_coords.hpp
[32.926s] -- Symlinking: /home/tyler/Documents/Github/280-M5_ROS/colcon_ws/install/mecharm_interfaces/include/mecharm_interfaces/mecharm_interfaces/srv/gripper_status.hpp
[32.934s] -- Symlinking: /home/tyler/Documents/Github/280-M5_ROS/colcon_ws/install/mecharm_interfaces/include/mecharm_interfaces/mecharm_interfaces/srv/pump_status.hpp
[32.943s] -- Symlinking: /home/tyler/Documents/Github/280-M5_ROS/colcon_ws/install/mecharm_interfaces/include/mecharm_interfaces/mecharm_interfaces/srv/set_angles.hpp
[32.951s] -- Symlinking: /home/tyler/Documents/Github/280-M5_ROS/colcon_ws/install/mecharm_interfaces/include/mecharm_interfaces/mecharm_interfaces/srv/set_coords.hpp
[32.961s] -- Symlinking: /home/tyler/Documents/Github/280-M5_ROS/colcon_ws/install/mecharm_interfaces/include/mecharm_interfaces/mecharm_interfaces/msg/detail/mecharm_angles__rosidl_typesupport_fastrtps_cpp.hpp
[32.969s] -- Symlinking: /home/tyler/Documents/Github/280-M5_ROS/colcon_ws/install/mecharm_interfaces/include/mecharm_interfaces/mecharm_interfaces/msg/detail/mecharm_coords__rosidl_typesupport_fastrtps_cpp.hpp
[32.978s] -- Symlinking: /home/tyler/Documents/Github/280-M5_ROS/colcon_ws/install/mecharm_interfaces/include/mecharm_interfaces/mecharm_interfaces/msg/detail/mecharm_gripper_status__rosidl_typesupport_fastrtps_cpp.hpp
[32.986s] -- Symlinking: /home/tyler/Documents/Github/280-M5_ROS/colcon_ws/install/mecharm_interfaces/include/mecharm_interfaces/mecharm_interfaces/msg/detail/mecharm_pump_status__rosidl_typesupport_fastrtps_cpp.hpp
[32.995s] -- Symlinking: /home/tyler/Documents/Github/280-M5_ROS/colcon_ws/install/mecharm_interfaces/include/mecharm_interfaces/mecharm_interfaces/msg/detail/mecharm_set_angles__rosidl_typesupport_fastrtps_cpp.hpp
[33.004s] -- Symlinking: /home/tyler/Documents/Github/280-M5_ROS/colcon_ws/install/mecharm_interfaces/include/mecharm_interfaces/mecharm_interfaces/msg/detail/mecharm_set_coords__rosidl_typesupport_fastrtps_cpp.hpp
[33.012s] -- Symlinking: /home/tyler/Documents/Github/280-M5_ROS/colcon_ws/install/mecharm_interfaces/include/mecharm_interfaces/mecharm_interfaces/msg/rosidl_typesupport_fastrtps_cpp__visibility_control.h
[33.021s] -- Symlinking: /home/tyler/Documents/Github/280-M5_ROS/colcon_ws/install/mecharm_interfaces/include/mecharm_interfaces/mecharm_interfaces/srv/detail/get_angles__rosidl_typesupport_fastrtps_cpp.hpp
[33.030s] -- Symlinking: /home/tyler/Documents/Github/280-M5_ROS/colcon_ws/install/mecharm_interfaces/include/mecharm_interfaces/mecharm_interfaces/srv/detail/get_coords__rosidl_typesupport_fastrtps_cpp.hpp
[33.039s] -- Symlinking: /home/tyler/Documents/Github/280-M5_ROS/colcon_ws/install/mecharm_interfaces/include/mecharm_interfaces/mecharm_interfaces/srv/detail/gripper_status__rosidl_typesupport_fastrtps_cpp.hpp
[33.048s] -- Symlinking: /home/tyler/Documents/Github/280-M5_ROS/colcon_ws/install/mecharm_interfaces/include/mecharm_interfaces/mecharm_interfaces/srv/detail/pump_status__rosidl_typesupport_fastrtps_cpp.hpp
[33.057s] -- Symlinking: /home/tyler/Documents/Github/280-M5_ROS/colcon_ws/install/mecharm_interfaces/include/mecharm_interfaces/mecharm_interfaces/srv/detail/set_angles__rosidl_typesupport_fastrtps_cpp.hpp
[33.065s] -- Symlinking: /home/tyler/Documents/Github/280-M5_ROS/colcon_ws/install/mecharm_interfaces/include/mecharm_interfaces/mecharm_interfaces/srv/detail/set_coords__rosidl_typesupport_fastrtps_cpp.hpp
[33.074s] -- Symlinking: /home/tyler/Documents/Github/280-M5_ROS/colcon_ws/install/mecharm_interfaces/include/mecharm_interfaces/mecharm_interfaces/msg/detail/mecharm_angles__rosidl_typesupport_introspection_cpp.hpp
[33.083s] -- Symlinking: /home/tyler/Documents/Github/280-M5_ROS/colcon_ws/install/mecharm_interfaces/include/mecharm_interfaces/mecharm_interfaces/msg/detail/mecharm_coords__rosidl_typesupport_introspection_cpp.hpp
[33.091s] -- Symlinking: /home/tyler/Documents/Github/280-M5_ROS/colcon_ws/install/mecharm_interfaces/include/mecharm_interfaces/mecharm_interfaces/msg/detail/mecharm_gripper_status__rosidl_typesupport_introspection_cpp.hpp
[33.100s] -- Symlinking: /home/tyler/Documents/Github/280-M5_ROS/colcon_ws/install/mecharm_interfaces/include/mecharm_interfaces/mecharm_interfaces/msg/detail/mecharm_pump_status__rosidl_typesupport_introspection_cpp.hpp
[33.108s] -- Symlinking: /home/tyler/Documents/Github/280-M5_ROS/colcon_ws/install/mecharm_interfaces/include/mecharm_interfaces/mecharm_interfaces/msg/detail/mecharm_set_angles__rosidl_typesupport_introspection_cpp.hpp
[33.117s] -- Symlinking: /home/tyler/Documents/Github/280-M5_ROS/colcon_ws/install/mecharm_interfaces/include/mecharm_interfaces/mecharm_interfaces/msg/detail/mecharm_set_coords__rosidl_typesupport_introspection_cpp.hpp
[33.126s] -- Symlinking: /home/tyler/Documents/Github/280-M5_ROS/colcon_ws/install/mecharm_interfaces/include/mecharm_interfaces/mecharm_interfaces/srv/detail/get_angles__rosidl_typesupport_introspection_cpp.hpp
[33.134s] -- Symlinking: /home/tyler/Documents/Github/280-M5_ROS/colcon_ws/install/mecharm_interfaces/include/mecharm_interfaces/mecharm_interfaces/srv/detail/get_coords__rosidl_typesupport_introspection_cpp.hpp
[33.143s] -- Symlinking: /home/tyler/Documents/Github/280-M5_ROS/colcon_ws/install/mecharm_interfaces/include/mecharm_interfaces/mecharm_interfaces/srv/detail/gripper_status__rosidl_typesupport_introspection_cpp.hpp
[33.151s] -- Symlinking: /home/tyler/Documents/Github/280-M5_ROS/colcon_ws/install/mecharm_interfaces/include/mecharm_interfaces/mecharm_interfaces/srv/detail/pump_status__rosidl_typesupport_introspection_cpp.hpp
[33.160s] -- Symlinking: /home/tyler/Documents/Github/280-M5_ROS/colcon_ws/install/mecharm_interfaces/include/mecharm_interfaces/mecharm_interfaces/srv/detail/set_angles__rosidl_typesupport_introspection_cpp.hpp
[33.169s] -- Symlinking: /home/tyler/Documents/Github/280-M5_ROS/colcon_ws/install/mecharm_interfaces/include/mecharm_interfaces/mecharm_interfaces/srv/detail/set_coords__rosidl_typesupport_introspection_cpp.hpp
[33.178s] -- Symlinking: /home/tyler/Documents/Github/280-M5_ROS/colcon_ws/install/mecharm_interfaces/share/mecharm_interfaces/environment/pythonpath.sh
[33.186s] -- Symlinking: /home/tyler/Documents/Github/280-M5_ROS/colcon_ws/install/mecharm_interfaces/share/mecharm_interfaces/environment/pythonpath.dsv
[33.195s] -- Symlinking: /home/tyler/Documents/Github/280-M5_ROS/colcon_ws/install/mecharm_interfaces/local/lib/python3.10/dist-packages/mecharm_interfaces-0.0.0-py3.10.egg-info/PKG-INFO
[33.203s] -- Symlinking: /home/tyler/Documents/Github/280-M5_ROS/colcon_ws/install/mecharm_interfaces/local/lib/python3.10/dist-packages/mecharm_interfaces-0.0.0-py3.10.egg-info/SOURCES.txt
[33.212s] -- Symlinking: /home/tyler/Documents/Github/280-M5_ROS/colcon_ws/install/mecharm_interfaces/local/lib/python3.10/dist-packages/mecharm_interfaces-0.0.0-py3.10.egg-info/dependency_links.txt
[33.221s] -- Symlinking: /home/tyler/Documents/Github/280-M5_ROS/colcon_ws/install/mecharm_interfaces/local/lib/python3.10/dist-packages/mecharm_interfaces-0.0.0-py3.10.egg-info/top_level.txt
[33.231s] -- Symlinking: /home/tyler/Documents/Github/280-M5_ROS/colcon_ws/install/mecharm_interfaces/local/lib/python3.10/dist-packages/mecharm_interfaces/__init__.py
[33.239s] -- Symlinking: /home/tyler/Documents/Github/280-M5_ROS/colcon_ws/install/mecharm_interfaces/local/lib/python3.10/dist-packages/mecharm_interfaces/_mecharm_interfaces_s.ep.rosidl_typesupport_c.c
[33.247s] -- Symlinking: /home/tyler/Documents/Github/280-M5_ROS/colcon_ws/install/mecharm_interfaces/local/lib/python3.10/dist-packages/mecharm_interfaces/_mecharm_interfaces_s.ep.rosidl_typesupport_fastrtps_c.c
[33.255s] -- Symlinking: /home/tyler/Documents/Github/280-M5_ROS/colcon_ws/install/mecharm_interfaces/local/lib/python3.10/dist-packages/mecharm_interfaces/_mecharm_interfaces_s.ep.rosidl_typesupport_introspection_c.c
[33.264s] -- Symlinking: /home/tyler/Documents/Github/280-M5_ROS/colcon_ws/install/mecharm_interfaces/local/lib/python3.10/dist-packages/mecharm_interfaces/libmecharm_interfaces__rosidl_generator_py.so
[33.273s] -- Symlinking: /home/tyler/Documents/Github/280-M5_ROS/colcon_ws/install/mecharm_interfaces/local/lib/python3.10/dist-packages/mecharm_interfaces/mecharm_interfaces_s__rosidl_typesupport_c.cpython-310-x86_64-linux-gnu.so
[33.286s] -- Symlinking: /home/tyler/Documents/Github/280-M5_ROS/colcon_ws/install/mecharm_interfaces/local/lib/python3.10/dist-packages/mecharm_interfaces/mecharm_interfaces_s__rosidl_typesupport_fastrtps_c.cpython-310-x86_64-linux-gnu.so
[33.299s] -- Symlinking: /home/tyler/Documents/Github/280-M5_ROS/colcon_ws/install/mecharm_interfaces/local/lib/python3.10/dist-packages/mecharm_interfaces/mecharm_interfaces_s__rosidl_typesupport_introspection_c.cpython-310-x86_64-linux-gnu.so
[33.314s] -- Symlinking: /home/tyler/Documents/Github/280-M5_ROS/colcon_ws/install/mecharm_interfaces/local/lib/python3.10/dist-packages/mecharm_interfaces/msg/__init__.py
[33.325s] -- Symlinking: /home/tyler/Documents/Github/280-M5_ROS/colcon_ws/install/mecharm_interfaces/local/lib/python3.10/dist-packages/mecharm_interfaces/msg/_mecharm_angles.py
[33.338s] -- Symlinking: /home/tyler/Documents/Github/280-M5_ROS/colcon_ws/install/mecharm_interfaces/local/lib/python3.10/dist-packages/mecharm_interfaces/msg/_mecharm_angles_s.c
[33.350s] -- Symlinking: /home/tyler/Documents/Github/280-M5_ROS/colcon_ws/install/mecharm_interfaces/local/lib/python3.10/dist-packages/mecharm_interfaces/msg/_mecharm_coords.py
[33.365s] -- Symlinking: /home/tyler/Documents/Github/280-M5_ROS/colcon_ws/install/mecharm_interfaces/local/lib/python3.10/dist-packages/mecharm_interfaces/msg/_mecharm_coords_s.c
[33.376s] -- Symlinking: /home/tyler/Documents/Github/280-M5_ROS/colcon_ws/install/mecharm_interfaces/local/lib/python3.10/dist-packages/mecharm_interfaces/msg/_mecharm_gripper_status.py
[33.389s] -- Symlinking: /home/tyler/Documents/Github/280-M5_ROS/colcon_ws/install/mecharm_interfaces/local/lib/python3.10/dist-packages/mecharm_interfaces/msg/_mecharm_gripper_status_s.c
[33.404s] -- Symlinking: /home/tyler/Documents/Github/280-M5_ROS/colcon_ws/install/mecharm_interfaces/local/lib/python3.10/dist-packages/mecharm_interfaces/msg/_mecharm_pump_status.py
[33.417s] -- Symlinking: /home/tyler/Documents/Github/280-M5_ROS/colcon_ws/install/mecharm_interfaces/local/lib/python3.10/dist-packages/mecharm_interfaces/msg/_mecharm_pump_status_s.c
[33.430s] -- Symlinking: /home/tyler/Documents/Github/280-M5_ROS/colcon_ws/install/mecharm_interfaces/local/lib/python3.10/dist-packages/mecharm_interfaces/msg/_mecharm_set_angles.py
[33.446s] -- Symlinking: /home/tyler/Documents/Github/280-M5_ROS/colcon_ws/install/mecharm_interfaces/local/lib/python3.10/dist-packages/mecharm_interfaces/msg/_mecharm_set_angles_s.c
[33.457s] -- Symlinking: /home/tyler/Documents/Github/280-M5_ROS/colcon_ws/install/mecharm_interfaces/local/lib/python3.10/dist-packages/mecharm_interfaces/msg/_mecharm_set_coords.py
[33.470s] -- Symlinking: /home/tyler/Documents/Github/280-M5_ROS/colcon_ws/install/mecharm_interfaces/local/lib/python3.10/dist-packages/mecharm_interfaces/msg/_mecharm_set_coords_s.c
[33.483s] -- Symlinking: /home/tyler/Documents/Github/280-M5_ROS/colcon_ws/install/mecharm_interfaces/local/lib/python3.10/dist-packages/mecharm_interfaces/srv/__init__.py
[33.495s] -- Symlinking: /home/tyler/Documents/Github/280-M5_ROS/colcon_ws/install/mecharm_interfaces/local/lib/python3.10/dist-packages/mecharm_interfaces/srv/_get_angles.py
[33.506s] -- Symlinking: /home/tyler/Documents/Github/280-M5_ROS/colcon_ws/install/mecharm_interfaces/local/lib/python3.10/dist-packages/mecharm_interfaces/srv/_get_angles_s.c
[33.520s] -- Symlinking: /home/tyler/Documents/Github/280-M5_ROS/colcon_ws/install/mecharm_interfaces/local/lib/python3.10/dist-packages/mecharm_interfaces/srv/_get_coords.py
[33.532s] -- Symlinking: /home/tyler/Documents/Github/280-M5_ROS/colcon_ws/install/mecharm_interfaces/local/lib/python3.10/dist-packages/mecharm_interfaces/srv/_get_coords_s.c
[33.544s] -- Symlinking: /home/tyler/Documents/Github/280-M5_ROS/colcon_ws/install/mecharm_interfaces/local/lib/python3.10/dist-packages/mecharm_interfaces/srv/_gripper_status.py
[33.558s] -- Symlinking: /home/tyler/Documents/Github/280-M5_ROS/colcon_ws/install/mecharm_interfaces/local/lib/python3.10/dist-packages/mecharm_interfaces/srv/_gripper_status_s.c
[33.571s] -- Symlinking: /home/tyler/Documents/Github/280-M5_ROS/colcon_ws/install/mecharm_interfaces/local/lib/python3.10/dist-packages/mecharm_interfaces/srv/_pump_status.py
[33.584s] -- Symlinking: /home/tyler/Documents/Github/280-M5_ROS/colcon_ws/install/mecharm_interfaces/local/lib/python3.10/dist-packages/mecharm_interfaces/srv/_pump_status_s.c
[33.595s] -- Symlinking: /home/tyler/Documents/Github/280-M5_ROS/colcon_ws/install/mecharm_interfaces/local/lib/python3.10/dist-packages/mecharm_interfaces/srv/_set_angles.py
[33.605s] -- Symlinking: /home/tyler/Documents/Github/280-M5_ROS/colcon_ws/install/mecharm_interfaces/local/lib/python3.10/dist-packages/mecharm_interfaces/srv/_set_angles_s.c
[33.618s] -- Symlinking: /home/tyler/Documents/Github/280-M5_ROS/colcon_ws/install/mecharm_interfaces/local/lib/python3.10/dist-packages/mecharm_interfaces/srv/_set_coords.py
[33.629s] -- Symlinking: /home/tyler/Documents/Github/280-M5_ROS/colcon_ws/install/mecharm_interfaces/local/lib/python3.10/dist-packages/mecharm_interfaces/srv/_set_coords_s.c
[33.641s] -- Up-to-date symlink: /home/tyler/Documents/Github/280-M5_ROS/colcon_ws/install/mecharm_interfaces/local/lib/python3.10/dist-packages/mecharm_interfaces/mecharm_interfaces_s__rosidl_typesupport_fastrtps_c.cpython-310-x86_64-linux-gnu.so
[33.641s] -- Up-to-date symlink: /home/tyler/Documents/Github/280-M5_ROS/colcon_ws/install/mecharm_interfaces/local/lib/python3.10/dist-packages/mecharm_interfaces/mecharm_interfaces_s__rosidl_typesupport_introspection_c.cpython-310-x86_64-linux-gnu.so
[33.641s] -- Up-to-date symlink: /home/tyler/Documents/Github/280-M5_ROS/colcon_ws/install/mecharm_interfaces/local/lib/python3.10/dist-packages/mecharm_interfaces/mecharm_interfaces_s__rosidl_typesupport_c.cpython-310-x86_64-linux-gnu.so
[33.641s] -- Symlinking: /home/tyler/Documents/Github/280-M5_ROS/colcon_ws/install/mecharm_interfaces/share/mecharm_interfaces/msg/MecharmAngles.idl
[33.653s] -- Symlinking: /home/tyler/Documents/Github/280-M5_ROS/colcon_ws/install/mecharm_interfaces/share/mecharm_interfaces/msg/MecharmCoords.idl
[33.664s] -- Symlinking: /home/tyler/Documents/Github/280-M5_ROS/colcon_ws/install/mecharm_interfaces/share/mecharm_interfaces/msg/MecharmSetAngles.idl
[33.675s] -- Symlinking: /home/tyler/Documents/Github/280-M5_ROS/colcon_ws/install/mecharm_interfaces/share/mecharm_interfaces/msg/MecharmSetCoords.idl
[33.686s] -- Symlinking: /home/tyler/Documents/Github/280-M5_ROS/colcon_ws/install/mecharm_interfaces/share/mecharm_interfaces/msg/MecharmGripperStatus.idl
[33.698s] -- Symlinking: /home/tyler/Documents/Github/280-M5_ROS/colcon_ws/install/mecharm_interfaces/share/mecharm_interfaces/msg/MecharmPumpStatus.idl
[33.708s] -- Symlinking: /home/tyler/Documents/Github/280-M5_ROS/colcon_ws/install/mecharm_interfaces/share/mecharm_interfaces/srv/GetAngles.idl
[33.720s] -- Symlinking: /home/tyler/Documents/Github/280-M5_ROS/colcon_ws/install/mecharm_interfaces/share/mecharm_interfaces/srv/SetAngles.idl
[33.731s] -- Symlinking: /home/tyler/Documents/Github/280-M5_ROS/colcon_ws/install/mecharm_interfaces/share/mecharm_interfaces/srv/GetCoords.idl
[33.743s] -- Symlinking: /home/tyler/Documents/Github/280-M5_ROS/colcon_ws/install/mecharm_interfaces/share/mecharm_interfaces/srv/SetCoords.idl
[33.753s] -- Symlinking: /home/tyler/Documents/Github/280-M5_ROS/colcon_ws/install/mecharm_interfaces/share/mecharm_interfaces/srv/GripperStatus.idl
[33.766s] -- Symlinking: /home/tyler/Documents/Github/280-M5_ROS/colcon_ws/install/mecharm_interfaces/share/mecharm_interfaces/srv/PumpStatus.idl
[33.777s] -- Symlinking: /home/tyler/Documents/Github/280-M5_ROS/colcon_ws/install/mecharm_interfaces/share/mecharm_interfaces/msg/MecharmAngles.msg
[33.788s] -- Symlinking: /home/tyler/Documents/Github/280-M5_ROS/colcon_ws/install/mecharm_interfaces/share/mecharm_interfaces/msg/MecharmCoords.msg
[33.797s] -- Symlinking: /home/tyler/Documents/Github/280-M5_ROS/colcon_ws/install/mecharm_interfaces/share/mecharm_interfaces/msg/MecharmSetAngles.msg
[33.807s] -- Symlinking: /home/tyler/Documents/Github/280-M5_ROS/colcon_ws/install/mecharm_interfaces/share/mecharm_interfaces/msg/MecharmSetCoords.msg
[33.816s] -- Symlinking: /home/tyler/Documents/Github/280-M5_ROS/colcon_ws/install/mecharm_interfaces/share/mecharm_interfaces/msg/MecharmGripperStatus.msg
[33.825s] -- Symlinking: /home/tyler/Documents/Github/280-M5_ROS/colcon_ws/install/mecharm_interfaces/share/mecharm_interfaces/msg/MecharmPumpStatus.msg
[33.835s] -- Symlinking: /home/tyler/Documents/Github/280-M5_ROS/colcon_ws/install/mecharm_interfaces/share/mecharm_interfaces/srv/GetAngles.srv
[33.844s] -- Symlinking: /home/tyler/Documents/Github/280-M5_ROS/colcon_ws/install/mecharm_interfaces/share/mecharm_interfaces/srv/GetAngles_Request.msg
[33.853s] -- Symlinking: /home/tyler/Documents/Github/280-M5_ROS/colcon_ws/install/mecharm_interfaces/share/mecharm_interfaces/srv/GetAngles_Response.msg
[33.861s] -- Symlinking: /home/tyler/Documents/Github/280-M5_ROS/colcon_ws/install/mecharm_interfaces/share/mecharm_interfaces/srv/SetAngles.srv
[33.870s] -- Symlinking: /home/tyler/Documents/Github/280-M5_ROS/colcon_ws/install/mecharm_interfaces/share/mecharm_interfaces/srv/SetAngles_Request.msg
[33.879s] -- Symlinking: /home/tyler/Documents/Github/280-M5_ROS/colcon_ws/install/mecharm_interfaces/share/mecharm_interfaces/srv/SetAngles_Response.msg
[33.888s] -- Symlinking: /home/tyler/Documents/Github/280-M5_ROS/colcon_ws/install/mecharm_interfaces/share/mecharm_interfaces/srv/GetCoords.srv
[33.897s] -- Symlinking: /home/tyler/Documents/Github/280-M5_ROS/colcon_ws/install/mecharm_interfaces/share/mecharm_interfaces/srv/GetCoords_Request.msg
[33.905s] -- Symlinking: /home/tyler/Documents/Github/280-M5_ROS/colcon_ws/install/mecharm_interfaces/share/mecharm_interfaces/srv/GetCoords_Response.msg
[33.915s] -- Symlinking: /home/tyler/Documents/Github/280-M5_ROS/colcon_ws/install/mecharm_interfaces/share/mecharm_interfaces/srv/SetCoords.srv
[33.924s] -- Symlinking: /home/tyler/Documents/Github/280-M5_ROS/colcon_ws/install/mecharm_interfaces/share/mecharm_interfaces/srv/SetCoords_Request.msg
[33.933s] -- Symlinking: /home/tyler/Documents/Github/280-M5_ROS/colcon_ws/install/mecharm_interfaces/share/mecharm_interfaces/srv/SetCoords_Response.msg
[33.941s] -- Symlinking: /home/tyler/Documents/Github/280-M5_ROS/colcon_ws/install/mecharm_interfaces/share/mecharm_interfaces/srv/GripperStatus.srv
[33.950s] -- Symlinking: /home/tyler/Documents/Github/280-M5_ROS/colcon_ws/install/mecharm_interfaces/share/mecharm_interfaces/srv/GripperStatus_Request.msg
[33.958s] -- Symlinking: /home/tyler/Documents/Github/280-M5_ROS/colcon_ws/install/mecharm_interfaces/share/mecharm_interfaces/srv/GripperStatus_Response.msg
[33.967s] -- Symlinking: /home/tyler/Documents/Github/280-M5_ROS/colcon_ws/install/mecharm_interfaces/share/mecharm_interfaces/srv/PumpStatus.srv
[33.976s] -- Symlinking: /home/tyler/Documents/Github/280-M5_ROS/colcon_ws/install/mecharm_interfaces/share/mecharm_interfaces/srv/PumpStatus_Request.msg
[33.984s] -- Symlinking: /home/tyler/Documents/Github/280-M5_ROS/colcon_ws/install/mecharm_interfaces/share/mecharm_interfaces/srv/PumpStatus_Response.msg
[33.994s] -- Symlinking: /home/tyler/Documents/Github/280-M5_ROS/colcon_ws/install/mecharm_interfaces/share/ament_index/resource_index/package_run_dependencies/mecharm_interfaces
[34.003s] -- Symlinking: /home/tyler/Documents/Github/280-M5_ROS/colcon_ws/install/mecharm_interfaces/share/ament_index/resource_index/parent_prefix_path/mecharm_interfaces
[34.011s] -- Symlinking: /home/tyler/Documents/Github/280-M5_ROS/colcon_ws/install/mecharm_interfaces/share/mecharm_interfaces/environment/ament_prefix_path.sh
[34.022s] -- Symlinking: /home/tyler/Documents/Github/280-M5_ROS/colcon_ws/install/mecharm_interfaces/share/mecharm_interfaces/environment/ament_prefix_path.dsv
[34.035s] -- Symlinking: /home/tyler/Documents/Github/280-M5_ROS/colcon_ws/install/mecharm_interfaces/share/mecharm_interfaces/environment/path.sh
[34.048s] -- Symlinking: /home/tyler/Documents/Github/280-M5_ROS/colcon_ws/install/mecharm_interfaces/share/mecharm_interfaces/environment/path.dsv
[34.059s] -- Symlinking: /home/tyler/Documents/Github/280-M5_ROS/colcon_ws/install/mecharm_interfaces/share/mecharm_interfaces/local_setup.bash
[34.071s] -- Symlinking: /home/tyler/Documents/Github/280-M5_ROS/colcon_ws/install/mecharm_interfaces/share/mecharm_interfaces/local_setup.sh
[34.083s] -- Symlinking: /home/tyler/Documents/Github/280-M5_ROS/colcon_ws/install/mecharm_interfaces/share/mecharm_interfaces/local_setup.zsh
[34.095s] -- Symlinking: /home/tyler/Documents/Github/280-M5_ROS/colcon_ws/install/mecharm_interfaces/share/mecharm_interfaces/local_setup.dsv
[34.111s] -- Symlinking: /home/tyler/Documents/Github/280-M5_ROS/colcon_ws/install/mecharm_interfaces/share/mecharm_interfaces/package.dsv
[34.122s] -- Symlinking: /home/tyler/Documents/Github/280-M5_ROS/colcon_ws/install/mecharm_interfaces/share/ament_index/resource_index/packages/mecharm_interfaces
[34.138s] -- Symlinking: /home/tyler/Documents/Github/280-M5_ROS/colcon_ws/install/mecharm_interfaces/share/mecharm_interfaces/cmake/rosidl_cmake-extras.cmake
[34.150s] -- Symlinking: /home/tyler/Documents/Github/280-M5_ROS/colcon_ws/install/mecharm_interfaces/share/mecharm_interfaces/cmake/ament_cmake_export_dependencies-extras.cmake
[34.163s] -- Symlinking: /home/tyler/Documents/Github/280-M5_ROS/colcon_ws/install/mecharm_interfaces/share/mecharm_interfaces/cmake/ament_cmake_export_include_directories-extras.cmake
[34.175s] -- Symlinking: /home/tyler/Documents/Github/280-M5_ROS/colcon_ws/install/mecharm_interfaces/share/mecharm_interfaces/cmake/ament_cmake_export_libraries-extras.cmake
[34.190s] -- Symlinking: /home/tyler/Documents/Github/280-M5_ROS/colcon_ws/install/mecharm_interfaces/share/mecharm_interfaces/cmake/ament_cmake_export_targets-extras.cmake
[34.205s] -- Symlinking: /home/tyler/Documents/Github/280-M5_ROS/colcon_ws/install/mecharm_interfaces/share/mecharm_interfaces/cmake/rosidl_cmake_export_typesupport_targets-extras.cmake
[34.221s] -- Symlinking: /home/tyler/Documents/Github/280-M5_ROS/colcon_ws/install/mecharm_interfaces/share/mecharm_interfaces/cmake/rosidl_cmake_export_typesupport_libraries-extras.cmake
[34.236s] -- Symlinking: /home/tyler/Documents/Github/280-M5_ROS/colcon_ws/install/mecharm_interfaces/share/mecharm_interfaces/cmake/mecharm_interfacesConfig.cmake
[34.249s] -- Symlinking: /home/tyler/Documents/Github/280-M5_ROS/colcon_ws/install/mecharm_interfaces/share/mecharm_interfaces/cmake/mecharm_interfacesConfig-version.cmake
[34.262s] -- Symlinking: /home/tyler/Documents/Github/280-M5_ROS/colcon_ws/install/mecharm_interfaces/share/mecharm_interfaces/package.xml
[34.274s] -- Installing: /home/tyler/Documents/Github/280-M5_ROS/colcon_ws/install/mecharm_interfaces/lib/libmecharm_interfaces__rosidl_generator_c.so
[34.275s] -- Set runtime path of "/home/tyler/Documents/Github/280-M5_ROS/colcon_ws/install/mecharm_interfaces/lib/libmecharm_interfaces__rosidl_generator_c.so" to ""
[34.275s] -- Installing: /home/tyler/Documents/Github/280-M5_ROS/colcon_ws/install/mecharm_interfaces/lib/libmecharm_interfaces__rosidl_typesupport_fastrtps_c.so
[34.278s] -- Set runtime path of "/home/tyler/Documents/Github/280-M5_ROS/colcon_ws/install/mecharm_interfaces/lib/libmecharm_interfaces__rosidl_typesupport_fastrtps_c.so" to ""
[34.278s] -- Installing: /home/tyler/Documents/Github/280-M5_ROS/colcon_ws/install/mecharm_interfaces/lib/libmecharm_interfaces__rosidl_typesupport_introspection_c.so
[34.279s] -- Set runtime path of "/home/tyler/Documents/Github/280-M5_ROS/colcon_ws/install/mecharm_interfaces/lib/libmecharm_interfaces__rosidl_typesupport_introspection_c.so" to ""
[34.279s] -- Installing: /home/tyler/Documents/Github/280-M5_ROS/colcon_ws/install/mecharm_interfaces/lib/libmecharm_interfaces__rosidl_typesupport_c.so
[34.279s] -- Set runtime path of "/home/tyler/Documents/Github/280-M5_ROS/colcon_ws/install/mecharm_interfaces/lib/libmecharm_interfaces__rosidl_typesupport_c.so" to ""
[34.279s] -- Installing: /home/tyler/Documents/Github/280-M5_ROS/colcon_ws/install/mecharm_interfaces/lib/libmecharm_interfaces__rosidl_typesupport_fastrtps_cpp.so
[34.280s] -- Set runtime path of "/home/tyler/Documents/Github/280-M5_ROS/colcon_ws/install/mecharm_interfaces/lib/libmecharm_interfaces__rosidl_typesupport_fastrtps_cpp.so" to ""
[34.280s] -- Installing: /home/tyler/Documents/Github/280-M5_ROS/colcon_ws/install/mecharm_interfaces/lib/libmecharm_interfaces__rosidl_typesupport_introspection_cpp.so
[34.280s] -- Set runtime path of "/home/tyler/Documents/Github/280-M5_ROS/colcon_ws/install/mecharm_interfaces/lib/libmecharm_interfaces__rosidl_typesupport_introspection_cpp.so" to ""
[34.281s] -- Installing: /home/tyler/Documents/Github/280-M5_ROS/colcon_ws/install/mecharm_interfaces/lib/libmecharm_interfaces__rosidl_typesupport_cpp.so
[34.281s] -- Set runtime path of "/home/tyler/Documents/Github/280-M5_ROS/colcon_ws/install/mecharm_interfaces/lib/libmecharm_interfaces__rosidl_typesupport_cpp.so" to ""
[34.374s] Listing '/home/tyler/Documents/Github/280-M5_ROS/colcon_ws/install/mecharm_interfaces/local/lib/python3.10/dist-packages/mecharm_interfaces'...
[34.374s] Compiling '/home/tyler/Documents/Github/280-M5_ROS/colcon_ws/install/mecharm_interfaces/local/lib/python3.10/dist-packages/mecharm_interfaces/__init__.py'...
[34.374s] Listing '/home/tyler/Documents/Github/280-M5_ROS/colcon_ws/install/mecharm_interfaces/local/lib/python3.10/dist-packages/mecharm_interfaces/msg'...
[34.374s] Compiling '/home/tyler/Documents/Github/280-M5_ROS/colcon_ws/install/mecharm_interfaces/local/lib/python3.10/dist-packages/mecharm_interfaces/msg/__init__.py'...
[34.374s] Compiling '/home/tyler/Documents/Github/280-M5_ROS/colcon_ws/install/mecharm_interfaces/local/lib/python3.10/dist-packages/mecharm_interfaces/msg/_mecharm_angles.py'...
[34.374s] Compiling '/home/tyler/Documents/Github/280-M5_ROS/colcon_ws/install/mecharm_interfaces/local/lib/python3.10/dist-packages/mecharm_interfaces/msg/_mecharm_coords.py'...
[34.374s] Compiling '/home/tyler/Documents/Github/280-M5_ROS/colcon_ws/install/mecharm_interfaces/local/lib/python3.10/dist-packages/mecharm_interfaces/msg/_mecharm_gripper_status.py'...
[34.374s] Compiling '/home/tyler/Documents/Github/280-M5_ROS/colcon_ws/install/mecharm_interfaces/local/lib/python3.10/dist-packages/mecharm_interfaces/msg/_mecharm_pump_status.py'...
[34.374s] Compiling '/home/tyler/Documents/Github/280-M5_ROS/colcon_ws/install/mecharm_interfaces/local/lib/python3.10/dist-packages/mecharm_interfaces/msg/_mecharm_set_angles.py'...
[34.375s] Compiling '/home/tyler/Documents/Github/280-M5_ROS/colcon_ws/install/mecharm_interfaces/local/lib/python3.10/dist-packages/mecharm_interfaces/msg/_mecharm_set_coords.py'...
[34.375s] Listing '/home/tyler/Documents/Github/280-M5_ROS/colcon_ws/install/mecharm_interfaces/local/lib/python3.10/dist-packages/mecharm_interfaces/srv'...
[34.375s] Compiling '/home/tyler/Documents/Github/280-M5_ROS/colcon_ws/install/mecharm_interfaces/local/lib/python3.10/dist-packages/mecharm_interfaces/srv/__init__.py'...
[34.375s] Compiling '/home/tyler/Documents/Github/280-M5_ROS/colcon_ws/install/mecharm_interfaces/local/lib/python3.10/dist-packages/mecharm_interfaces/srv/_get_angles.py'...
[34.375s] Compiling '/home/tyler/Documents/Github/280-M5_ROS/colcon_ws/install/mecharm_interfaces/local/lib/python3.10/dist-packages/mecharm_interfaces/srv/_get_coords.py'...
[34.375s] Compiling '/home/tyler/Documents/Github/280-M5_ROS/colcon_ws/install/mecharm_interfaces/local/lib/python3.10/dist-packages/mecharm_interfaces/srv/_gripper_status.py'...
[34.375s] Compiling '/home/tyler/Documents/Github/280-M5_ROS/colcon_ws/install/mecharm_interfaces/local/lib/python3.10/dist-packages/mecharm_interfaces/srv/_pump_status.py'...
[34.375s] Compiling '/home/tyler/Documents/Github/280-M5_ROS/colcon_ws/install/mecharm_interfaces/local/lib/python3.10/dist-packages/mecharm_interfaces/srv/_set_angles.py'...
[34.375s] Compiling '/home/tyler/Documents/Github/280-M5_ROS/colcon_ws/install/mecharm_interfaces/local/lib/python3.10/dist-packages/mecharm_interfaces/srv/_set_coords.py'...
[34.381s] -- Installing: /home/tyler/Documents/Github/280-M5_ROS/colcon_ws/install/mecharm_interfaces/lib/libmecharm_interfaces__rosidl_generator_py.so
[34.382s] -- Set runtime path of "/home/tyler/Documents/Github/280-M5_ROS/colcon_ws/install/mecharm_interfaces/lib/libmecharm_interfaces__rosidl_generator_py.so" to ""
[34.382s] -- Installing: /home/tyler/Documents/Github/280-M5_ROS/colcon_ws/install/mecharm_interfaces/share/mecharm_interfaces/cmake/export_mecharm_interfaces__rosidl_generator_cExport.cmake
[34.382s] -- Installing: /home/tyler/Documents/Github/280-M5_ROS/colcon_ws/install/mecharm_interfaces/share/mecharm_interfaces/cmake/export_mecharm_interfaces__rosidl_generator_cExport-noconfig.cmake
[34.382s] -- Installing: /home/tyler/Documents/Github/280-M5_ROS/colcon_ws/install/mecharm_interfaces/share/mecharm_interfaces/cmake/export_mecharm_interfaces__rosidl_typesupport_fastrtps_cExport.cmake
[34.383s] -- Installing: /home/tyler/Documents/Github/280-M5_ROS/colcon_ws/install/mecharm_interfaces/share/mecharm_interfaces/cmake/export_mecharm_interfaces__rosidl_typesupport_fastrtps_cExport-noconfig.cmake
[34.383s] -- Installing: /home/tyler/Documents/Github/280-M5_ROS/colcon_ws/install/mecharm_interfaces/share/mecharm_interfaces/cmake/mecharm_interfaces__rosidl_typesupport_introspection_cExport.cmake
[34.383s] -- Installing: /home/tyler/Documents/Github/280-M5_ROS/colcon_ws/install/mecharm_interfaces/share/mecharm_interfaces/cmake/mecharm_interfaces__rosidl_typesupport_introspection_cExport-noconfig.cmake
[34.383s] -- Installing: /home/tyler/Documents/Github/280-M5_ROS/colcon_ws/install/mecharm_interfaces/share/mecharm_interfaces/cmake/mecharm_interfaces__rosidl_typesupport_cExport.cmake
[34.384s] -- Installing: /home/tyler/Documents/Github/280-M5_ROS/colcon_ws/install/mecharm_interfaces/share/mecharm_interfaces/cmake/mecharm_interfaces__rosidl_typesupport_cExport-noconfig.cmake
[34.384s] -- Installing: /home/tyler/Documents/Github/280-M5_ROS/colcon_ws/install/mecharm_interfaces/share/mecharm_interfaces/cmake/export_mecharm_interfaces__rosidl_generator_cppExport.cmake
[34.384s] -- Installing: /home/tyler/Documents/Github/280-M5_ROS/colcon_ws/install/mecharm_interfaces/share/mecharm_interfaces/cmake/export_mecharm_interfaces__rosidl_typesupport_fastrtps_cppExport.cmake
[34.384s] -- Installing: /home/tyler/Documents/Github/280-M5_ROS/colcon_ws/install/mecharm_interfaces/share/mecharm_interfaces/cmake/export_mecharm_interfaces__rosidl_typesupport_fastrtps_cppExport-noconfig.cmake
[34.385s] -- Installing: /home/tyler/Documents/Github/280-M5_ROS/colcon_ws/install/mecharm_interfaces/share/mecharm_interfaces/cmake/mecharm_interfaces__rosidl_typesupport_introspection_cppExport.cmake
[34.385s] -- Installing: /home/tyler/Documents/Github/280-M5_ROS/colcon_ws/install/mecharm_interfaces/share/mecharm_interfaces/cmake/mecharm_interfaces__rosidl_typesupport_introspection_cppExport-noconfig.cmake
[34.385s] -- Installing: /home/tyler/Documents/Github/280-M5_ROS/colcon_ws/install/mecharm_interfaces/share/mecharm_interfaces/cmake/mecharm_interfaces__rosidl_typesupport_cppExport.cmake
[34.385s] -- Installing: /home/tyler/Documents/Github/280-M5_ROS/colcon_ws/install/mecharm_interfaces/share/mecharm_interfaces/cmake/mecharm_interfaces__rosidl_typesupport_cppExport-noconfig.cmake
[34.386s] -- Installing: /home/tyler/Documents/Github/280-M5_ROS/colcon_ws/install/mecharm_interfaces/share/mecharm_interfaces/cmake/export_mecharm_interfaces__rosidl_generator_pyExport.cmake
[34.386s] -- Installing: /home/tyler/Documents/Github/280-M5_ROS/colcon_ws/install/mecharm_interfaces/share/mecharm_interfaces/cmake/export_mecharm_interfaces__rosidl_generator_pyExport-noconfig.cmake
[34.392s] Invoked command in '/home/tyler/Documents/Github/280-M5_ROS/colcon_ws/build/mecharm_interfaces' returned '0': CMAKE_PREFIX_PATH=${CMAKE_PREFIX_PATH}:/opt/ros/humble /usr/bin/cmake --install /home/tyler/Documents/Github/280-M5_ROS/colcon_ws/build/mecharm_interfaces
