[0.644s] Invoking command in '/home/tyler/Documents/Github/280-M5_ROS/launch_ws/src/py_launch_example': PYTHONPATH=/home/tyler/Documents/Github/280-M5_ROS/launch_ws/build/py_launch_example/prefix_override:/home/tyler/Documents/Github/280-M5_ROS/launch_ws/install/py_launch_example/lib/python3.10/site-packages:${PYTHONPATH} /usr/bin/python3 setup.py egg_info --egg-base ../../build/py_launch_example build --build-base /home/tyler/Documents/Github/280-M5_ROS/launch_ws/build/py_launch_example/build install --record /home/tyler/Documents/Github/280-M5_ROS/launch_ws/build/py_launch_example/install.log --single-version-externally-managed
[0.870s] running egg_info
[0.870s] writing ../../build/py_launch_example/py_launch_example.egg-info/PKG-INFO
[0.871s] writing dependency_links to ../../build/py_launch_example/py_launch_example.egg-info/dependency_links.txt
[0.871s] writing entry points to ../../build/py_launch_example/py_launch_example.egg-info/entry_points.txt
[0.871s] writing requirements to ../../build/py_launch_example/py_launch_example.egg-info/requires.txt
[0.871s] writing top-level names to ../../build/py_launch_example/py_launch_example.egg-info/top_level.txt
[0.872s] reading manifest file '../../build/py_launch_example/py_launch_example.egg-info/SOURCES.txt'
[0.873s] writing manifest file '../../build/py_launch_example/py_launch_example.egg-info/SOURCES.txt'
[0.873s] running build
[0.873s] running build_py
[0.873s] running install
[0.873s] /usr/lib/python3/dist-packages/setuptools/command/install.py:34: SetuptoolsDeprecationWarning: setup.py install is deprecated. Use build and pip and other standards-based tools.
[0.874s]   warnings.warn(
[0.874s] running install_lib
[0.875s] running install_data
[0.876s] running install_egg_info
[0.877s] removing '/home/tyler/Documents/Github/280-M5_ROS/launch_ws/install/py_launch_example/lib/python3.10/site-packages/py_launch_example-0.0.0-py3.10.egg-info' (and everything under it)
[0.877s] Copying ../../build/py_launch_example/py_launch_example.egg-info to /home/tyler/Documents/Github/280-M5_ROS/launch_ws/install/py_launch_example/lib/python3.10/site-packages/py_launch_example-0.0.0-py3.10.egg-info
[0.878s] running install_scripts
[0.895s] writing list of installed files to '/home/tyler/Documents/Github/280-M5_ROS/launch_ws/build/py_launch_example/install.log'
[0.919s] Invoked command in '/home/tyler/Documents/Github/280-M5_ROS/launch_ws/src/py_launch_example' returned '0': PYTHONPATH=/home/tyler/Documents/Github/280-M5_ROS/launch_ws/build/py_launch_example/prefix_override:/home/tyler/Documents/Github/280-M5_ROS/launch_ws/install/py_launch_example/lib/python3.10/site-packages:${PYTHONPATH} /usr/bin/python3 setup.py egg_info --egg-base ../../build/py_launch_example build --build-base /home/tyler/Documents/Github/280-M5_ROS/launch_ws/build/py_launch_example/build install --record /home/tyler/Documents/Github/280-M5_ROS/launch_ws/build/py_launch_example/install.log --single-version-externally-managed
