[0.591s] Invoking command in '/home/tyler/colcon_ws/build/mycobot_280': AMENT_PREFIX_PATH=/home/tyler/colcon_ws/install/mycobot_communication:/home/tyler/colcon_ws/install/mycobot_description:/home/tyler/colcon_ws/install/mycobot_280:/home/tyler/colcon_ws/install/mycobot_interfaces:/opt/ros/humble PYTHONPATH=/home/tyler/colcon_ws/build/mycobot_280/prefix_override:/home/tyler/colcon_ws/install/mycobot_280/lib/python3.10/site-packages:/home/tyler/colcon_ws/install/mycobot_communication/lib/python3.10/site-packages:/home/tyler/colcon_ws/install/mycobot_description/lib/python3.10/site-packages:/home/tyler/colcon_ws/build/mycobot_280:/home/tyler/colcon_ws/install/mycobot_280/lib/python3.10/site-packages:/home/tyler/colcon_ws/build/mycobot_communication:/home/tyler/colcon_ws/install/mycobot_interfaces/local/lib/python3.10/dist-packages:/home/tyler/colcon_ws/build/mycobot_description:/opt/ros/humble/lib/python3.10/site-packages:/opt/ros/humble/local/lib/python3.10/dist-packages /usr/bin/python3 setup.py develop --uninstall --editable --build-directory /home/tyler/colcon_ws/build/mycobot_280/build
[0.815s] /usr/lib/python3/dist-packages/setuptools/dist.py:723: UserWarning: Usage of dash-separated 'script-dir' will not be supported in future versions. Please use the underscore name 'script_dir' instead
[0.815s]   warnings.warn(
[0.843s] running develop
[0.843s] /usr/lib/python3/dist-packages/setuptools/command/easy_install.py:158: EasyInstallDeprecationWarning: easy_install command is deprecated. Use build and pip and other standards-based tools.
[0.843s]   warnings.warn(
[0.844s] /usr/lib/python3/dist-packages/setuptools/command/install.py:34: SetuptoolsDeprecationWarning: setup.py install is deprecated. Use build and pip and other standards-based tools.
[0.844s]   warnings.warn(
[0.902s] /usr/lib/python3/dist-packages/pkg_resources/__init__.py:116: PkgResourcesDeprecationWarning: 0.1.43ubuntu1 is an invalid version and will not be supported in a future release
[0.902s]   warnings.warn(
[0.902s] /usr/lib/python3/dist-packages/pkg_resources/__init__.py:116: PkgResourcesDeprecationWarning: 1.1build1 is an invalid version and will not be supported in a future release
[0.903s]   warnings.warn(
[1.034s] Invoked command in '/home/tyler/colcon_ws/build/mycobot_280' returned '0': AMENT_PREFIX_PATH=/home/tyler/colcon_ws/install/mycobot_communication:/home/tyler/colcon_ws/install/mycobot_description:/home/tyler/colcon_ws/install/mycobot_280:/home/tyler/colcon_ws/install/mycobot_interfaces:/opt/ros/humble PYTHONPATH=/home/tyler/colcon_ws/build/mycobot_280/prefix_override:/home/tyler/colcon_ws/install/mycobot_280/lib/python3.10/site-packages:/home/tyler/colcon_ws/install/mycobot_communication/lib/python3.10/site-packages:/home/tyler/colcon_ws/install/mycobot_description/lib/python3.10/site-packages:/home/tyler/colcon_ws/build/mycobot_280:/home/tyler/colcon_ws/install/mycobot_280/lib/python3.10/site-packages:/home/tyler/colcon_ws/build/mycobot_communication:/home/tyler/colcon_ws/install/mycobot_interfaces/local/lib/python3.10/dist-packages:/home/tyler/colcon_ws/build/mycobot_description:/opt/ros/humble/lib/python3.10/site-packages:/opt/ros/humble/local/lib/python3.10/dist-packages /usr/bin/python3 setup.py develop --uninstall --editable --build-directory /home/tyler/colcon_ws/build/mycobot_280/build
[1.036s] Invoking command in '/home/tyler/colcon_ws/src/mycobot_ros2/mycobot_280/mycobot_280': AMENT_PREFIX_PATH=/home/tyler/colcon_ws/install/mycobot_communication:/home/tyler/colcon_ws/install/mycobot_description:/home/tyler/colcon_ws/install/mycobot_280:/home/tyler/colcon_ws/install/mycobot_interfaces:/opt/ros/humble PYTHONPATH=/home/tyler/colcon_ws/build/mycobot_280/prefix_override:/home/tyler/colcon_ws/install/mycobot_280/lib/python3.10/site-packages:/home/tyler/colcon_ws/install/mycobot_communication/lib/python3.10/site-packages:/home/tyler/colcon_ws/install/mycobot_description/lib/python3.10/site-packages:/home/tyler/colcon_ws/build/mycobot_280:/home/tyler/colcon_ws/install/mycobot_280/lib/python3.10/site-packages:/home/tyler/colcon_ws/build/mycobot_communication:/home/tyler/colcon_ws/install/mycobot_interfaces/local/lib/python3.10/dist-packages:/home/tyler/colcon_ws/build/mycobot_description:/opt/ros/humble/lib/python3.10/site-packages:/opt/ros/humble/local/lib/python3.10/dist-packages /usr/bin/python3 setup.py egg_info --egg-base ../../../../build/mycobot_280 build --build-base /home/tyler/colcon_ws/build/mycobot_280/build install --record /home/tyler/colcon_ws/build/mycobot_280/install.log --install-scripts $base/lib/mycobot_280 --single-version-externally-managed
[1.263s] /usr/lib/python3/dist-packages/setuptools/dist.py:723: UserWarning: Usage of dash-separated 'script-dir' will not be supported in future versions. Please use the underscore name 'script_dir' instead
[1.263s]   warnings.warn(
[1.270s] running egg_info
[1.271s] writing ../../../../build/mycobot_280/mycobot_280.egg-info/PKG-INFO
[1.271s] writing dependency_links to ../../../../build/mycobot_280/mycobot_280.egg-info/dependency_links.txt
[1.271s] writing entry points to ../../../../build/mycobot_280/mycobot_280.egg-info/entry_points.txt
[1.271s] writing requirements to ../../../../build/mycobot_280/mycobot_280.egg-info/requires.txt
[1.271s] writing top-level names to ../../../../build/mycobot_280/mycobot_280.egg-info/top_level.txt
[1.273s] reading manifest file '../../../../build/mycobot_280/mycobot_280.egg-info/SOURCES.txt'
[1.273s] adding license file 'LICENSE'
[1.274s] writing manifest file '../../../../build/mycobot_280/mycobot_280.egg-info/SOURCES.txt'
[1.274s] running build
[1.274s] running build_py
[1.274s] running install
[1.275s] /usr/lib/python3/dist-packages/setuptools/command/install.py:34: SetuptoolsDeprecationWarning: setup.py install is deprecated. Use build and pip and other standards-based tools.
[1.275s]   warnings.warn(
[1.275s] running install_lib
[1.276s] running install_data
[1.277s] running install_egg_info
[1.279s] removing '/home/tyler/colcon_ws/install/mycobot_280/lib/python3.10/site-packages/mycobot_280-0.0.0-py3.10.egg-info' (and everything under it)
[1.279s] Copying ../../../../build/mycobot_280/mycobot_280.egg-info to /home/tyler/colcon_ws/install/mycobot_280/lib/python3.10/site-packages/mycobot_280-0.0.0-py3.10.egg-info
[1.280s] running install_scripts
[1.298s] Installing camera_display script to /home/tyler/colcon_ws/install/mycobot_280/lib/mycobot_280
[1.298s] Installing detect_marker script to /home/tyler/colcon_ws/install/mycobot_280/lib/mycobot_280
[1.298s] Installing follow_display script to /home/tyler/colcon_ws/install/mycobot_280/lib/mycobot_280
[1.298s] Installing following_marker script to /home/tyler/colcon_ws/install/mycobot_280/lib/mycobot_280
[1.298s] Installing listen_real script to /home/tyler/colcon_ws/install/mycobot_280/lib/mycobot_280
[1.298s] Installing listen_real_of_topic script to /home/tyler/colcon_ws/install/mycobot_280/lib/mycobot_280
[1.299s] Installing opencv_camera script to /home/tyler/colcon_ws/install/mycobot_280/lib/mycobot_280
[1.299s] Installing simple_gui script to /home/tyler/colcon_ws/install/mycobot_280/lib/mycobot_280
[1.299s] Installing slider_control script to /home/tyler/colcon_ws/install/mycobot_280/lib/mycobot_280
[1.299s] Installing teleop_keyboard script to /home/tyler/colcon_ws/install/mycobot_280/lib/mycobot_280
[1.299s] writing list of installed files to '/home/tyler/colcon_ws/build/mycobot_280/install.log'
[1.325s] Invoked command in '/home/tyler/colcon_ws/src/mycobot_ros2/mycobot_280/mycobot_280' returned '0': AMENT_PREFIX_PATH=/home/tyler/colcon_ws/install/mycobot_communication:/home/tyler/colcon_ws/install/mycobot_description:/home/tyler/colcon_ws/install/mycobot_280:/home/tyler/colcon_ws/install/mycobot_interfaces:/opt/ros/humble PYTHONPATH=/home/tyler/colcon_ws/build/mycobot_280/prefix_override:/home/tyler/colcon_ws/install/mycobot_280/lib/python3.10/site-packages:/home/tyler/colcon_ws/install/mycobot_communication/lib/python3.10/site-packages:/home/tyler/colcon_ws/install/mycobot_description/lib/python3.10/site-packages:/home/tyler/colcon_ws/build/mycobot_280:/home/tyler/colcon_ws/install/mycobot_280/lib/python3.10/site-packages:/home/tyler/colcon_ws/build/mycobot_communication:/home/tyler/colcon_ws/install/mycobot_interfaces/local/lib/python3.10/dist-packages:/home/tyler/colcon_ws/build/mycobot_description:/opt/ros/humble/lib/python3.10/site-packages:/opt/ros/humble/local/lib/python3.10/dist-packages /usr/bin/python3 setup.py egg_info --egg-base ../../../../build/mycobot_280 build --build-base /home/tyler/colcon_ws/build/mycobot_280/build install --record /home/tyler/colcon_ws/build/mycobot_280/install.log --install-scripts $base/lib/mycobot_280 --single-version-externally-managed
