[3.100s] Invoking command in '/home/tyler/Documents/Github/280-M5_ROS/colcon_ws/build/mypalletizer_260_pi': AMENT_PREFIX_PATH=/home/tyler/Documents/Github/280-M5_ROS/colcon_ws/install/mypalletizer_communication:/home/tyler/Documents/Github/280-M5_ROS/colcon_ws/install/mypalletizer_interfaces:/home/tyler/Documents/Github/280-M5_ROS/colcon_ws/install/mycobot_description:${AMENT_PREFIX_PATH} CMAKE_PREFIX_PATH=/home/tyler/Documents/Github/280-M5_ROS/colcon_ws/install/mypalletizer_interfaces:${CMAKE_PREFIX_PATH} LD_LIBRARY_PATH=/home/tyler/Documents/Github/280-M5_ROS/colcon_ws/install/mypalletizer_interfaces/lib:${LD_LIBRARY_PATH} PYTHONPATH=/home/tyler/Documents/Github/280-M5_ROS/colcon_ws/build/mypalletizer_260_pi/prefix_override:/home/tyler/Documents/Github/280-M5_ROS/colcon_ws/install/mypalletizer_260_pi/lib/python3.10/site-packages:/home/tyler/Documents/Github/280-M5_ROS/colcon_ws/build/mypalletizer_communication:/home/tyler/Documents/Github/280-M5_ROS/colcon_ws/install/mypalletizer_communication/lib/python3.10/site-packages:/home/tyler/Documents/Github/280-M5_ROS/colcon_ws/install/mypalletizer_interfaces/local/lib/python3.10/dist-packages:/home/tyler/Documents/Github/280-M5_ROS/colcon_ws/build/mycobot_description:/home/tyler/Documents/Github/280-M5_ROS/colcon_ws/install/mycobot_description/lib/python3.10/site-packages:${PYTHONPATH} /usr/bin/python3 setup.py develop --editable --build-directory /home/tyler/Documents/Github/280-M5_ROS/colcon_ws/build/mypalletizer_260_pi/build --no-deps install_data
[3.685s] /usr/lib/python3/dist-packages/setuptools/dist.py:723: UserWarning: Usage of dash-separated 'script-dir' will not be supported in future versions. Please use the underscore name 'script_dir' instead
[3.685s]   warnings.warn(
[3.757s] running develop
[3.758s] /usr/lib/python3/dist-packages/setuptools/command/easy_install.py:158: EasyInstallDeprecationWarning: easy_install command is deprecated. Use build and pip and other standards-based tools.
[3.758s]   warnings.warn(
[3.761s] /usr/lib/python3/dist-packages/setuptools/command/install.py:34: SetuptoolsDeprecationWarning: setup.py install is deprecated. Use build and pip and other standards-based tools.
[3.761s]   warnings.warn(
[3.953s] /usr/lib/python3/dist-packages/pkg_resources/__init__.py:116: PkgResourcesDeprecationWarning: 0.1.43ubuntu1 is an invalid version and will not be supported in a future release
[3.953s]   warnings.warn(
[3.954s] /usr/lib/python3/dist-packages/pkg_resources/__init__.py:116: PkgResourcesDeprecationWarning: 1.1build1 is an invalid version and will not be supported in a future release
[3.954s]   warnings.warn(
[4.317s] running egg_info
[4.317s] creating mypalletizer_260_pi.egg-info
[4.318s] writing mypalletizer_260_pi.egg-info/PKG-INFO
[4.321s] writing dependency_links to mypalletizer_260_pi.egg-info/dependency_links.txt
[4.323s] writing entry points to mypalletizer_260_pi.egg-info/entry_points.txt
[4.324s] writing requirements to mypalletizer_260_pi.egg-info/requires.txt
[4.325s] writing top-level names to mypalletizer_260_pi.egg-info/top_level.txt
[4.326s] writing manifest file 'mypalletizer_260_pi.egg-info/SOURCES.txt'
[4.339s] reading manifest file 'mypalletizer_260_pi.egg-info/SOURCES.txt'
[4.343s] writing manifest file 'mypalletizer_260_pi.egg-info/SOURCES.txt'
[4.346s] running build_ext
[4.346s] Creating /home/tyler/Documents/Github/280-M5_ROS/colcon_ws/install/mypalletizer_260_pi/lib/python3.10/site-packages/mypalletizer-260-pi.egg-link (link to .)
[4.362s] Installing detect_marker script to /home/tyler/Documents/Github/280-M5_ROS/colcon_ws/install/mypalletizer_260_pi/lib/mypalletizer_260_pi
[4.368s] Installing follow_display script to /home/tyler/Documents/Github/280-M5_ROS/colcon_ws/install/mypalletizer_260_pi/lib/mypalletizer_260_pi
[4.368s] Installing following_marker script to /home/tyler/Documents/Github/280-M5_ROS/colcon_ws/install/mypalletizer_260_pi/lib/mypalletizer_260_pi
[4.368s] Installing listen_real script to /home/tyler/Documents/Github/280-M5_ROS/colcon_ws/install/mypalletizer_260_pi/lib/mypalletizer_260_pi
[4.368s] Installing listen_real_of_topic script to /home/tyler/Documents/Github/280-M5_ROS/colcon_ws/install/mypalletizer_260_pi/lib/mypalletizer_260_pi
[4.368s] Installing simple_gui script to /home/tyler/Documents/Github/280-M5_ROS/colcon_ws/install/mypalletizer_260_pi/lib/mypalletizer_260_pi
[4.369s] Installing slider_control script to /home/tyler/Documents/Github/280-M5_ROS/colcon_ws/install/mypalletizer_260_pi/lib/mypalletizer_260_pi
[4.369s] Installing teleop_keyboard script to /home/tyler/Documents/Github/280-M5_ROS/colcon_ws/install/mypalletizer_260_pi/lib/mypalletizer_260_pi
[4.369s] 
[4.369s] Installed /home/tyler/Documents/Github/280-M5_ROS/colcon_ws/build/mypalletizer_260_pi
[4.369s] running install_data
[4.370s] creating /home/tyler/Documents/Github/280-M5_ROS/colcon_ws/install/mypalletizer_260_pi/share/ament_index
[4.370s] creating /home/tyler/Documents/Github/280-M5_ROS/colcon_ws/install/mypalletizer_260_pi/share/ament_index/resource_index
[4.370s] creating /home/tyler/Documents/Github/280-M5_ROS/colcon_ws/install/mypalletizer_260_pi/share/ament_index/resource_index/packages
[4.370s] copying resource/mypalletizer_260_pi -> /home/tyler/Documents/Github/280-M5_ROS/colcon_ws/install/mypalletizer_260_pi/share/ament_index/resource_index/packages
[4.370s] copying package.xml -> /home/tyler/Documents/Github/280-M5_ROS/colcon_ws/install/mypalletizer_260_pi/share/mypalletizer_260_pi
[4.371s] creating /home/tyler/Documents/Github/280-M5_ROS/colcon_ws/install/mypalletizer_260_pi/share/mypalletizer_260_pi/launch
[4.371s] copying launch/follow.launch.py -> /home/tyler/Documents/Github/280-M5_ROS/colcon_ws/install/mypalletizer_260_pi/share/mypalletizer_260_pi/launch
[4.371s] copying launch/simple_gui.launch.py -> /home/tyler/Documents/Github/280-M5_ROS/colcon_ws/install/mypalletizer_260_pi/share/mypalletizer_260_pi/launch
[4.371s] copying launch/detect_marker.launch.py -> /home/tyler/Documents/Github/280-M5_ROS/colcon_ws/install/mypalletizer_260_pi/share/mypalletizer_260_pi/launch
[4.385s] copying launch/teleop_keyboard.launch.py -> /home/tyler/Documents/Github/280-M5_ROS/colcon_ws/install/mypalletizer_260_pi/share/mypalletizer_260_pi/launch
[4.385s] copying launch/test.launch.py -> /home/tyler/Documents/Github/280-M5_ROS/colcon_ws/install/mypalletizer_260_pi/share/mypalletizer_260_pi/launch
[4.386s] copying launch/detect_marker_with_topic.launch.py -> /home/tyler/Documents/Github/280-M5_ROS/colcon_ws/install/mypalletizer_260_pi/share/mypalletizer_260_pi/launch
[4.386s] copying launch/slider_control.launch.py -> /home/tyler/Documents/Github/280-M5_ROS/colcon_ws/install/mypalletizer_260_pi/share/mypalletizer_260_pi/launch
[4.386s] creating /home/tyler/Documents/Github/280-M5_ROS/colcon_ws/install/mypalletizer_260_pi/share/mypalletizer_260_pi/config
[4.386s] copying config/mycobot_with_marker.rviz -> /home/tyler/Documents/Github/280-M5_ROS/colcon_ws/install/mypalletizer_260_pi/share/mypalletizer_260_pi/config
[4.386s] copying config/mypalletizer_pi.rviz -> /home/tyler/Documents/Github/280-M5_ROS/colcon_ws/install/mypalletizer_260_pi/share/mypalletizer_260_pi/config
[4.450s] Invoked command in '/home/tyler/Documents/Github/280-M5_ROS/colcon_ws/build/mypalletizer_260_pi' returned '0': AMENT_PREFIX_PATH=/home/tyler/Documents/Github/280-M5_ROS/colcon_ws/install/mypalletizer_communication:/home/tyler/Documents/Github/280-M5_ROS/colcon_ws/install/mypalletizer_interfaces:/home/tyler/Documents/Github/280-M5_ROS/colcon_ws/install/mycobot_description:${AMENT_PREFIX_PATH} CMAKE_PREFIX_PATH=/home/tyler/Documents/Github/280-M5_ROS/colcon_ws/install/mypalletizer_interfaces:${CMAKE_PREFIX_PATH} LD_LIBRARY_PATH=/home/tyler/Documents/Github/280-M5_ROS/colcon_ws/install/mypalletizer_interfaces/lib:${LD_LIBRARY_PATH} PYTHONPATH=/home/tyler/Documents/Github/280-M5_ROS/colcon_ws/build/mypalletizer_260_pi/prefix_override:/home/tyler/Documents/Github/280-M5_ROS/colcon_ws/install/mypalletizer_260_pi/lib/python3.10/site-packages:/home/tyler/Documents/Github/280-M5_ROS/colcon_ws/build/mypalletizer_communication:/home/tyler/Documents/Github/280-M5_ROS/colcon_ws/install/mypalletizer_communication/lib/python3.10/site-packages:/home/tyler/Documents/Github/280-M5_ROS/colcon_ws/install/mypalletizer_interfaces/local/lib/python3.10/dist-packages:/home/tyler/Documents/Github/280-M5_ROS/colcon_ws/build/mycobot_description:/home/tyler/Documents/Github/280-M5_ROS/colcon_ws/install/mycobot_description/lib/python3.10/site-packages:${PYTHONPATH} /usr/bin/python3 setup.py develop --editable --build-directory /home/tyler/Documents/Github/280-M5_ROS/colcon_ws/build/mypalletizer_260_pi/build --no-deps install_data
