running develop
running egg_info
creating mecharm_communication.egg-info
writing mecharm_communication.egg-info/PKG-INFO
writing dependency_links to mecharm_communication.egg-info/dependency_links.txt
writing entry points to mecharm_communication.egg-info/entry_points.txt
writing requirements to mecharm_communication.egg-info/requires.txt
writing top-level names to mecharm_communication.egg-info/top_level.txt
writing manifest file 'mecharm_communication.egg-info/SOURCES.txt'
reading manifest file 'mecharm_communication.egg-info/SOURCES.txt'
writing manifest file 'mecharm_communication.egg-info/SOURCES.txt'
running build_ext
Creating /home/tyler/Documents/Github/280-M5_ROS/colcon_ws/install/mecharm_communication/lib/python3.10/site-packages/mecharm-communication.egg-link (link to .)
Installing mecharm_services script to /home/tyler/Documents/Github/280-M5_ROS/colcon_ws/install/mecharm_communication/lib/mecharm_communication
Installing mycobot_topics script to /home/tyler/Documents/Github/280-M5_ROS/colcon_ws/install/mecharm_communication/lib/mecharm_communication
Installing mycobot_topics_jsnn script to /home/tyler/Documents/Github/280-M5_ROS/colcon_ws/install/mecharm_communication/lib/mecharm_communication
Installing mycobot_topics_pi script to /home/tyler/Documents/Github/280-M5_ROS/colcon_ws/install/mecharm_communication/lib/mecharm_communication
Installing mycobot_topics_seeed script to /home/tyler/Documents/Github/280-M5_ROS/colcon_ws/install/mecharm_communication/lib/mecharm_communication

Installed /home/tyler/Documents/Github/280-M5_ROS/colcon_ws/build/mecharm_communication
running install_data
creating /home/tyler/Documents/Github/280-M5_ROS/colcon_ws/install/mecharm_communication/share/ament_index
creating /home/tyler/Documents/Github/280-M5_ROS/colcon_ws/install/mecharm_communication/share/ament_index/resource_index
creating /home/tyler/Documents/Github/280-M5_ROS/colcon_ws/install/mecharm_communication/share/ament_index/resource_index/packages
copying resource/mecharm_communication -> /home/tyler/Documents/Github/280-M5_ROS/colcon_ws/install/mecharm_communication/share/ament_index/resource_index/packages
copying package.xml -> /home/tyler/Documents/Github/280-M5_ROS/colcon_ws/install/mecharm_communication/share/mecharm_communication
creating /home/tyler/Documents/Github/280-M5_ROS/colcon_ws/install/mecharm_communication/share/mecharm_communication/launch
copying launch/communication_topic_pi.launch.py -> /home/tyler/Documents/Github/280-M5_ROS/colcon_ws/install/mecharm_communication/share/mecharm_communication/launch
copying launch/communication_seeed.launch.py -> /home/tyler/Documents/Github/280-M5_ROS/colcon_ws/install/mecharm_communication/share/mecharm_communication/launch
copying launch/communication_service.launch.py -> /home/tyler/Documents/Github/280-M5_ROS/colcon_ws/install/mecharm_communication/share/mecharm_communication/launch
copying launch/communication_topic.launch.py -> /home/tyler/Documents/Github/280-M5_ROS/colcon_ws/install/mecharm_communication/share/mecharm_communication/launch
copying launch/communication_jsnn.launch.py -> /home/tyler/Documents/Github/280-M5_ROS/colcon_ws/install/mecharm_communication/share/mecharm_communication/launch
