Symlinking /home/thulson/catkin_ws/devel/lib/python3/dist-packages/myarm_communication/__init__.py
Symlinking /home/thulson/catkin_ws/devel/lib/python3/dist-packages/myarm_communication/srv/_SetAngles.py
Symlinking /home/thulson/catkin_ws/devel/lib/python3/dist-packages/myarm_communication/srv/_GetCoords.py
Symlinking /home/thulson/catkin_ws/devel/lib/python3/dist-packages/myarm_communication/srv/_GripperStatus.py
Symlinking /home/thulson/catkin_ws/devel/lib/python3/dist-packages/myarm_communication/srv/_SetCoords.py
Symlinking /home/thulson/catkin_ws/devel/lib/python3/dist-packages/myarm_communication/srv/_PumpStatus.py
Symlinking /home/thulson/catkin_ws/devel/lib/python3/dist-packages/myarm_communication/srv/_GetAngles.py
Symlinking /home/thulson/catkin_ws/devel/lib/python3/dist-packages/myarm_communication/srv/__init__.py
Symlinking /home/thulson/catkin_ws/devel/lib/python3/dist-packages/myarm_communication/msg/_MyArmCoords.py
Symlinking /home/thulson/catkin_ws/devel/lib/python3/dist-packages/myarm_communication/msg/_MyArmAngles.py
Symlinking /home/thulson/catkin_ws/devel/lib/python3/dist-packages/myarm_communication/msg/_MyArmSetAngles.py
Symlinking /home/thulson/catkin_ws/devel/lib/python3/dist-packages/myarm_communication/msg/_MyArmGripperStatus.py
Symlinking /home/thulson/catkin_ws/devel/lib/python3/dist-packages/myarm_communication/msg/_MyArmPumpStatus.py
Symlinking /home/thulson/catkin_ws/devel/lib/python3/dist-packages/myarm_communication/msg/__init__.py
Symlinking /home/thulson/catkin_ws/devel/lib/python3/dist-packages/myarm_communication/msg/_MyArmSetCoords.py
Symlinking /home/thulson/catkin_ws/devel/lib/pkgconfig/myarm_communication.pc
Symlinking /home/thulson/catkin_ws/devel/lib/myarm_communication/myarm_topics.py
Symlinking /home/thulson/catkin_ws/devel/lib/myarm_communication/myarm_services.py
Symlinking /home/thulson/catkin_ws/devel/lib/myarm_communication/cmake.lock
Symlinking /home/thulson/catkin_ws/devel/include/myarm_communication/SetAnglesResponse.h
Symlinking /home/thulson/catkin_ws/devel/include/myarm_communication/GetCoordsResponse.h
Symlinking /home/thulson/catkin_ws/devel/include/myarm_communication/PumpStatusRequest.h
Symlinking /home/thulson/catkin_ws/devel/include/myarm_communication/SetCoords.h
Symlinking /home/thulson/catkin_ws/devel/include/myarm_communication/GetAnglesRequest.h
Symlinking /home/thulson/catkin_ws/devel/include/myarm_communication/GetCoords.h
Symlinking /home/thulson/catkin_ws/devel/include/myarm_communication/MyArmSetAngles.h
Symlinking /home/thulson/catkin_ws/devel/include/myarm_communication/MyArmSetCoords.h
Symlinking /home/thulson/catkin_ws/devel/include/myarm_communication/MyArmPumpStatus.h
Symlinking /home/thulson/catkin_ws/devel/include/myarm_communication/GripperStatus.h
Symlinking /home/thulson/catkin_ws/devel/include/myarm_communication/MyArmAngles.h
Symlinking /home/thulson/catkin_ws/devel/include/myarm_communication/PumpStatus.h
Symlinking /home/thulson/catkin_ws/devel/include/myarm_communication/SetAnglesRequest.h
Symlinking /home/thulson/catkin_ws/devel/include/myarm_communication/GetAngles.h
Symlinking /home/thulson/catkin_ws/devel/include/myarm_communication/SetCoordsRequest.h
Symlinking /home/thulson/catkin_ws/devel/include/myarm_communication/GripperStatusRequest.h
Symlinking /home/thulson/catkin_ws/devel/include/myarm_communication/GetCoordsRequest.h
Symlinking /home/thulson/catkin_ws/devel/include/myarm_communication/SetCoordsResponse.h
Symlinking /home/thulson/catkin_ws/devel/include/myarm_communication/GetAnglesResponse.h
Symlinking /home/thulson/catkin_ws/devel/include/myarm_communication/MyArmGripperStatus.h
Symlinking /home/thulson/catkin_ws/devel/include/myarm_communication/PumpStatusResponse.h
Symlinking /home/thulson/catkin_ws/devel/include/myarm_communication/MyArmCoords.h
Symlinking /home/thulson/catkin_ws/devel/include/myarm_communication/GripperStatusResponse.h
Symlinking /home/thulson/catkin_ws/devel/include/myarm_communication/SetAngles.h
Symlinking /home/thulson/catkin_ws/devel/share/common-lisp/ros/myarm_communication/srv/_package_PumpStatus.lisp
Symlinking /home/thulson/catkin_ws/devel/share/common-lisp/ros/myarm_communication/srv/_package_SetAngles.lisp
Symlinking /home/thulson/catkin_ws/devel/share/common-lisp/ros/myarm_communication/srv/SetAngles.lisp
Symlinking /home/thulson/catkin_ws/devel/share/common-lisp/ros/myarm_communication/srv/_package_GetAngles.lisp
Symlinking /home/thulson/catkin_ws/devel/share/common-lisp/ros/myarm_communication/srv/_package.lisp
Symlinking /home/thulson/catkin_ws/devel/share/common-lisp/ros/myarm_communication/srv/GripperStatus.lisp
Symlinking /home/thulson/catkin_ws/devel/share/common-lisp/ros/myarm_communication/srv/_package_SetCoords.lisp
Symlinking /home/thulson/catkin_ws/devel/share/common-lisp/ros/myarm_communication/srv/myarm_communication-srv.asd
Symlinking /home/thulson/catkin_ws/devel/share/common-lisp/ros/myarm_communication/srv/_package_GetCoords.lisp
Symlinking /home/thulson/catkin_ws/devel/share/common-lisp/ros/myarm_communication/srv/GetAngles.lisp
Symlinking /home/thulson/catkin_ws/devel/share/common-lisp/ros/myarm_communication/srv/SetCoords.lisp
Symlinking /home/thulson/catkin_ws/devel/share/common-lisp/ros/myarm_communication/srv/_package_GripperStatus.lisp
Symlinking /home/thulson/catkin_ws/devel/share/common-lisp/ros/myarm_communication/srv/GetCoords.lisp
Symlinking /home/thulson/catkin_ws/devel/share/common-lisp/ros/myarm_communication/srv/PumpStatus.lisp
Symlinking /home/thulson/catkin_ws/devel/share/common-lisp/ros/myarm_communication/msg/_package_MyArmPumpStatus.lisp
Symlinking /home/thulson/catkin_ws/devel/share/common-lisp/ros/myarm_communication/msg/_package_MyArmCoords.lisp
Symlinking /home/thulson/catkin_ws/devel/share/common-lisp/ros/myarm_communication/msg/_package_MyArmSetCoords.lisp
Symlinking /home/thulson/catkin_ws/devel/share/common-lisp/ros/myarm_communication/msg/_package_MyArmAngles.lisp
Symlinking /home/thulson/catkin_ws/devel/share/common-lisp/ros/myarm_communication/msg/_package.lisp
Symlinking /home/thulson/catkin_ws/devel/share/common-lisp/ros/myarm_communication/msg/_package_MyArmSetAngles.lisp
Symlinking /home/thulson/catkin_ws/devel/share/common-lisp/ros/myarm_communication/msg/MyArmSetCoords.lisp
Symlinking /home/thulson/catkin_ws/devel/share/common-lisp/ros/myarm_communication/msg/MyArmPumpStatus.lisp
Symlinking /home/thulson/catkin_ws/devel/share/common-lisp/ros/myarm_communication/msg/myarm_communication-msg.asd
Symlinking /home/thulson/catkin_ws/devel/share/common-lisp/ros/myarm_communication/msg/MyArmCoords.lisp
Symlinking /home/thulson/catkin_ws/devel/share/common-lisp/ros/myarm_communication/msg/MyArmGripperStatus.lisp
Symlinking /home/thulson/catkin_ws/devel/share/common-lisp/ros/myarm_communication/msg/_package_MyArmGripperStatus.lisp
Symlinking /home/thulson/catkin_ws/devel/share/common-lisp/ros/myarm_communication/msg/MyArmSetAngles.lisp
Symlinking /home/thulson/catkin_ws/devel/share/common-lisp/ros/myarm_communication/msg/MyArmAngles.lisp
Symlinking /home/thulson/catkin_ws/devel/share/roseus/ros/myarm_communication/manifest.l
Symlinking /home/thulson/catkin_ws/devel/share/roseus/ros/myarm_communication/srv/GetAngles.l
Symlinking /home/thulson/catkin_ws/devel/share/roseus/ros/myarm_communication/srv/GetCoords.l
Symlinking /home/thulson/catkin_ws/devel/share/roseus/ros/myarm_communication/srv/GripperStatus.l
Symlinking /home/thulson/catkin_ws/devel/share/roseus/ros/myarm_communication/srv/SetAngles.l
Symlinking /home/thulson/catkin_ws/devel/share/roseus/ros/myarm_communication/srv/SetCoords.l
Symlinking /home/thulson/catkin_ws/devel/share/roseus/ros/myarm_communication/srv/PumpStatus.l
Symlinking /home/thulson/catkin_ws/devel/share/roseus/ros/myarm_communication/msg/MyArmPumpStatus.l
Symlinking /home/thulson/catkin_ws/devel/share/roseus/ros/myarm_communication/msg/MyArmSetCoords.l
Symlinking /home/thulson/catkin_ws/devel/share/roseus/ros/myarm_communication/msg/MyArmGripperStatus.l
Symlinking /home/thulson/catkin_ws/devel/share/roseus/ros/myarm_communication/msg/MyArmAngles.l
Symlinking /home/thulson/catkin_ws/devel/share/roseus/ros/myarm_communication/msg/MyArmCoords.l
Symlinking /home/thulson/catkin_ws/devel/share/roseus/ros/myarm_communication/msg/MyArmSetAngles.l
Symlinking /home/thulson/catkin_ws/devel/share/gennodejs/ros/myarm_communication/_index.js
Symlinking /home/thulson/catkin_ws/devel/share/gennodejs/ros/myarm_communication/srv/GetAngles.js
Symlinking /home/thulson/catkin_ws/devel/share/gennodejs/ros/myarm_communication/srv/_index.js
Symlinking /home/thulson/catkin_ws/devel/share/gennodejs/ros/myarm_communication/srv/SetAngles.js
Symlinking /home/thulson/catkin_ws/devel/share/gennodejs/ros/myarm_communication/srv/GetCoords.js
Symlinking /home/thulson/catkin_ws/devel/share/gennodejs/ros/myarm_communication/srv/SetCoords.js
Symlinking /home/thulson/catkin_ws/devel/share/gennodejs/ros/myarm_communication/srv/PumpStatus.js
Symlinking /home/thulson/catkin_ws/devel/share/gennodejs/ros/myarm_communication/srv/GripperStatus.js
Symlinking /home/thulson/catkin_ws/devel/share/gennodejs/ros/myarm_communication/msg/MyArmCoords.js
Symlinking /home/thulson/catkin_ws/devel/share/gennodejs/ros/myarm_communication/msg/_index.js
Symlinking /home/thulson/catkin_ws/devel/share/gennodejs/ros/myarm_communication/msg/MyArmAngles.js
Symlinking /home/thulson/catkin_ws/devel/share/gennodejs/ros/myarm_communication/msg/MyArmPumpStatus.js
Symlinking /home/thulson/catkin_ws/devel/share/gennodejs/ros/myarm_communication/msg/MyArmSetCoords.js
Symlinking /home/thulson/catkin_ws/devel/share/gennodejs/ros/myarm_communication/msg/MyArmSetAngles.js
Symlinking /home/thulson/catkin_ws/devel/share/gennodejs/ros/myarm_communication/msg/MyArmGripperStatus.js
Symlinking /home/thulson/catkin_ws/devel/share/myarm_communication/cmake/myarm_communicationConfig.cmake
Symlinking /home/thulson/catkin_ws/devel/share/myarm_communication/cmake/myarm_communication-msg-paths.cmake
Symlinking /home/thulson/catkin_ws/devel/share/myarm_communication/cmake/myarm_communicationConfig-version.cmake
Symlinking /home/thulson/catkin_ws/devel/share/myarm_communication/cmake/myarm_communication-msg-extras.cmake
