[0.705s] Invoking command in '/home/tyler/colcon_ws/build/mycobot_description': PYTHONPATH=/home/tyler/colcon_ws/build/mycobot_description/prefix_override:/home/tyler/colcon_ws/install/mycobot_description/lib/python3.10/site-packages:${PYTHONPATH} /usr/bin/python3 setup.py develop --uninstall --editable --build-directory /home/tyler/colcon_ws/build/mycobot_description/build
[0.963s] /usr/lib/python3/dist-packages/setuptools/dist.py:723: UserWarning: Usage of dash-separated 'script-dir' will not be supported in future versions. Please use the underscore name 'script_dir' instead
[0.963s]   warnings.warn(
[0.988s] running develop
[0.988s] /usr/lib/python3/dist-packages/setuptools/command/easy_install.py:158: EasyInstallDeprecationWarning: easy_install command is deprecated. Use build and pip and other standards-based tools.
[0.988s]   warnings.warn(
[0.990s] /usr/lib/python3/dist-packages/setuptools/command/install.py:34: SetuptoolsDeprecationWarning: setup.py install is deprecated. Use build and pip and other standards-based tools.
[0.990s]   warnings.warn(
[1.049s] /usr/lib/python3/dist-packages/pkg_resources/__init__.py:116: PkgResourcesDeprecationWarning: 0.1.43ubuntu1 is an invalid version and will not be supported in a future release
[1.049s]   warnings.warn(
[1.049s] /usr/lib/python3/dist-packages/pkg_resources/__init__.py:116: PkgResourcesDeprecationWarning: 1.1build1 is an invalid version and will not be supported in a future release
[1.049s]   warnings.warn(
[1.193s] Invoked command in '/home/tyler/colcon_ws/build/mycobot_description' returned '0': PYTHONPATH=/home/tyler/colcon_ws/build/mycobot_description/prefix_override:/home/tyler/colcon_ws/install/mycobot_description/lib/python3.10/site-packages:${PYTHONPATH} /usr/bin/python3 setup.py develop --uninstall --editable --build-directory /home/tyler/colcon_ws/build/mycobot_description/build
[1.193s] Invoking command in '/home/tyler/colcon_ws/src/mycobot_ros2/mycobot_description': PYTHONPATH=/home/tyler/colcon_ws/build/mycobot_description/prefix_override:/home/tyler/colcon_ws/install/mycobot_description/lib/python3.10/site-packages:${PYTHONPATH} /usr/bin/python3 setup.py egg_info --egg-base ../../../build/mycobot_description build --build-base /home/tyler/colcon_ws/build/mycobot_description/build install --record /home/tyler/colcon_ws/build/mycobot_description/install.log --install-scripts $base/lib/mycobot_description --single-version-externally-managed
[1.425s] /usr/lib/python3/dist-packages/setuptools/dist.py:723: UserWarning: Usage of dash-separated 'script-dir' will not be supported in future versions. Please use the underscore name 'script_dir' instead
[1.425s]   warnings.warn(
[1.435s] running egg_info
[1.436s] writing ../../../build/mycobot_description/mycobot_description.egg-info/PKG-INFO
[1.436s] writing dependency_links to ../../../build/mycobot_description/mycobot_description.egg-info/dependency_links.txt
[1.436s] writing entry points to ../../../build/mycobot_description/mycobot_description.egg-info/entry_points.txt
[1.436s] writing requirements to ../../../build/mycobot_description/mycobot_description.egg-info/requires.txt
[1.436s] writing top-level names to ../../../build/mycobot_description/mycobot_description.egg-info/top_level.txt
[1.439s] reading manifest file '../../../build/mycobot_description/mycobot_description.egg-info/SOURCES.txt'
[1.439s] adding license file 'LICENSE'
[1.441s] writing manifest file '../../../build/mycobot_description/mycobot_description.egg-info/SOURCES.txt'
[1.441s] running build
[1.441s] running build_py
[1.441s] running install
[1.442s] /usr/lib/python3/dist-packages/setuptools/command/install.py:34: SetuptoolsDeprecationWarning: setup.py install is deprecated. Use build and pip and other standards-based tools.
[1.442s]   warnings.warn(
[1.442s] running install_lib
[1.444s] running install_data
[1.447s] running install_egg_info
[1.449s] removing '/home/tyler/colcon_ws/install/mycobot_description/lib/python3.10/site-packages/mycobot_description-0.0.0-py3.10.egg-info' (and everything under it)
[1.449s] Copying ../../../build/mycobot_description/mycobot_description.egg-info to /home/tyler/colcon_ws/install/mycobot_description/lib/python3.10/site-packages/mycobot_description-0.0.0-py3.10.egg-info
[1.449s] running install_scripts
[1.471s] writing list of installed files to '/home/tyler/colcon_ws/build/mycobot_description/install.log'
[1.498s] Invoked command in '/home/tyler/colcon_ws/src/mycobot_ros2/mycobot_description' returned '0': PYTHONPATH=/home/tyler/colcon_ws/build/mycobot_description/prefix_override:/home/tyler/colcon_ws/install/mycobot_description/lib/python3.10/site-packages:${PYTHONPATH} /usr/bin/python3 setup.py egg_info --egg-base ../../../build/mycobot_description build --build-base /home/tyler/colcon_ws/build/mycobot_description/build install --record /home/tyler/colcon_ws/build/mycobot_description/install.log --install-scripts $base/lib/mycobot_description --single-version-externally-managed
