[2.726s] Invoking command in '/home/tyler/Documents/Github/280-M5_ROS/colcon_ws/build/mecharm_pi': AMENT_PREFIX_PATH=/home/tyler/Documents/Github/280-M5_ROS/colcon_ws/install/mecharm_communication:/home/tyler/Documents/Github/280-M5_ROS/colcon_ws/install/mycobot_interfaces:/home/tyler/Documents/Github/280-M5_ROS/colcon_ws/install/mycobot_description:${AMENT_PREFIX_PATH} CMAKE_PREFIX_PATH=/home/tyler/Documents/Github/280-M5_ROS/colcon_ws/install/mycobot_interfaces:${CMAKE_PREFIX_PATH} LD_LIBRARY_PATH=/home/tyler/Documents/Github/280-M5_ROS/colcon_ws/install/mycobot_interfaces/lib:${LD_LIBRARY_PATH} PYTHONPATH=/home/tyler/Documents/Github/280-M5_ROS/colcon_ws/build/mecharm_pi/prefix_override:/home/tyler/Documents/Github/280-M5_ROS/colcon_ws/install/mecharm_pi/lib/python3.10/site-packages:/home/tyler/Documents/Github/280-M5_ROS/colcon_ws/build/mecharm_communication:/home/tyler/Documents/Github/280-M5_ROS/colcon_ws/install/mecharm_communication/lib/python3.10/site-packages:/home/tyler/Documents/Github/280-M5_ROS/colcon_ws/install/mycobot_interfaces/local/lib/python3.10/dist-packages:/home/tyler/Documents/Github/280-M5_ROS/colcon_ws/build/mycobot_description:/home/tyler/Documents/Github/280-M5_ROS/colcon_ws/install/mycobot_description/lib/python3.10/site-packages:${PYTHONPATH} /usr/bin/python3 setup.py develop --editable --build-directory /home/tyler/Documents/Github/280-M5_ROS/colcon_ws/build/mecharm_pi/build --no-deps install_data
[3.475s] /usr/lib/python3/dist-packages/setuptools/dist.py:723: UserWarning: Usage of dash-separated 'script-dir' will not be supported in future versions. Please use the underscore name 'script_dir' instead
[3.475s]   warnings.warn(
[3.562s] running develop
[3.563s] /usr/lib/python3/dist-packages/setuptools/command/easy_install.py:158: EasyInstallDeprecationWarning: easy_install command is deprecated. Use build and pip and other standards-based tools.
[3.563s]   warnings.warn(
[3.567s] /usr/lib/python3/dist-packages/setuptools/command/install.py:34: SetuptoolsDeprecationWarning: setup.py install is deprecated. Use build and pip and other standards-based tools.
[3.567s]   warnings.warn(
[3.783s] /usr/lib/python3/dist-packages/pkg_resources/__init__.py:116: PkgResourcesDeprecationWarning: 0.1.43ubuntu1 is an invalid version and will not be supported in a future release
[3.783s]   warnings.warn(
[3.783s] /usr/lib/python3/dist-packages/pkg_resources/__init__.py:116: PkgResourcesDeprecationWarning: 1.1build1 is an invalid version and will not be supported in a future release
[3.784s]   warnings.warn(
[4.133s] running egg_info
[4.133s] creating mecharm_pi.egg-info
[4.134s] writing mecharm_pi.egg-info/PKG-INFO
[4.134s] writing dependency_links to mecharm_pi.egg-info/dependency_links.txt
[4.134s] writing entry points to mecharm_pi.egg-info/entry_points.txt
[4.134s] writing requirements to mecharm_pi.egg-info/requires.txt
[4.134s] writing top-level names to mecharm_pi.egg-info/top_level.txt
[4.134s] writing manifest file 'mecharm_pi.egg-info/SOURCES.txt'
[4.137s] reading manifest file 'mecharm_pi.egg-info/SOURCES.txt'
[4.138s] writing manifest file 'mecharm_pi.egg-info/SOURCES.txt'
[4.139s] running build_ext
[4.140s] Creating /home/tyler/Documents/Github/280-M5_ROS/colcon_ws/install/mecharm_pi/lib/python3.10/site-packages/mecharm-pi.egg-link (link to .)
[4.141s] Installing detect_marker script to /home/tyler/Documents/Github/280-M5_ROS/colcon_ws/install/mecharm_pi/lib/mecharm_pi
[4.142s] Installing follow_display script to /home/tyler/Documents/Github/280-M5_ROS/colcon_ws/install/mecharm_pi/lib/mecharm_pi
[4.142s] Installing following_marker script to /home/tyler/Documents/Github/280-M5_ROS/colcon_ws/install/mecharm_pi/lib/mecharm_pi
[4.142s] Installing listen_real script to /home/tyler/Documents/Github/280-M5_ROS/colcon_ws/install/mecharm_pi/lib/mecharm_pi
[4.142s] Installing listen_real_of_topic script to /home/tyler/Documents/Github/280-M5_ROS/colcon_ws/install/mecharm_pi/lib/mecharm_pi
[4.143s] Installing simple_gui script to /home/tyler/Documents/Github/280-M5_ROS/colcon_ws/install/mecharm_pi/lib/mecharm_pi
[4.143s] Installing slider_control script to /home/tyler/Documents/Github/280-M5_ROS/colcon_ws/install/mecharm_pi/lib/mecharm_pi
[4.143s] Installing teleop_keyboard script to /home/tyler/Documents/Github/280-M5_ROS/colcon_ws/install/mecharm_pi/lib/mecharm_pi
[4.143s] 
[4.143s] Installed /home/tyler/Documents/Github/280-M5_ROS/colcon_ws/build/mecharm_pi
[4.144s] running install_data
[4.144s] creating /home/tyler/Documents/Github/280-M5_ROS/colcon_ws/install/mecharm_pi/share/ament_index
[4.144s] creating /home/tyler/Documents/Github/280-M5_ROS/colcon_ws/install/mecharm_pi/share/ament_index/resource_index
[4.144s] creating /home/tyler/Documents/Github/280-M5_ROS/colcon_ws/install/mecharm_pi/share/ament_index/resource_index/packages
[4.144s] copying resource/mecharm_pi -> /home/tyler/Documents/Github/280-M5_ROS/colcon_ws/install/mecharm_pi/share/ament_index/resource_index/packages
[4.144s] copying package.xml -> /home/tyler/Documents/Github/280-M5_ROS/colcon_ws/install/mecharm_pi/share/mecharm_pi
[4.145s] creating /home/tyler/Documents/Github/280-M5_ROS/colcon_ws/install/mecharm_pi/share/mecharm_pi/launch
[4.145s] copying launch/follow.launch.py -> /home/tyler/Documents/Github/280-M5_ROS/colcon_ws/install/mecharm_pi/share/mecharm_pi/launch
[4.145s] copying launch/simple_gui.launch.py -> /home/tyler/Documents/Github/280-M5_ROS/colcon_ws/install/mecharm_pi/share/mecharm_pi/launch
[4.145s] copying launch/detect_marker.launch.py -> /home/tyler/Documents/Github/280-M5_ROS/colcon_ws/install/mecharm_pi/share/mecharm_pi/launch
[4.145s] copying launch/teleop_keyboard.launch.py -> /home/tyler/Documents/Github/280-M5_ROS/colcon_ws/install/mecharm_pi/share/mecharm_pi/launch
[4.146s] copying launch/test.launch.py -> /home/tyler/Documents/Github/280-M5_ROS/colcon_ws/install/mecharm_pi/share/mecharm_pi/launch
[4.146s] copying launch/detect_marker_with_topic.launch.py -> /home/tyler/Documents/Github/280-M5_ROS/colcon_ws/install/mecharm_pi/share/mecharm_pi/launch
[4.146s] copying launch/slider_control.launch.py -> /home/tyler/Documents/Github/280-M5_ROS/colcon_ws/install/mecharm_pi/share/mecharm_pi/launch
[4.146s] creating /home/tyler/Documents/Github/280-M5_ROS/colcon_ws/install/mecharm_pi/share/mecharm_pi/config
[4.146s] copying config/mycobot_with_marker.rviz -> /home/tyler/Documents/Github/280-M5_ROS/colcon_ws/install/mecharm_pi/share/mecharm_pi/config
[4.146s] copying config/mecharm_pi.rviz -> /home/tyler/Documents/Github/280-M5_ROS/colcon_ws/install/mecharm_pi/share/mecharm_pi/config
[4.700s] Invoked command in '/home/tyler/Documents/Github/280-M5_ROS/colcon_ws/build/mecharm_pi' returned '0': AMENT_PREFIX_PATH=/home/tyler/Documents/Github/280-M5_ROS/colcon_ws/install/mecharm_communication:/home/tyler/Documents/Github/280-M5_ROS/colcon_ws/install/mycobot_interfaces:/home/tyler/Documents/Github/280-M5_ROS/colcon_ws/install/mycobot_description:${AMENT_PREFIX_PATH} CMAKE_PREFIX_PATH=/home/tyler/Documents/Github/280-M5_ROS/colcon_ws/install/mycobot_interfaces:${CMAKE_PREFIX_PATH} LD_LIBRARY_PATH=/home/tyler/Documents/Github/280-M5_ROS/colcon_ws/install/mycobot_interfaces/lib:${LD_LIBRARY_PATH} PYTHONPATH=/home/tyler/Documents/Github/280-M5_ROS/colcon_ws/build/mecharm_pi/prefix_override:/home/tyler/Documents/Github/280-M5_ROS/colcon_ws/install/mecharm_pi/lib/python3.10/site-packages:/home/tyler/Documents/Github/280-M5_ROS/colcon_ws/build/mecharm_communication:/home/tyler/Documents/Github/280-M5_ROS/colcon_ws/install/mecharm_communication/lib/python3.10/site-packages:/home/tyler/Documents/Github/280-M5_ROS/colcon_ws/install/mycobot_interfaces/local/lib/python3.10/dist-packages:/home/tyler/Documents/Github/280-M5_ROS/colcon_ws/build/mycobot_description:/home/tyler/Documents/Github/280-M5_ROS/colcon_ws/install/mycobot_description/lib/python3.10/site-packages:${PYTHONPATH} /usr/bin/python3 setup.py develop --editable --build-directory /home/tyler/Documents/Github/280-M5_ROS/colcon_ws/build/mecharm_pi/build --no-deps install_data
