[0.612s] Invoking command in '/home/tyler/colcon_ws/build/mycobot_280': AMENT_PREFIX_PATH=/home/tyler/colcon_ws/install/mycobot_communication:/home/tyler/colcon_ws/install/mycobot_description:/home/tyler/colcon_ws/install/mycobot_280:/home/tyler/colcon_ws/install/mycobot_interfaces:/opt/ros/humble PYTHONPATH=/home/tyler/colcon_ws/build/mycobot_280/prefix_override:/home/tyler/colcon_ws/install/mycobot_280/lib/python3.10/site-packages:/home/tyler/colcon_ws/install/mycobot_communication/lib/python3.10/site-packages:/home/tyler/colcon_ws/install/mycobot_description/lib/python3.10/site-packages:/home/tyler/colcon_ws/build/mycobot_280:/home/tyler/colcon_ws/install/mycobot_280/lib/python3.10/site-packages:/home/tyler/colcon_ws/build/mycobot_communication:/home/tyler/colcon_ws/install/mycobot_interfaces/local/lib/python3.10/dist-packages:/home/tyler/colcon_ws/build/mycobot_description:/opt/ros/humble/lib/python3.10/site-packages:/opt/ros/humble/local/lib/python3.10/dist-packages /usr/bin/python3 setup.py develop --uninstall --editable --build-directory /home/tyler/colcon_ws/build/mycobot_280/build
[0.840s] /usr/lib/python3/dist-packages/setuptools/dist.py:723: UserWarning: Usage of dash-separated 'script-dir' will not be supported in future versions. Please use the underscore name 'script_dir' instead
[0.840s]   warnings.warn(
[0.865s] running develop
[0.865s] /usr/lib/python3/dist-packages/setuptools/command/easy_install.py:158: EasyInstallDeprecationWarning: easy_install command is deprecated. Use build and pip and other standards-based tools.
[0.865s]   warnings.warn(
[0.867s] /usr/lib/python3/dist-packages/setuptools/command/install.py:34: SetuptoolsDeprecationWarning: setup.py install is deprecated. Use build and pip and other standards-based tools.
[0.867s]   warnings.warn(
[0.925s] /usr/lib/python3/dist-packages/pkg_resources/__init__.py:116: PkgResourcesDeprecationWarning: 0.1.43ubuntu1 is an invalid version and will not be supported in a future release
[0.925s]   warnings.warn(
[0.925s] /usr/lib/python3/dist-packages/pkg_resources/__init__.py:116: PkgResourcesDeprecationWarning: 1.1build1 is an invalid version and will not be supported in a future release
[0.925s]   warnings.warn(
[1.031s] Removing /home/tyler/colcon_ws/install/mycobot_280/lib/python3.10/site-packages/mycobot-280.egg-link (link to .)
[1.057s] Invoked command in '/home/tyler/colcon_ws/build/mycobot_280' returned '0': AMENT_PREFIX_PATH=/home/tyler/colcon_ws/install/mycobot_communication:/home/tyler/colcon_ws/install/mycobot_description:/home/tyler/colcon_ws/install/mycobot_280:/home/tyler/colcon_ws/install/mycobot_interfaces:/opt/ros/humble PYTHONPATH=/home/tyler/colcon_ws/build/mycobot_280/prefix_override:/home/tyler/colcon_ws/install/mycobot_280/lib/python3.10/site-packages:/home/tyler/colcon_ws/install/mycobot_communication/lib/python3.10/site-packages:/home/tyler/colcon_ws/install/mycobot_description/lib/python3.10/site-packages:/home/tyler/colcon_ws/build/mycobot_280:/home/tyler/colcon_ws/install/mycobot_280/lib/python3.10/site-packages:/home/tyler/colcon_ws/build/mycobot_communication:/home/tyler/colcon_ws/install/mycobot_interfaces/local/lib/python3.10/dist-packages:/home/tyler/colcon_ws/build/mycobot_description:/opt/ros/humble/lib/python3.10/site-packages:/opt/ros/humble/local/lib/python3.10/dist-packages /usr/bin/python3 setup.py develop --uninstall --editable --build-directory /home/tyler/colcon_ws/build/mycobot_280/build
[1.059s] Invoking command in '/home/tyler/colcon_ws/src/mycobot_ros2/mycobot_280/mycobot_280': AMENT_PREFIX_PATH=/home/tyler/colcon_ws/install/mycobot_communication:/home/tyler/colcon_ws/install/mycobot_description:/home/tyler/colcon_ws/install/mycobot_280:/home/tyler/colcon_ws/install/mycobot_interfaces:/opt/ros/humble PYTHONPATH=/home/tyler/colcon_ws/build/mycobot_280/prefix_override:/home/tyler/colcon_ws/install/mycobot_280/lib/python3.10/site-packages:/home/tyler/colcon_ws/install/mycobot_communication/lib/python3.10/site-packages:/home/tyler/colcon_ws/install/mycobot_description/lib/python3.10/site-packages:/home/tyler/colcon_ws/build/mycobot_280:/home/tyler/colcon_ws/install/mycobot_280/lib/python3.10/site-packages:/home/tyler/colcon_ws/build/mycobot_communication:/home/tyler/colcon_ws/install/mycobot_interfaces/local/lib/python3.10/dist-packages:/home/tyler/colcon_ws/build/mycobot_description:/opt/ros/humble/lib/python3.10/site-packages:/opt/ros/humble/local/lib/python3.10/dist-packages /usr/bin/python3 setup.py egg_info --egg-base ../../../../build/mycobot_280 build --build-base /home/tyler/colcon_ws/build/mycobot_280/build install --record /home/tyler/colcon_ws/build/mycobot_280/install.log --install-scripts $base/lib/mycobot_280 --single-version-externally-managed
[1.289s] /usr/lib/python3/dist-packages/setuptools/dist.py:723: UserWarning: Usage of dash-separated 'script-dir' will not be supported in future versions. Please use the underscore name 'script_dir' instead
[1.289s]   warnings.warn(
[1.296s] running egg_info
[1.297s] writing ../../../../build/mycobot_280/mycobot_280.egg-info/PKG-INFO
[1.297s] writing dependency_links to ../../../../build/mycobot_280/mycobot_280.egg-info/dependency_links.txt
[1.297s] writing entry points to ../../../../build/mycobot_280/mycobot_280.egg-info/entry_points.txt
[1.297s] writing requirements to ../../../../build/mycobot_280/mycobot_280.egg-info/requires.txt
[1.297s] writing top-level names to ../../../../build/mycobot_280/mycobot_280.egg-info/top_level.txt
[1.299s] reading manifest file '../../../../build/mycobot_280/mycobot_280.egg-info/SOURCES.txt'
[1.299s] adding license file 'LICENSE'
[1.300s] writing manifest file '../../../../build/mycobot_280/mycobot_280.egg-info/SOURCES.txt'
[1.300s] running build
[1.300s] running build_py
[1.300s] creating /home/tyler/colcon_ws/build/mycobot_280/build
[1.300s] creating /home/tyler/colcon_ws/build/mycobot_280/build/lib
[1.300s] creating /home/tyler/colcon_ws/build/mycobot_280/build/lib/mycobot_280
[1.300s] copying mycobot_280/follow_and_pump.py -> /home/tyler/colcon_ws/build/mycobot_280/build/lib/mycobot_280
[1.301s] copying mycobot_280/slider_control.py -> /home/tyler/colcon_ws/build/mycobot_280/build/lib/mycobot_280
[1.301s] copying mycobot_280/teleop_keyboard.py -> /home/tyler/colcon_ws/build/mycobot_280/build/lib/mycobot_280
[1.301s] copying mycobot_280/listen_real_of_topic.py -> /home/tyler/colcon_ws/build/mycobot_280/build/lib/mycobot_280
[1.301s] copying mycobot_280/listen_real.py -> /home/tyler/colcon_ws/build/mycobot_280/build/lib/mycobot_280
[1.301s] copying mycobot_280/__init__.py -> /home/tyler/colcon_ws/build/mycobot_280/build/lib/mycobot_280
[1.301s] copying mycobot_280/opencv_camera.py -> /home/tyler/colcon_ws/build/mycobot_280/build/lib/mycobot_280
[1.301s] copying mycobot_280/camera_display.py -> /home/tyler/colcon_ws/build/mycobot_280/build/lib/mycobot_280
[1.301s] copying mycobot_280/following_marker.py -> /home/tyler/colcon_ws/build/mycobot_280/build/lib/mycobot_280
[1.301s] copying mycobot_280/simple_gui.py -> /home/tyler/colcon_ws/build/mycobot_280/build/lib/mycobot_280
[1.302s] copying mycobot_280/detect_marker.py -> /home/tyler/colcon_ws/build/mycobot_280/build/lib/mycobot_280
[1.302s] copying mycobot_280/follow_display.py -> /home/tyler/colcon_ws/build/mycobot_280/build/lib/mycobot_280
[1.302s] running install
[1.302s] /usr/lib/python3/dist-packages/setuptools/command/install.py:34: SetuptoolsDeprecationWarning: setup.py install is deprecated. Use build and pip and other standards-based tools.
[1.302s]   warnings.warn(
[1.303s] running install_lib
[1.303s] creating /home/tyler/colcon_ws/install/mycobot_280/lib/python3.10/site-packages/mycobot_280
[1.303s] copying /home/tyler/colcon_ws/build/mycobot_280/build/lib/mycobot_280/follow_and_pump.py -> /home/tyler/colcon_ws/install/mycobot_280/lib/python3.10/site-packages/mycobot_280
[1.303s] copying /home/tyler/colcon_ws/build/mycobot_280/build/lib/mycobot_280/slider_control.py -> /home/tyler/colcon_ws/install/mycobot_280/lib/python3.10/site-packages/mycobot_280
[1.303s] copying /home/tyler/colcon_ws/build/mycobot_280/build/lib/mycobot_280/teleop_keyboard.py -> /home/tyler/colcon_ws/install/mycobot_280/lib/python3.10/site-packages/mycobot_280
[1.304s] copying /home/tyler/colcon_ws/build/mycobot_280/build/lib/mycobot_280/listen_real_of_topic.py -> /home/tyler/colcon_ws/install/mycobot_280/lib/python3.10/site-packages/mycobot_280
[1.304s] copying /home/tyler/colcon_ws/build/mycobot_280/build/lib/mycobot_280/listen_real.py -> /home/tyler/colcon_ws/install/mycobot_280/lib/python3.10/site-packages/mycobot_280
[1.304s] copying /home/tyler/colcon_ws/build/mycobot_280/build/lib/mycobot_280/__init__.py -> /home/tyler/colcon_ws/install/mycobot_280/lib/python3.10/site-packages/mycobot_280
[1.304s] copying /home/tyler/colcon_ws/build/mycobot_280/build/lib/mycobot_280/opencv_camera.py -> /home/tyler/colcon_ws/install/mycobot_280/lib/python3.10/site-packages/mycobot_280
[1.304s] copying /home/tyler/colcon_ws/build/mycobot_280/build/lib/mycobot_280/camera_display.py -> /home/tyler/colcon_ws/install/mycobot_280/lib/python3.10/site-packages/mycobot_280
[1.304s] copying /home/tyler/colcon_ws/build/mycobot_280/build/lib/mycobot_280/following_marker.py -> /home/tyler/colcon_ws/install/mycobot_280/lib/python3.10/site-packages/mycobot_280
[1.304s] copying /home/tyler/colcon_ws/build/mycobot_280/build/lib/mycobot_280/simple_gui.py -> /home/tyler/colcon_ws/install/mycobot_280/lib/python3.10/site-packages/mycobot_280
[1.304s] copying /home/tyler/colcon_ws/build/mycobot_280/build/lib/mycobot_280/detect_marker.py -> /home/tyler/colcon_ws/install/mycobot_280/lib/python3.10/site-packages/mycobot_280
[1.304s] copying /home/tyler/colcon_ws/build/mycobot_280/build/lib/mycobot_280/follow_display.py -> /home/tyler/colcon_ws/install/mycobot_280/lib/python3.10/site-packages/mycobot_280
[1.304s] byte-compiling /home/tyler/colcon_ws/install/mycobot_280/lib/python3.10/site-packages/mycobot_280/follow_and_pump.py to follow_and_pump.cpython-310.pyc
[1.305s] byte-compiling /home/tyler/colcon_ws/install/mycobot_280/lib/python3.10/site-packages/mycobot_280/slider_control.py to slider_control.cpython-310.pyc
[1.306s] byte-compiling /home/tyler/colcon_ws/install/mycobot_280/lib/python3.10/site-packages/mycobot_280/teleop_keyboard.py to teleop_keyboard.cpython-310.pyc
[1.306s] byte-compiling /home/tyler/colcon_ws/install/mycobot_280/lib/python3.10/site-packages/mycobot_280/listen_real_of_topic.py to listen_real_of_topic.cpython-310.pyc
[1.307s] byte-compiling /home/tyler/colcon_ws/install/mycobot_280/lib/python3.10/site-packages/mycobot_280/listen_real.py to listen_real.cpython-310.pyc
[1.307s] byte-compiling /home/tyler/colcon_ws/install/mycobot_280/lib/python3.10/site-packages/mycobot_280/__init__.py to __init__.cpython-310.pyc
[1.307s] byte-compiling /home/tyler/colcon_ws/install/mycobot_280/lib/python3.10/site-packages/mycobot_280/opencv_camera.py to opencv_camera.cpython-310.pyc
[1.308s] byte-compiling /home/tyler/colcon_ws/install/mycobot_280/lib/python3.10/site-packages/mycobot_280/camera_display.py to camera_display.cpython-310.pyc
[1.308s] byte-compiling /home/tyler/colcon_ws/install/mycobot_280/lib/python3.10/site-packages/mycobot_280/following_marker.py to following_marker.cpython-310.pyc
[1.309s] byte-compiling /home/tyler/colcon_ws/install/mycobot_280/lib/python3.10/site-packages/mycobot_280/simple_gui.py to simple_gui.cpython-310.pyc
[1.311s] byte-compiling /home/tyler/colcon_ws/install/mycobot_280/lib/python3.10/site-packages/mycobot_280/detect_marker.py to detect_marker.cpython-310.pyc
[1.311s] byte-compiling /home/tyler/colcon_ws/install/mycobot_280/lib/python3.10/site-packages/mycobot_280/follow_display.py to follow_display.cpython-310.pyc
[1.312s] running install_data
[1.313s] running install_egg_info
[1.315s] Copying ../../../../build/mycobot_280/mycobot_280.egg-info to /home/tyler/colcon_ws/install/mycobot_280/lib/python3.10/site-packages/mycobot_280-0.0.0-py3.10.egg-info
[1.316s] running install_scripts
[1.335s] Installing camera_display script to /home/tyler/colcon_ws/install/mycobot_280/lib/mycobot_280
[1.336s] Installing detect_marker script to /home/tyler/colcon_ws/install/mycobot_280/lib/mycobot_280
[1.336s] Installing follow_display script to /home/tyler/colcon_ws/install/mycobot_280/lib/mycobot_280
[1.336s] Installing following_marker script to /home/tyler/colcon_ws/install/mycobot_280/lib/mycobot_280
[1.336s] Installing listen_real script to /home/tyler/colcon_ws/install/mycobot_280/lib/mycobot_280
[1.336s] Installing listen_real_of_topic script to /home/tyler/colcon_ws/install/mycobot_280/lib/mycobot_280
[1.336s] Installing opencv_camera script to /home/tyler/colcon_ws/install/mycobot_280/lib/mycobot_280
[1.336s] Installing simple_gui script to /home/tyler/colcon_ws/install/mycobot_280/lib/mycobot_280
[1.336s] Installing slider_control script to /home/tyler/colcon_ws/install/mycobot_280/lib/mycobot_280
[1.336s] Installing teleop_keyboard script to /home/tyler/colcon_ws/install/mycobot_280/lib/mycobot_280
[1.337s] writing list of installed files to '/home/tyler/colcon_ws/build/mycobot_280/install.log'
[1.361s] Invoked command in '/home/tyler/colcon_ws/src/mycobot_ros2/mycobot_280/mycobot_280' returned '0': AMENT_PREFIX_PATH=/home/tyler/colcon_ws/install/mycobot_communication:/home/tyler/colcon_ws/install/mycobot_description:/home/tyler/colcon_ws/install/mycobot_280:/home/tyler/colcon_ws/install/mycobot_interfaces:/opt/ros/humble PYTHONPATH=/home/tyler/colcon_ws/build/mycobot_280/prefix_override:/home/tyler/colcon_ws/install/mycobot_280/lib/python3.10/site-packages:/home/tyler/colcon_ws/install/mycobot_communication/lib/python3.10/site-packages:/home/tyler/colcon_ws/install/mycobot_description/lib/python3.10/site-packages:/home/tyler/colcon_ws/build/mycobot_280:/home/tyler/colcon_ws/install/mycobot_280/lib/python3.10/site-packages:/home/tyler/colcon_ws/build/mycobot_communication:/home/tyler/colcon_ws/install/mycobot_interfaces/local/lib/python3.10/dist-packages:/home/tyler/colcon_ws/build/mycobot_description:/opt/ros/humble/lib/python3.10/site-packages:/opt/ros/humble/local/lib/python3.10/dist-packages /usr/bin/python3 setup.py egg_info --egg-base ../../../../build/mycobot_280 build --build-base /home/tyler/colcon_ws/build/mycobot_280/build install --record /home/tyler/colcon_ws/build/mycobot_280/install.log --install-scripts $base/lib/mycobot_280 --single-version-externally-managed
