/usr/lib/python3/dist-packages/setuptools/dist.py:723: UserWarning: Usage of dash-separated 'script-dir' will not be supported in future versions. Please use the underscore name 'script_dir' instead
  warnings.warn(
running develop
/usr/lib/python3/dist-packages/setuptools/command/easy_install.py:158: EasyInstallDeprecationWarning: easy_install command is deprecated. Use build and pip and other standards-based tools.
  warnings.warn(
/usr/lib/python3/dist-packages/setuptools/command/install.py:34: SetuptoolsDeprecationWarning: setup.py install is deprecated. Use build and pip and other standards-based tools.
  warnings.warn(
/usr/lib/python3/dist-packages/pkg_resources/__init__.py:116: PkgResourcesDeprecationWarning: 0.1.43ubuntu1 is an invalid version and will not be supported in a future release
  warnings.warn(
/usr/lib/python3/dist-packages/pkg_resources/__init__.py:116: PkgResourcesDeprecationWarning: 1.1build1 is an invalid version and will not be supported in a future release
  warnings.warn(
Removing /home/tyler/colcon_ws/install/mycobot_description/lib/python3.10/site-packages/mycobot-description.egg-link (link to .)
/usr/lib/python3/dist-packages/setuptools/dist.py:723: UserWarning: Usage of dash-separated 'script-dir' will not be supported in future versions. Please use the underscore name 'script_dir' instead
  warnings.warn(
running egg_info
writing ../../../build/mycobot_description/mycobot_description.egg-info/PKG-INFO
writing dependency_links to ../../../build/mycobot_description/mycobot_description.egg-info/dependency_links.txt
writing entry points to ../../../build/mycobot_description/mycobot_description.egg-info/entry_points.txt
writing requirements to ../../../build/mycobot_description/mycobot_description.egg-info/requires.txt
writing top-level names to ../../../build/mycobot_description/mycobot_description.egg-info/top_level.txt
reading manifest file '../../../build/mycobot_description/mycobot_description.egg-info/SOURCES.txt'
adding license file 'LICENSE'
writing manifest file '../../../build/mycobot_description/mycobot_description.egg-info/SOURCES.txt'
running build
running build_py
creating /home/tyler/colcon_ws/build/mycobot_description/build
creating /home/tyler/colcon_ws/build/mycobot_description/build/lib
creating /home/tyler/colcon_ws/build/mycobot_description/build/lib/mycobot_description
/usr/lib/python3/dist-packages/setuptools/command/install.py:34: SetuptoolsDeprecationWarning: setup.py install is deprecated. Use build and pip and other standards-based tools.
  warnings.warn(
copying mycobot_description/__init__.py -> /home/tyler/colcon_ws/build/mycobot_description/build/lib/mycobot_description
running install
running install_lib
creating /home/tyler/colcon_ws/install/mycobot_description/lib/python3.10/site-packages/mycobot_description
copying /home/tyler/colcon_ws/build/mycobot_description/build/lib/mycobot_description/__init__.py -> /home/tyler/colcon_ws/install/mycobot_description/lib/python3.10/site-packages/mycobot_description
byte-compiling /home/tyler/colcon_ws/install/mycobot_description/lib/python3.10/site-packages/mycobot_description/__init__.py to __init__.cpython-310.pyc
running install_data
running install_egg_info
Copying ../../../build/mycobot_description/mycobot_description.egg-info to /home/tyler/colcon_ws/install/mycobot_description/lib/python3.10/site-packages/mycobot_description-0.0.0-py3.10.egg-info
running install_scripts
writing list of installed files to '/home/tyler/colcon_ws/build/mycobot_description/install.log'
