[0.288s] Invoking command in '/home/tyler/Documents/Github/280-M5_ROS/colcon_ws/build/mycobot_interfaces': CMAKE_PREFIX_PATH=${CMAKE_PREFIX_PATH}:/opt/ros/humble /usr/bin/cmake /home/tyler/Documents/Github/280-M5_ROS/colcon_ws/src/mycobot_ros2/mycobot_280/mycobot_interfaces -DAMENT_CMAKE_SYMLINK_INSTALL=1 -DCMAKE_INSTALL_PREFIX=/home/tyler/Documents/Github/280-M5_ROS/colcon_ws/install/mycobot_interfaces
[0.351s] -- The C compiler identification is GNU 11.3.0
[0.414s] -- The CXX compiler identification is GNU 11.3.0
[0.423s] -- Detecting C compiler ABI info
[0.486s] -- Detecting C compiler ABI info - done
[0.500s] -- Check for working C compiler: /usr/bin/cc - skipped
[0.501s] -- Detecting C compile features
[0.501s] -- Detecting C compile features - done
[0.506s] -- Detecting CXX compiler ABI info
[0.583s] -- Detecting CXX compiler ABI info - done
[0.598s] -- Check for working CXX compiler: /usr/bin/c++ - skipped
[0.598s] -- Detecting CXX compile features
[0.599s] -- Detecting CXX compile features - done
[0.602s] -- Found ament_cmake: 1.3.3 (/opt/ros/humble/share/ament_cmake/cmake)
[0.803s] -- Found Python3: /usr/bin/python3.10 (found version "3.10.6") found components: Interpreter 
[0.870s] -- Override CMake install command with custom implementation using symlinks instead of copying resources
[0.892s] -- Found rosidl_default_generators: 1.2.0 (/opt/ros/humble/share/rosidl_default_generators/cmake)
[0.895s] -- Using all available rosidl_typesupport_c: rosidl_typesupport_fastrtps_c;rosidl_typesupport_introspection_c
[0.901s] -- Found rosidl_adapter: 3.1.4 (/opt/ros/humble/share/rosidl_adapter/cmake)
[0.938s] -- Using all available rosidl_typesupport_cpp: rosidl_typesupport_fastrtps_cpp;rosidl_typesupport_introspection_cpp
[0.969s] -- Found rclpy: 3.3.7 (/opt/ros/humble/share/rclpy/cmake)
[0.970s] -- Found std_msgs: 4.2.3 (/opt/ros/humble/share/std_msgs/cmake)
[1.389s] -- Found ament_cmake_ros: 0.10.0 (/opt/ros/humble/share/ament_cmake_ros/cmake)
[1.652s] -- Using all available rosidl_typesupport_c: rosidl_typesupport_fastrtps_c;rosidl_typesupport_introspection_c
[1.977s] -- Using all available rosidl_typesupport_cpp: rosidl_typesupport_fastrtps_cpp;rosidl_typesupport_introspection_cpp
[2.001s] -- Found PythonInterp: /usr/bin/python3 (found suitable version "3.10.6", minimum required is "3.6") 
[2.003s] -- Found python_cmake_module: 0.10.0 (/opt/ros/humble/share/python_cmake_module/cmake)
[2.030s] -- Found PythonLibs: /usr/lib/x86_64-linux-gnu/libpython3.10.so (found suitable version "3.10.6", minimum required is "3.5") 
[2.030s] -- Using PYTHON_EXECUTABLE: /usr/bin/python3
[2.030s] -- Using PYTHON_INCLUDE_DIRS: /usr/include/python3.10
[2.030s] -- Using PYTHON_LIBRARIES: /usr/lib/x86_64-linux-gnu/libpython3.10.so
[2.051s] -- Found PythonExtra: .so  
[2.109s] -- Found ament_lint_auto: 0.12.5 (/opt/ros/humble/share/ament_lint_auto/cmake)
[2.132s] -- Added test 'copyright' to check source files copyright and LICENSE
[2.135s] -- Added test 'lint_cmake' to check CMake code style
[2.136s] -- Added test 'xmllint' to check XML markup files
[2.139s] -- Configuring done
[2.187s] -- Generating done
[2.189s] -- Build files have been written to: /home/tyler/Documents/Github/280-M5_ROS/colcon_ws/build/mycobot_interfaces
[2.197s] Invoked command in '/home/tyler/Documents/Github/280-M5_ROS/colcon_ws/build/mycobot_interfaces' returned '0': CMAKE_PREFIX_PATH=${CMAKE_PREFIX_PATH}:/opt/ros/humble /usr/bin/cmake /home/tyler/Documents/Github/280-M5_ROS/colcon_ws/src/mycobot_ros2/mycobot_280/mycobot_interfaces -DAMENT_CMAKE_SYMLINK_INSTALL=1 -DCMAKE_INSTALL_PREFIX=/home/tyler/Documents/Github/280-M5_ROS/colcon_ws/install/mycobot_interfaces
[2.199s] Invoking command in '/home/tyler/Documents/Github/280-M5_ROS/colcon_ws/build/mycobot_interfaces': CMAKE_PREFIX_PATH=${CMAKE_PREFIX_PATH}:/opt/ros/humble /usr/bin/cmake --build /home/tyler/Documents/Github/280-M5_ROS/colcon_ws/build/mycobot_interfaces -- -j8 -l8
[2.239s] [  1%] [34m[1mGenerating C code for ROS interfaces[0m
[2.252s] [  1%] [34m[1mGenerating C++ code for ROS interfaces[0m
[2.270s] [  1%] Built target ament_cmake_python_symlink_mycobot_interfaces
[2.712s] running egg_info
[2.713s] creating mycobot_interfaces.egg-info
[2.713s] writing mycobot_interfaces.egg-info/PKG-INFO
[2.713s] writing dependency_links to mycobot_interfaces.egg-info/dependency_links.txt
[2.714s] writing top-level names to mycobot_interfaces.egg-info/top_level.txt
[2.714s] writing manifest file 'mycobot_interfaces.egg-info/SOURCES.txt'
[2.717s] reading manifest file 'mycobot_interfaces.egg-info/SOURCES.txt'
[2.718s] writing manifest file 'mycobot_interfaces.egg-info/SOURCES.txt'
[2.783s] [  1%] Built target ament_cmake_python_build_mycobot_interfaces_egg
[4.243s] [  2%] [32mBuilding C object CMakeFiles/mycobot_interfaces__rosidl_generator_c.dir/rosidl_generator_c/mycobot_interfaces/msg/detail/mycobot_angles__functions.c.o[0m
[4.261s] [  4%] [32mBuilding C object CMakeFiles/mycobot_interfaces__rosidl_generator_c.dir/rosidl_generator_c/mycobot_interfaces/msg/detail/mycobot_set_angles__functions.c.o[0m
[4.261s] [  4%] [32mBuilding C object CMakeFiles/mycobot_interfaces__rosidl_generator_c.dir/rosidl_generator_c/mycobot_interfaces/msg/detail/mycobot_coords__functions.c.o[0m
[4.273s] [  5%] [32mBuilding C object CMakeFiles/mycobot_interfaces__rosidl_generator_c.dir/rosidl_generator_c/mycobot_interfaces/msg/detail/mycobot_gripper_status__functions.c.o[0m
[4.279s] [  5%] [32mBuilding C object CMakeFiles/mycobot_interfaces__rosidl_generator_c.dir/rosidl_generator_c/mycobot_interfaces/msg/detail/mycobot_set_coords__functions.c.o[0m
[4.304s] [  6%] [32mBuilding C object CMakeFiles/mycobot_interfaces__rosidl_generator_c.dir/rosidl_generator_c/mycobot_interfaces/msg/detail/mycobot_pump_status__functions.c.o[0m
[4.305s] [  6%] Built target mycobot_interfaces__cpp
[4.367s] [  7%] [34m[1mGenerating C++ type support dispatch for ROS interfaces[0m
[4.370s] [  7%] [34m[1mGenerating C++ type support for eProsima Fast-RTPS[0m
[4.403s] [  8%] [32mBuilding C object CMakeFiles/mycobot_interfaces__rosidl_generator_c.dir/rosidl_generator_c/mycobot_interfaces/srv/detail/get_angles__functions.c.o[0m
[4.444s] [  9%] [32mBuilding C object CMakeFiles/mycobot_interfaces__rosidl_generator_c.dir/rosidl_generator_c/mycobot_interfaces/srv/detail/set_angles__functions.c.o[0m
[4.474s] [ 10%] [32mBuilding C object CMakeFiles/mycobot_interfaces__rosidl_generator_c.dir/rosidl_generator_c/mycobot_interfaces/srv/detail/get_coords__functions.c.o[0m
[4.487s] [ 11%] [34m[1mGenerating C++ introspection for ROS interfaces[0m
[4.491s] [ 11%] [32mBuilding C object CMakeFiles/mycobot_interfaces__rosidl_generator_c.dir/rosidl_generator_c/mycobot_interfaces/srv/detail/set_coords__functions.c.o[0m
[4.545s] [ 12%] [32mBuilding C object CMakeFiles/mycobot_interfaces__rosidl_generator_c.dir/rosidl_generator_c/mycobot_interfaces/srv/detail/gripper_status__functions.c.o[0m
[4.704s] [ 13%] [32mBuilding C object CMakeFiles/mycobot_interfaces__rosidl_generator_c.dir/rosidl_generator_c/mycobot_interfaces/srv/detail/pump_status__functions.c.o[0m
[4.921s] [ 14%] [32m[1mLinking C shared library libmycobot_interfaces__rosidl_generator_c.so[0m
[5.059s] [ 14%] Built target mycobot_interfaces__rosidl_generator_c
[5.139s] [ 15%] [34m[1mGenerating C type support for eProsima Fast-RTPS[0m
[5.162s] [ 16%] [34m[1mGenerating C introspection for ROS interfaces[0m
[5.168s] [ 17%] [34m[1mGenerating C type support dispatch for ROS interfaces[0m
[7.058s] [ 18%] [32mBuilding CXX object CMakeFiles/mycobot_interfaces__rosidl_typesupport_cpp.dir/rosidl_typesupport_cpp/mycobot_interfaces/msg/mycobot_angles__type_support.cpp.o[0m
[7.090s] [ 19%] [32mBuilding CXX object CMakeFiles/mycobot_interfaces__rosidl_typesupport_cpp.dir/rosidl_typesupport_cpp/mycobot_interfaces/msg/mycobot_set_angles__type_support.cpp.o[0m
[7.100s] [ 20%] [32mBuilding CXX object CMakeFiles/mycobot_interfaces__rosidl_typesupport_cpp.dir/rosidl_typesupport_cpp/mycobot_interfaces/msg/mycobot_coords__type_support.cpp.o[0m
[7.575s] [ 21%] [32mBuilding CXX object CMakeFiles/mycobot_interfaces__rosidl_typesupport_cpp.dir/rosidl_typesupport_cpp/mycobot_interfaces/msg/mycobot_set_coords__type_support.cpp.o[0m
[8.212s] [ 22%] [32mBuilding CXX object CMakeFiles/mycobot_interfaces__rosidl_typesupport_c.dir/rosidl_typesupport_c/mycobot_interfaces/msg/mycobot_angles__type_support.cpp.o[0m
[8.240s] [ 22%] [32mBuilding CXX object CMakeFiles/mycobot_interfaces__rosidl_typesupport_cpp.dir/rosidl_typesupport_cpp/mycobot_interfaces/msg/mycobot_gripper_status__type_support.cpp.o[0m
[8.432s] [ 22%] [32mBuilding CXX object CMakeFiles/mycobot_interfaces__rosidl_typesupport_c.dir/rosidl_typesupport_c/mycobot_interfaces/msg/mycobot_coords__type_support.cpp.o[0m
[8.648s] [ 23%] [32mBuilding CXX object CMakeFiles/mycobot_interfaces__rosidl_typesupport_c.dir/rosidl_typesupport_c/mycobot_interfaces/msg/mycobot_set_angles__type_support.cpp.o[0m
[8.763s] [ 24%] [32mBuilding CXX object CMakeFiles/mycobot_interfaces__rosidl_typesupport_c.dir/rosidl_typesupport_c/mycobot_interfaces/msg/mycobot_set_coords__type_support.cpp.o[0m
[8.922s] [ 25%] [32mBuilding CXX object CMakeFiles/mycobot_interfaces__rosidl_typesupport_c.dir/rosidl_typesupport_c/mycobot_interfaces/msg/mycobot_gripper_status__type_support.cpp.o[0m
[9.060s] [ 26%] [32mBuilding CXX object CMakeFiles/mycobot_interfaces__rosidl_typesupport_c.dir/rosidl_typesupport_c/mycobot_interfaces/msg/mycobot_pump_status__type_support.cpp.o[0m
[9.150s] [ 27%] [32mBuilding CXX object CMakeFiles/mycobot_interfaces__rosidl_typesupport_c.dir/rosidl_typesupport_c/mycobot_interfaces/srv/get_angles__type_support.cpp.o[0m
[9.315s] [ 28%] [32mBuilding CXX object CMakeFiles/mycobot_interfaces__rosidl_typesupport_cpp.dir/rosidl_typesupport_cpp/mycobot_interfaces/msg/mycobot_pump_status__type_support.cpp.o[0m
[9.352s] [ 28%] [32mBuilding CXX object CMakeFiles/mycobot_interfaces__rosidl_typesupport_introspection_cpp.dir/rosidl_typesupport_introspection_cpp/mycobot_interfaces/msg/detail/mycobot_angles__type_support.cpp.o[0m
[9.417s] [ 28%] [32mBuilding CXX object CMakeFiles/mycobot_interfaces__rosidl_typesupport_c.dir/rosidl_typesupport_c/mycobot_interfaces/srv/set_angles__type_support.cpp.o[0m
[9.615s] [ 29%] [32mBuilding CXX object CMakeFiles/mycobot_interfaces__rosidl_typesupport_c.dir/rosidl_typesupport_c/mycobot_interfaces/srv/get_coords__type_support.cpp.o[0m
[9.636s] [ 30%] [32mBuilding CXX object CMakeFiles/mycobot_interfaces__rosidl_typesupport_fastrtps_cpp.dir/rosidl_typesupport_fastrtps_cpp/mycobot_interfaces/msg/detail/dds_fastrtps/mycobot_angles__type_support.cpp.o[0m
[9.677s] [ 31%] [32mBuilding CXX object CMakeFiles/mycobot_interfaces__rosidl_typesupport_c.dir/rosidl_typesupport_c/mycobot_interfaces/srv/set_coords__type_support.cpp.o[0m
[9.808s] [ 33%] [32mBuilding CXX object CMakeFiles/mycobot_interfaces__rosidl_typesupport_cpp.dir/rosidl_typesupport_cpp/mycobot_interfaces/srv/get_angles__type_support.cpp.o[0m
[9.829s] [ 33%] [32mBuilding C object CMakeFiles/mycobot_interfaces__rosidl_typesupport_introspection_c.dir/rosidl_typesupport_introspection_c/mycobot_interfaces/msg/detail/mycobot_angles__type_support.c.o[0m
[10.027s] [ 34%] [32mBuilding CXX object CMakeFiles/mycobot_interfaces__rosidl_typesupport_fastrtps_cpp.dir/rosidl_typesupport_fastrtps_cpp/mycobot_interfaces/msg/detail/dds_fastrtps/mycobot_coords__type_support.cpp.o[0m
[10.056s] [ 35%] [32mBuilding CXX object CMakeFiles/mycobot_interfaces__rosidl_typesupport_c.dir/rosidl_typesupport_c/mycobot_interfaces/srv/gripper_status__type_support.cpp.o[0m
[10.159s] [ 36%] [32mBuilding C object CMakeFiles/mycobot_interfaces__rosidl_typesupport_introspection_c.dir/rosidl_typesupport_introspection_c/mycobot_interfaces/msg/detail/mycobot_coords__type_support.c.o[0m
[10.224s] [ 37%] [32mBuilding CXX object CMakeFiles/mycobot_interfaces__rosidl_typesupport_c.dir/rosidl_typesupport_c/mycobot_interfaces/srv/pump_status__type_support.cpp.o[0m
[10.470s] [ 38%] [32mBuilding CXX object CMakeFiles/mycobot_interfaces__rosidl_typesupport_fastrtps_c.dir/rosidl_typesupport_fastrtps_c/mycobot_interfaces/msg/detail/mycobot_angles__type_support_c.cpp.o[0m
[10.511s] [ 39%] [32mBuilding C object CMakeFiles/mycobot_interfaces__rosidl_typesupport_introspection_c.dir/rosidl_typesupport_introspection_c/mycobot_interfaces/msg/detail/mycobot_set_angles__type_support.c.o[0m
[10.644s] [ 40%] [32m[1mLinking CXX shared library libmycobot_interfaces__rosidl_typesupport_c.so[0m
[10.710s] [ 40%] [32mBuilding C object CMakeFiles/mycobot_interfaces__rosidl_typesupport_introspection_c.dir/rosidl_typesupport_introspection_c/mycobot_interfaces/msg/detail/mycobot_set_coords__type_support.c.o[0m
[10.905s] [ 40%] Built target mycobot_interfaces__rosidl_typesupport_c
[10.950s] [ 41%] [32mBuilding C object CMakeFiles/mycobot_interfaces__rosidl_typesupport_introspection_c.dir/rosidl_typesupport_introspection_c/mycobot_interfaces/msg/detail/mycobot_gripper_status__type_support.c.o[0m
[10.999s] [ 42%] [32mBuilding CXX object CMakeFiles/mycobot_interfaces__rosidl_typesupport_cpp.dir/rosidl_typesupport_cpp/mycobot_interfaces/srv/set_angles__type_support.cpp.o[0m
[11.215s] [ 43%] [32mBuilding C object CMakeFiles/mycobot_interfaces__rosidl_typesupport_introspection_c.dir/rosidl_typesupport_introspection_c/mycobot_interfaces/msg/detail/mycobot_pump_status__type_support.c.o[0m
[11.315s] [ 44%] [32mBuilding CXX object CMakeFiles/mycobot_interfaces__rosidl_typesupport_introspection_cpp.dir/rosidl_typesupport_introspection_cpp/mycobot_interfaces/msg/detail/mycobot_coords__type_support.cpp.o[0m
[11.327s] [ 45%] [32mBuilding CXX object CMakeFiles/mycobot_interfaces__rosidl_typesupport_cpp.dir/rosidl_typesupport_cpp/mycobot_interfaces/srv/get_coords__type_support.cpp.o[0m
[11.328s] [ 46%] [32mBuilding CXX object CMakeFiles/mycobot_interfaces__rosidl_typesupport_fastrtps_cpp.dir/rosidl_typesupport_fastrtps_cpp/mycobot_interfaces/msg/detail/dds_fastrtps/mycobot_set_angles__type_support.cpp.o[0m
[11.341s] [ 47%] [32mBuilding C object CMakeFiles/mycobot_interfaces__rosidl_typesupport_introspection_c.dir/rosidl_typesupport_introspection_c/mycobot_interfaces/srv/detail/get_angles__type_support.c.o[0m
[11.569s] [ 48%] [32mBuilding C object CMakeFiles/mycobot_interfaces__rosidl_typesupport_introspection_c.dir/rosidl_typesupport_introspection_c/mycobot_interfaces/srv/detail/set_angles__type_support.c.o[0m
[11.770s] [ 49%] [32mBuilding CXX object CMakeFiles/mycobot_interfaces__rosidl_typesupport_introspection_cpp.dir/rosidl_typesupport_introspection_cpp/mycobot_interfaces/msg/detail/mycobot_set_angles__type_support.cpp.o[0m
[11.827s] [ 50%] [32mBuilding C object CMakeFiles/mycobot_interfaces__rosidl_typesupport_introspection_c.dir/rosidl_typesupport_introspection_c/mycobot_interfaces/srv/detail/get_coords__type_support.c.o[0m
[12.052s] [ 51%] [32mBuilding C object CMakeFiles/mycobot_interfaces__rosidl_typesupport_introspection_c.dir/rosidl_typesupport_introspection_c/mycobot_interfaces/srv/detail/set_coords__type_support.c.o[0m
[12.275s] [ 51%] [32mBuilding C object CMakeFiles/mycobot_interfaces__rosidl_typesupport_introspection_c.dir/rosidl_typesupport_introspection_c/mycobot_interfaces/srv/detail/gripper_status__type_support.c.o[0m
[12.411s] [ 52%] [32mBuilding CXX object CMakeFiles/mycobot_interfaces__rosidl_typesupport_introspection_cpp.dir/rosidl_typesupport_introspection_cpp/mycobot_interfaces/msg/detail/mycobot_set_coords__type_support.cpp.o[0m
[12.647s] [ 53%] [32mBuilding C object CMakeFiles/mycobot_interfaces__rosidl_typesupport_introspection_c.dir/rosidl_typesupport_introspection_c/mycobot_interfaces/srv/detail/pump_status__type_support.c.o[0m
[13.067s] [ 54%] [32m[1mLinking C shared library libmycobot_interfaces__rosidl_typesupport_introspection_c.so[0m
[13.127s] [ 55%] [32mBuilding CXX object CMakeFiles/mycobot_interfaces__rosidl_typesupport_fastrtps_c.dir/rosidl_typesupport_fastrtps_c/mycobot_interfaces/msg/detail/mycobot_coords__type_support_c.cpp.o[0m
[13.229s] [ 57%] [32mBuilding CXX object CMakeFiles/mycobot_interfaces__rosidl_typesupport_cpp.dir/rosidl_typesupport_cpp/mycobot_interfaces/srv/set_coords__type_support.cpp.o[0m
[13.230s] [ 57%] [32mBuilding CXX object CMakeFiles/mycobot_interfaces__rosidl_typesupport_introspection_cpp.dir/rosidl_typesupport_introspection_cpp/mycobot_interfaces/msg/detail/mycobot_gripper_status__type_support.cpp.o[0m
[13.351s] [ 58%] [32mBuilding CXX object CMakeFiles/mycobot_interfaces__rosidl_typesupport_fastrtps_cpp.dir/rosidl_typesupport_fastrtps_cpp/mycobot_interfaces/msg/detail/dds_fastrtps/mycobot_set_coords__type_support.cpp.o[0m
[13.399s] [ 58%] Built target mycobot_interfaces__rosidl_typesupport_introspection_c
[13.453s] [ 59%] [32mBuilding CXX object CMakeFiles/mycobot_interfaces__rosidl_typesupport_fastrtps_cpp.dir/rosidl_typesupport_fastrtps_cpp/mycobot_interfaces/msg/detail/dds_fastrtps/mycobot_gripper_status__type_support.cpp.o[0m
[13.628s] [ 60%] [32mBuilding CXX object CMakeFiles/mycobot_interfaces__rosidl_typesupport_introspection_cpp.dir/rosidl_typesupport_introspection_cpp/mycobot_interfaces/msg/detail/mycobot_pump_status__type_support.cpp.o[0m
[15.123s] [ 60%] [32mBuilding CXX object CMakeFiles/mycobot_interfaces__rosidl_typesupport_introspection_cpp.dir/rosidl_typesupport_introspection_cpp/mycobot_interfaces/srv/detail/get_angles__type_support.cpp.o[0m
[15.364s] [ 61%] [32mBuilding CXX object CMakeFiles/mycobot_interfaces__rosidl_typesupport_introspection_cpp.dir/rosidl_typesupport_introspection_cpp/mycobot_interfaces/srv/detail/set_angles__type_support.cpp.o[0m
[15.841s] [ 62%] [32mBuilding CXX object CMakeFiles/mycobot_interfaces__rosidl_typesupport_introspection_cpp.dir/rosidl_typesupport_introspection_cpp/mycobot_interfaces/srv/detail/get_coords__type_support.cpp.o[0m
[15.875s] [ 62%] [32mBuilding CXX object CMakeFiles/mycobot_interfaces__rosidl_typesupport_cpp.dir/rosidl_typesupport_cpp/mycobot_interfaces/srv/gripper_status__type_support.cpp.o[0m
[16.564s] [ 63%] [32mBuilding CXX object CMakeFiles/mycobot_interfaces__rosidl_typesupport_introspection_cpp.dir/rosidl_typesupport_introspection_cpp/mycobot_interfaces/srv/detail/set_coords__type_support.cpp.o[0m
[16.591s] [ 63%] [32mBuilding CXX object CMakeFiles/mycobot_interfaces__rosidl_typesupport_fastrtps_c.dir/rosidl_typesupport_fastrtps_c/mycobot_interfaces/msg/detail/mycobot_set_angles__type_support_c.cpp.o[0m
[16.598s] [ 63%] [32mBuilding CXX object CMakeFiles/mycobot_interfaces__rosidl_typesupport_fastrtps_cpp.dir/rosidl_typesupport_fastrtps_cpp/mycobot_interfaces/msg/detail/dds_fastrtps/mycobot_pump_status__type_support.cpp.o[0m
[18.020s] [ 64%] [32mBuilding CXX object CMakeFiles/mycobot_interfaces__rosidl_typesupport_fastrtps_cpp.dir/rosidl_typesupport_fastrtps_cpp/mycobot_interfaces/srv/detail/dds_fastrtps/get_angles__type_support.cpp.o[0m
[18.242s] [ 65%] [32mBuilding CXX object CMakeFiles/mycobot_interfaces__rosidl_typesupport_cpp.dir/rosidl_typesupport_cpp/mycobot_interfaces/srv/pump_status__type_support.cpp.o[0m
[18.780s] [ 66%] [32mBuilding CXX object CMakeFiles/mycobot_interfaces__rosidl_typesupport_fastrtps_cpp.dir/rosidl_typesupport_fastrtps_cpp/mycobot_interfaces/srv/detail/dds_fastrtps/set_angles__type_support.cpp.o[0m
[19.673s] [ 67%] [32mBuilding CXX object CMakeFiles/mycobot_interfaces__rosidl_typesupport_introspection_cpp.dir/rosidl_typesupport_introspection_cpp/mycobot_interfaces/srv/detail/gripper_status__type_support.cpp.o[0m
[20.509s] [ 68%] [32mBuilding CXX object CMakeFiles/mycobot_interfaces__rosidl_typesupport_introspection_cpp.dir/rosidl_typesupport_introspection_cpp/mycobot_interfaces/srv/detail/pump_status__type_support.cpp.o[0m
[21.018s] [ 69%] [32mBuilding CXX object CMakeFiles/mycobot_interfaces__rosidl_typesupport_fastrtps_c.dir/rosidl_typesupport_fastrtps_c/mycobot_interfaces/msg/detail/mycobot_set_coords__type_support_c.cpp.o[0m
[21.092s] [ 70%] [32m[1mLinking CXX shared library libmycobot_interfaces__rosidl_typesupport_cpp.so[0m
[21.403s] [ 71%] [32mBuilding CXX object CMakeFiles/mycobot_interfaces__rosidl_typesupport_fastrtps_c.dir/rosidl_typesupport_fastrtps_c/mycobot_interfaces/msg/detail/mycobot_gripper_status__type_support_c.cpp.o[0m
[21.441s] [ 72%] [32mBuilding CXX object CMakeFiles/mycobot_interfaces__rosidl_typesupport_fastrtps_cpp.dir/rosidl_typesupport_fastrtps_cpp/mycobot_interfaces/srv/detail/dds_fastrtps/get_coords__type_support.cpp.o[0m
[21.909s] [ 72%] Built target mycobot_interfaces__rosidl_typesupport_cpp
[23.456s] [ 73%] [32mBuilding CXX object CMakeFiles/mycobot_interfaces__rosidl_typesupport_fastrtps_c.dir/rosidl_typesupport_fastrtps_c/mycobot_interfaces/srv/detail/set_angles__type_support_c.cpp.o[0m
[23.606s] [ 74%] [32m[1mLinking CXX shared library libmycobot_interfaces__rosidl_typesupport_introspection_cpp.so[0m
[23.675s] [ 74%] [32mBuilding CXX object CMakeFiles/mycobot_interfaces__rosidl_typesupport_fastrtps_cpp.dir/rosidl_typesupport_fastrtps_cpp/mycobot_interfaces/srv/detail/dds_fastrtps/pump_status__type_support.cpp.o[0m
[23.694s] [ 74%] Built target mycobot_interfaces__rosidl_typesupport_introspection_cpp
[24.172s] [ 75%] [32mBuilding CXX object CMakeFiles/mycobot_interfaces__rosidl_typesupport_fastrtps_c.dir/rosidl_typesupport_fastrtps_c/mycobot_interfaces/srv/detail/set_coords__type_support_c.cpp.o[0m
[24.433s] [ 76%] [32mBuilding CXX object CMakeFiles/mycobot_interfaces__rosidl_typesupport_fastrtps_cpp.dir/rosidl_typesupport_fastrtps_cpp/mycobot_interfaces/srv/detail/dds_fastrtps/gripper_status__type_support.cpp.o[0m
[24.782s] [ 77%] [32mBuilding CXX object CMakeFiles/mycobot_interfaces__rosidl_typesupport_fastrtps_c.dir/rosidl_typesupport_fastrtps_c/mycobot_interfaces/srv/detail/pump_status__type_support_c.cpp.o[0m
[25.112s] [ 78%] [32mBuilding CXX object CMakeFiles/mycobot_interfaces__rosidl_typesupport_fastrtps_cpp.dir/rosidl_typesupport_fastrtps_cpp/mycobot_interfaces/srv/detail/dds_fastrtps/set_coords__type_support.cpp.o[0m
[25.375s] [ 79%] [32mBuilding CXX object CMakeFiles/mycobot_interfaces__rosidl_typesupport_fastrtps_c.dir/rosidl_typesupport_fastrtps_c/mycobot_interfaces/srv/detail/gripper_status__type_support_c.cpp.o[0m
[25.777s] [ 80%] [32m[1mLinking CXX shared library libmycobot_interfaces__rosidl_typesupport_fastrtps_cpp.so[0m
[25.916s] [ 80%] Built target mycobot_interfaces__rosidl_typesupport_fastrtps_cpp
[25.942s] [ 80%] [32mBuilding CXX object CMakeFiles/mycobot_interfaces__rosidl_typesupport_fastrtps_c.dir/rosidl_typesupport_fastrtps_c/mycobot_interfaces/srv/detail/get_coords__type_support_c.cpp.o[0m
[26.575s] [ 82%] [32mBuilding CXX object CMakeFiles/mycobot_interfaces__rosidl_typesupport_fastrtps_c.dir/rosidl_typesupport_fastrtps_c/mycobot_interfaces/msg/detail/mycobot_pump_status__type_support_c.cpp.o[0m
[26.576s] [ 82%] [32mBuilding CXX object CMakeFiles/mycobot_interfaces__rosidl_typesupport_fastrtps_c.dir/rosidl_typesupport_fastrtps_c/mycobot_interfaces/srv/detail/get_angles__type_support_c.cpp.o[0m
[27.182s] [ 83%] [32m[1mLinking CXX shared library libmycobot_interfaces__rosidl_typesupport_fastrtps_c.so[0m
[27.302s] [ 83%] Built target mycobot_interfaces__rosidl_typesupport_fastrtps_c
[27.324s] [ 83%] Built target mycobot_interfaces
[27.349s] [ 84%] [34m[1mGenerating Python code for ROS interfaces[0m
[30.198s] [ 84%] Built target mycobot_interfaces__py
[30.248s] [ 86%] [32mBuilding C object CMakeFiles/mycobot_interfaces__rosidl_generator_py.dir/rosidl_generator_py/mycobot_interfaces/msg/_mycobot_angles_s.c.o[0m
[30.249s] [ 86%] [32mBuilding C object CMakeFiles/mycobot_interfaces__rosidl_generator_py.dir/rosidl_generator_py/mycobot_interfaces/msg/_mycobot_coords_s.c.o[0m
[30.554s] [ 87%] [32mBuilding C object CMakeFiles/mycobot_interfaces__rosidl_generator_py.dir/rosidl_generator_py/mycobot_interfaces/srv/_set_angles_s.c.o[0m
[30.559s] [ 88%] [32mBuilding C object CMakeFiles/mycobot_interfaces__rosidl_generator_py.dir/rosidl_generator_py/mycobot_interfaces/srv/_get_angles_s.c.o[0m
[30.820s] [ 88%] [32mBuilding C object CMakeFiles/mycobot_interfaces__rosidl_generator_py.dir/rosidl_generator_py/mycobot_interfaces/srv/_set_coords_s.c.o[0m
[30.851s] [ 89%] [32mBuilding C object CMakeFiles/mycobot_interfaces__rosidl_generator_py.dir/rosidl_generator_py/mycobot_interfaces/srv/_gripper_status_s.c.o[0m
[31.008s] [ 90%] [32mBuilding C object CMakeFiles/mycobot_interfaces__rosidl_generator_py.dir/rosidl_generator_py/mycobot_interfaces/srv/_pump_status_s.c.o[0m
[31.125s] [ 91%] [32mBuilding C object CMakeFiles/mycobot_interfaces__rosidl_generator_py.dir/rosidl_generator_py/mycobot_interfaces/srv/_get_coords_s.c.o[0m
[31.181s] [ 92%] [32mBuilding C object CMakeFiles/mycobot_interfaces__rosidl_generator_py.dir/rosidl_generator_py/mycobot_interfaces/msg/_mycobot_pump_status_s.c.o[0m
[31.302s] [ 93%] [32mBuilding C object CMakeFiles/mycobot_interfaces__rosidl_generator_py.dir/rosidl_generator_py/mycobot_interfaces/msg/_mycobot_gripper_status_s.c.o[0m
[31.359s] [ 94%] [32mBuilding C object CMakeFiles/mycobot_interfaces__rosidl_generator_py.dir/rosidl_generator_py/mycobot_interfaces/msg/_mycobot_set_coords_s.c.o[0m
[31.473s] [ 94%] [32mBuilding C object CMakeFiles/mycobot_interfaces__rosidl_generator_py.dir/rosidl_generator_py/mycobot_interfaces/msg/_mycobot_set_angles_s.c.o[0m
[31.652s] [ 95%] [32m[1mLinking C shared library rosidl_generator_py/mycobot_interfaces/libmycobot_interfaces__rosidl_generator_py.so[0m
[31.717s] [ 95%] Built target mycobot_interfaces__rosidl_generator_py
[31.746s] [ 96%] [32mBuilding C object CMakeFiles/mycobot_interfaces__rosidl_typesupport_fastrtps_c__pyext.dir/rosidl_generator_py/mycobot_interfaces/_mycobot_interfaces_s.ep.rosidl_typesupport_fastrtps_c.c.o[0m
[31.751s] [ 96%] [32mBuilding C object CMakeFiles/mycobot_interfaces__rosidl_typesupport_c__pyext.dir/rosidl_generator_py/mycobot_interfaces/_mycobot_interfaces_s.ep.rosidl_typesupport_c.c.o[0m
[31.752s] [ 97%] [32mBuilding C object CMakeFiles/mycobot_interfaces__rosidl_typesupport_introspection_c__pyext.dir/rosidl_generator_py/mycobot_interfaces/_mycobot_interfaces_s.ep.rosidl_typesupport_introspection_c.c.o[0m
[32.058s] [ 98%] [32m[1mLinking C shared library rosidl_generator_py/mycobot_interfaces/mycobot_interfaces_s__rosidl_typesupport_fastrtps_c.cpython-310-x86_64-linux-gnu.so[0m
[32.099s] [ 99%] [32m[1mLinking C shared library rosidl_generator_py/mycobot_interfaces/mycobot_interfaces_s__rosidl_typesupport_c.cpython-310-x86_64-linux-gnu.so[0m
[32.118s] [ 99%] Built target mycobot_interfaces__rosidl_typesupport_fastrtps_c__pyext
[32.125s] [100%] [32m[1mLinking C shared library rosidl_generator_py/mycobot_interfaces/mycobot_interfaces_s__rosidl_typesupport_introspection_c.cpython-310-x86_64-linux-gnu.so[0m
[32.167s] [100%] Built target mycobot_interfaces__rosidl_typesupport_c__pyext
[32.181s] [100%] Built target mycobot_interfaces__rosidl_typesupport_introspection_c__pyext
[32.197s] Invoked command in '/home/tyler/Documents/Github/280-M5_ROS/colcon_ws/build/mycobot_interfaces' returned '0': CMAKE_PREFIX_PATH=${CMAKE_PREFIX_PATH}:/opt/ros/humble /usr/bin/cmake --build /home/tyler/Documents/Github/280-M5_ROS/colcon_ws/build/mycobot_interfaces -- -j8 -l8
[32.469s] Invoking command in '/home/tyler/Documents/Github/280-M5_ROS/colcon_ws/build/mycobot_interfaces': CMAKE_PREFIX_PATH=${CMAKE_PREFIX_PATH}:/opt/ros/humble /usr/bin/cmake --install /home/tyler/Documents/Github/280-M5_ROS/colcon_ws/build/mycobot_interfaces
[32.477s] -- Install configuration: ""
[32.478s] -- Execute custom install script
[32.480s] -- Symlinking: /home/tyler/Documents/Github/280-M5_ROS/colcon_ws/install/mycobot_interfaces/share/ament_index/resource_index/rosidl_interfaces/mycobot_interfaces
[32.490s] -- Symlinking: /home/tyler/Documents/Github/280-M5_ROS/colcon_ws/install/mycobot_interfaces/include/mycobot_interfaces/mycobot_interfaces/msg/detail/mycobot_angles__functions.h
[32.499s] -- Symlinking: /home/tyler/Documents/Github/280-M5_ROS/colcon_ws/install/mycobot_interfaces/include/mycobot_interfaces/mycobot_interfaces/msg/detail/mycobot_angles__struct.h
[32.511s] -- Symlinking: /home/tyler/Documents/Github/280-M5_ROS/colcon_ws/install/mycobot_interfaces/include/mycobot_interfaces/mycobot_interfaces/msg/detail/mycobot_angles__type_support.h
[32.521s] -- Symlinking: /home/tyler/Documents/Github/280-M5_ROS/colcon_ws/install/mycobot_interfaces/include/mycobot_interfaces/mycobot_interfaces/msg/detail/mycobot_coords__functions.h
[32.531s] -- Symlinking: /home/tyler/Documents/Github/280-M5_ROS/colcon_ws/install/mycobot_interfaces/include/mycobot_interfaces/mycobot_interfaces/msg/detail/mycobot_coords__struct.h
[32.541s] -- Symlinking: /home/tyler/Documents/Github/280-M5_ROS/colcon_ws/install/mycobot_interfaces/include/mycobot_interfaces/mycobot_interfaces/msg/detail/mycobot_coords__type_support.h
[32.550s] -- Symlinking: /home/tyler/Documents/Github/280-M5_ROS/colcon_ws/install/mycobot_interfaces/include/mycobot_interfaces/mycobot_interfaces/msg/detail/mycobot_gripper_status__functions.h
[32.559s] -- Symlinking: /home/tyler/Documents/Github/280-M5_ROS/colcon_ws/install/mycobot_interfaces/include/mycobot_interfaces/mycobot_interfaces/msg/detail/mycobot_gripper_status__struct.h
[32.569s] -- Symlinking: /home/tyler/Documents/Github/280-M5_ROS/colcon_ws/install/mycobot_interfaces/include/mycobot_interfaces/mycobot_interfaces/msg/detail/mycobot_gripper_status__type_support.h
[32.578s] -- Symlinking: /home/tyler/Documents/Github/280-M5_ROS/colcon_ws/install/mycobot_interfaces/include/mycobot_interfaces/mycobot_interfaces/msg/detail/mycobot_pump_status__functions.h
[32.588s] -- Symlinking: /home/tyler/Documents/Github/280-M5_ROS/colcon_ws/install/mycobot_interfaces/include/mycobot_interfaces/mycobot_interfaces/msg/detail/mycobot_pump_status__struct.h
[32.598s] -- Symlinking: /home/tyler/Documents/Github/280-M5_ROS/colcon_ws/install/mycobot_interfaces/include/mycobot_interfaces/mycobot_interfaces/msg/detail/mycobot_pump_status__type_support.h
[32.607s] -- Symlinking: /home/tyler/Documents/Github/280-M5_ROS/colcon_ws/install/mycobot_interfaces/include/mycobot_interfaces/mycobot_interfaces/msg/detail/mycobot_set_angles__functions.h
[32.617s] -- Symlinking: /home/tyler/Documents/Github/280-M5_ROS/colcon_ws/install/mycobot_interfaces/include/mycobot_interfaces/mycobot_interfaces/msg/detail/mycobot_set_angles__struct.h
[32.626s] -- Symlinking: /home/tyler/Documents/Github/280-M5_ROS/colcon_ws/install/mycobot_interfaces/include/mycobot_interfaces/mycobot_interfaces/msg/detail/mycobot_set_angles__type_support.h
[32.635s] -- Symlinking: /home/tyler/Documents/Github/280-M5_ROS/colcon_ws/install/mycobot_interfaces/include/mycobot_interfaces/mycobot_interfaces/msg/detail/mycobot_set_coords__functions.h
[32.644s] -- Symlinking: /home/tyler/Documents/Github/280-M5_ROS/colcon_ws/install/mycobot_interfaces/include/mycobot_interfaces/mycobot_interfaces/msg/detail/mycobot_set_coords__struct.h
[32.653s] -- Symlinking: /home/tyler/Documents/Github/280-M5_ROS/colcon_ws/install/mycobot_interfaces/include/mycobot_interfaces/mycobot_interfaces/msg/detail/mycobot_set_coords__type_support.h
[32.662s] -- Symlinking: /home/tyler/Documents/Github/280-M5_ROS/colcon_ws/install/mycobot_interfaces/include/mycobot_interfaces/mycobot_interfaces/msg/mycobot_angles.h
[32.671s] -- Symlinking: /home/tyler/Documents/Github/280-M5_ROS/colcon_ws/install/mycobot_interfaces/include/mycobot_interfaces/mycobot_interfaces/msg/mycobot_coords.h
[32.681s] -- Symlinking: /home/tyler/Documents/Github/280-M5_ROS/colcon_ws/install/mycobot_interfaces/include/mycobot_interfaces/mycobot_interfaces/msg/mycobot_gripper_status.h
[32.691s] -- Symlinking: /home/tyler/Documents/Github/280-M5_ROS/colcon_ws/install/mycobot_interfaces/include/mycobot_interfaces/mycobot_interfaces/msg/mycobot_pump_status.h
[32.699s] -- Symlinking: /home/tyler/Documents/Github/280-M5_ROS/colcon_ws/install/mycobot_interfaces/include/mycobot_interfaces/mycobot_interfaces/msg/mycobot_set_angles.h
[32.708s] -- Symlinking: /home/tyler/Documents/Github/280-M5_ROS/colcon_ws/install/mycobot_interfaces/include/mycobot_interfaces/mycobot_interfaces/msg/mycobot_set_coords.h
[32.716s] -- Symlinking: /home/tyler/Documents/Github/280-M5_ROS/colcon_ws/install/mycobot_interfaces/include/mycobot_interfaces/mycobot_interfaces/msg/rosidl_generator_c__visibility_control.h
[32.725s] -- Symlinking: /home/tyler/Documents/Github/280-M5_ROS/colcon_ws/install/mycobot_interfaces/include/mycobot_interfaces/mycobot_interfaces/srv/detail/get_angles__functions.h
[32.734s] -- Symlinking: /home/tyler/Documents/Github/280-M5_ROS/colcon_ws/install/mycobot_interfaces/include/mycobot_interfaces/mycobot_interfaces/srv/detail/get_angles__struct.h
[32.743s] -- Symlinking: /home/tyler/Documents/Github/280-M5_ROS/colcon_ws/install/mycobot_interfaces/include/mycobot_interfaces/mycobot_interfaces/srv/detail/get_angles__type_support.h
[32.752s] -- Symlinking: /home/tyler/Documents/Github/280-M5_ROS/colcon_ws/install/mycobot_interfaces/include/mycobot_interfaces/mycobot_interfaces/srv/detail/get_coords__functions.h
[32.761s] -- Symlinking: /home/tyler/Documents/Github/280-M5_ROS/colcon_ws/install/mycobot_interfaces/include/mycobot_interfaces/mycobot_interfaces/srv/detail/get_coords__struct.h
[32.770s] -- Symlinking: /home/tyler/Documents/Github/280-M5_ROS/colcon_ws/install/mycobot_interfaces/include/mycobot_interfaces/mycobot_interfaces/srv/detail/get_coords__type_support.h
[32.779s] -- Symlinking: /home/tyler/Documents/Github/280-M5_ROS/colcon_ws/install/mycobot_interfaces/include/mycobot_interfaces/mycobot_interfaces/srv/detail/gripper_status__functions.h
[32.788s] -- Symlinking: /home/tyler/Documents/Github/280-M5_ROS/colcon_ws/install/mycobot_interfaces/include/mycobot_interfaces/mycobot_interfaces/srv/detail/gripper_status__struct.h
[32.797s] -- Symlinking: /home/tyler/Documents/Github/280-M5_ROS/colcon_ws/install/mycobot_interfaces/include/mycobot_interfaces/mycobot_interfaces/srv/detail/gripper_status__type_support.h
[32.806s] -- Symlinking: /home/tyler/Documents/Github/280-M5_ROS/colcon_ws/install/mycobot_interfaces/include/mycobot_interfaces/mycobot_interfaces/srv/detail/pump_status__functions.h
[32.814s] -- Symlinking: /home/tyler/Documents/Github/280-M5_ROS/colcon_ws/install/mycobot_interfaces/include/mycobot_interfaces/mycobot_interfaces/srv/detail/pump_status__struct.h
[32.823s] -- Symlinking: /home/tyler/Documents/Github/280-M5_ROS/colcon_ws/install/mycobot_interfaces/include/mycobot_interfaces/mycobot_interfaces/srv/detail/pump_status__type_support.h
[32.833s] -- Symlinking: /home/tyler/Documents/Github/280-M5_ROS/colcon_ws/install/mycobot_interfaces/include/mycobot_interfaces/mycobot_interfaces/srv/detail/set_angles__functions.h
[32.841s] -- Symlinking: /home/tyler/Documents/Github/280-M5_ROS/colcon_ws/install/mycobot_interfaces/include/mycobot_interfaces/mycobot_interfaces/srv/detail/set_angles__struct.h
[32.851s] -- Symlinking: /home/tyler/Documents/Github/280-M5_ROS/colcon_ws/install/mycobot_interfaces/include/mycobot_interfaces/mycobot_interfaces/srv/detail/set_angles__type_support.h
[32.860s] -- Symlinking: /home/tyler/Documents/Github/280-M5_ROS/colcon_ws/install/mycobot_interfaces/include/mycobot_interfaces/mycobot_interfaces/srv/detail/set_coords__functions.h
[32.869s] -- Symlinking: /home/tyler/Documents/Github/280-M5_ROS/colcon_ws/install/mycobot_interfaces/include/mycobot_interfaces/mycobot_interfaces/srv/detail/set_coords__struct.h
[32.878s] -- Symlinking: /home/tyler/Documents/Github/280-M5_ROS/colcon_ws/install/mycobot_interfaces/include/mycobot_interfaces/mycobot_interfaces/srv/detail/set_coords__type_support.h
[32.887s] -- Symlinking: /home/tyler/Documents/Github/280-M5_ROS/colcon_ws/install/mycobot_interfaces/include/mycobot_interfaces/mycobot_interfaces/srv/get_angles.h
[32.896s] -- Symlinking: /home/tyler/Documents/Github/280-M5_ROS/colcon_ws/install/mycobot_interfaces/include/mycobot_interfaces/mycobot_interfaces/srv/get_coords.h
[32.904s] -- Symlinking: /home/tyler/Documents/Github/280-M5_ROS/colcon_ws/install/mycobot_interfaces/include/mycobot_interfaces/mycobot_interfaces/srv/gripper_status.h
[32.913s] -- Symlinking: /home/tyler/Documents/Github/280-M5_ROS/colcon_ws/install/mycobot_interfaces/include/mycobot_interfaces/mycobot_interfaces/srv/pump_status.h
[32.921s] -- Symlinking: /home/tyler/Documents/Github/280-M5_ROS/colcon_ws/install/mycobot_interfaces/include/mycobot_interfaces/mycobot_interfaces/srv/set_angles.h
[32.930s] -- Symlinking: /home/tyler/Documents/Github/280-M5_ROS/colcon_ws/install/mycobot_interfaces/include/mycobot_interfaces/mycobot_interfaces/srv/set_coords.h
[32.939s] -- Symlinking: /home/tyler/Documents/Github/280-M5_ROS/colcon_ws/install/mycobot_interfaces/share/mycobot_interfaces/environment/library_path.sh
[32.948s] -- Symlinking: /home/tyler/Documents/Github/280-M5_ROS/colcon_ws/install/mycobot_interfaces/share/mycobot_interfaces/environment/library_path.dsv
[32.957s] -- Symlinking: /home/tyler/Documents/Github/280-M5_ROS/colcon_ws/install/mycobot_interfaces/include/mycobot_interfaces/mycobot_interfaces/msg/detail/mycobot_angles__rosidl_typesupport_fastrtps_c.h
[32.965s] -- Symlinking: /home/tyler/Documents/Github/280-M5_ROS/colcon_ws/install/mycobot_interfaces/include/mycobot_interfaces/mycobot_interfaces/msg/detail/mycobot_coords__rosidl_typesupport_fastrtps_c.h
[32.973s] -- Symlinking: /home/tyler/Documents/Github/280-M5_ROS/colcon_ws/install/mycobot_interfaces/include/mycobot_interfaces/mycobot_interfaces/msg/detail/mycobot_gripper_status__rosidl_typesupport_fastrtps_c.h
[32.982s] -- Symlinking: /home/tyler/Documents/Github/280-M5_ROS/colcon_ws/install/mycobot_interfaces/include/mycobot_interfaces/mycobot_interfaces/msg/detail/mycobot_pump_status__rosidl_typesupport_fastrtps_c.h
[32.991s] -- Symlinking: /home/tyler/Documents/Github/280-M5_ROS/colcon_ws/install/mycobot_interfaces/include/mycobot_interfaces/mycobot_interfaces/msg/detail/mycobot_set_angles__rosidl_typesupport_fastrtps_c.h
[32.999s] -- Symlinking: /home/tyler/Documents/Github/280-M5_ROS/colcon_ws/install/mycobot_interfaces/include/mycobot_interfaces/mycobot_interfaces/msg/detail/mycobot_set_coords__rosidl_typesupport_fastrtps_c.h
[33.008s] -- Symlinking: /home/tyler/Documents/Github/280-M5_ROS/colcon_ws/install/mycobot_interfaces/include/mycobot_interfaces/mycobot_interfaces/msg/rosidl_typesupport_fastrtps_c__visibility_control.h
[33.017s] -- Symlinking: /home/tyler/Documents/Github/280-M5_ROS/colcon_ws/install/mycobot_interfaces/include/mycobot_interfaces/mycobot_interfaces/srv/detail/get_angles__rosidl_typesupport_fastrtps_c.h
[33.026s] -- Symlinking: /home/tyler/Documents/Github/280-M5_ROS/colcon_ws/install/mycobot_interfaces/include/mycobot_interfaces/mycobot_interfaces/srv/detail/get_coords__rosidl_typesupport_fastrtps_c.h
[33.034s] -- Symlinking: /home/tyler/Documents/Github/280-M5_ROS/colcon_ws/install/mycobot_interfaces/include/mycobot_interfaces/mycobot_interfaces/srv/detail/gripper_status__rosidl_typesupport_fastrtps_c.h
[33.043s] -- Symlinking: /home/tyler/Documents/Github/280-M5_ROS/colcon_ws/install/mycobot_interfaces/include/mycobot_interfaces/mycobot_interfaces/srv/detail/pump_status__rosidl_typesupport_fastrtps_c.h
[33.053s] -- Symlinking: /home/tyler/Documents/Github/280-M5_ROS/colcon_ws/install/mycobot_interfaces/include/mycobot_interfaces/mycobot_interfaces/srv/detail/set_angles__rosidl_typesupport_fastrtps_c.h
[33.061s] -- Symlinking: /home/tyler/Documents/Github/280-M5_ROS/colcon_ws/install/mycobot_interfaces/include/mycobot_interfaces/mycobot_interfaces/srv/detail/set_coords__rosidl_typesupport_fastrtps_c.h
[33.070s] -- Symlinking: /home/tyler/Documents/Github/280-M5_ROS/colcon_ws/install/mycobot_interfaces/include/mycobot_interfaces/mycobot_interfaces/msg/detail/mycobot_angles__rosidl_typesupport_introspection_c.h
[33.078s] -- Symlinking: /home/tyler/Documents/Github/280-M5_ROS/colcon_ws/install/mycobot_interfaces/include/mycobot_interfaces/mycobot_interfaces/msg/detail/mycobot_coords__rosidl_typesupport_introspection_c.h
[33.087s] -- Symlinking: /home/tyler/Documents/Github/280-M5_ROS/colcon_ws/install/mycobot_interfaces/include/mycobot_interfaces/mycobot_interfaces/msg/detail/mycobot_gripper_status__rosidl_typesupport_introspection_c.h
[33.096s] -- Symlinking: /home/tyler/Documents/Github/280-M5_ROS/colcon_ws/install/mycobot_interfaces/include/mycobot_interfaces/mycobot_interfaces/msg/detail/mycobot_pump_status__rosidl_typesupport_introspection_c.h
[33.104s] -- Symlinking: /home/tyler/Documents/Github/280-M5_ROS/colcon_ws/install/mycobot_interfaces/include/mycobot_interfaces/mycobot_interfaces/msg/detail/mycobot_set_angles__rosidl_typesupport_introspection_c.h
[33.113s] -- Symlinking: /home/tyler/Documents/Github/280-M5_ROS/colcon_ws/install/mycobot_interfaces/include/mycobot_interfaces/mycobot_interfaces/msg/detail/mycobot_set_coords__rosidl_typesupport_introspection_c.h
[33.122s] -- Symlinking: /home/tyler/Documents/Github/280-M5_ROS/colcon_ws/install/mycobot_interfaces/include/mycobot_interfaces/mycobot_interfaces/msg/rosidl_typesupport_introspection_c__visibility_control.h
[33.130s] -- Symlinking: /home/tyler/Documents/Github/280-M5_ROS/colcon_ws/install/mycobot_interfaces/include/mycobot_interfaces/mycobot_interfaces/srv/detail/get_angles__rosidl_typesupport_introspection_c.h
[33.139s] -- Symlinking: /home/tyler/Documents/Github/280-M5_ROS/colcon_ws/install/mycobot_interfaces/include/mycobot_interfaces/mycobot_interfaces/srv/detail/get_coords__rosidl_typesupport_introspection_c.h
[33.148s] -- Symlinking: /home/tyler/Documents/Github/280-M5_ROS/colcon_ws/install/mycobot_interfaces/include/mycobot_interfaces/mycobot_interfaces/srv/detail/gripper_status__rosidl_typesupport_introspection_c.h
[33.156s] -- Symlinking: /home/tyler/Documents/Github/280-M5_ROS/colcon_ws/install/mycobot_interfaces/include/mycobot_interfaces/mycobot_interfaces/srv/detail/pump_status__rosidl_typesupport_introspection_c.h
[33.165s] -- Symlinking: /home/tyler/Documents/Github/280-M5_ROS/colcon_ws/install/mycobot_interfaces/include/mycobot_interfaces/mycobot_interfaces/srv/detail/set_angles__rosidl_typesupport_introspection_c.h
[33.173s] -- Symlinking: /home/tyler/Documents/Github/280-M5_ROS/colcon_ws/install/mycobot_interfaces/include/mycobot_interfaces/mycobot_interfaces/srv/detail/set_coords__rosidl_typesupport_introspection_c.h
[33.183s] -- Symlinking: /home/tyler/Documents/Github/280-M5_ROS/colcon_ws/install/mycobot_interfaces/include/mycobot_interfaces/mycobot_interfaces/msg/detail/mycobot_angles__builder.hpp
[33.191s] -- Symlinking: /home/tyler/Documents/Github/280-M5_ROS/colcon_ws/install/mycobot_interfaces/include/mycobot_interfaces/mycobot_interfaces/msg/detail/mycobot_angles__struct.hpp
[33.199s] -- Symlinking: /home/tyler/Documents/Github/280-M5_ROS/colcon_ws/install/mycobot_interfaces/include/mycobot_interfaces/mycobot_interfaces/msg/detail/mycobot_angles__traits.hpp
[33.208s] -- Symlinking: /home/tyler/Documents/Github/280-M5_ROS/colcon_ws/install/mycobot_interfaces/include/mycobot_interfaces/mycobot_interfaces/msg/detail/mycobot_coords__builder.hpp
[33.217s] -- Symlinking: /home/tyler/Documents/Github/280-M5_ROS/colcon_ws/install/mycobot_interfaces/include/mycobot_interfaces/mycobot_interfaces/msg/detail/mycobot_coords__struct.hpp
[33.225s] -- Symlinking: /home/tyler/Documents/Github/280-M5_ROS/colcon_ws/install/mycobot_interfaces/include/mycobot_interfaces/mycobot_interfaces/msg/detail/mycobot_coords__traits.hpp
[33.234s] -- Symlinking: /home/tyler/Documents/Github/280-M5_ROS/colcon_ws/install/mycobot_interfaces/include/mycobot_interfaces/mycobot_interfaces/msg/detail/mycobot_gripper_status__builder.hpp
[33.243s] -- Symlinking: /home/tyler/Documents/Github/280-M5_ROS/colcon_ws/install/mycobot_interfaces/include/mycobot_interfaces/mycobot_interfaces/msg/detail/mycobot_gripper_status__struct.hpp
[33.251s] -- Symlinking: /home/tyler/Documents/Github/280-M5_ROS/colcon_ws/install/mycobot_interfaces/include/mycobot_interfaces/mycobot_interfaces/msg/detail/mycobot_gripper_status__traits.hpp
[33.260s] -- Symlinking: /home/tyler/Documents/Github/280-M5_ROS/colcon_ws/install/mycobot_interfaces/include/mycobot_interfaces/mycobot_interfaces/msg/detail/mycobot_pump_status__builder.hpp
[33.269s] -- Symlinking: /home/tyler/Documents/Github/280-M5_ROS/colcon_ws/install/mycobot_interfaces/include/mycobot_interfaces/mycobot_interfaces/msg/detail/mycobot_pump_status__struct.hpp
[33.277s] -- Symlinking: /home/tyler/Documents/Github/280-M5_ROS/colcon_ws/install/mycobot_interfaces/include/mycobot_interfaces/mycobot_interfaces/msg/detail/mycobot_pump_status__traits.hpp
[33.286s] -- Symlinking: /home/tyler/Documents/Github/280-M5_ROS/colcon_ws/install/mycobot_interfaces/include/mycobot_interfaces/mycobot_interfaces/msg/detail/mycobot_set_angles__builder.hpp
[33.300s] -- Symlinking: /home/tyler/Documents/Github/280-M5_ROS/colcon_ws/install/mycobot_interfaces/include/mycobot_interfaces/mycobot_interfaces/msg/detail/mycobot_set_angles__struct.hpp
[33.312s] -- Symlinking: /home/tyler/Documents/Github/280-M5_ROS/colcon_ws/install/mycobot_interfaces/include/mycobot_interfaces/mycobot_interfaces/msg/detail/mycobot_set_angles__traits.hpp
[33.326s] -- Symlinking: /home/tyler/Documents/Github/280-M5_ROS/colcon_ws/install/mycobot_interfaces/include/mycobot_interfaces/mycobot_interfaces/msg/detail/mycobot_set_coords__builder.hpp
[33.339s] -- Symlinking: /home/tyler/Documents/Github/280-M5_ROS/colcon_ws/install/mycobot_interfaces/include/mycobot_interfaces/mycobot_interfaces/msg/detail/mycobot_set_coords__struct.hpp
[33.351s] -- Symlinking: /home/tyler/Documents/Github/280-M5_ROS/colcon_ws/install/mycobot_interfaces/include/mycobot_interfaces/mycobot_interfaces/msg/detail/mycobot_set_coords__traits.hpp
[33.364s] -- Symlinking: /home/tyler/Documents/Github/280-M5_ROS/colcon_ws/install/mycobot_interfaces/include/mycobot_interfaces/mycobot_interfaces/msg/mycobot_angles.hpp
[33.377s] -- Symlinking: /home/tyler/Documents/Github/280-M5_ROS/colcon_ws/install/mycobot_interfaces/include/mycobot_interfaces/mycobot_interfaces/msg/mycobot_coords.hpp
[33.393s] -- Symlinking: /home/tyler/Documents/Github/280-M5_ROS/colcon_ws/install/mycobot_interfaces/include/mycobot_interfaces/mycobot_interfaces/msg/mycobot_gripper_status.hpp
[33.404s] -- Symlinking: /home/tyler/Documents/Github/280-M5_ROS/colcon_ws/install/mycobot_interfaces/include/mycobot_interfaces/mycobot_interfaces/msg/mycobot_pump_status.hpp
[33.417s] -- Symlinking: /home/tyler/Documents/Github/280-M5_ROS/colcon_ws/install/mycobot_interfaces/include/mycobot_interfaces/mycobot_interfaces/msg/mycobot_set_angles.hpp
[33.431s] -- Symlinking: /home/tyler/Documents/Github/280-M5_ROS/colcon_ws/install/mycobot_interfaces/include/mycobot_interfaces/mycobot_interfaces/msg/mycobot_set_coords.hpp
[33.442s] -- Symlinking: /home/tyler/Documents/Github/280-M5_ROS/colcon_ws/install/mycobot_interfaces/include/mycobot_interfaces/mycobot_interfaces/srv/detail/get_angles__builder.hpp
[33.454s] -- Symlinking: /home/tyler/Documents/Github/280-M5_ROS/colcon_ws/install/mycobot_interfaces/include/mycobot_interfaces/mycobot_interfaces/srv/detail/get_angles__struct.hpp
[33.468s] -- Symlinking: /home/tyler/Documents/Github/280-M5_ROS/colcon_ws/install/mycobot_interfaces/include/mycobot_interfaces/mycobot_interfaces/srv/detail/get_angles__traits.hpp
[33.480s] -- Symlinking: /home/tyler/Documents/Github/280-M5_ROS/colcon_ws/install/mycobot_interfaces/include/mycobot_interfaces/mycobot_interfaces/srv/detail/get_coords__builder.hpp
[33.494s] -- Symlinking: /home/tyler/Documents/Github/280-M5_ROS/colcon_ws/install/mycobot_interfaces/include/mycobot_interfaces/mycobot_interfaces/srv/detail/get_coords__struct.hpp
[33.506s] -- Symlinking: /home/tyler/Documents/Github/280-M5_ROS/colcon_ws/install/mycobot_interfaces/include/mycobot_interfaces/mycobot_interfaces/srv/detail/get_coords__traits.hpp
[33.519s] -- Symlinking: /home/tyler/Documents/Github/280-M5_ROS/colcon_ws/install/mycobot_interfaces/include/mycobot_interfaces/mycobot_interfaces/srv/detail/gripper_status__builder.hpp
[33.533s] -- Symlinking: /home/tyler/Documents/Github/280-M5_ROS/colcon_ws/install/mycobot_interfaces/include/mycobot_interfaces/mycobot_interfaces/srv/detail/gripper_status__struct.hpp
[33.545s] -- Symlinking: /home/tyler/Documents/Github/280-M5_ROS/colcon_ws/install/mycobot_interfaces/include/mycobot_interfaces/mycobot_interfaces/srv/detail/gripper_status__traits.hpp
[33.556s] -- Symlinking: /home/tyler/Documents/Github/280-M5_ROS/colcon_ws/install/mycobot_interfaces/include/mycobot_interfaces/mycobot_interfaces/srv/detail/pump_status__builder.hpp
[33.568s] -- Symlinking: /home/tyler/Documents/Github/280-M5_ROS/colcon_ws/install/mycobot_interfaces/include/mycobot_interfaces/mycobot_interfaces/srv/detail/pump_status__struct.hpp
[33.581s] -- Symlinking: /home/tyler/Documents/Github/280-M5_ROS/colcon_ws/install/mycobot_interfaces/include/mycobot_interfaces/mycobot_interfaces/srv/detail/pump_status__traits.hpp
[33.594s] -- Symlinking: /home/tyler/Documents/Github/280-M5_ROS/colcon_ws/install/mycobot_interfaces/include/mycobot_interfaces/mycobot_interfaces/srv/detail/set_angles__builder.hpp
[33.605s] -- Symlinking: /home/tyler/Documents/Github/280-M5_ROS/colcon_ws/install/mycobot_interfaces/include/mycobot_interfaces/mycobot_interfaces/srv/detail/set_angles__struct.hpp
[33.618s] -- Symlinking: /home/tyler/Documents/Github/280-M5_ROS/colcon_ws/install/mycobot_interfaces/include/mycobot_interfaces/mycobot_interfaces/srv/detail/set_angles__traits.hpp
[33.630s] -- Symlinking: /home/tyler/Documents/Github/280-M5_ROS/colcon_ws/install/mycobot_interfaces/include/mycobot_interfaces/mycobot_interfaces/srv/detail/set_coords__builder.hpp
[33.643s] -- Symlinking: /home/tyler/Documents/Github/280-M5_ROS/colcon_ws/install/mycobot_interfaces/include/mycobot_interfaces/mycobot_interfaces/srv/detail/set_coords__struct.hpp
[33.653s] -- Symlinking: /home/tyler/Documents/Github/280-M5_ROS/colcon_ws/install/mycobot_interfaces/include/mycobot_interfaces/mycobot_interfaces/srv/detail/set_coords__traits.hpp
[33.665s] -- Symlinking: /home/tyler/Documents/Github/280-M5_ROS/colcon_ws/install/mycobot_interfaces/include/mycobot_interfaces/mycobot_interfaces/srv/get_angles.hpp
[33.677s] -- Symlinking: /home/tyler/Documents/Github/280-M5_ROS/colcon_ws/install/mycobot_interfaces/include/mycobot_interfaces/mycobot_interfaces/srv/get_coords.hpp
[33.688s] -- Symlinking: /home/tyler/Documents/Github/280-M5_ROS/colcon_ws/install/mycobot_interfaces/include/mycobot_interfaces/mycobot_interfaces/srv/gripper_status.hpp
[33.699s] -- Symlinking: /home/tyler/Documents/Github/280-M5_ROS/colcon_ws/install/mycobot_interfaces/include/mycobot_interfaces/mycobot_interfaces/srv/pump_status.hpp
[33.711s] -- Symlinking: /home/tyler/Documents/Github/280-M5_ROS/colcon_ws/install/mycobot_interfaces/include/mycobot_interfaces/mycobot_interfaces/srv/set_angles.hpp
[33.721s] -- Symlinking: /home/tyler/Documents/Github/280-M5_ROS/colcon_ws/install/mycobot_interfaces/include/mycobot_interfaces/mycobot_interfaces/srv/set_coords.hpp
[33.734s] -- Symlinking: /home/tyler/Documents/Github/280-M5_ROS/colcon_ws/install/mycobot_interfaces/include/mycobot_interfaces/mycobot_interfaces/msg/detail/mycobot_angles__rosidl_typesupport_fastrtps_cpp.hpp
[33.745s] -- Symlinking: /home/tyler/Documents/Github/280-M5_ROS/colcon_ws/install/mycobot_interfaces/include/mycobot_interfaces/mycobot_interfaces/msg/detail/mycobot_coords__rosidl_typesupport_fastrtps_cpp.hpp
[33.756s] -- Symlinking: /home/tyler/Documents/Github/280-M5_ROS/colcon_ws/install/mycobot_interfaces/include/mycobot_interfaces/mycobot_interfaces/msg/detail/mycobot_gripper_status__rosidl_typesupport_fastrtps_cpp.hpp
[33.771s] -- Symlinking: /home/tyler/Documents/Github/280-M5_ROS/colcon_ws/install/mycobot_interfaces/include/mycobot_interfaces/mycobot_interfaces/msg/detail/mycobot_pump_status__rosidl_typesupport_fastrtps_cpp.hpp
[33.783s] -- Symlinking: /home/tyler/Documents/Github/280-M5_ROS/colcon_ws/install/mycobot_interfaces/include/mycobot_interfaces/mycobot_interfaces/msg/detail/mycobot_set_angles__rosidl_typesupport_fastrtps_cpp.hpp
[33.794s] -- Symlinking: /home/tyler/Documents/Github/280-M5_ROS/colcon_ws/install/mycobot_interfaces/include/mycobot_interfaces/mycobot_interfaces/msg/detail/mycobot_set_coords__rosidl_typesupport_fastrtps_cpp.hpp
[33.803s] -- Symlinking: /home/tyler/Documents/Github/280-M5_ROS/colcon_ws/install/mycobot_interfaces/include/mycobot_interfaces/mycobot_interfaces/msg/rosidl_typesupport_fastrtps_cpp__visibility_control.h
[33.813s] -- Symlinking: /home/tyler/Documents/Github/280-M5_ROS/colcon_ws/install/mycobot_interfaces/include/mycobot_interfaces/mycobot_interfaces/srv/detail/get_angles__rosidl_typesupport_fastrtps_cpp.hpp
[33.822s] -- Symlinking: /home/tyler/Documents/Github/280-M5_ROS/colcon_ws/install/mycobot_interfaces/include/mycobot_interfaces/mycobot_interfaces/srv/detail/get_coords__rosidl_typesupport_fastrtps_cpp.hpp
[33.831s] -- Symlinking: /home/tyler/Documents/Github/280-M5_ROS/colcon_ws/install/mycobot_interfaces/include/mycobot_interfaces/mycobot_interfaces/srv/detail/gripper_status__rosidl_typesupport_fastrtps_cpp.hpp
[33.839s] -- Symlinking: /home/tyler/Documents/Github/280-M5_ROS/colcon_ws/install/mycobot_interfaces/include/mycobot_interfaces/mycobot_interfaces/srv/detail/pump_status__rosidl_typesupport_fastrtps_cpp.hpp
[33.848s] -- Symlinking: /home/tyler/Documents/Github/280-M5_ROS/colcon_ws/install/mycobot_interfaces/include/mycobot_interfaces/mycobot_interfaces/srv/detail/set_angles__rosidl_typesupport_fastrtps_cpp.hpp
[33.857s] -- Symlinking: /home/tyler/Documents/Github/280-M5_ROS/colcon_ws/install/mycobot_interfaces/include/mycobot_interfaces/mycobot_interfaces/srv/detail/set_coords__rosidl_typesupport_fastrtps_cpp.hpp
[33.866s] -- Symlinking: /home/tyler/Documents/Github/280-M5_ROS/colcon_ws/install/mycobot_interfaces/include/mycobot_interfaces/mycobot_interfaces/msg/detail/mycobot_angles__rosidl_typesupport_introspection_cpp.hpp
[33.874s] -- Symlinking: /home/tyler/Documents/Github/280-M5_ROS/colcon_ws/install/mycobot_interfaces/include/mycobot_interfaces/mycobot_interfaces/msg/detail/mycobot_coords__rosidl_typesupport_introspection_cpp.hpp
[33.883s] -- Symlinking: /home/tyler/Documents/Github/280-M5_ROS/colcon_ws/install/mycobot_interfaces/include/mycobot_interfaces/mycobot_interfaces/msg/detail/mycobot_gripper_status__rosidl_typesupport_introspection_cpp.hpp
[33.893s] -- Symlinking: /home/tyler/Documents/Github/280-M5_ROS/colcon_ws/install/mycobot_interfaces/include/mycobot_interfaces/mycobot_interfaces/msg/detail/mycobot_pump_status__rosidl_typesupport_introspection_cpp.hpp
[33.901s] -- Symlinking: /home/tyler/Documents/Github/280-M5_ROS/colcon_ws/install/mycobot_interfaces/include/mycobot_interfaces/mycobot_interfaces/msg/detail/mycobot_set_angles__rosidl_typesupport_introspection_cpp.hpp
[33.910s] -- Symlinking: /home/tyler/Documents/Github/280-M5_ROS/colcon_ws/install/mycobot_interfaces/include/mycobot_interfaces/mycobot_interfaces/msg/detail/mycobot_set_coords__rosidl_typesupport_introspection_cpp.hpp
[33.919s] -- Symlinking: /home/tyler/Documents/Github/280-M5_ROS/colcon_ws/install/mycobot_interfaces/include/mycobot_interfaces/mycobot_interfaces/srv/detail/get_angles__rosidl_typesupport_introspection_cpp.hpp
[33.928s] -- Symlinking: /home/tyler/Documents/Github/280-M5_ROS/colcon_ws/install/mycobot_interfaces/include/mycobot_interfaces/mycobot_interfaces/srv/detail/get_coords__rosidl_typesupport_introspection_cpp.hpp
[33.937s] -- Symlinking: /home/tyler/Documents/Github/280-M5_ROS/colcon_ws/install/mycobot_interfaces/include/mycobot_interfaces/mycobot_interfaces/srv/detail/gripper_status__rosidl_typesupport_introspection_cpp.hpp
[33.946s] -- Symlinking: /home/tyler/Documents/Github/280-M5_ROS/colcon_ws/install/mycobot_interfaces/include/mycobot_interfaces/mycobot_interfaces/srv/detail/pump_status__rosidl_typesupport_introspection_cpp.hpp
[33.954s] -- Symlinking: /home/tyler/Documents/Github/280-M5_ROS/colcon_ws/install/mycobot_interfaces/include/mycobot_interfaces/mycobot_interfaces/srv/detail/set_angles__rosidl_typesupport_introspection_cpp.hpp
[33.963s] -- Symlinking: /home/tyler/Documents/Github/280-M5_ROS/colcon_ws/install/mycobot_interfaces/include/mycobot_interfaces/mycobot_interfaces/srv/detail/set_coords__rosidl_typesupport_introspection_cpp.hpp
[33.971s] -- Symlinking: /home/tyler/Documents/Github/280-M5_ROS/colcon_ws/install/mycobot_interfaces/share/mycobot_interfaces/environment/pythonpath.sh
[33.980s] -- Symlinking: /home/tyler/Documents/Github/280-M5_ROS/colcon_ws/install/mycobot_interfaces/share/mycobot_interfaces/environment/pythonpath.dsv
[33.989s] -- Symlinking: /home/tyler/Documents/Github/280-M5_ROS/colcon_ws/install/mycobot_interfaces/local/lib/python3.10/dist-packages/mycobot_interfaces-0.0.0-py3.10.egg-info/PKG-INFO
[33.998s] -- Symlinking: /home/tyler/Documents/Github/280-M5_ROS/colcon_ws/install/mycobot_interfaces/local/lib/python3.10/dist-packages/mycobot_interfaces-0.0.0-py3.10.egg-info/SOURCES.txt
[34.007s] -- Symlinking: /home/tyler/Documents/Github/280-M5_ROS/colcon_ws/install/mycobot_interfaces/local/lib/python3.10/dist-packages/mycobot_interfaces-0.0.0-py3.10.egg-info/dependency_links.txt
[34.016s] -- Symlinking: /home/tyler/Documents/Github/280-M5_ROS/colcon_ws/install/mycobot_interfaces/local/lib/python3.10/dist-packages/mycobot_interfaces-0.0.0-py3.10.egg-info/top_level.txt
[34.026s] -- Symlinking: /home/tyler/Documents/Github/280-M5_ROS/colcon_ws/install/mycobot_interfaces/local/lib/python3.10/dist-packages/mycobot_interfaces/__init__.py
[34.035s] -- Symlinking: /home/tyler/Documents/Github/280-M5_ROS/colcon_ws/install/mycobot_interfaces/local/lib/python3.10/dist-packages/mycobot_interfaces/_mycobot_interfaces_s.ep.rosidl_typesupport_c.c
[34.048s] -- Symlinking: /home/tyler/Documents/Github/280-M5_ROS/colcon_ws/install/mycobot_interfaces/local/lib/python3.10/dist-packages/mycobot_interfaces/_mycobot_interfaces_s.ep.rosidl_typesupport_fastrtps_c.c
[34.061s] -- Symlinking: /home/tyler/Documents/Github/280-M5_ROS/colcon_ws/install/mycobot_interfaces/local/lib/python3.10/dist-packages/mycobot_interfaces/_mycobot_interfaces_s.ep.rosidl_typesupport_introspection_c.c
[34.072s] -- Symlinking: /home/tyler/Documents/Github/280-M5_ROS/colcon_ws/install/mycobot_interfaces/local/lib/python3.10/dist-packages/mycobot_interfaces/libmycobot_interfaces__rosidl_generator_py.so
[34.084s] -- Symlinking: /home/tyler/Documents/Github/280-M5_ROS/colcon_ws/install/mycobot_interfaces/local/lib/python3.10/dist-packages/mycobot_interfaces/msg/__init__.py
[34.097s] -- Symlinking: /home/tyler/Documents/Github/280-M5_ROS/colcon_ws/install/mycobot_interfaces/local/lib/python3.10/dist-packages/mycobot_interfaces/msg/_mycobot_angles.py
[34.109s] -- Symlinking: /home/tyler/Documents/Github/280-M5_ROS/colcon_ws/install/mycobot_interfaces/local/lib/python3.10/dist-packages/mycobot_interfaces/msg/_mycobot_angles_s.c
[34.124s] -- Symlinking: /home/tyler/Documents/Github/280-M5_ROS/colcon_ws/install/mycobot_interfaces/local/lib/python3.10/dist-packages/mycobot_interfaces/msg/_mycobot_coords.py
[34.139s] -- Symlinking: /home/tyler/Documents/Github/280-M5_ROS/colcon_ws/install/mycobot_interfaces/local/lib/python3.10/dist-packages/mycobot_interfaces/msg/_mycobot_coords_s.c
[34.150s] -- Symlinking: /home/tyler/Documents/Github/280-M5_ROS/colcon_ws/install/mycobot_interfaces/local/lib/python3.10/dist-packages/mycobot_interfaces/msg/_mycobot_gripper_status.py
[34.162s] -- Symlinking: /home/tyler/Documents/Github/280-M5_ROS/colcon_ws/install/mycobot_interfaces/local/lib/python3.10/dist-packages/mycobot_interfaces/msg/_mycobot_gripper_status_s.c
[34.174s] -- Symlinking: /home/tyler/Documents/Github/280-M5_ROS/colcon_ws/install/mycobot_interfaces/local/lib/python3.10/dist-packages/mycobot_interfaces/msg/_mycobot_pump_status.py
[34.188s] -- Symlinking: /home/tyler/Documents/Github/280-M5_ROS/colcon_ws/install/mycobot_interfaces/local/lib/python3.10/dist-packages/mycobot_interfaces/msg/_mycobot_pump_status_s.c
[34.200s] -- Symlinking: /home/tyler/Documents/Github/280-M5_ROS/colcon_ws/install/mycobot_interfaces/local/lib/python3.10/dist-packages/mycobot_interfaces/msg/_mycobot_set_angles.py
[34.216s] -- Symlinking: /home/tyler/Documents/Github/280-M5_ROS/colcon_ws/install/mycobot_interfaces/local/lib/python3.10/dist-packages/mycobot_interfaces/msg/_mycobot_set_angles_s.c
[34.229s] -- Symlinking: /home/tyler/Documents/Github/280-M5_ROS/colcon_ws/install/mycobot_interfaces/local/lib/python3.10/dist-packages/mycobot_interfaces/msg/_mycobot_set_coords.py
[34.244s] -- Symlinking: /home/tyler/Documents/Github/280-M5_ROS/colcon_ws/install/mycobot_interfaces/local/lib/python3.10/dist-packages/mycobot_interfaces/msg/_mycobot_set_coords_s.c
[34.256s] -- Symlinking: /home/tyler/Documents/Github/280-M5_ROS/colcon_ws/install/mycobot_interfaces/local/lib/python3.10/dist-packages/mycobot_interfaces/mycobot_interfaces_s__rosidl_typesupport_c.cpython-310-x86_64-linux-gnu.so
[34.269s] -- Symlinking: /home/tyler/Documents/Github/280-M5_ROS/colcon_ws/install/mycobot_interfaces/local/lib/python3.10/dist-packages/mycobot_interfaces/mycobot_interfaces_s__rosidl_typesupport_fastrtps_c.cpython-310-x86_64-linux-gnu.so
[34.284s] -- Symlinking: /home/tyler/Documents/Github/280-M5_ROS/colcon_ws/install/mycobot_interfaces/local/lib/python3.10/dist-packages/mycobot_interfaces/mycobot_interfaces_s__rosidl_typesupport_introspection_c.cpython-310-x86_64-linux-gnu.so
[34.299s] -- Symlinking: /home/tyler/Documents/Github/280-M5_ROS/colcon_ws/install/mycobot_interfaces/local/lib/python3.10/dist-packages/mycobot_interfaces/srv/__init__.py
[34.313s] -- Symlinking: /home/tyler/Documents/Github/280-M5_ROS/colcon_ws/install/mycobot_interfaces/local/lib/python3.10/dist-packages/mycobot_interfaces/srv/_get_angles.py
[34.324s] -- Symlinking: /home/tyler/Documents/Github/280-M5_ROS/colcon_ws/install/mycobot_interfaces/local/lib/python3.10/dist-packages/mycobot_interfaces/srv/_get_angles_s.c
[34.337s] -- Symlinking: /home/tyler/Documents/Github/280-M5_ROS/colcon_ws/install/mycobot_interfaces/local/lib/python3.10/dist-packages/mycobot_interfaces/srv/_get_coords.py
[34.350s] -- Symlinking: /home/tyler/Documents/Github/280-M5_ROS/colcon_ws/install/mycobot_interfaces/local/lib/python3.10/dist-packages/mycobot_interfaces/srv/_get_coords_s.c
[34.361s] -- Symlinking: /home/tyler/Documents/Github/280-M5_ROS/colcon_ws/install/mycobot_interfaces/local/lib/python3.10/dist-packages/mycobot_interfaces/srv/_gripper_status.py
[34.370s] -- Symlinking: /home/tyler/Documents/Github/280-M5_ROS/colcon_ws/install/mycobot_interfaces/local/lib/python3.10/dist-packages/mycobot_interfaces/srv/_gripper_status_s.c
[34.380s] -- Symlinking: /home/tyler/Documents/Github/280-M5_ROS/colcon_ws/install/mycobot_interfaces/local/lib/python3.10/dist-packages/mycobot_interfaces/srv/_pump_status.py
[34.389s] -- Symlinking: /home/tyler/Documents/Github/280-M5_ROS/colcon_ws/install/mycobot_interfaces/local/lib/python3.10/dist-packages/mycobot_interfaces/srv/_pump_status_s.c
[34.399s] -- Symlinking: /home/tyler/Documents/Github/280-M5_ROS/colcon_ws/install/mycobot_interfaces/local/lib/python3.10/dist-packages/mycobot_interfaces/srv/_set_angles.py
[34.412s] -- Symlinking: /home/tyler/Documents/Github/280-M5_ROS/colcon_ws/install/mycobot_interfaces/local/lib/python3.10/dist-packages/mycobot_interfaces/srv/_set_angles_s.c
[34.420s] -- Symlinking: /home/tyler/Documents/Github/280-M5_ROS/colcon_ws/install/mycobot_interfaces/local/lib/python3.10/dist-packages/mycobot_interfaces/srv/_set_coords.py
[34.426s] -- Symlinking: /home/tyler/Documents/Github/280-M5_ROS/colcon_ws/install/mycobot_interfaces/local/lib/python3.10/dist-packages/mycobot_interfaces/srv/_set_coords_s.c
[34.436s] -- Up-to-date symlink: /home/tyler/Documents/Github/280-M5_ROS/colcon_ws/install/mycobot_interfaces/local/lib/python3.10/dist-packages/mycobot_interfaces/mycobot_interfaces_s__rosidl_typesupport_fastrtps_c.cpython-310-x86_64-linux-gnu.so
[34.436s] -- Up-to-date symlink: /home/tyler/Documents/Github/280-M5_ROS/colcon_ws/install/mycobot_interfaces/local/lib/python3.10/dist-packages/mycobot_interfaces/mycobot_interfaces_s__rosidl_typesupport_introspection_c.cpython-310-x86_64-linux-gnu.so
[34.436s] -- Up-to-date symlink: /home/tyler/Documents/Github/280-M5_ROS/colcon_ws/install/mycobot_interfaces/local/lib/python3.10/dist-packages/mycobot_interfaces/mycobot_interfaces_s__rosidl_typesupport_c.cpython-310-x86_64-linux-gnu.so
[34.436s] -- Symlinking: /home/tyler/Documents/Github/280-M5_ROS/colcon_ws/install/mycobot_interfaces/share/mycobot_interfaces/msg/MycobotAngles.idl
[34.446s] -- Symlinking: /home/tyler/Documents/Github/280-M5_ROS/colcon_ws/install/mycobot_interfaces/share/mycobot_interfaces/msg/MycobotCoords.idl
[34.455s] -- Symlinking: /home/tyler/Documents/Github/280-M5_ROS/colcon_ws/install/mycobot_interfaces/share/mycobot_interfaces/msg/MycobotSetAngles.idl
[34.464s] -- Symlinking: /home/tyler/Documents/Github/280-M5_ROS/colcon_ws/install/mycobot_interfaces/share/mycobot_interfaces/msg/MycobotSetCoords.idl
[34.474s] -- Symlinking: /home/tyler/Documents/Github/280-M5_ROS/colcon_ws/install/mycobot_interfaces/share/mycobot_interfaces/msg/MycobotGripperStatus.idl
[34.483s] -- Symlinking: /home/tyler/Documents/Github/280-M5_ROS/colcon_ws/install/mycobot_interfaces/share/mycobot_interfaces/msg/MycobotPumpStatus.idl
[34.492s] -- Symlinking: /home/tyler/Documents/Github/280-M5_ROS/colcon_ws/install/mycobot_interfaces/share/mycobot_interfaces/srv/GetAngles.idl
[34.502s] -- Symlinking: /home/tyler/Documents/Github/280-M5_ROS/colcon_ws/install/mycobot_interfaces/share/mycobot_interfaces/srv/SetAngles.idl
[34.511s] -- Symlinking: /home/tyler/Documents/Github/280-M5_ROS/colcon_ws/install/mycobot_interfaces/share/mycobot_interfaces/srv/GetCoords.idl
[34.520s] -- Symlinking: /home/tyler/Documents/Github/280-M5_ROS/colcon_ws/install/mycobot_interfaces/share/mycobot_interfaces/srv/SetCoords.idl
[34.529s] -- Symlinking: /home/tyler/Documents/Github/280-M5_ROS/colcon_ws/install/mycobot_interfaces/share/mycobot_interfaces/srv/GripperStatus.idl
[34.538s] -- Symlinking: /home/tyler/Documents/Github/280-M5_ROS/colcon_ws/install/mycobot_interfaces/share/mycobot_interfaces/srv/PumpStatus.idl
[34.548s] -- Symlinking: /home/tyler/Documents/Github/280-M5_ROS/colcon_ws/install/mycobot_interfaces/share/mycobot_interfaces/msg/MycobotAngles.msg
[34.557s] -- Symlinking: /home/tyler/Documents/Github/280-M5_ROS/colcon_ws/install/mycobot_interfaces/share/mycobot_interfaces/msg/MycobotCoords.msg
[34.567s] -- Symlinking: /home/tyler/Documents/Github/280-M5_ROS/colcon_ws/install/mycobot_interfaces/share/mycobot_interfaces/msg/MycobotSetAngles.msg
[34.576s] -- Symlinking: /home/tyler/Documents/Github/280-M5_ROS/colcon_ws/install/mycobot_interfaces/share/mycobot_interfaces/msg/MycobotSetCoords.msg
[34.585s] -- Symlinking: /home/tyler/Documents/Github/280-M5_ROS/colcon_ws/install/mycobot_interfaces/share/mycobot_interfaces/msg/MycobotGripperStatus.msg
[34.594s] -- Symlinking: /home/tyler/Documents/Github/280-M5_ROS/colcon_ws/install/mycobot_interfaces/share/mycobot_interfaces/msg/MycobotPumpStatus.msg
[34.603s] -- Symlinking: /home/tyler/Documents/Github/280-M5_ROS/colcon_ws/install/mycobot_interfaces/share/mycobot_interfaces/srv/GetAngles.srv
[34.612s] -- Symlinking: /home/tyler/Documents/Github/280-M5_ROS/colcon_ws/install/mycobot_interfaces/share/mycobot_interfaces/srv/GetAngles_Request.msg
[34.622s] -- Symlinking: /home/tyler/Documents/Github/280-M5_ROS/colcon_ws/install/mycobot_interfaces/share/mycobot_interfaces/srv/GetAngles_Response.msg
[34.631s] -- Symlinking: /home/tyler/Documents/Github/280-M5_ROS/colcon_ws/install/mycobot_interfaces/share/mycobot_interfaces/srv/SetAngles.srv
[34.640s] -- Symlinking: /home/tyler/Documents/Github/280-M5_ROS/colcon_ws/install/mycobot_interfaces/share/mycobot_interfaces/srv/SetAngles_Request.msg
[34.649s] -- Symlinking: /home/tyler/Documents/Github/280-M5_ROS/colcon_ws/install/mycobot_interfaces/share/mycobot_interfaces/srv/SetAngles_Response.msg
[34.661s] -- Symlinking: /home/tyler/Documents/Github/280-M5_ROS/colcon_ws/install/mycobot_interfaces/share/mycobot_interfaces/srv/GetCoords.srv
[34.666s] -- Symlinking: /home/tyler/Documents/Github/280-M5_ROS/colcon_ws/install/mycobot_interfaces/share/mycobot_interfaces/srv/GetCoords_Request.msg
[34.676s] -- Symlinking: /home/tyler/Documents/Github/280-M5_ROS/colcon_ws/install/mycobot_interfaces/share/mycobot_interfaces/srv/GetCoords_Response.msg
[34.684s] -- Symlinking: /home/tyler/Documents/Github/280-M5_ROS/colcon_ws/install/mycobot_interfaces/share/mycobot_interfaces/srv/SetCoords.srv
[34.692s] -- Symlinking: /home/tyler/Documents/Github/280-M5_ROS/colcon_ws/install/mycobot_interfaces/share/mycobot_interfaces/srv/SetCoords_Request.msg
[34.700s] -- Symlinking: /home/tyler/Documents/Github/280-M5_ROS/colcon_ws/install/mycobot_interfaces/share/mycobot_interfaces/srv/SetCoords_Response.msg
[34.710s] -- Symlinking: /home/tyler/Documents/Github/280-M5_ROS/colcon_ws/install/mycobot_interfaces/share/mycobot_interfaces/srv/GripperStatus.srv
[34.718s] -- Symlinking: /home/tyler/Documents/Github/280-M5_ROS/colcon_ws/install/mycobot_interfaces/share/mycobot_interfaces/srv/GripperStatus_Request.msg
[34.726s] -- Symlinking: /home/tyler/Documents/Github/280-M5_ROS/colcon_ws/install/mycobot_interfaces/share/mycobot_interfaces/srv/GripperStatus_Response.msg
[34.735s] -- Symlinking: /home/tyler/Documents/Github/280-M5_ROS/colcon_ws/install/mycobot_interfaces/share/mycobot_interfaces/srv/PumpStatus.srv
[34.745s] -- Symlinking: /home/tyler/Documents/Github/280-M5_ROS/colcon_ws/install/mycobot_interfaces/share/mycobot_interfaces/srv/PumpStatus_Request.msg
[34.755s] -- Symlinking: /home/tyler/Documents/Github/280-M5_ROS/colcon_ws/install/mycobot_interfaces/share/mycobot_interfaces/srv/PumpStatus_Response.msg
[34.766s] -- Symlinking: /home/tyler/Documents/Github/280-M5_ROS/colcon_ws/install/mycobot_interfaces/share/ament_index/resource_index/package_run_dependencies/mycobot_interfaces
[34.779s] -- Symlinking: /home/tyler/Documents/Github/280-M5_ROS/colcon_ws/install/mycobot_interfaces/share/ament_index/resource_index/parent_prefix_path/mycobot_interfaces
[34.791s] -- Symlinking: /home/tyler/Documents/Github/280-M5_ROS/colcon_ws/install/mycobot_interfaces/share/mycobot_interfaces/environment/ament_prefix_path.sh
[34.800s] -- Symlinking: /home/tyler/Documents/Github/280-M5_ROS/colcon_ws/install/mycobot_interfaces/share/mycobot_interfaces/environment/ament_prefix_path.dsv
[34.812s] -- Symlinking: /home/tyler/Documents/Github/280-M5_ROS/colcon_ws/install/mycobot_interfaces/share/mycobot_interfaces/environment/path.sh
[34.824s] -- Symlinking: /home/tyler/Documents/Github/280-M5_ROS/colcon_ws/install/mycobot_interfaces/share/mycobot_interfaces/environment/path.dsv
[34.835s] -- Symlinking: /home/tyler/Documents/Github/280-M5_ROS/colcon_ws/install/mycobot_interfaces/share/mycobot_interfaces/local_setup.bash
[34.847s] -- Symlinking: /home/tyler/Documents/Github/280-M5_ROS/colcon_ws/install/mycobot_interfaces/share/mycobot_interfaces/local_setup.sh
[34.858s] -- Symlinking: /home/tyler/Documents/Github/280-M5_ROS/colcon_ws/install/mycobot_interfaces/share/mycobot_interfaces/local_setup.zsh
[34.869s] -- Symlinking: /home/tyler/Documents/Github/280-M5_ROS/colcon_ws/install/mycobot_interfaces/share/mycobot_interfaces/local_setup.dsv
[34.881s] -- Symlinking: /home/tyler/Documents/Github/280-M5_ROS/colcon_ws/install/mycobot_interfaces/share/mycobot_interfaces/package.dsv
[34.893s] -- Symlinking: /home/tyler/Documents/Github/280-M5_ROS/colcon_ws/install/mycobot_interfaces/share/ament_index/resource_index/packages/mycobot_interfaces
[34.903s] -- Symlinking: /home/tyler/Documents/Github/280-M5_ROS/colcon_ws/install/mycobot_interfaces/share/mycobot_interfaces/cmake/rosidl_cmake-extras.cmake
[34.915s] -- Symlinking: /home/tyler/Documents/Github/280-M5_ROS/colcon_ws/install/mycobot_interfaces/share/mycobot_interfaces/cmake/ament_cmake_export_dependencies-extras.cmake
[34.927s] -- Symlinking: /home/tyler/Documents/Github/280-M5_ROS/colcon_ws/install/mycobot_interfaces/share/mycobot_interfaces/cmake/ament_cmake_export_include_directories-extras.cmake
[34.937s] -- Symlinking: /home/tyler/Documents/Github/280-M5_ROS/colcon_ws/install/mycobot_interfaces/share/mycobot_interfaces/cmake/ament_cmake_export_libraries-extras.cmake
[34.950s] -- Symlinking: /home/tyler/Documents/Github/280-M5_ROS/colcon_ws/install/mycobot_interfaces/share/mycobot_interfaces/cmake/ament_cmake_export_targets-extras.cmake
[34.962s] -- Symlinking: /home/tyler/Documents/Github/280-M5_ROS/colcon_ws/install/mycobot_interfaces/share/mycobot_interfaces/cmake/rosidl_cmake_export_typesupport_targets-extras.cmake
[34.974s] -- Symlinking: /home/tyler/Documents/Github/280-M5_ROS/colcon_ws/install/mycobot_interfaces/share/mycobot_interfaces/cmake/rosidl_cmake_export_typesupport_libraries-extras.cmake
[34.984s] -- Symlinking: /home/tyler/Documents/Github/280-M5_ROS/colcon_ws/install/mycobot_interfaces/share/mycobot_interfaces/cmake/mycobot_interfacesConfig.cmake
[34.997s] -- Symlinking: /home/tyler/Documents/Github/280-M5_ROS/colcon_ws/install/mycobot_interfaces/share/mycobot_interfaces/cmake/mycobot_interfacesConfig-version.cmake
[35.008s] -- Symlinking: /home/tyler/Documents/Github/280-M5_ROS/colcon_ws/install/mycobot_interfaces/share/mycobot_interfaces/package.xml
[35.019s] -- Installing: /home/tyler/Documents/Github/280-M5_ROS/colcon_ws/install/mycobot_interfaces/lib/libmycobot_interfaces__rosidl_generator_c.so
[35.020s] -- Set runtime path of "/home/tyler/Documents/Github/280-M5_ROS/colcon_ws/install/mycobot_interfaces/lib/libmycobot_interfaces__rosidl_generator_c.so" to ""
[35.020s] -- Installing: /home/tyler/Documents/Github/280-M5_ROS/colcon_ws/install/mycobot_interfaces/lib/libmycobot_interfaces__rosidl_typesupport_fastrtps_c.so
[35.021s] -- Set runtime path of "/home/tyler/Documents/Github/280-M5_ROS/colcon_ws/install/mycobot_interfaces/lib/libmycobot_interfaces__rosidl_typesupport_fastrtps_c.so" to ""
[35.021s] -- Installing: /home/tyler/Documents/Github/280-M5_ROS/colcon_ws/install/mycobot_interfaces/lib/libmycobot_interfaces__rosidl_typesupport_introspection_c.so
[35.022s] -- Set runtime path of "/home/tyler/Documents/Github/280-M5_ROS/colcon_ws/install/mycobot_interfaces/lib/libmycobot_interfaces__rosidl_typesupport_introspection_c.so" to ""
[35.023s] -- Installing: /home/tyler/Documents/Github/280-M5_ROS/colcon_ws/install/mycobot_interfaces/lib/libmycobot_interfaces__rosidl_typesupport_c.so
[35.024s] -- Set runtime path of "/home/tyler/Documents/Github/280-M5_ROS/colcon_ws/install/mycobot_interfaces/lib/libmycobot_interfaces__rosidl_typesupport_c.so" to ""
[35.024s] -- Installing: /home/tyler/Documents/Github/280-M5_ROS/colcon_ws/install/mycobot_interfaces/lib/libmycobot_interfaces__rosidl_typesupport_fastrtps_cpp.so
[35.024s] -- Set runtime path of "/home/tyler/Documents/Github/280-M5_ROS/colcon_ws/install/mycobot_interfaces/lib/libmycobot_interfaces__rosidl_typesupport_fastrtps_cpp.so" to ""
[35.025s] -- Installing: /home/tyler/Documents/Github/280-M5_ROS/colcon_ws/install/mycobot_interfaces/lib/libmycobot_interfaces__rosidl_typesupport_introspection_cpp.so
[35.025s] -- Set runtime path of "/home/tyler/Documents/Github/280-M5_ROS/colcon_ws/install/mycobot_interfaces/lib/libmycobot_interfaces__rosidl_typesupport_introspection_cpp.so" to ""
[35.026s] -- Installing: /home/tyler/Documents/Github/280-M5_ROS/colcon_ws/install/mycobot_interfaces/lib/libmycobot_interfaces__rosidl_typesupport_cpp.so
[35.026s] -- Set runtime path of "/home/tyler/Documents/Github/280-M5_ROS/colcon_ws/install/mycobot_interfaces/lib/libmycobot_interfaces__rosidl_typesupport_cpp.so" to ""
[35.109s] Listing '/home/tyler/Documents/Github/280-M5_ROS/colcon_ws/install/mycobot_interfaces/local/lib/python3.10/dist-packages/mycobot_interfaces'...
[35.110s] Compiling '/home/tyler/Documents/Github/280-M5_ROS/colcon_ws/install/mycobot_interfaces/local/lib/python3.10/dist-packages/mycobot_interfaces/__init__.py'...
[35.110s] Listing '/home/tyler/Documents/Github/280-M5_ROS/colcon_ws/install/mycobot_interfaces/local/lib/python3.10/dist-packages/mycobot_interfaces/msg'...
[35.110s] Compiling '/home/tyler/Documents/Github/280-M5_ROS/colcon_ws/install/mycobot_interfaces/local/lib/python3.10/dist-packages/mycobot_interfaces/msg/__init__.py'...
[35.110s] Compiling '/home/tyler/Documents/Github/280-M5_ROS/colcon_ws/install/mycobot_interfaces/local/lib/python3.10/dist-packages/mycobot_interfaces/msg/_mycobot_angles.py'...
[35.110s] Compiling '/home/tyler/Documents/Github/280-M5_ROS/colcon_ws/install/mycobot_interfaces/local/lib/python3.10/dist-packages/mycobot_interfaces/msg/_mycobot_coords.py'...
[35.110s] Compiling '/home/tyler/Documents/Github/280-M5_ROS/colcon_ws/install/mycobot_interfaces/local/lib/python3.10/dist-packages/mycobot_interfaces/msg/_mycobot_gripper_status.py'...
[35.110s] Compiling '/home/tyler/Documents/Github/280-M5_ROS/colcon_ws/install/mycobot_interfaces/local/lib/python3.10/dist-packages/mycobot_interfaces/msg/_mycobot_pump_status.py'...
[35.110s] Compiling '/home/tyler/Documents/Github/280-M5_ROS/colcon_ws/install/mycobot_interfaces/local/lib/python3.10/dist-packages/mycobot_interfaces/msg/_mycobot_set_angles.py'...
[35.111s] Compiling '/home/tyler/Documents/Github/280-M5_ROS/colcon_ws/install/mycobot_interfaces/local/lib/python3.10/dist-packages/mycobot_interfaces/msg/_mycobot_set_coords.py'...
[35.111s] Listing '/home/tyler/Documents/Github/280-M5_ROS/colcon_ws/install/mycobot_interfaces/local/lib/python3.10/dist-packages/mycobot_interfaces/srv'...
[35.111s] Compiling '/home/tyler/Documents/Github/280-M5_ROS/colcon_ws/install/mycobot_interfaces/local/lib/python3.10/dist-packages/mycobot_interfaces/srv/__init__.py'...
[35.111s] Compiling '/home/tyler/Documents/Github/280-M5_ROS/colcon_ws/install/mycobot_interfaces/local/lib/python3.10/dist-packages/mycobot_interfaces/srv/_get_angles.py'...
[35.111s] Compiling '/home/tyler/Documents/Github/280-M5_ROS/colcon_ws/install/mycobot_interfaces/local/lib/python3.10/dist-packages/mycobot_interfaces/srv/_get_coords.py'...
[35.111s] Compiling '/home/tyler/Documents/Github/280-M5_ROS/colcon_ws/install/mycobot_interfaces/local/lib/python3.10/dist-packages/mycobot_interfaces/srv/_gripper_status.py'...
[35.111s] Compiling '/home/tyler/Documents/Github/280-M5_ROS/colcon_ws/install/mycobot_interfaces/local/lib/python3.10/dist-packages/mycobot_interfaces/srv/_pump_status.py'...
[35.111s] Compiling '/home/tyler/Documents/Github/280-M5_ROS/colcon_ws/install/mycobot_interfaces/local/lib/python3.10/dist-packages/mycobot_interfaces/srv/_set_angles.py'...
[35.111s] Compiling '/home/tyler/Documents/Github/280-M5_ROS/colcon_ws/install/mycobot_interfaces/local/lib/python3.10/dist-packages/mycobot_interfaces/srv/_set_coords.py'...
[35.116s] -- Installing: /home/tyler/Documents/Github/280-M5_ROS/colcon_ws/install/mycobot_interfaces/lib/libmycobot_interfaces__rosidl_generator_py.so
[35.117s] -- Set runtime path of "/home/tyler/Documents/Github/280-M5_ROS/colcon_ws/install/mycobot_interfaces/lib/libmycobot_interfaces__rosidl_generator_py.so" to ""
[35.117s] -- Installing: /home/tyler/Documents/Github/280-M5_ROS/colcon_ws/install/mycobot_interfaces/share/mycobot_interfaces/cmake/export_mycobot_interfaces__rosidl_generator_cExport.cmake
[35.117s] -- Installing: /home/tyler/Documents/Github/280-M5_ROS/colcon_ws/install/mycobot_interfaces/share/mycobot_interfaces/cmake/export_mycobot_interfaces__rosidl_generator_cExport-noconfig.cmake
[35.117s] -- Installing: /home/tyler/Documents/Github/280-M5_ROS/colcon_ws/install/mycobot_interfaces/share/mycobot_interfaces/cmake/export_mycobot_interfaces__rosidl_typesupport_fastrtps_cExport.cmake
[35.118s] -- Installing: /home/tyler/Documents/Github/280-M5_ROS/colcon_ws/install/mycobot_interfaces/share/mycobot_interfaces/cmake/export_mycobot_interfaces__rosidl_typesupport_fastrtps_cExport-noconfig.cmake
[35.118s] -- Installing: /home/tyler/Documents/Github/280-M5_ROS/colcon_ws/install/mycobot_interfaces/share/mycobot_interfaces/cmake/mycobot_interfaces__rosidl_typesupport_introspection_cExport.cmake
[35.118s] -- Installing: /home/tyler/Documents/Github/280-M5_ROS/colcon_ws/install/mycobot_interfaces/share/mycobot_interfaces/cmake/mycobot_interfaces__rosidl_typesupport_introspection_cExport-noconfig.cmake
[35.118s] -- Installing: /home/tyler/Documents/Github/280-M5_ROS/colcon_ws/install/mycobot_interfaces/share/mycobot_interfaces/cmake/mycobot_interfaces__rosidl_typesupport_cExport.cmake
[35.119s] -- Installing: /home/tyler/Documents/Github/280-M5_ROS/colcon_ws/install/mycobot_interfaces/share/mycobot_interfaces/cmake/mycobot_interfaces__rosidl_typesupport_cExport-noconfig.cmake
[35.119s] -- Installing: /home/tyler/Documents/Github/280-M5_ROS/colcon_ws/install/mycobot_interfaces/share/mycobot_interfaces/cmake/export_mycobot_interfaces__rosidl_generator_cppExport.cmake
[35.119s] -- Installing: /home/tyler/Documents/Github/280-M5_ROS/colcon_ws/install/mycobot_interfaces/share/mycobot_interfaces/cmake/export_mycobot_interfaces__rosidl_typesupport_fastrtps_cppExport.cmake
[35.119s] -- Installing: /home/tyler/Documents/Github/280-M5_ROS/colcon_ws/install/mycobot_interfaces/share/mycobot_interfaces/cmake/export_mycobot_interfaces__rosidl_typesupport_fastrtps_cppExport-noconfig.cmake
[35.119s] -- Installing: /home/tyler/Documents/Github/280-M5_ROS/colcon_ws/install/mycobot_interfaces/share/mycobot_interfaces/cmake/mycobot_interfaces__rosidl_typesupport_introspection_cppExport.cmake
[35.119s] -- Installing: /home/tyler/Documents/Github/280-M5_ROS/colcon_ws/install/mycobot_interfaces/share/mycobot_interfaces/cmake/mycobot_interfaces__rosidl_typesupport_introspection_cppExport-noconfig.cmake
[35.119s] -- Installing: /home/tyler/Documents/Github/280-M5_ROS/colcon_ws/install/mycobot_interfaces/share/mycobot_interfaces/cmake/mycobot_interfaces__rosidl_typesupport_cppExport.cmake
[35.120s] -- Installing: /home/tyler/Documents/Github/280-M5_ROS/colcon_ws/install/mycobot_interfaces/share/mycobot_interfaces/cmake/mycobot_interfaces__rosidl_typesupport_cppExport-noconfig.cmake
[35.120s] -- Installing: /home/tyler/Documents/Github/280-M5_ROS/colcon_ws/install/mycobot_interfaces/share/mycobot_interfaces/cmake/export_mycobot_interfaces__rosidl_generator_pyExport.cmake
[35.120s] -- Installing: /home/tyler/Documents/Github/280-M5_ROS/colcon_ws/install/mycobot_interfaces/share/mycobot_interfaces/cmake/export_mycobot_interfaces__rosidl_generator_pyExport-noconfig.cmake
[35.125s] Invoked command in '/home/tyler/Documents/Github/280-M5_ROS/colcon_ws/build/mycobot_interfaces' returned '0': CMAKE_PREFIX_PATH=${CMAKE_PREFIX_PATH}:/opt/ros/humble /usr/bin/cmake --install /home/tyler/Documents/Github/280-M5_ROS/colcon_ws/build/mycobot_interfaces
