/usr/lib/python3/dist-packages/setuptools/dist.py:723: UserWarning: Usage of dash-separated 'script-dir' will not be supported in future versions. Please use the underscore name 'script_dir' instead
  warnings.warn(
running develop
/usr/lib/python3/dist-packages/setuptools/command/easy_install.py:158: EasyInstallDeprecationWarning: easy_install command is deprecated. Use build and pip and other standards-based tools.
  warnings.warn(
/usr/lib/python3/dist-packages/setuptools/command/install.py:34: SetuptoolsDeprecationWarning: setup.py install is deprecated. Use build and pip and other standards-based tools.
  warnings.warn(
/usr/lib/python3/dist-packages/pkg_resources/__init__.py:116: PkgResourcesDeprecationWarning: 0.1.43ubuntu1 is an invalid version and will not be supported in a future release
  warnings.warn(
/usr/lib/python3/dist-packages/pkg_resources/__init__.py:116: PkgResourcesDeprecationWarning: 1.1build1 is an invalid version and will not be supported in a future release
  warnings.warn(
running egg_info
creating mypalletizer_260.egg-info
writing mypalletizer_260.egg-info/PKG-INFO
writing dependency_links to mypalletizer_260.egg-info/dependency_links.txt
writing entry points to mypalletizer_260.egg-info/entry_points.txt
writing requirements to mypalletizer_260.egg-info/requires.txt
writing top-level names to mypalletizer_260.egg-info/top_level.txt
writing manifest file 'mypalletizer_260.egg-info/SOURCES.txt'
reading manifest file 'mypalletizer_260.egg-info/SOURCES.txt'
writing manifest file 'mypalletizer_260.egg-info/SOURCES.txt'
running build_ext
Creating /home/tyler/Documents/Github/280-M5_ROS/colcon_ws/install/mypalletizer_260/lib/python3.10/site-packages/mypalletizer-260.egg-link (link to .)
Installing detect_marker script to /home/tyler/Documents/Github/280-M5_ROS/colcon_ws/install/mypalletizer_260/lib/mypalletizer_260
Installing follow_display script to /home/tyler/Documents/Github/280-M5_ROS/colcon_ws/install/mypalletizer_260/lib/mypalletizer_260
Installing following_marker script to /home/tyler/Documents/Github/280-M5_ROS/colcon_ws/install/mypalletizer_260/lib/mypalletizer_260
Installing listen_real script to /home/tyler/Documents/Github/280-M5_ROS/colcon_ws/install/mypalletizer_260/lib/mypalletizer_260
Installing listen_real_of_topic script to /home/tyler/Documents/Github/280-M5_ROS/colcon_ws/install/mypalletizer_260/lib/mypalletizer_260
Installing simple_gui script to /home/tyler/Documents/Github/280-M5_ROS/colcon_ws/install/mypalletizer_260/lib/mypalletizer_260
Installing slider_control script to /home/tyler/Documents/Github/280-M5_ROS/colcon_ws/install/mypalletizer_260/lib/mypalletizer_260
Installing teleop_keyboard script to /home/tyler/Documents/Github/280-M5_ROS/colcon_ws/install/mypalletizer_260/lib/mypalletizer_260

Installed /home/tyler/Documents/Github/280-M5_ROS/colcon_ws/build/mypalletizer_260
running install_data
creating /home/tyler/Documents/Github/280-M5_ROS/colcon_ws/install/mypalletizer_260/share/ament_index
creating /home/tyler/Documents/Github/280-M5_ROS/colcon_ws/install/mypalletizer_260/share/ament_index/resource_index
creating /home/tyler/Documents/Github/280-M5_ROS/colcon_ws/install/mypalletizer_260/share/ament_index/resource_index/packages
copying resource/mypalletizer_260 -> /home/tyler/Documents/Github/280-M5_ROS/colcon_ws/install/mypalletizer_260/share/ament_index/resource_index/packages
copying package.xml -> /home/tyler/Documents/Github/280-M5_ROS/colcon_ws/install/mypalletizer_260/share/mypalletizer_260
creating /home/tyler/Documents/Github/280-M5_ROS/colcon_ws/install/mypalletizer_260/share/mypalletizer_260/launch
copying launch/simple_gui.launch.py -> /home/tyler/Documents/Github/280-M5_ROS/colcon_ws/install/mypalletizer_260/share/mypalletizer_260/launch
copying launch/detect_marker.launch.py -> /home/tyler/Documents/Github/280-M5_ROS/colcon_ws/install/mypalletizer_260/share/mypalletizer_260/launch
copying launch/teleop_keyboard.launch.py -> /home/tyler/Documents/Github/280-M5_ROS/colcon_ws/install/mypalletizer_260/share/mypalletizer_260/launch
copying launch/test.launch.py -> /home/tyler/Documents/Github/280-M5_ROS/colcon_ws/install/mypalletizer_260/share/mypalletizer_260/launch
copying launch/mycobot_follow.launch.py -> /home/tyler/Documents/Github/280-M5_ROS/colcon_ws/install/mypalletizer_260/share/mypalletizer_260/launch
copying launch/detect_marker_with_topic.launch.py -> /home/tyler/Documents/Github/280-M5_ROS/colcon_ws/install/mypalletizer_260/share/mypalletizer_260/launch
copying launch/slider_control.launch.py -> /home/tyler/Documents/Github/280-M5_ROS/colcon_ws/install/mypalletizer_260/share/mypalletizer_260/launch
creating /home/tyler/Documents/Github/280-M5_ROS/colcon_ws/install/mypalletizer_260/share/mypalletizer_260/config
copying config/mycobot_with_marker.rviz -> /home/tyler/Documents/Github/280-M5_ROS/colcon_ws/install/mypalletizer_260/share/mypalletizer_260/config
copying config/mypalletizer.rviz -> /home/tyler/Documents/Github/280-M5_ROS/colcon_ws/install/mypalletizer_260/share/mypalletizer_260/config
